[1.503s] Invoking command in '/home/ros_user/my_ws/src/turtlebot3/turtlebot3_teleop': PYTHONPATH=/home/ros_user/my_ws/build/turtlebot3_teleop/prefix_override:/home/ros_user/my_ws/install/turtlebot3_teleop/lib/python3.8/site-packages:${PYTHONPATH} /usr/bin/python3 setup.py egg_info --egg-base ../../../build/turtlebot3_teleop build --build-base /home/ros_user/my_ws/build/turtlebot3_teleop/build install --record /home/ros_user/my_ws/build/turtlebot3_teleop/install.log --single-version-externally-managed
[1.962s] running egg_info
[1.963s] creating ../../../build/turtlebot3_teleop/turtlebot3_teleop.egg-info
[1.964s] writing ../../../build/turtlebot3_teleop/turtlebot3_teleop.egg-info/PKG-INFO
[1.971s] writing dependency_links to ../../../build/turtlebot3_teleop/turtlebot3_teleop.egg-info/dependency_links.txt
[1.971s] writing entry points to ../../../build/turtlebot3_teleop/turtlebot3_teleop.egg-info/entry_points.txt
[1.971s] writing requirements to ../../../build/turtlebot3_teleop/turtlebot3_teleop.egg-info/requires.txt
[1.972s] writing top-level names to ../../../build/turtlebot3_teleop/turtlebot3_teleop.egg-info/top_level.txt
[1.974s] writing manifest file '../../../build/turtlebot3_teleop/turtlebot3_teleop.egg-info/SOURCES.txt'
[2.038s] reading manifest file '../../../build/turtlebot3_teleop/turtlebot3_teleop.egg-info/SOURCES.txt'
[2.048s] writing manifest file '../../../build/turtlebot3_teleop/turtlebot3_teleop.egg-info/SOURCES.txt'
[2.049s] running build
[2.051s] running build_py
[2.054s] creating /home/ros_user/my_ws/build/turtlebot3_teleop/build
[2.055s] creating /home/ros_user/my_ws/build/turtlebot3_teleop/build/lib
[2.055s] creating /home/ros_user/my_ws/build/turtlebot3_teleop/build/lib/turtlebot3_teleop
[2.056s] copying turtlebot3_teleop/__init__.py -> /home/ros_user/my_ws/build/turtlebot3_teleop/build/lib/turtlebot3_teleop
[2.056s] creating /home/ros_user/my_ws/build/turtlebot3_teleop/build/lib/turtlebot3_teleop/script
[2.056s] copying turtlebot3_teleop/script/__init__.py -> /home/ros_user/my_ws/build/turtlebot3_teleop/build/lib/turtlebot3_teleop/script
[2.060s] copying turtlebot3_teleop/script/teleop_keyboard.py -> /home/ros_user/my_ws/build/turtlebot3_teleop/build/lib/turtlebot3_teleop/script
[2.061s] running install
[2.064s] running install_lib
[2.064s] creating /home/ros_user/my_ws/install/turtlebot3_teleop/lib/python3.8/site-packages/turtlebot3_teleop
[2.065s] copying /home/ros_user/my_ws/build/turtlebot3_teleop/build/lib/turtlebot3_teleop/__init__.py -> /home/ros_user/my_ws/install/turtlebot3_teleop/lib/python3.8/site-packages/turtlebot3_teleop
[2.066s] creating /home/ros_user/my_ws/install/turtlebot3_teleop/lib/python3.8/site-packages/turtlebot3_teleop/script
[2.066s] copying /home/ros_user/my_ws/build/turtlebot3_teleop/build/lib/turtlebot3_teleop/script/__init__.py -> /home/ros_user/my_ws/install/turtlebot3_teleop/lib/python3.8/site-packages/turtlebot3_teleop/script
[2.066s] copying /home/ros_user/my_ws/build/turtlebot3_teleop/build/lib/turtlebot3_teleop/script/teleop_keyboard.py -> /home/ros_user/my_ws/install/turtlebot3_teleop/lib/python3.8/site-packages/turtlebot3_teleop/script
[2.066s] byte-compiling /home/ros_user/my_ws/install/turtlebot3_teleop/lib/python3.8/site-packages/turtlebot3_teleop/__init__.py to __init__.cpython-38.pyc
[2.069s] byte-compiling /home/ros_user/my_ws/install/turtlebot3_teleop/lib/python3.8/site-packages/turtlebot3_teleop/script/__init__.py to __init__.cpython-38.pyc
[2.071s] byte-compiling /home/ros_user/my_ws/install/turtlebot3_teleop/lib/python3.8/site-packages/turtlebot3_teleop/script/teleop_keyboard.py to teleop_keyboard.cpython-38.pyc
[2.074s] running install_data
[2.078s] creating /home/ros_user/my_ws/install/turtlebot3_teleop/share/ament_index
[2.079s] creating /home/ros_user/my_ws/install/turtlebot3_teleop/share/ament_index/resource_index
[2.079s] creating /home/ros_user/my_ws/install/turtlebot3_teleop/share/ament_index/resource_index/packages
[2.079s] copying resource/turtlebot3_teleop -> /home/ros_user/my_ws/install/turtlebot3_teleop/share/ament_index/resource_index/packages
[2.079s] copying package.xml -> /home/ros_user/my_ws/install/turtlebot3_teleop/share/turtlebot3_teleop
[2.079s] running install_egg_info
[2.086s] Copying ../../../build/turtlebot3_teleop/turtlebot3_teleop.egg-info to /home/ros_user/my_ws/install/turtlebot3_teleop/lib/python3.8/site-packages/turtlebot3_teleop-2.1.4-py3.8.egg-info
[2.087s] running install_scripts
[2.117s] Installing teleop_keyboard script to /home/ros_user/my_ws/install/turtlebot3_teleop/lib/turtlebot3_teleop
[2.120s] writing list of installed files to '/home/ros_user/my_ws/build/turtlebot3_teleop/install.log'
[2.166s] Invoked command in '/home/ros_user/my_ws/src/turtlebot3/turtlebot3_teleop' returned '0': PYTHONPATH=/home/ros_user/my_ws/build/turtlebot3_teleop/prefix_override:/home/ros_user/my_ws/install/turtlebot3_teleop/lib/python3.8/site-packages:${PYTHONPATH} /usr/bin/python3 setup.py egg_info --egg-base ../../../build/turtlebot3_teleop build --build-base /home/ros_user/my_ws/build/turtlebot3_teleop/build install --record /home/ros_user/my_ws/build/turtlebot3_teleop/install.log --single-version-externally-managed
