[0.232s] Invoking command in '/home/ros_user/my_ws/build/turtlebot3_msgs': CMAKE_PREFIX_PATH=${CMAKE_PREFIX_PATH}:/home/ros_user/my_ws/install/turtlebot3_teleop:/home/ros_user/my_ws/install/turtlebot3_example:/home/ros_user/my_ws/install/obstacle_avoidance:/home/ros_user/turtlebot3_ws/install/turtlebot3_teleop:/home/ros_user/turtlebot3_ws/install/turtlebot3_obstacle_avoidance:/home/ros_user/turtlebot3_ws/install/turtlebot3_example:/home/ros_user/turtlebot3_ws/install/my_obstacle_avoidance:/home/ros_user/turtlebot3_ws/install/my_new_package:/home/ros_user/ros2_ws/install/ros2_course:/home/ros_user/doosan2_ws/install/dsr_example2_py:/opt/ros/foxy /usr/bin/cmake --build /home/ros_user/my_ws/build/turtlebot3_msgs -- -j4 -l4
[0.465s] [  1%] Built target turtlebot3_msgs__cpp
[0.475s] [ 12%] Built target turtlebot3_msgs__rosidl_generator_c
[0.604s] [ 23%] Built target turtlebot3_msgs__rosidl_typesupport_cpp
[0.617s] [ 35%] Built target turtlebot3_msgs__rosidl_typesupport_introspection_cpp
[0.620s] [ 46%] Built target turtlebot3_msgs__rosidl_typesupport_c
[0.627s] [ 57%] Built target turtlebot3_msgs__rosidl_typesupport_fastrtps_cpp
[0.771s] [ 69%] Built target turtlebot3_msgs__rosidl_typesupport_introspection_c
[0.970s] [ 80%] Built target turtlebot3_msgs__rosidl_typesupport_fastrtps_c
[1.049s] [ 80%] Built target turtlebot3_msgs
[1.131s] [ 81%] Built target turtlebot3_msgs__py
[1.235s] [ 91%] Built target turtlebot3_msgs__python
[1.336s] [ 94%] Built target turtlebot3_msgs__rosidl_typesupport_c__pyext
[1.336s] [ 97%] Built target turtlebot3_msgs__rosidl_typesupport_introspection_c__pyext
[1.345s] [100%] Built target turtlebot3_msgs__rosidl_typesupport_fastrtps_c__pyext
[1.733s] Invoked command in '/home/ros_user/my_ws/build/turtlebot3_msgs' returned '0': CMAKE_PREFIX_PATH=${CMAKE_PREFIX_PATH}:/home/ros_user/my_ws/install/turtlebot3_teleop:/home/ros_user/my_ws/install/turtlebot3_example:/home/ros_user/my_ws/install/obstacle_avoidance:/home/ros_user/turtlebot3_ws/install/turtlebot3_teleop:/home/ros_user/turtlebot3_ws/install/turtlebot3_obstacle_avoidance:/home/ros_user/turtlebot3_ws/install/turtlebot3_example:/home/ros_user/turtlebot3_ws/install/my_obstacle_avoidance:/home/ros_user/turtlebot3_ws/install/my_new_package:/home/ros_user/ros2_ws/install/ros2_course:/home/ros_user/doosan2_ws/install/dsr_example2_py:/opt/ros/foxy /usr/bin/cmake --build /home/ros_user/my_ws/build/turtlebot3_msgs -- -j4 -l4
[2.709s] Invoking command in '/home/ros_user/my_ws/build/turtlebot3_msgs': CMAKE_PREFIX_PATH=${CMAKE_PREFIX_PATH}:/home/ros_user/my_ws/install/turtlebot3_teleop:/home/ros_user/my_ws/install/turtlebot3_example:/home/ros_user/my_ws/install/obstacle_avoidance:/home/ros_user/turtlebot3_ws/install/turtlebot3_teleop:/home/ros_user/turtlebot3_ws/install/turtlebot3_obstacle_avoidance:/home/ros_user/turtlebot3_ws/install/turtlebot3_example:/home/ros_user/turtlebot3_ws/install/my_obstacle_avoidance:/home/ros_user/turtlebot3_ws/install/my_new_package:/home/ros_user/ros2_ws/install/ros2_course:/home/ros_user/doosan2_ws/install/dsr_example2_py:/opt/ros/foxy /usr/bin/cmake --install /home/ros_user/my_ws/build/turtlebot3_msgs
[2.748s] -- Install configuration: ""
[2.748s] -- Up-to-date: /home/ros_user/my_ws/install/turtlebot3_msgs/share/ament_index/resource_index/rosidl_interfaces/turtlebot3_msgs
[2.748s] -- Up-to-date: /home/ros_user/my_ws/install/turtlebot3_msgs/include/turtlebot3_msgs
[2.749s] -- Up-to-date: /home/ros_user/my_ws/install/turtlebot3_msgs/include/turtlebot3_msgs/msg
[2.749s] -- Up-to-date: /home/ros_user/my_ws/install/turtlebot3_msgs/include/turtlebot3_msgs/msg/sound.h
[2.749s] -- Up-to-date: /home/ros_user/my_ws/install/turtlebot3_msgs/include/turtlebot3_msgs/msg/version_info.h
[2.749s] -- Up-to-date: /home/ros_user/my_ws/install/turtlebot3_msgs/include/turtlebot3_msgs/msg/rosidl_generator_c__visibility_control.h
[2.749s] -- Up-to-date: /home/ros_user/my_ws/install/turtlebot3_msgs/include/turtlebot3_msgs/msg/sensor_state.h
[2.749s] -- Up-to-date: /home/ros_user/my_ws/install/turtlebot3_msgs/include/turtlebot3_msgs/msg/detail
[2.750s] -- Up-to-date: /home/ros_user/my_ws/install/turtlebot3_msgs/include/turtlebot3_msgs/msg/detail/sensor_state__type_support.h
[2.750s] -- Up-to-date: /home/ros_user/my_ws/install/turtlebot3_msgs/include/turtlebot3_msgs/msg/detail/sound__struct.h
[2.750s] -- Up-to-date: /home/ros_user/my_ws/install/turtlebot3_msgs/include/turtlebot3_msgs/msg/detail/version_info__functions.h
[2.750s] -- Up-to-date: /home/ros_user/my_ws/install/turtlebot3_msgs/include/turtlebot3_msgs/msg/detail/sound__type_support.h
[2.750s] -- Up-to-date: /home/ros_user/my_ws/install/turtlebot3_msgs/include/turtlebot3_msgs/msg/detail/sensor_state__functions.h
[2.750s] -- Up-to-date: /home/ros_user/my_ws/install/turtlebot3_msgs/include/turtlebot3_msgs/msg/detail/version_info__functions.c
[2.751s] -- Up-to-date: /home/ros_user/my_ws/install/turtlebot3_msgs/include/turtlebot3_msgs/msg/detail/version_info__struct.h
[2.751s] -- Up-to-date: /home/ros_user/my_ws/install/turtlebot3_msgs/include/turtlebot3_msgs/msg/detail/sensor_state__functions.c
[2.751s] -- Up-to-date: /home/ros_user/my_ws/install/turtlebot3_msgs/include/turtlebot3_msgs/msg/detail/sound__functions.c
[2.751s] -- Up-to-date: /home/ros_user/my_ws/install/turtlebot3_msgs/include/turtlebot3_msgs/msg/detail/sensor_state__struct.h
[2.751s] -- Up-to-date: /home/ros_user/my_ws/install/turtlebot3_msgs/include/turtlebot3_msgs/msg/detail/version_info__type_support.h
[2.751s] -- Up-to-date: /home/ros_user/my_ws/install/turtlebot3_msgs/include/turtlebot3_msgs/msg/detail/sound__functions.h
[2.752s] -- Up-to-date: /home/ros_user/my_ws/install/turtlebot3_msgs/include/turtlebot3_msgs/srv
[2.752s] -- Up-to-date: /home/ros_user/my_ws/install/turtlebot3_msgs/include/turtlebot3_msgs/srv/sound.h
[2.752s] -- Up-to-date: /home/ros_user/my_ws/install/turtlebot3_msgs/include/turtlebot3_msgs/srv/dqn.h
[2.752s] -- Up-to-date: /home/ros_user/my_ws/install/turtlebot3_msgs/include/turtlebot3_msgs/srv/detail
[2.752s] -- Up-to-date: /home/ros_user/my_ws/install/turtlebot3_msgs/include/turtlebot3_msgs/srv/detail/sound__struct.h
[2.752s] -- Up-to-date: /home/ros_user/my_ws/install/turtlebot3_msgs/include/turtlebot3_msgs/srv/detail/sound__type_support.h
[2.753s] -- Up-to-date: /home/ros_user/my_ws/install/turtlebot3_msgs/include/turtlebot3_msgs/srv/detail/dqn__struct.h
[2.753s] -- Up-to-date: /home/ros_user/my_ws/install/turtlebot3_msgs/include/turtlebot3_msgs/srv/detail/dqn__functions.h
[2.753s] -- Up-to-date: /home/ros_user/my_ws/install/turtlebot3_msgs/include/turtlebot3_msgs/srv/detail/dqn__type_support.h
[2.753s] -- Up-to-date: /home/ros_user/my_ws/install/turtlebot3_msgs/include/turtlebot3_msgs/srv/detail/dqn__functions.c
[2.753s] -- Up-to-date: /home/ros_user/my_ws/install/turtlebot3_msgs/include/turtlebot3_msgs/srv/detail/sound__functions.c
[2.763s] -- Up-to-date: /home/ros_user/my_ws/install/turtlebot3_msgs/include/turtlebot3_msgs/srv/detail/sound__functions.h
[2.763s] -- Up-to-date: /home/ros_user/my_ws/install/turtlebot3_msgs/include/turtlebot3_msgs/action
[2.763s] -- Up-to-date: /home/ros_user/my_ws/install/turtlebot3_msgs/include/turtlebot3_msgs/action/patrol.h
[2.763s] -- Up-to-date: /home/ros_user/my_ws/install/turtlebot3_msgs/include/turtlebot3_msgs/action/detail
[2.772s] -- Up-to-date: /home/ros_user/my_ws/install/turtlebot3_msgs/include/turtlebot3_msgs/action/detail/patrol__functions.h
[2.776s] -- Up-to-date: /home/ros_user/my_ws/install/turtlebot3_msgs/include/turtlebot3_msgs/action/detail/patrol__functions.c
[2.776s] -- Up-to-date: /home/ros_user/my_ws/install/turtlebot3_msgs/include/turtlebot3_msgs/action/detail/patrol__struct.h
[2.777s] -- Up-to-date: /home/ros_user/my_ws/install/turtlebot3_msgs/include/turtlebot3_msgs/action/detail/patrol__type_support.h
[2.777s] -- Up-to-date: /home/ros_user/my_ws/install/turtlebot3_msgs/share/turtlebot3_msgs/environment/library_path.sh
[2.777s] -- Up-to-date: /home/ros_user/my_ws/install/turtlebot3_msgs/share/turtlebot3_msgs/environment/library_path.dsv
[2.777s] -- Up-to-date: /home/ros_user/my_ws/install/turtlebot3_msgs/lib/libturtlebot3_msgs__rosidl_generator_c.so
[2.778s] -- Up-to-date: /home/ros_user/my_ws/install/turtlebot3_msgs/include/turtlebot3_msgs
[2.785s] -- Up-to-date: /home/ros_user/my_ws/install/turtlebot3_msgs/include/turtlebot3_msgs/msg
[2.785s] -- Up-to-date: /home/ros_user/my_ws/install/turtlebot3_msgs/include/turtlebot3_msgs/msg/rosidl_typesupport_fastrtps_c__visibility_control.h
[2.786s] -- Up-to-date: /home/ros_user/my_ws/install/turtlebot3_msgs/include/turtlebot3_msgs/msg/detail
[2.788s] -- Up-to-date: /home/ros_user/my_ws/install/turtlebot3_msgs/include/turtlebot3_msgs/msg/detail/sound__rosidl_typesupport_fastrtps_c.h
[2.789s] -- Up-to-date: /home/ros_user/my_ws/install/turtlebot3_msgs/include/turtlebot3_msgs/msg/detail/sensor_state__rosidl_typesupport_fastrtps_c.h
[2.789s] -- Up-to-date: /home/ros_user/my_ws/install/turtlebot3_msgs/include/turtlebot3_msgs/msg/detail/version_info__rosidl_typesupport_fastrtps_c.h
[2.789s] -- Up-to-date: /home/ros_user/my_ws/install/turtlebot3_msgs/include/turtlebot3_msgs/srv
[2.804s] -- Up-to-date: /home/ros_user/my_ws/install/turtlebot3_msgs/include/turtlebot3_msgs/srv/detail
[2.804s] -- Up-to-date: /home/ros_user/my_ws/install/turtlebot3_msgs/include/turtlebot3_msgs/srv/detail/sound__rosidl_typesupport_fastrtps_c.h
[2.805s] -- Up-to-date: /home/ros_user/my_ws/install/turtlebot3_msgs/include/turtlebot3_msgs/srv/detail/dqn__rosidl_typesupport_fastrtps_c.h
[2.805s] -- Up-to-date: /home/ros_user/my_ws/install/turtlebot3_msgs/include/turtlebot3_msgs/action
[2.806s] -- Up-to-date: /home/ros_user/my_ws/install/turtlebot3_msgs/include/turtlebot3_msgs/action/detail
[2.806s] -- Up-to-date: /home/ros_user/my_ws/install/turtlebot3_msgs/include/turtlebot3_msgs/action/detail/patrol__rosidl_typesupport_fastrtps_c.h
[2.806s] -- Up-to-date: /home/ros_user/my_ws/install/turtlebot3_msgs/lib/libturtlebot3_msgs__rosidl_typesupport_fastrtps_c.so
[2.806s] -- Up-to-date: /home/ros_user/my_ws/install/turtlebot3_msgs/include/turtlebot3_msgs
[2.806s] -- Up-to-date: /home/ros_user/my_ws/install/turtlebot3_msgs/include/turtlebot3_msgs/msg
[2.806s] -- Up-to-date: /home/ros_user/my_ws/install/turtlebot3_msgs/include/turtlebot3_msgs/msg/rosidl_typesupport_fastrtps_cpp__visibility_control.h
[2.807s] -- Up-to-date: /home/ros_user/my_ws/install/turtlebot3_msgs/include/turtlebot3_msgs/msg/detail
[2.807s] -- Up-to-date: /home/ros_user/my_ws/install/turtlebot3_msgs/include/turtlebot3_msgs/msg/detail/dds_fastrtps
[2.807s] -- Up-to-date: /home/ros_user/my_ws/install/turtlebot3_msgs/include/turtlebot3_msgs/msg/detail/sound__rosidl_typesupport_fastrtps_cpp.hpp
[2.807s] -- Up-to-date: /home/ros_user/my_ws/install/turtlebot3_msgs/include/turtlebot3_msgs/msg/detail/version_info__rosidl_typesupport_fastrtps_cpp.hpp
[2.807s] -- Up-to-date: /home/ros_user/my_ws/install/turtlebot3_msgs/include/turtlebot3_msgs/msg/detail/sensor_state__rosidl_typesupport_fastrtps_cpp.hpp
[2.807s] -- Up-to-date: /home/ros_user/my_ws/install/turtlebot3_msgs/include/turtlebot3_msgs/srv
[2.808s] -- Up-to-date: /home/ros_user/my_ws/install/turtlebot3_msgs/include/turtlebot3_msgs/srv/detail
[2.808s] -- Up-to-date: /home/ros_user/my_ws/install/turtlebot3_msgs/include/turtlebot3_msgs/srv/detail/dds_fastrtps
[2.808s] -- Up-to-date: /home/ros_user/my_ws/install/turtlebot3_msgs/include/turtlebot3_msgs/srv/detail/sound__rosidl_typesupport_fastrtps_cpp.hpp
[2.808s] -- Up-to-date: /home/ros_user/my_ws/install/turtlebot3_msgs/include/turtlebot3_msgs/srv/detail/dqn__rosidl_typesupport_fastrtps_cpp.hpp
[2.808s] -- Up-to-date: /home/ros_user/my_ws/install/turtlebot3_msgs/include/turtlebot3_msgs/action
[2.808s] -- Up-to-date: /home/ros_user/my_ws/install/turtlebot3_msgs/include/turtlebot3_msgs/action/detail
[2.809s] -- Up-to-date: /home/ros_user/my_ws/install/turtlebot3_msgs/include/turtlebot3_msgs/action/detail/dds_fastrtps
[2.809s] -- Up-to-date: /home/ros_user/my_ws/install/turtlebot3_msgs/include/turtlebot3_msgs/action/detail/patrol__rosidl_typesupport_fastrtps_cpp.hpp
[2.809s] -- Up-to-date: /home/ros_user/my_ws/install/turtlebot3_msgs/lib/libturtlebot3_msgs__rosidl_typesupport_fastrtps_cpp.so
[2.809s] -- Up-to-date: /home/ros_user/my_ws/install/turtlebot3_msgs/include/turtlebot3_msgs
[2.809s] -- Up-to-date: /home/ros_user/my_ws/install/turtlebot3_msgs/include/turtlebot3_msgs/msg
[2.809s] -- Up-to-date: /home/ros_user/my_ws/install/turtlebot3_msgs/include/turtlebot3_msgs/msg/rosidl_typesupport_introspection_c__visibility_control.h
[2.810s] -- Up-to-date: /home/ros_user/my_ws/install/turtlebot3_msgs/include/turtlebot3_msgs/msg/detail
[2.810s] -- Up-to-date: /home/ros_user/my_ws/install/turtlebot3_msgs/include/turtlebot3_msgs/msg/detail/sensor_state__type_support.c
[2.810s] -- Up-to-date: /home/ros_user/my_ws/install/turtlebot3_msgs/include/turtlebot3_msgs/msg/detail/sensor_state__rosidl_typesupport_introspection_c.h
[2.810s] -- Up-to-date: /home/ros_user/my_ws/install/turtlebot3_msgs/include/turtlebot3_msgs/msg/detail/sound__type_support.c
[2.810s] -- Up-to-date: /home/ros_user/my_ws/install/turtlebot3_msgs/include/turtlebot3_msgs/msg/detail/sound__rosidl_typesupport_introspection_c.h
[2.810s] -- Up-to-date: /home/ros_user/my_ws/install/turtlebot3_msgs/include/turtlebot3_msgs/msg/detail/version_info__type_support.c
[2.811s] -- Up-to-date: /home/ros_user/my_ws/install/turtlebot3_msgs/include/turtlebot3_msgs/msg/detail/version_info__rosidl_typesupport_introspection_c.h
[2.811s] -- Up-to-date: /home/ros_user/my_ws/install/turtlebot3_msgs/include/turtlebot3_msgs/srv
[2.811s] -- Up-to-date: /home/ros_user/my_ws/install/turtlebot3_msgs/include/turtlebot3_msgs/srv/detail
[2.811s] -- Up-to-date: /home/ros_user/my_ws/install/turtlebot3_msgs/include/turtlebot3_msgs/srv/detail/dqn__rosidl_typesupport_introspection_c.h
[2.811s] -- Up-to-date: /home/ros_user/my_ws/install/turtlebot3_msgs/include/turtlebot3_msgs/srv/detail/sound__type_support.c
[2.811s] -- Up-to-date: /home/ros_user/my_ws/install/turtlebot3_msgs/include/turtlebot3_msgs/srv/detail/sound__rosidl_typesupport_introspection_c.h
[2.812s] -- Up-to-date: /home/ros_user/my_ws/install/turtlebot3_msgs/include/turtlebot3_msgs/srv/detail/dqn__type_support.c
[2.812s] -- Up-to-date: /home/ros_user/my_ws/install/turtlebot3_msgs/include/turtlebot3_msgs/action
[2.812s] -- Up-to-date: /home/ros_user/my_ws/install/turtlebot3_msgs/include/turtlebot3_msgs/action/detail
[2.812s] -- Up-to-date: /home/ros_user/my_ws/install/turtlebot3_msgs/include/turtlebot3_msgs/action/detail/patrol__rosidl_typesupport_introspection_c.h
[2.812s] -- Up-to-date: /home/ros_user/my_ws/install/turtlebot3_msgs/include/turtlebot3_msgs/action/detail/patrol__type_support.c
[2.826s] -- Up-to-date: /home/ros_user/my_ws/install/turtlebot3_msgs/lib/libturtlebot3_msgs__rosidl_typesupport_introspection_c.so
[2.826s] -- Up-to-date: /home/ros_user/my_ws/install/turtlebot3_msgs/lib/libturtlebot3_msgs__rosidl_typesupport_c.so
[2.827s] -- Up-to-date: /home/ros_user/my_ws/install/turtlebot3_msgs/include/turtlebot3_msgs
[2.827s] -- Up-to-date: /home/ros_user/my_ws/install/turtlebot3_msgs/include/turtlebot3_msgs/msg
[2.827s] -- Up-to-date: /home/ros_user/my_ws/install/turtlebot3_msgs/include/turtlebot3_msgs/msg/version_info.hpp
[2.827s] -- Up-to-date: /home/ros_user/my_ws/install/turtlebot3_msgs/include/turtlebot3_msgs/msg/sensor_state.hpp
[2.827s] -- Up-to-date: /home/ros_user/my_ws/install/turtlebot3_msgs/include/turtlebot3_msgs/msg/sound.hpp
[2.827s] -- Up-to-date: /home/ros_user/my_ws/install/turtlebot3_msgs/include/turtlebot3_msgs/msg/detail
[2.828s] -- Up-to-date: /home/ros_user/my_ws/install/turtlebot3_msgs/include/turtlebot3_msgs/msg/detail/sensor_state__struct.hpp
[2.828s] -- Up-to-date: /home/ros_user/my_ws/install/turtlebot3_msgs/include/turtlebot3_msgs/msg/detail/version_info__builder.hpp
[2.828s] -- Up-to-date: /home/ros_user/my_ws/install/turtlebot3_msgs/include/turtlebot3_msgs/msg/detail/sensor_state__builder.hpp
[2.828s] -- Up-to-date: /home/ros_user/my_ws/install/turtlebot3_msgs/include/turtlebot3_msgs/msg/detail/sound__traits.hpp
[2.829s] -- Up-to-date: /home/ros_user/my_ws/install/turtlebot3_msgs/include/turtlebot3_msgs/msg/detail/sound__struct.hpp
[2.829s] -- Up-to-date: /home/ros_user/my_ws/install/turtlebot3_msgs/include/turtlebot3_msgs/msg/detail/sensor_state__traits.hpp
[2.829s] -- Up-to-date: /home/ros_user/my_ws/install/turtlebot3_msgs/include/turtlebot3_msgs/msg/detail/version_info__traits.hpp
[2.829s] -- Up-to-date: /home/ros_user/my_ws/install/turtlebot3_msgs/include/turtlebot3_msgs/msg/detail/version_info__struct.hpp
[2.829s] -- Up-to-date: /home/ros_user/my_ws/install/turtlebot3_msgs/include/turtlebot3_msgs/msg/detail/sound__builder.hpp
[2.829s] -- Up-to-date: /home/ros_user/my_ws/install/turtlebot3_msgs/include/turtlebot3_msgs/srv
[2.830s] -- Up-to-date: /home/ros_user/my_ws/install/turtlebot3_msgs/include/turtlebot3_msgs/srv/dqn.hpp
[2.830s] -- Up-to-date: /home/ros_user/my_ws/install/turtlebot3_msgs/include/turtlebot3_msgs/srv/sound.hpp
[2.830s] -- Up-to-date: /home/ros_user/my_ws/install/turtlebot3_msgs/include/turtlebot3_msgs/srv/detail
[2.830s] -- Up-to-date: /home/ros_user/my_ws/install/turtlebot3_msgs/include/turtlebot3_msgs/srv/detail/dqn__traits.hpp
[2.830s] -- Up-to-date: /home/ros_user/my_ws/install/turtlebot3_msgs/include/turtlebot3_msgs/srv/detail/sound__traits.hpp
[2.830s] -- Up-to-date: /home/ros_user/my_ws/install/turtlebot3_msgs/include/turtlebot3_msgs/srv/detail/sound__struct.hpp
[2.831s] -- Up-to-date: /home/ros_user/my_ws/install/turtlebot3_msgs/include/turtlebot3_msgs/srv/detail/dqn__struct.hpp
[2.831s] -- Up-to-date: /home/ros_user/my_ws/install/turtlebot3_msgs/include/turtlebot3_msgs/srv/detail/dqn__builder.hpp
[2.831s] -- Up-to-date: /home/ros_user/my_ws/install/turtlebot3_msgs/include/turtlebot3_msgs/srv/detail/sound__builder.hpp
[2.831s] -- Up-to-date: /home/ros_user/my_ws/install/turtlebot3_msgs/include/turtlebot3_msgs/action
[2.831s] -- Up-to-date: /home/ros_user/my_ws/install/turtlebot3_msgs/include/turtlebot3_msgs/action/patrol.hpp
[2.831s] -- Up-to-date: /home/ros_user/my_ws/install/turtlebot3_msgs/include/turtlebot3_msgs/action/detail
[2.832s] -- Up-to-date: /home/ros_user/my_ws/install/turtlebot3_msgs/include/turtlebot3_msgs/action/detail/patrol__traits.hpp
[2.832s] -- Up-to-date: /home/ros_user/my_ws/install/turtlebot3_msgs/include/turtlebot3_msgs/action/detail/patrol__struct.hpp
[2.832s] -- Up-to-date: /home/ros_user/my_ws/install/turtlebot3_msgs/include/turtlebot3_msgs/action/detail/patrol__builder.hpp
[2.832s] -- Up-to-date: /home/ros_user/my_ws/install/turtlebot3_msgs/include/turtlebot3_msgs
[2.832s] -- Up-to-date: /home/ros_user/my_ws/install/turtlebot3_msgs/include/turtlebot3_msgs/msg
[2.832s] -- Up-to-date: /home/ros_user/my_ws/install/turtlebot3_msgs/include/turtlebot3_msgs/msg/detail
[2.832s] -- Up-to-date: /home/ros_user/my_ws/install/turtlebot3_msgs/include/turtlebot3_msgs/msg/detail/sensor_state__type_support.cpp
[2.833s] -- Up-to-date: /home/ros_user/my_ws/install/turtlebot3_msgs/include/turtlebot3_msgs/msg/detail/version_info__rosidl_typesupport_introspection_cpp.hpp
[2.833s] -- Up-to-date: /home/ros_user/my_ws/install/turtlebot3_msgs/include/turtlebot3_msgs/msg/detail/sensor_state__rosidl_typesupport_introspection_cpp.hpp
[2.833s] -- Up-to-date: /home/ros_user/my_ws/install/turtlebot3_msgs/include/turtlebot3_msgs/msg/detail/version_info__type_support.cpp
[2.833s] -- Up-to-date: /home/ros_user/my_ws/install/turtlebot3_msgs/include/turtlebot3_msgs/msg/detail/sound__rosidl_typesupport_introspection_cpp.hpp
[2.833s] -- Up-to-date: /home/ros_user/my_ws/install/turtlebot3_msgs/include/turtlebot3_msgs/msg/detail/sound__type_support.cpp
[2.833s] -- Up-to-date: /home/ros_user/my_ws/install/turtlebot3_msgs/include/turtlebot3_msgs/srv
[2.834s] -- Up-to-date: /home/ros_user/my_ws/install/turtlebot3_msgs/include/turtlebot3_msgs/srv/detail
[2.834s] -- Up-to-date: /home/ros_user/my_ws/install/turtlebot3_msgs/include/turtlebot3_msgs/srv/detail/dqn__rosidl_typesupport_introspection_cpp.hpp
[2.834s] -- Up-to-date: /home/ros_user/my_ws/install/turtlebot3_msgs/include/turtlebot3_msgs/srv/detail/dqn__type_support.cpp
[2.834s] -- Up-to-date: /home/ros_user/my_ws/install/turtlebot3_msgs/include/turtlebot3_msgs/srv/detail/sound__rosidl_typesupport_introspection_cpp.hpp
[2.835s] -- Up-to-date: /home/ros_user/my_ws/install/turtlebot3_msgs/include/turtlebot3_msgs/srv/detail/sound__type_support.cpp
[2.835s] -- Up-to-date: /home/ros_user/my_ws/install/turtlebot3_msgs/include/turtlebot3_msgs/action
[2.835s] -- Up-to-date: /home/ros_user/my_ws/install/turtlebot3_msgs/include/turtlebot3_msgs/action/detail
[2.835s] -- Up-to-date: /home/ros_user/my_ws/install/turtlebot3_msgs/include/turtlebot3_msgs/action/detail/patrol__type_support.cpp
[2.835s] -- Up-to-date: /home/ros_user/my_ws/install/turtlebot3_msgs/include/turtlebot3_msgs/action/detail/patrol__rosidl_typesupport_introspection_cpp.hpp
[2.836s] -- Up-to-date: /home/ros_user/my_ws/install/turtlebot3_msgs/lib/libturtlebot3_msgs__rosidl_typesupport_introspection_cpp.so
[2.844s] -- Up-to-date: /home/ros_user/my_ws/install/turtlebot3_msgs/lib/libturtlebot3_msgs__rosidl_typesupport_cpp.so
[2.850s] -- Up-to-date: /home/ros_user/my_ws/install/turtlebot3_msgs/share/turtlebot3_msgs/environment/pythonpath.sh
[2.851s] -- Up-to-date: /home/ros_user/my_ws/install/turtlebot3_msgs/share/turtlebot3_msgs/environment/pythonpath.dsv
[2.851s] -- Up-to-date: /home/ros_user/my_ws/install/turtlebot3_msgs/lib/python3.8/site-packages/turtlebot3_msgs/__init__.py
[2.957s] -- Up-to-date: /home/ros_user/my_ws/install/turtlebot3_msgs/lib/python3.8/site-packages/turtlebot3_msgs/msg
[2.959s] -- Up-to-date: /home/ros_user/my_ws/install/turtlebot3_msgs/lib/python3.8/site-packages/turtlebot3_msgs/msg/__init__.py
[2.962s] -- Up-to-date: /home/ros_user/my_ws/install/turtlebot3_msgs/lib/python3.8/site-packages/turtlebot3_msgs/msg/_version_info_s.c
[2.962s] -- Up-to-date: /home/ros_user/my_ws/install/turtlebot3_msgs/lib/python3.8/site-packages/turtlebot3_msgs/msg/_version_info.py
[2.963s] -- Up-to-date: /home/ros_user/my_ws/install/turtlebot3_msgs/lib/python3.8/site-packages/turtlebot3_msgs/msg/_sensor_state.py
[2.963s] -- Up-to-date: /home/ros_user/my_ws/install/turtlebot3_msgs/lib/python3.8/site-packages/turtlebot3_msgs/msg/_sound.py
[2.963s] -- Up-to-date: /home/ros_user/my_ws/install/turtlebot3_msgs/lib/python3.8/site-packages/turtlebot3_msgs/msg/_sound_s.c
[2.964s] -- Up-to-date: /home/ros_user/my_ws/install/turtlebot3_msgs/lib/python3.8/site-packages/turtlebot3_msgs/msg/_sensor_state_s.c
[2.964s] -- Up-to-date: /home/ros_user/my_ws/install/turtlebot3_msgs/lib/python3.8/site-packages/turtlebot3_msgs/srv
[2.964s] -- Up-to-date: /home/ros_user/my_ws/install/turtlebot3_msgs/lib/python3.8/site-packages/turtlebot3_msgs/srv/__init__.py
[2.965s] -- Up-to-date: /home/ros_user/my_ws/install/turtlebot3_msgs/lib/python3.8/site-packages/turtlebot3_msgs/srv/_sound.py
[2.965s] -- Up-to-date: /home/ros_user/my_ws/install/turtlebot3_msgs/lib/python3.8/site-packages/turtlebot3_msgs/srv/_sound_s.c
[2.965s] -- Up-to-date: /home/ros_user/my_ws/install/turtlebot3_msgs/lib/python3.8/site-packages/turtlebot3_msgs/srv/_dqn_s.c
[2.965s] -- Up-to-date: /home/ros_user/my_ws/install/turtlebot3_msgs/lib/python3.8/site-packages/turtlebot3_msgs/srv/_dqn.py
[2.965s] -- Up-to-date: /home/ros_user/my_ws/install/turtlebot3_msgs/lib/python3.8/site-packages/turtlebot3_msgs/action
[2.966s] -- Up-to-date: /home/ros_user/my_ws/install/turtlebot3_msgs/lib/python3.8/site-packages/turtlebot3_msgs/action/__init__.py
[2.966s] -- Up-to-date: /home/ros_user/my_ws/install/turtlebot3_msgs/lib/python3.8/site-packages/turtlebot3_msgs/action/_patrol.py
[2.966s] -- Up-to-date: /home/ros_user/my_ws/install/turtlebot3_msgs/lib/python3.8/site-packages/turtlebot3_msgs/action/_patrol_s.c
[2.969s] -- Up-to-date: /home/ros_user/my_ws/install/turtlebot3_msgs/lib/python3.8/site-packages/turtlebot3_msgs/turtlebot3_msgs_s__rosidl_typesupport_fastrtps_c.cpython-38-x86_64-linux-gnu.so
[2.974s] -- Up-to-date: /home/ros_user/my_ws/install/turtlebot3_msgs/lib/python3.8/site-packages/turtlebot3_msgs/turtlebot3_msgs_s__rosidl_typesupport_introspection_c.cpython-38-x86_64-linux-gnu.so
[2.985s] -- Up-to-date: /home/ros_user/my_ws/install/turtlebot3_msgs/lib/python3.8/site-packages/turtlebot3_msgs/turtlebot3_msgs_s__rosidl_typesupport_c.cpython-38-x86_64-linux-gnu.so
[2.986s] -- Up-to-date: /home/ros_user/my_ws/install/turtlebot3_msgs/lib/libturtlebot3_msgs__python.so
[2.986s] -- Up-to-date: /home/ros_user/my_ws/install/turtlebot3_msgs/share/turtlebot3_msgs/msg/SensorState.idl
[2.987s] -- Up-to-date: /home/ros_user/my_ws/install/turtlebot3_msgs/share/turtlebot3_msgs/msg/Sound.idl
[2.987s] -- Up-to-date: /home/ros_user/my_ws/install/turtlebot3_msgs/share/turtlebot3_msgs/msg/VersionInfo.idl
[2.989s] -- Up-to-date: /home/ros_user/my_ws/install/turtlebot3_msgs/share/turtlebot3_msgs/srv/Sound.idl
[2.990s] -- Up-to-date: /home/ros_user/my_ws/install/turtlebot3_msgs/share/turtlebot3_msgs/srv/Dqn.idl
[2.991s] -- Up-to-date: /home/ros_user/my_ws/install/turtlebot3_msgs/share/turtlebot3_msgs/action/Patrol.idl
[2.991s] -- Up-to-date: /home/ros_user/my_ws/install/turtlebot3_msgs/share/turtlebot3_msgs/msg/SensorState.msg
[2.992s] -- Up-to-date: /home/ros_user/my_ws/install/turtlebot3_msgs/share/turtlebot3_msgs/msg/Sound.msg
[2.993s] -- Up-to-date: /home/ros_user/my_ws/install/turtlebot3_msgs/share/turtlebot3_msgs/msg/VersionInfo.msg
[2.993s] -- Up-to-date: /home/ros_user/my_ws/install/turtlebot3_msgs/share/turtlebot3_msgs/srv/Sound.srv
[2.993s] -- Up-to-date: /home/ros_user/my_ws/install/turtlebot3_msgs/share/turtlebot3_msgs/srv/Sound_Request.msg
[3.016s] -- Up-to-date: /home/ros_user/my_ws/install/turtlebot3_msgs/share/turtlebot3_msgs/srv/Sound_Response.msg
[3.017s] -- Up-to-date: /home/ros_user/my_ws/install/turtlebot3_msgs/share/turtlebot3_msgs/srv/Dqn.srv
[3.018s] -- Up-to-date: /home/ros_user/my_ws/install/turtlebot3_msgs/share/turtlebot3_msgs/srv/Dqn_Request.msg
[3.018s] -- Up-to-date: /home/ros_user/my_ws/install/turtlebot3_msgs/share/turtlebot3_msgs/srv/Dqn_Response.msg
[3.019s] -- Up-to-date: /home/ros_user/my_ws/install/turtlebot3_msgs/share/turtlebot3_msgs/action/Patrol.action
[3.019s] -- Up-to-date: /home/ros_user/my_ws/install/turtlebot3_msgs/share/ament_index/resource_index/package_run_dependencies/turtlebot3_msgs
[3.020s] -- Up-to-date: /home/ros_user/my_ws/install/turtlebot3_msgs/share/ament_index/resource_index/parent_prefix_path/turtlebot3_msgs
[3.022s] -- Up-to-date: /home/ros_user/my_ws/install/turtlebot3_msgs/share/turtlebot3_msgs/environment/ament_prefix_path.sh
[3.023s] -- Up-to-date: /home/ros_user/my_ws/install/turtlebot3_msgs/share/turtlebot3_msgs/environment/ament_prefix_path.dsv
[3.023s] -- Up-to-date: /home/ros_user/my_ws/install/turtlebot3_msgs/share/turtlebot3_msgs/environment/path.sh
[3.023s] -- Up-to-date: /home/ros_user/my_ws/install/turtlebot3_msgs/share/turtlebot3_msgs/environment/path.dsv
[3.023s] -- Up-to-date: /home/ros_user/my_ws/install/turtlebot3_msgs/share/turtlebot3_msgs/local_setup.bash
[3.023s] -- Up-to-date: /home/ros_user/my_ws/install/turtlebot3_msgs/share/turtlebot3_msgs/local_setup.sh
[3.023s] -- Up-to-date: /home/ros_user/my_ws/install/turtlebot3_msgs/share/turtlebot3_msgs/local_setup.zsh
[3.024s] -- Up-to-date: /home/ros_user/my_ws/install/turtlebot3_msgs/share/turtlebot3_msgs/local_setup.dsv
[3.024s] -- Installing: /home/ros_user/my_ws/install/turtlebot3_msgs/share/turtlebot3_msgs/package.dsv
[3.024s] -- Up-to-date: /home/ros_user/my_ws/install/turtlebot3_msgs/share/ament_index/resource_index/packages/turtlebot3_msgs
[3.024s] -- Up-to-date: /home/ros_user/my_ws/install/turtlebot3_msgs/share/turtlebot3_msgs/cmake/turtlebot3_msgs__rosidl_generator_cExport.cmake
[3.024s] -- Up-to-date: /home/ros_user/my_ws/install/turtlebot3_msgs/share/turtlebot3_msgs/cmake/turtlebot3_msgs__rosidl_generator_cExport-noconfig.cmake
[3.024s] -- Up-to-date: /home/ros_user/my_ws/install/turtlebot3_msgs/share/turtlebot3_msgs/cmake/turtlebot3_msgs__rosidl_typesupport_introspection_cExport.cmake
[3.024s] -- Up-to-date: /home/ros_user/my_ws/install/turtlebot3_msgs/share/turtlebot3_msgs/cmake/turtlebot3_msgs__rosidl_typesupport_introspection_cExport-noconfig.cmake
[3.024s] -- Up-to-date: /home/ros_user/my_ws/install/turtlebot3_msgs/share/turtlebot3_msgs/cmake/turtlebot3_msgs__rosidl_typesupport_cExport.cmake
[3.025s] -- Up-to-date: /home/ros_user/my_ws/install/turtlebot3_msgs/share/turtlebot3_msgs/cmake/turtlebot3_msgs__rosidl_typesupport_cExport-noconfig.cmake
[3.025s] -- Up-to-date: /home/ros_user/my_ws/install/turtlebot3_msgs/share/turtlebot3_msgs/cmake/turtlebot3_msgs__rosidl_generator_cppExport.cmake
[3.025s] -- Up-to-date: /home/ros_user/my_ws/install/turtlebot3_msgs/share/turtlebot3_msgs/cmake/turtlebot3_msgs__rosidl_typesupport_introspection_cppExport.cmake
[3.025s] -- Up-to-date: /home/ros_user/my_ws/install/turtlebot3_msgs/share/turtlebot3_msgs/cmake/turtlebot3_msgs__rosidl_typesupport_introspection_cppExport-noconfig.cmake
[3.025s] -- Up-to-date: /home/ros_user/my_ws/install/turtlebot3_msgs/share/turtlebot3_msgs/cmake/turtlebot3_msgs__rosidl_typesupport_cppExport.cmake
[3.025s] -- Up-to-date: /home/ros_user/my_ws/install/turtlebot3_msgs/share/turtlebot3_msgs/cmake/turtlebot3_msgs__rosidl_typesupport_cppExport-noconfig.cmake
[3.026s] -- Up-to-date: /home/ros_user/my_ws/install/turtlebot3_msgs/share/turtlebot3_msgs/cmake/rosidl_cmake-extras.cmake
[3.026s] -- Up-to-date: /home/ros_user/my_ws/install/turtlebot3_msgs/share/turtlebot3_msgs/cmake/ament_cmake_export_dependencies-extras.cmake
[3.026s] -- Up-to-date: /home/ros_user/my_ws/install/turtlebot3_msgs/share/turtlebot3_msgs/cmake/ament_cmake_export_libraries-extras.cmake
[3.026s] -- Up-to-date: /home/ros_user/my_ws/install/turtlebot3_msgs/share/turtlebot3_msgs/cmake/ament_cmake_export_targets-extras.cmake
[3.026s] -- Up-to-date: /home/ros_user/my_ws/install/turtlebot3_msgs/share/turtlebot3_msgs/cmake/ament_cmake_export_include_directories-extras.cmake
[3.026s] -- Up-to-date: /home/ros_user/my_ws/install/turtlebot3_msgs/share/turtlebot3_msgs/cmake/rosidl_cmake_export_typesupport_libraries-extras.cmake
[3.026s] -- Up-to-date: /home/ros_user/my_ws/install/turtlebot3_msgs/share/turtlebot3_msgs/cmake/rosidl_cmake_export_typesupport_targets-extras.cmake
[3.026s] -- Up-to-date: /home/ros_user/my_ws/install/turtlebot3_msgs/share/turtlebot3_msgs/cmake/turtlebot3_msgsConfig.cmake
[3.027s] -- Up-to-date: /home/ros_user/my_ws/install/turtlebot3_msgs/share/turtlebot3_msgs/cmake/turtlebot3_msgsConfig-version.cmake
[3.027s] -- Up-to-date: /home/ros_user/my_ws/install/turtlebot3_msgs/share/turtlebot3_msgs/package.xml
[3.038s] Invoked command in '/home/ros_user/my_ws/build/turtlebot3_msgs' returned '0': CMAKE_PREFIX_PATH=${CMAKE_PREFIX_PATH}:/home/ros_user/my_ws/install/turtlebot3_teleop:/home/ros_user/my_ws/install/turtlebot3_example:/home/ros_user/my_ws/install/obstacle_avoidance:/home/ros_user/turtlebot3_ws/install/turtlebot3_teleop:/home/ros_user/turtlebot3_ws/install/turtlebot3_obstacle_avoidance:/home/ros_user/turtlebot3_ws/install/turtlebot3_example:/home/ros_user/turtlebot3_ws/install/my_obstacle_avoidance:/home/ros_user/turtlebot3_ws/install/my_new_package:/home/ros_user/ros2_ws/install/ros2_course:/home/ros_user/doosan2_ws/install/dsr_example2_py:/opt/ros/foxy /usr/bin/cmake --install /home/ros_user/my_ws/build/turtlebot3_msgs
