[0.623s] Invoking command in '/home/ros_user/my_ws/build/turtlebot3_gazebo': CMAKE_PREFIX_PATH=/home/ros_user/my_ws/install/turtlebot3_description:/home/ros_user/my_ws/install/turtlebot3:/home/ros_user/my_ws/install/turtlebot3_simulations:/home/ros_user/my_ws/install/turtlebot3_bringup:/home/ros_user/my_ws/install/turtlebot3_node:/home/ros_user/my_ws/install/turtlebot3_navigation2:/home/ros_user/my_ws/install/turtlebot3_fake_node:/home/ros_user/my_ws/install/turtlebot3_msgs:/home/ros_user/my_ws/install/turtlebot3_gazebo:/home/ros_user/my_ws/install/turtlebot3_cartographer:/home/ros_user/turtlebot3_ws/install/turtlebot3:/home/ros_user/turtlebot3_ws/install/turtlebot3_simulations:/home/ros_user/turtlebot3_ws/install/turtlebot3_bringup:/home/ros_user/turtlebot3_ws/install/turtlebot3_node:/home/ros_user/turtlebot3_ws/install/turtlebot3_navigation2:/home/ros_user/turtlebot3_ws/install/turtlebot3_gazebo:/home/ros_user/turtlebot3_ws/install/turtlebot3_fake_node:/home/ros_user/turtlebot3_ws/install/turtlebot3_description:/home/ros_user/turtlebot3_ws/install/turtlebot3_cartographer:/home/ros_user/doosan2_ws/install/gazebo_ros2_control_demos:/home/ros_user/doosan2_ws/install/dsr_gazebo2:/home/ros_user/doosan2_ws/install/velocity_controllers:/home/ros_user/doosan2_ws/install/ros2_control:/home/ros_user/doosan2_ws/install/gazebo_ros2_control:/home/ros_user/doosan2_ws/install/transmission_interface:/home/ros_user/doosan2_ws/install/test_robot_hardware:/home/ros_user/doosan2_ws/install/ros2_controllers:/home/ros_user/doosan2_ws/install/position_controllers:/home/ros_user/doosan2_ws/install/dsr_control2:/home/ros_user/doosan2_ws/install/moveit_msgs:/home/ros_user/doosan2_ws/install/joint_trajectory_controller:/home/ros_user/doosan2_ws/install/joint_state_controller:/home/ros_user/doosan2_ws/install/joint_limits_interface:/home/ros_user/doosan2_ws/install/effort_controllers:/home/ros_user/doosan2_ws/install/forward_command_controller:/home/ros_user/doosan2_ws/install/diff_drive_controller:/home/ros_user/doosan2_ws/install/controller_manager:/home/ros_user/doosan2_ws/install/controller_interface:/home/ros_user/doosan2_ws/install/hardware_interface:/home/ros_user/doosan2_ws/install/dsr_msgs2:/home/ros_user/doosan2_ws/install/dsr_launcher2:/home/ros_user/doosan2_ws/install/dsr_description2:/home/ros_user/doosan2_ws/install/controller_manager_msgs:/home/ros_user/doosan2_ws/install/common2:/home/ros_user/my_ws/install/obstacle_avoidance:/home/ros_user/my_ws/install/turtlebot3_teleop:/home/ros_user/my_ws/install/turtlebot3_example:/home/ros_user/turtlebot3_ws/install/my_new_package:/home/ros_user/turtlebot3_ws/install/my_obstacle_avoidance:/home/ros_user/turtlebot3_ws/install/turtlebot3_teleop:/home/ros_user/turtlebot3_ws/install/turtlebot3_obstacle_avoidance:/home/ros_user/turtlebot3_ws/install/turtlebot3_example:/home/ros_user/ros2_ws/install/ros2_course:/home/ros_user/doosan2_ws/install/dsr_example2_py:/opt/ros/foxy /usr/bin/cmake --build /home/ros_user/my_ws/build/turtlebot3_gazebo -- -j4 -l4
[0.917s] [ 25%] Built target obstacle1
[0.922s] [ 50%] Built target turtlebot3_drive
[0.944s] [ 75%] Built target obstacle2
[0.949s] [100%] Built target obstacles
[1.358s] Invoked command in '/home/ros_user/my_ws/build/turtlebot3_gazebo' returned '0': CMAKE_PREFIX_PATH=/home/ros_user/my_ws/install/turtlebot3_description:/home/ros_user/my_ws/install/turtlebot3:/home/ros_user/my_ws/install/turtlebot3_simulations:/home/ros_user/my_ws/install/turtlebot3_bringup:/home/ros_user/my_ws/install/turtlebot3_node:/home/ros_user/my_ws/install/turtlebot3_navigation2:/home/ros_user/my_ws/install/turtlebot3_fake_node:/home/ros_user/my_ws/install/turtlebot3_msgs:/home/ros_user/my_ws/install/turtlebot3_gazebo:/home/ros_user/my_ws/install/turtlebot3_cartographer:/home/ros_user/turtlebot3_ws/install/turtlebot3:/home/ros_user/turtlebot3_ws/install/turtlebot3_simulations:/home/ros_user/turtlebot3_ws/install/turtlebot3_bringup:/home/ros_user/turtlebot3_ws/install/turtlebot3_node:/home/ros_user/turtlebot3_ws/install/turtlebot3_navigation2:/home/ros_user/turtlebot3_ws/install/turtlebot3_gazebo:/home/ros_user/turtlebot3_ws/install/turtlebot3_fake_node:/home/ros_user/turtlebot3_ws/install/turtlebot3_description:/home/ros_user/turtlebot3_ws/install/turtlebot3_cartographer:/home/ros_user/doosan2_ws/install/gazebo_ros2_control_demos:/home/ros_user/doosan2_ws/install/dsr_gazebo2:/home/ros_user/doosan2_ws/install/velocity_controllers:/home/ros_user/doosan2_ws/install/ros2_control:/home/ros_user/doosan2_ws/install/gazebo_ros2_control:/home/ros_user/doosan2_ws/install/transmission_interface:/home/ros_user/doosan2_ws/install/test_robot_hardware:/home/ros_user/doosan2_ws/install/ros2_controllers:/home/ros_user/doosan2_ws/install/position_controllers:/home/ros_user/doosan2_ws/install/dsr_control2:/home/ros_user/doosan2_ws/install/moveit_msgs:/home/ros_user/doosan2_ws/install/joint_trajectory_controller:/home/ros_user/doosan2_ws/install/joint_state_controller:/home/ros_user/doosan2_ws/install/joint_limits_interface:/home/ros_user/doosan2_ws/install/effort_controllers:/home/ros_user/doosan2_ws/install/forward_command_controller:/home/ros_user/doosan2_ws/install/diff_drive_controller:/home/ros_user/doosan2_ws/install/controller_manager:/home/ros_user/doosan2_ws/install/controller_interface:/home/ros_user/doosan2_ws/install/hardware_interface:/home/ros_user/doosan2_ws/install/dsr_msgs2:/home/ros_user/doosan2_ws/install/dsr_launcher2:/home/ros_user/doosan2_ws/install/dsr_description2:/home/ros_user/doosan2_ws/install/controller_manager_msgs:/home/ros_user/doosan2_ws/install/common2:/home/ros_user/my_ws/install/obstacle_avoidance:/home/ros_user/my_ws/install/turtlebot3_teleop:/home/ros_user/my_ws/install/turtlebot3_example:/home/ros_user/turtlebot3_ws/install/my_new_package:/home/ros_user/turtlebot3_ws/install/my_obstacle_avoidance:/home/ros_user/turtlebot3_ws/install/turtlebot3_teleop:/home/ros_user/turtlebot3_ws/install/turtlebot3_obstacle_avoidance:/home/ros_user/turtlebot3_ws/install/turtlebot3_example:/home/ros_user/ros2_ws/install/ros2_course:/home/ros_user/doosan2_ws/install/dsr_example2_py:/opt/ros/foxy /usr/bin/cmake --build /home/ros_user/my_ws/build/turtlebot3_gazebo -- -j4 -l4
[1.576s] Invoking command in '/home/ros_user/my_ws/build/turtlebot3_gazebo': CMAKE_PREFIX_PATH=/home/ros_user/my_ws/install/turtlebot3_description:/home/ros_user/my_ws/install/turtlebot3:/home/ros_user/my_ws/install/turtlebot3_simulations:/home/ros_user/my_ws/install/turtlebot3_bringup:/home/ros_user/my_ws/install/turtlebot3_node:/home/ros_user/my_ws/install/turtlebot3_navigation2:/home/ros_user/my_ws/install/turtlebot3_fake_node:/home/ros_user/my_ws/install/turtlebot3_msgs:/home/ros_user/my_ws/install/turtlebot3_gazebo:/home/ros_user/my_ws/install/turtlebot3_cartographer:/home/ros_user/turtlebot3_ws/install/turtlebot3:/home/ros_user/turtlebot3_ws/install/turtlebot3_simulations:/home/ros_user/turtlebot3_ws/install/turtlebot3_bringup:/home/ros_user/turtlebot3_ws/install/turtlebot3_node:/home/ros_user/turtlebot3_ws/install/turtlebot3_navigation2:/home/ros_user/turtlebot3_ws/install/turtlebot3_gazebo:/home/ros_user/turtlebot3_ws/install/turtlebot3_fake_node:/home/ros_user/turtlebot3_ws/install/turtlebot3_description:/home/ros_user/turtlebot3_ws/install/turtlebot3_cartographer:/home/ros_user/doosan2_ws/install/gazebo_ros2_control_demos:/home/ros_user/doosan2_ws/install/dsr_gazebo2:/home/ros_user/doosan2_ws/install/velocity_controllers:/home/ros_user/doosan2_ws/install/ros2_control:/home/ros_user/doosan2_ws/install/gazebo_ros2_control:/home/ros_user/doosan2_ws/install/transmission_interface:/home/ros_user/doosan2_ws/install/test_robot_hardware:/home/ros_user/doosan2_ws/install/ros2_controllers:/home/ros_user/doosan2_ws/install/position_controllers:/home/ros_user/doosan2_ws/install/dsr_control2:/home/ros_user/doosan2_ws/install/moveit_msgs:/home/ros_user/doosan2_ws/install/joint_trajectory_controller:/home/ros_user/doosan2_ws/install/joint_state_controller:/home/ros_user/doosan2_ws/install/joint_limits_interface:/home/ros_user/doosan2_ws/install/effort_controllers:/home/ros_user/doosan2_ws/install/forward_command_controller:/home/ros_user/doosan2_ws/install/diff_drive_controller:/home/ros_user/doosan2_ws/install/controller_manager:/home/ros_user/doosan2_ws/install/controller_interface:/home/ros_user/doosan2_ws/install/hardware_interface:/home/ros_user/doosan2_ws/install/dsr_msgs2:/home/ros_user/doosan2_ws/install/dsr_launcher2:/home/ros_user/doosan2_ws/install/dsr_description2:/home/ros_user/doosan2_ws/install/controller_manager_msgs:/home/ros_user/doosan2_ws/install/common2:/home/ros_user/my_ws/install/obstacle_avoidance:/home/ros_user/my_ws/install/turtlebot3_teleop:/home/ros_user/my_ws/install/turtlebot3_example:/home/ros_user/turtlebot3_ws/install/my_new_package:/home/ros_user/turtlebot3_ws/install/my_obstacle_avoidance:/home/ros_user/turtlebot3_ws/install/turtlebot3_teleop:/home/ros_user/turtlebot3_ws/install/turtlebot3_obstacle_avoidance:/home/ros_user/turtlebot3_ws/install/turtlebot3_example:/home/ros_user/ros2_ws/install/ros2_course:/home/ros_user/doosan2_ws/install/dsr_example2_py:/opt/ros/foxy /usr/bin/cmake --install /home/ros_user/my_ws/build/turtlebot3_gazebo
[1.614s] -- Install configuration: ""
[1.626s] -- Up-to-date: /home/ros_user/my_ws/install/turtlebot3_gazebo/lib/turtlebot3_gazebo/turtlebot3_drive
[1.626s] -- Up-to-date: /home/ros_user/my_ws/install/turtlebot3_gazebo/share/turtlebot3_gazebo//launch
[1.626s] -- Up-to-date: /home/ros_user/my_ws/install/turtlebot3_gazebo/share/turtlebot3_gazebo//launch/empty_world.launch.py
[1.626s] -- Up-to-date: /home/ros_user/my_ws/install/turtlebot3_gazebo/share/turtlebot3_gazebo//launch/turtlebot3_dqn_stage2.launch.py
[1.626s] -- Up-to-date: /home/ros_user/my_ws/install/turtlebot3_gazebo/share/turtlebot3_gazebo//launch/turtlebot3_world.launch.py
[1.626s] -- Up-to-date: /home/ros_user/my_ws/install/turtlebot3_gazebo/share/turtlebot3_gazebo//launch/robot_state_publisher.launch.py
[1.626s] -- Up-to-date: /home/ros_user/my_ws/install/turtlebot3_gazebo/share/turtlebot3_gazebo//launch/turtlebot3_dqn_stage1.launch.py
[1.626s] -- Up-to-date: /home/ros_user/my_ws/install/turtlebot3_gazebo/share/turtlebot3_gazebo//launch/turtlebot3_autorace.launch.py
[1.626s] -- Up-to-date: /home/ros_user/my_ws/install/turtlebot3_gazebo/share/turtlebot3_gazebo//launch/turtlebot3_dqn_stage4.launch.py
[1.626s] -- Up-to-date: /home/ros_user/my_ws/install/turtlebot3_gazebo/share/turtlebot3_gazebo//launch/turtlebot3_house.launch.py
[1.626s] -- Up-to-date: /home/ros_user/my_ws/install/turtlebot3_gazebo/share/turtlebot3_gazebo//launch/turtlebot3_dqn_stage3.launch.py
[1.626s] -- Up-to-date: /home/ros_user/my_ws/install/turtlebot3_gazebo/share/turtlebot3_gazebo//models
[1.626s] -- Up-to-date: /home/ros_user/my_ws/install/turtlebot3_gazebo/share/turtlebot3_gazebo//models/turtlebot3_house
[1.626s] -- Up-to-date: /home/ros_user/my_ws/install/turtlebot3_gazebo/share/turtlebot3_gazebo//models/turtlebot3_house/model.sdf
[1.626s] -- Up-to-date: /home/ros_user/my_ws/install/turtlebot3_gazebo/share/turtlebot3_gazebo//models/turtlebot3_house/model.config
[1.626s] -- Up-to-date: /home/ros_user/my_ws/install/turtlebot3_gazebo/share/turtlebot3_gazebo//models/turtlebot3_autorace
[1.626s] -- Up-to-date: /home/ros_user/my_ws/install/turtlebot3_gazebo/share/turtlebot3_gazebo//models/turtlebot3_autorace/traffic_light_green
[1.626s] -- Up-to-date: /home/ros_user/my_ws/install/turtlebot3_gazebo/share/turtlebot3_gazebo//models/turtlebot3_autorace/traffic_light_green/model.sdf
[1.626s] -- Up-to-date: /home/ros_user/my_ws/install/turtlebot3_gazebo/share/turtlebot3_gazebo//models/turtlebot3_autorace/traffic_light_green/model.config
[1.626s] -- Up-to-date: /home/ros_user/my_ws/install/turtlebot3_gazebo/share/turtlebot3_gazebo//models/turtlebot3_autorace/course
[1.626s] -- Up-to-date: /home/ros_user/my_ws/install/turtlebot3_gazebo/share/turtlebot3_gazebo//models/turtlebot3_autorace/course/model.sdf
[1.626s] -- Up-to-date: /home/ros_user/my_ws/install/turtlebot3_gazebo/share/turtlebot3_gazebo//models/turtlebot3_autorace/course/materials
[1.626s] -- Up-to-date: /home/ros_user/my_ws/install/turtlebot3_gazebo/share/turtlebot3_gazebo//models/turtlebot3_autorace/course/materials/textures
[1.626s] -- Up-to-date: /home/ros_user/my_ws/install/turtlebot3_gazebo/share/turtlebot3_gazebo//models/turtlebot3_autorace/course/materials/textures/course.png
[1.626s] -- Up-to-date: /home/ros_user/my_ws/install/turtlebot3_gazebo/share/turtlebot3_gazebo//models/turtlebot3_autorace/course/materials/scripts
[1.626s] -- Up-to-date: /home/ros_user/my_ws/install/turtlebot3_gazebo/share/turtlebot3_gazebo//models/turtlebot3_autorace/course/materials/scripts/course.material
[1.626s] -- Up-to-date: /home/ros_user/my_ws/install/turtlebot3_gazebo/share/turtlebot3_gazebo//models/turtlebot3_autorace/course/model.config
[1.626s] -- Up-to-date: /home/ros_user/my_ws/install/turtlebot3_gazebo/share/turtlebot3_gazebo//models/turtlebot3_autorace/traffic_parking
[1.626s] -- Up-to-date: /home/ros_user/my_ws/install/turtlebot3_gazebo/share/turtlebot3_gazebo//models/turtlebot3_autorace/traffic_parking/model.sdf
[1.626s] -- Up-to-date: /home/ros_user/my_ws/install/turtlebot3_gazebo/share/turtlebot3_gazebo//models/turtlebot3_autorace/traffic_parking/materials
[1.626s] -- Up-to-date: /home/ros_user/my_ws/install/turtlebot3_gazebo/share/turtlebot3_gazebo//models/turtlebot3_autorace/traffic_parking/materials/textures
[1.626s] -- Up-to-date: /home/ros_user/my_ws/install/turtlebot3_gazebo/share/turtlebot3_gazebo//models/turtlebot3_autorace/traffic_parking/materials/textures/traffic_parking.png
[1.626s] -- Up-to-date: /home/ros_user/my_ws/install/turtlebot3_gazebo/share/turtlebot3_gazebo//models/turtlebot3_autorace/traffic_parking/materials/scripts
[1.626s] -- Up-to-date: /home/ros_user/my_ws/install/turtlebot3_gazebo/share/turtlebot3_gazebo//models/turtlebot3_autorace/traffic_parking/materials/scripts/traffic_parking.material
[1.626s] -- Up-to-date: /home/ros_user/my_ws/install/turtlebot3_gazebo/share/turtlebot3_gazebo//models/turtlebot3_autorace/traffic_parking/model.config
[1.626s] -- Up-to-date: /home/ros_user/my_ws/install/turtlebot3_gazebo/share/turtlebot3_gazebo//models/turtlebot3_autorace/traffic_bar_up
[1.626s] -- Up-to-date: /home/ros_user/my_ws/install/turtlebot3_gazebo/share/turtlebot3_gazebo//models/turtlebot3_autorace/traffic_bar_up/model.sdf
[1.626s] -- Up-to-date: /home/ros_user/my_ws/install/turtlebot3_gazebo/share/turtlebot3_gazebo//models/turtlebot3_autorace/traffic_bar_up/materials
[1.626s] -- Up-to-date: /home/ros_user/my_ws/install/turtlebot3_gazebo/share/turtlebot3_gazebo//models/turtlebot3_autorace/traffic_bar_up/materials/textures
[1.626s] -- Up-to-date: /home/ros_user/my_ws/install/turtlebot3_gazebo/share/turtlebot3_gazebo//models/turtlebot3_autorace/traffic_bar_up/materials/textures/traffic_bar.png
[1.626s] -- Up-to-date: /home/ros_user/my_ws/install/turtlebot3_gazebo/share/turtlebot3_gazebo//models/turtlebot3_autorace/traffic_bar_up/materials/scripts
[1.626s] -- Up-to-date: /home/ros_user/my_ws/install/turtlebot3_gazebo/share/turtlebot3_gazebo//models/turtlebot3_autorace/traffic_bar_up/materials/scripts/traffic_bar.material
[1.627s] -- Up-to-date: /home/ros_user/my_ws/install/turtlebot3_gazebo/share/turtlebot3_gazebo//models/turtlebot3_autorace/traffic_bar_up/model.config
[1.627s] -- Up-to-date: /home/ros_user/my_ws/install/turtlebot3_gazebo/share/turtlebot3_gazebo//models/turtlebot3_autorace/traffic_light_red
[1.627s] -- Up-to-date: /home/ros_user/my_ws/install/turtlebot3_gazebo/share/turtlebot3_gazebo//models/turtlebot3_autorace/traffic_light_red/model.sdf
[1.627s] -- Up-to-date: /home/ros_user/my_ws/install/turtlebot3_gazebo/share/turtlebot3_gazebo//models/turtlebot3_autorace/traffic_light_red/model.config
[1.627s] -- Up-to-date: /home/ros_user/my_ws/install/turtlebot3_gazebo/share/turtlebot3_gazebo//models/turtlebot3_autorace/tunnel_obstacles
[1.627s] -- Up-to-date: /home/ros_user/my_ws/install/turtlebot3_gazebo/share/turtlebot3_gazebo//models/turtlebot3_autorace/tunnel_obstacles/model.sdf
[1.628s] -- Up-to-date: /home/ros_user/my_ws/install/turtlebot3_gazebo/share/turtlebot3_gazebo//models/turtlebot3_autorace/tunnel_obstacles/model.config
[1.628s] -- Up-to-date: /home/ros_user/my_ws/install/turtlebot3_gazebo/share/turtlebot3_gazebo//models/turtlebot3_autorace/traffic_stop
[1.628s] -- Up-to-date: /home/ros_user/my_ws/install/turtlebot3_gazebo/share/turtlebot3_gazebo//models/turtlebot3_autorace/traffic_stop/model.sdf
[1.628s] -- Up-to-date: /home/ros_user/my_ws/install/turtlebot3_gazebo/share/turtlebot3_gazebo//models/turtlebot3_autorace/traffic_stop/materials
[1.628s] -- Up-to-date: /home/ros_user/my_ws/install/turtlebot3_gazebo/share/turtlebot3_gazebo//models/turtlebot3_autorace/traffic_stop/materials/textures
[1.628s] -- Up-to-date: /home/ros_user/my_ws/install/turtlebot3_gazebo/share/turtlebot3_gazebo//models/turtlebot3_autorace/traffic_stop/materials/textures/traffic_stop.png
[1.628s] -- Up-to-date: /home/ros_user/my_ws/install/turtlebot3_gazebo/share/turtlebot3_gazebo//models/turtlebot3_autorace/traffic_stop/materials/scripts
[1.629s] -- Up-to-date: /home/ros_user/my_ws/install/turtlebot3_gazebo/share/turtlebot3_gazebo//models/turtlebot3_autorace/traffic_stop/materials/scripts/traffic_stop.material
[1.629s] -- Up-to-date: /home/ros_user/my_ws/install/turtlebot3_gazebo/share/turtlebot3_gazebo//models/turtlebot3_autorace/traffic_stop/model.config
[1.629s] -- Up-to-date: /home/ros_user/my_ws/install/turtlebot3_gazebo/share/turtlebot3_gazebo//models/turtlebot3_autorace/lights
[1.629s] -- Up-to-date: /home/ros_user/my_ws/install/turtlebot3_gazebo/share/turtlebot3_gazebo//models/turtlebot3_autorace/lights/model.sdf
[1.629s] -- Up-to-date: /home/ros_user/my_ws/install/turtlebot3_gazebo/share/turtlebot3_gazebo//models/turtlebot3_autorace/lights/model.config
[1.629s] -- Up-to-date: /home/ros_user/my_ws/install/turtlebot3_gazebo/share/turtlebot3_gazebo//models/turtlebot3_autorace/traffic_tunnel
[1.630s] -- Up-to-date: /home/ros_user/my_ws/install/turtlebot3_gazebo/share/turtlebot3_gazebo//models/turtlebot3_autorace/traffic_tunnel/model.sdf
[1.630s] -- Up-to-date: /home/ros_user/my_ws/install/turtlebot3_gazebo/share/turtlebot3_gazebo//models/turtlebot3_autorace/traffic_tunnel/materials
[1.630s] -- Up-to-date: /home/ros_user/my_ws/install/turtlebot3_gazebo/share/turtlebot3_gazebo//models/turtlebot3_autorace/traffic_tunnel/materials/textures
[1.630s] -- Up-to-date: /home/ros_user/my_ws/install/turtlebot3_gazebo/share/turtlebot3_gazebo//models/turtlebot3_autorace/traffic_tunnel/materials/textures/tunnel.png
[1.630s] -- Up-to-date: /home/ros_user/my_ws/install/turtlebot3_gazebo/share/turtlebot3_gazebo//models/turtlebot3_autorace/traffic_tunnel/materials/scripts
[1.631s] -- Up-to-date: /home/ros_user/my_ws/install/turtlebot3_gazebo/share/turtlebot3_gazebo//models/turtlebot3_autorace/traffic_tunnel/materials/scripts/tunnel.material
[1.631s] -- Up-to-date: /home/ros_user/my_ws/install/turtlebot3_gazebo/share/turtlebot3_gazebo//models/turtlebot3_autorace/traffic_tunnel/model.config
[1.631s] -- Up-to-date: /home/ros_user/my_ws/install/turtlebot3_gazebo/share/turtlebot3_gazebo//models/turtlebot3_autorace/traffic_light_yellow
[1.631s] -- Up-to-date: /home/ros_user/my_ws/install/turtlebot3_gazebo/share/turtlebot3_gazebo//models/turtlebot3_autorace/traffic_light_yellow/model.sdf
[1.631s] -- Up-to-date: /home/ros_user/my_ws/install/turtlebot3_gazebo/share/turtlebot3_gazebo//models/turtlebot3_autorace/traffic_light_yellow/model.config
[1.631s] -- Up-to-date: /home/ros_user/my_ws/install/turtlebot3_gazebo/share/turtlebot3_gazebo//models/turtlebot3_autorace/traffic_bar_down
[1.632s] -- Up-to-date: /home/ros_user/my_ws/install/turtlebot3_gazebo/share/turtlebot3_gazebo//models/turtlebot3_autorace/traffic_bar_down/model.sdf
[1.632s] -- Up-to-date: /home/ros_user/my_ws/install/turtlebot3_gazebo/share/turtlebot3_gazebo//models/turtlebot3_autorace/traffic_bar_down/materials
[1.632s] -- Up-to-date: /home/ros_user/my_ws/install/turtlebot3_gazebo/share/turtlebot3_gazebo//models/turtlebot3_autorace/traffic_bar_down/materials/textures
[1.633s] -- Up-to-date: /home/ros_user/my_ws/install/turtlebot3_gazebo/share/turtlebot3_gazebo//models/turtlebot3_autorace/traffic_bar_down/materials/textures/traffic_bar.png
[1.642s] -- Up-to-date: /home/ros_user/my_ws/install/turtlebot3_gazebo/share/turtlebot3_gazebo//models/turtlebot3_autorace/traffic_bar_down/materials/scripts
[1.642s] -- Up-to-date: /home/ros_user/my_ws/install/turtlebot3_gazebo/share/turtlebot3_gazebo//models/turtlebot3_autorace/traffic_bar_down/materials/scripts/traffic_bar.material
[1.642s] -- Up-to-date: /home/ros_user/my_ws/install/turtlebot3_gazebo/share/turtlebot3_gazebo//models/turtlebot3_autorace/traffic_bar_down/model.config
[1.642s] -- Up-to-date: /home/ros_user/my_ws/install/turtlebot3_gazebo/share/turtlebot3_gazebo//models/turtlebot3_autorace/tunnel_wall
[1.642s] -- Up-to-date: /home/ros_user/my_ws/install/turtlebot3_gazebo/share/turtlebot3_gazebo//models/turtlebot3_autorace/tunnel_wall/model.sdf
[1.642s] -- Up-to-date: /home/ros_user/my_ws/install/turtlebot3_gazebo/share/turtlebot3_gazebo//models/turtlebot3_autorace/tunnel_wall/model.config
[1.642s] -- Up-to-date: /home/ros_user/my_ws/install/turtlebot3_gazebo/share/turtlebot3_gazebo//models/turtlebot3_autorace/ground
[1.642s] -- Up-to-date: /home/ros_user/my_ws/install/turtlebot3_gazebo/share/turtlebot3_gazebo//models/turtlebot3_autorace/ground/model.sdf
[1.642s] -- Up-to-date: /home/ros_user/my_ws/install/turtlebot3_gazebo/share/turtlebot3_gazebo//models/turtlebot3_autorace/ground/model.config
[1.642s] -- Up-to-date: /home/ros_user/my_ws/install/turtlebot3_gazebo/share/turtlebot3_gazebo//models/turtlebot3_autorace/model.config
[1.642s] -- Up-to-date: /home/ros_user/my_ws/install/turtlebot3_gazebo/share/turtlebot3_gazebo//models/turtlebot3_waffle_pi
[1.642s] -- Up-to-date: /home/ros_user/my_ws/install/turtlebot3_gazebo/share/turtlebot3_gazebo//models/turtlebot3_waffle_pi/model.sdf
[1.642s] -- Up-to-date: /home/ros_user/my_ws/install/turtlebot3_gazebo/share/turtlebot3_gazebo//models/turtlebot3_waffle_pi/model-1_4_.sdf
[1.642s] -- Up-to-date: /home/ros_user/my_ws/install/turtlebot3_gazebo/share/turtlebot3_gazebo//models/turtlebot3_waffle_pi/meshes
[1.642s] -- Up-to-date: /home/ros_user/my_ws/install/turtlebot3_gazebo/share/turtlebot3_gazebo//models/turtlebot3_waffle_pi/meshes/tire.dae
[1.642s] -- Up-to-date: /home/ros_user/my_ws/install/turtlebot3_gazebo/share/turtlebot3_gazebo//models/turtlebot3_waffle_pi/meshes/lds.dae
[1.642s] -- Up-to-date: /home/ros_user/my_ws/install/turtlebot3_gazebo/share/turtlebot3_gazebo//models/turtlebot3_waffle_pi/meshes/waffle_pi_base.dae
[1.642s] -- Up-to-date: /home/ros_user/my_ws/install/turtlebot3_gazebo/share/turtlebot3_gazebo//models/turtlebot3_waffle_pi/model.config
[1.642s] -- Up-to-date: /home/ros_user/my_ws/install/turtlebot3_gazebo/share/turtlebot3_gazebo//models/turtlebot3_waffle
[1.642s] -- Up-to-date: /home/ros_user/my_ws/install/turtlebot3_gazebo/share/turtlebot3_gazebo//models/turtlebot3_waffle/model.sdf
[1.642s] -- Up-to-date: /home/ros_user/my_ws/install/turtlebot3_gazebo/share/turtlebot3_gazebo//models/turtlebot3_waffle/model-1_4.sdf
[1.642s] -- Up-to-date: /home/ros_user/my_ws/install/turtlebot3_gazebo/share/turtlebot3_gazebo//models/turtlebot3_waffle/meshes
[1.642s] -- Up-to-date: /home/ros_user/my_ws/install/turtlebot3_gazebo/share/turtlebot3_gazebo//models/turtlebot3_waffle/meshes/tire.dae
[1.642s] -- Up-to-date: /home/ros_user/my_ws/install/turtlebot3_gazebo/share/turtlebot3_gazebo//models/turtlebot3_waffle/meshes/lds.dae
[1.642s] -- Up-to-date: /home/ros_user/my_ws/install/turtlebot3_gazebo/share/turtlebot3_gazebo//models/turtlebot3_waffle/meshes/waffle_base.dae
[1.642s] -- Up-to-date: /home/ros_user/my_ws/install/turtlebot3_gazebo/share/turtlebot3_gazebo//models/turtlebot3_waffle/meshes/r200.dae
[1.642s] -- Up-to-date: /home/ros_user/my_ws/install/turtlebot3_gazebo/share/turtlebot3_gazebo//models/turtlebot3_waffle/model.config
[1.642s] -- Up-to-date: /home/ros_user/my_ws/install/turtlebot3_gazebo/share/turtlebot3_gazebo//models/turtlebot3_dqn_world
[1.642s] -- Up-to-date: /home/ros_user/my_ws/install/turtlebot3_gazebo/share/turtlebot3_gazebo//models/turtlebot3_dqn_world/obstacle1
[1.642s] -- Up-to-date: /home/ros_user/my_ws/install/turtlebot3_gazebo/share/turtlebot3_gazebo//models/turtlebot3_dqn_world/obstacle1/model.sdf
[1.642s] -- Up-to-date: /home/ros_user/my_ws/install/turtlebot3_gazebo/share/turtlebot3_gazebo//models/turtlebot3_dqn_world/obstacle1/model.config
[1.642s] -- Up-to-date: /home/ros_user/my_ws/install/turtlebot3_gazebo/share/turtlebot3_gazebo//models/turtlebot3_dqn_world/inner_walls
[1.643s] -- Up-to-date: /home/ros_user/my_ws/install/turtlebot3_gazebo/share/turtlebot3_gazebo//models/turtlebot3_dqn_world/inner_walls/model.sdf
[1.643s] -- Up-to-date: /home/ros_user/my_ws/install/turtlebot3_gazebo/share/turtlebot3_gazebo//models/turtlebot3_dqn_world/inner_walls/model.config
[1.643s] -- Up-to-date: /home/ros_user/my_ws/install/turtlebot3_gazebo/share/turtlebot3_gazebo//models/turtlebot3_dqn_world/model.sdf
[1.643s] -- Up-to-date: /home/ros_user/my_ws/install/turtlebot3_gazebo/share/turtlebot3_gazebo//models/turtlebot3_dqn_world/obstacles
[1.643s] -- Up-to-date: /home/ros_user/my_ws/install/turtlebot3_gazebo/share/turtlebot3_gazebo//models/turtlebot3_dqn_world/obstacles/model.sdf
[1.643s] -- Up-to-date: /home/ros_user/my_ws/install/turtlebot3_gazebo/share/turtlebot3_gazebo//models/turtlebot3_dqn_world/obstacles/model.config
[1.643s] -- Up-to-date: /home/ros_user/my_ws/install/turtlebot3_gazebo/share/turtlebot3_gazebo//models/turtlebot3_dqn_world/goal_box
[1.644s] -- Up-to-date: /home/ros_user/my_ws/install/turtlebot3_gazebo/share/turtlebot3_gazebo//models/turtlebot3_dqn_world/goal_box/model.sdf
[1.644s] -- Up-to-date: /home/ros_user/my_ws/install/turtlebot3_gazebo/share/turtlebot3_gazebo//models/turtlebot3_dqn_world/goal_box/model.config
[1.644s] -- Up-to-date: /home/ros_user/my_ws/install/turtlebot3_gazebo/share/turtlebot3_gazebo//models/turtlebot3_dqn_world/obstacle_plugin
[1.644s] -- Up-to-date: /home/ros_user/my_ws/install/turtlebot3_gazebo/share/turtlebot3_gazebo//models/turtlebot3_dqn_world/obstacle_plugin/obstacle1.cc
[1.644s] -- Up-to-date: /home/ros_user/my_ws/install/turtlebot3_gazebo/share/turtlebot3_gazebo//models/turtlebot3_dqn_world/obstacle_plugin/obstacle2.cc
[1.644s] -- Up-to-date: /home/ros_user/my_ws/install/turtlebot3_gazebo/share/turtlebot3_gazebo//models/turtlebot3_dqn_world/obstacle_plugin/obstacles.cc
[1.645s] -- Up-to-date: /home/ros_user/my_ws/install/turtlebot3_gazebo/share/turtlebot3_gazebo//models/turtlebot3_dqn_world/obstacle_plugin/CMakeLists.txt
[1.645s] -- Up-to-date: /home/ros_user/my_ws/install/turtlebot3_gazebo/share/turtlebot3_gazebo//models/turtlebot3_dqn_world/obstacle2
[1.645s] -- Up-to-date: /home/ros_user/my_ws/install/turtlebot3_gazebo/share/turtlebot3_gazebo//models/turtlebot3_dqn_world/obstacle2/model.sdf
[1.645s] -- Up-to-date: /home/ros_user/my_ws/install/turtlebot3_gazebo/share/turtlebot3_gazebo//models/turtlebot3_dqn_world/obstacle2/model.config
[1.645s] -- Up-to-date: /home/ros_user/my_ws/install/turtlebot3_gazebo/share/turtlebot3_gazebo//models/turtlebot3_dqn_world/model.config
[1.645s] -- Up-to-date: /home/ros_user/my_ws/install/turtlebot3_gazebo/share/turtlebot3_gazebo//models/turtlebot3_burger
[1.645s] -- Up-to-date: /home/ros_user/my_ws/install/turtlebot3_gazebo/share/turtlebot3_gazebo//models/turtlebot3_burger/model.sdf
[1.646s] -- Up-to-date: /home/ros_user/my_ws/install/turtlebot3_gazebo/share/turtlebot3_gazebo//models/turtlebot3_burger/model-1_4.sdf
[1.646s] -- Up-to-date: /home/ros_user/my_ws/install/turtlebot3_gazebo/share/turtlebot3_gazebo//models/turtlebot3_burger/meshes
[1.646s] -- Up-to-date: /home/ros_user/my_ws/install/turtlebot3_gazebo/share/turtlebot3_gazebo//models/turtlebot3_burger/meshes/burger_base.dae
[1.646s] -- Up-to-date: /home/ros_user/my_ws/install/turtlebot3_gazebo/share/turtlebot3_gazebo//models/turtlebot3_burger/meshes/tire.dae
[1.646s] -- Up-to-date: /home/ros_user/my_ws/install/turtlebot3_gazebo/share/turtlebot3_gazebo//models/turtlebot3_burger/meshes/lds.dae
[1.646s] -- Up-to-date: /home/ros_user/my_ws/install/turtlebot3_gazebo/share/turtlebot3_gazebo//models/turtlebot3_burger/model.config
[1.646s] -- Up-to-date: /home/ros_user/my_ws/install/turtlebot3_gazebo/share/turtlebot3_gazebo//models/turtlebot3_world
[1.647s] -- Up-to-date: /home/ros_user/my_ws/install/turtlebot3_gazebo/share/turtlebot3_gazebo//models/turtlebot3_world/model.sdf
[1.647s] -- Up-to-date: /home/ros_user/my_ws/install/turtlebot3_gazebo/share/turtlebot3_gazebo//models/turtlebot3_world/model-1_4.sdf
[1.647s] -- Up-to-date: /home/ros_user/my_ws/install/turtlebot3_gazebo/share/turtlebot3_gazebo//models/turtlebot3_world/meshes
[1.647s] -- Up-to-date: /home/ros_user/my_ws/install/turtlebot3_gazebo/share/turtlebot3_gazebo//models/turtlebot3_world/meshes/wall.dae
[1.647s] -- Up-to-date: /home/ros_user/my_ws/install/turtlebot3_gazebo/share/turtlebot3_gazebo//models/turtlebot3_world/meshes/hexagon.dae
[1.647s] -- Up-to-date: /home/ros_user/my_ws/install/turtlebot3_gazebo/share/turtlebot3_gazebo//models/turtlebot3_world/model.config
[1.648s] -- Up-to-date: /home/ros_user/my_ws/install/turtlebot3_gazebo/share/turtlebot3_gazebo//rviz
[1.648s] -- Up-to-date: /home/ros_user/my_ws/install/turtlebot3_gazebo/share/turtlebot3_gazebo//rviz/tb3_gazebo.rviz
[1.648s] -- Up-to-date: /home/ros_user/my_ws/install/turtlebot3_gazebo/share/turtlebot3_gazebo//worlds
[1.648s] -- Up-to-date: /home/ros_user/my_ws/install/turtlebot3_gazebo/share/turtlebot3_gazebo//worlds/turtlebot3_dqn_stage2
[1.648s] -- Up-to-date: /home/ros_user/my_ws/install/turtlebot3_gazebo/share/turtlebot3_gazebo//worlds/turtlebot3_dqn_stage2/burger.model
[1.648s] -- Up-to-date: /home/ros_user/my_ws/install/turtlebot3_gazebo/share/turtlebot3_gazebo//worlds/turtlebot3_dqn_stage2/waffle_pi.model
[1.649s] -- Up-to-date: /home/ros_user/my_ws/install/turtlebot3_gazebo/share/turtlebot3_gazebo//worlds/turtlebot3_dqn_stage2/waffle.model
[1.649s] -- Up-to-date: /home/ros_user/my_ws/install/turtlebot3_gazebo/share/turtlebot3_gazebo//worlds/turtlebot3_houses
[1.649s] -- Up-to-date: /home/ros_user/my_ws/install/turtlebot3_gazebo/share/turtlebot3_gazebo//worlds/turtlebot3_houses/burger.model
[1.649s] -- Up-to-date: /home/ros_user/my_ws/install/turtlebot3_gazebo/share/turtlebot3_gazebo//worlds/turtlebot3_houses/waffle_pi.model
[1.649s] -- Up-to-date: /home/ros_user/my_ws/install/turtlebot3_gazebo/share/turtlebot3_gazebo//worlds/turtlebot3_houses/waffle.model
[1.649s] -- Up-to-date: /home/ros_user/my_ws/install/turtlebot3_gazebo/share/turtlebot3_gazebo//worlds/turtlebot3_worlds
[1.670s] -- Up-to-date: /home/ros_user/my_ws/install/turtlebot3_gazebo/share/turtlebot3_gazebo//worlds/turtlebot3_worlds/burger.model
[1.670s] -- Up-to-date: /home/ros_user/my_ws/install/turtlebot3_gazebo/share/turtlebot3_gazebo//worlds/turtlebot3_worlds/waffle_pi.model
[1.670s] -- Up-to-date: /home/ros_user/my_ws/install/turtlebot3_gazebo/share/turtlebot3_gazebo//worlds/turtlebot3_worlds/waffle.model
[1.670s] -- Up-to-date: /home/ros_user/my_ws/install/turtlebot3_gazebo/share/turtlebot3_gazebo//worlds/empty_worlds
[1.670s] -- Up-to-date: /home/ros_user/my_ws/install/turtlebot3_gazebo/share/turtlebot3_gazebo//worlds/empty_worlds/burger.model
[1.670s] -- Up-to-date: /home/ros_user/my_ws/install/turtlebot3_gazebo/share/turtlebot3_gazebo//worlds/empty_worlds/waffle_pi.model
[1.670s] -- Up-to-date: /home/ros_user/my_ws/install/turtlebot3_gazebo/share/turtlebot3_gazebo//worlds/empty_worlds/waffle.model
[1.670s] -- Up-to-date: /home/ros_user/my_ws/install/turtlebot3_gazebo/share/turtlebot3_gazebo//worlds/turtlebot3_dqn_stage3
[1.671s] -- Up-to-date: /home/ros_user/my_ws/install/turtlebot3_gazebo/share/turtlebot3_gazebo//worlds/turtlebot3_dqn_stage3/burger.model
[1.671s] -- Up-to-date: /home/ros_user/my_ws/install/turtlebot3_gazebo/share/turtlebot3_gazebo//worlds/turtlebot3_dqn_stage3/waffle_pi.model
[1.671s] -- Up-to-date: /home/ros_user/my_ws/install/turtlebot3_gazebo/share/turtlebot3_gazebo//worlds/turtlebot3_dqn_stage3/waffle.model
[1.672s] -- Up-to-date: /home/ros_user/my_ws/install/turtlebot3_gazebo/share/turtlebot3_gazebo//worlds/turtlebot3_dqn_stage1
[1.672s] -- Up-to-date: /home/ros_user/my_ws/install/turtlebot3_gazebo/share/turtlebot3_gazebo//worlds/turtlebot3_dqn_stage1/burger.model
[1.672s] -- Up-to-date: /home/ros_user/my_ws/install/turtlebot3_gazebo/share/turtlebot3_gazebo//worlds/turtlebot3_dqn_stage1/waffle_pi.model
[1.672s] -- Up-to-date: /home/ros_user/my_ws/install/turtlebot3_gazebo/share/turtlebot3_gazebo//worlds/turtlebot3_dqn_stage1/waffle.model
[1.672s] -- Up-to-date: /home/ros_user/my_ws/install/turtlebot3_gazebo/share/turtlebot3_gazebo//worlds/turtlebot3_dqn_stage4
[1.673s] -- Up-to-date: /home/ros_user/my_ws/install/turtlebot3_gazebo/share/turtlebot3_gazebo//worlds/turtlebot3_dqn_stage4/burger.model
[1.673s] -- Up-to-date: /home/ros_user/my_ws/install/turtlebot3_gazebo/share/turtlebot3_gazebo//worlds/turtlebot3_dqn_stage4/waffle_pi.model
[1.673s] -- Up-to-date: /home/ros_user/my_ws/install/turtlebot3_gazebo/share/turtlebot3_gazebo//worlds/turtlebot3_dqn_stage4/waffle.model
[1.674s] -- Up-to-date: /home/ros_user/my_ws/install/turtlebot3_gazebo/share/turtlebot3_gazebo//worlds/turtlebot3_autoraces
[1.675s] -- Up-to-date: /home/ros_user/my_ws/install/turtlebot3_gazebo/share/turtlebot3_gazebo//worlds/turtlebot3_autoraces/burger.model
[1.676s] -- Up-to-date: /home/ros_user/my_ws/install/turtlebot3_gazebo/share/turtlebot3_gazebo//worlds/turtlebot3_autoraces/waffle_pi.model
[1.686s] -- Up-to-date: /home/ros_user/my_ws/install/turtlebot3_gazebo/share/turtlebot3_gazebo//worlds/turtlebot3_autoraces/waffle.model
[1.690s] -- Up-to-date: /home/ros_user/my_ws/install/turtlebot3_gazebo/include/
[1.690s] -- Up-to-date: /home/ros_user/my_ws/install/turtlebot3_gazebo/include//turtlebot3_gazebo
[1.690s] -- Up-to-date: /home/ros_user/my_ws/install/turtlebot3_gazebo/include//turtlebot3_gazebo/turtlebot3_drive.hpp
[1.694s] -- Up-to-date: /home/ros_user/my_ws/install/turtlebot3_gazebo/share/ament_index/resource_index/package_run_dependencies/turtlebot3_gazebo
[1.694s] -- Up-to-date: /home/ros_user/my_ws/install/turtlebot3_gazebo/share/ament_index/resource_index/parent_prefix_path/turtlebot3_gazebo
[1.694s] -- Up-to-date: /home/ros_user/my_ws/install/turtlebot3_gazebo/share/turtlebot3_gazebo/environment/ament_prefix_path.sh
[1.694s] -- Up-to-date: /home/ros_user/my_ws/install/turtlebot3_gazebo/share/turtlebot3_gazebo/environment/ament_prefix_path.dsv
[1.698s] -- Up-to-date: /home/ros_user/my_ws/install/turtlebot3_gazebo/share/turtlebot3_gazebo/environment/path.sh
[1.698s] -- Up-to-date: /home/ros_user/my_ws/install/turtlebot3_gazebo/share/turtlebot3_gazebo/environment/path.dsv
[1.698s] -- Up-to-date: /home/ros_user/my_ws/install/turtlebot3_gazebo/share/turtlebot3_gazebo/local_setup.bash
[1.698s] -- Up-to-date: /home/ros_user/my_ws/install/turtlebot3_gazebo/share/turtlebot3_gazebo/local_setup.sh
[1.704s] -- Up-to-date: /home/ros_user/my_ws/install/turtlebot3_gazebo/share/turtlebot3_gazebo/local_setup.zsh
[1.704s] -- Up-to-date: /home/ros_user/my_ws/install/turtlebot3_gazebo/share/turtlebot3_gazebo/local_setup.dsv
[1.704s] -- Installing: /home/ros_user/my_ws/install/turtlebot3_gazebo/share/turtlebot3_gazebo/package.dsv
[1.704s] -- Up-to-date: /home/ros_user/my_ws/install/turtlebot3_gazebo/share/ament_index/resource_index/packages/turtlebot3_gazebo
[1.705s] -- Up-to-date: /home/ros_user/my_ws/install/turtlebot3_gazebo/share/turtlebot3_gazebo/cmake/ament_cmake_export_include_directories-extras.cmake
[1.705s] -- Up-to-date: /home/ros_user/my_ws/install/turtlebot3_gazebo/share/turtlebot3_gazebo/cmake/ament_cmake_export_dependencies-extras.cmake
[1.705s] -- Up-to-date: /home/ros_user/my_ws/install/turtlebot3_gazebo/share/turtlebot3_gazebo/cmake/turtlebot3_gazeboConfig.cmake
[1.705s] -- Up-to-date: /home/ros_user/my_ws/install/turtlebot3_gazebo/share/turtlebot3_gazebo/cmake/turtlebot3_gazeboConfig-version.cmake
[1.706s] -- Up-to-date: /home/ros_user/my_ws/install/turtlebot3_gazebo/share/turtlebot3_gazebo/package.xml
[1.706s] Invoked command in '/home/ros_user/my_ws/build/turtlebot3_gazebo' returned '0': CMAKE_PREFIX_PATH=/home/ros_user/my_ws/install/turtlebot3_description:/home/ros_user/my_ws/install/turtlebot3:/home/ros_user/my_ws/install/turtlebot3_simulations:/home/ros_user/my_ws/install/turtlebot3_bringup:/home/ros_user/my_ws/install/turtlebot3_node:/home/ros_user/my_ws/install/turtlebot3_navigation2:/home/ros_user/my_ws/install/turtlebot3_fake_node:/home/ros_user/my_ws/install/turtlebot3_msgs:/home/ros_user/my_ws/install/turtlebot3_gazebo:/home/ros_user/my_ws/install/turtlebot3_cartographer:/home/ros_user/turtlebot3_ws/install/turtlebot3:/home/ros_user/turtlebot3_ws/install/turtlebot3_simulations:/home/ros_user/turtlebot3_ws/install/turtlebot3_bringup:/home/ros_user/turtlebot3_ws/install/turtlebot3_node:/home/ros_user/turtlebot3_ws/install/turtlebot3_navigation2:/home/ros_user/turtlebot3_ws/install/turtlebot3_gazebo:/home/ros_user/turtlebot3_ws/install/turtlebot3_fake_node:/home/ros_user/turtlebot3_ws/install/turtlebot3_description:/home/ros_user/turtlebot3_ws/install/turtlebot3_cartographer:/home/ros_user/doosan2_ws/install/gazebo_ros2_control_demos:/home/ros_user/doosan2_ws/install/dsr_gazebo2:/home/ros_user/doosan2_ws/install/velocity_controllers:/home/ros_user/doosan2_ws/install/ros2_control:/home/ros_user/doosan2_ws/install/gazebo_ros2_control:/home/ros_user/doosan2_ws/install/transmission_interface:/home/ros_user/doosan2_ws/install/test_robot_hardware:/home/ros_user/doosan2_ws/install/ros2_controllers:/home/ros_user/doosan2_ws/install/position_controllers:/home/ros_user/doosan2_ws/install/dsr_control2:/home/ros_user/doosan2_ws/install/moveit_msgs:/home/ros_user/doosan2_ws/install/joint_trajectory_controller:/home/ros_user/doosan2_ws/install/joint_state_controller:/home/ros_user/doosan2_ws/install/joint_limits_interface:/home/ros_user/doosan2_ws/install/effort_controllers:/home/ros_user/doosan2_ws/install/forward_command_controller:/home/ros_user/doosan2_ws/install/diff_drive_controller:/home/ros_user/doosan2_ws/install/controller_manager:/home/ros_user/doosan2_ws/install/controller_interface:/home/ros_user/doosan2_ws/install/hardware_interface:/home/ros_user/doosan2_ws/install/dsr_msgs2:/home/ros_user/doosan2_ws/install/dsr_launcher2:/home/ros_user/doosan2_ws/install/dsr_description2:/home/ros_user/doosan2_ws/install/controller_manager_msgs:/home/ros_user/doosan2_ws/install/common2:/home/ros_user/my_ws/install/obstacle_avoidance:/home/ros_user/my_ws/install/turtlebot3_teleop:/home/ros_user/my_ws/install/turtlebot3_example:/home/ros_user/turtlebot3_ws/install/my_new_package:/home/ros_user/turtlebot3_ws/install/my_obstacle_avoidance:/home/ros_user/turtlebot3_ws/install/turtlebot3_teleop:/home/ros_user/turtlebot3_ws/install/turtlebot3_obstacle_avoidance:/home/ros_user/turtlebot3_ws/install/turtlebot3_example:/home/ros_user/ros2_ws/install/ros2_course:/home/ros_user/doosan2_ws/install/dsr_example2_py:/opt/ros/foxy /usr/bin/cmake --install /home/ros_user/my_ws/build/turtlebot3_gazebo
