[2.718s] Invoking command in '/home/ros_user/my_ws/src/obstacle_avoidance': PYTHONPATH=/home/ros_user/my_ws/build/obstacle_avoidance/prefix_override:/home/ros_user/my_ws/install/obstacle_avoidance/lib/python3.8/site-packages:${PYTHONPATH} /usr/bin/python3 setup.py egg_info --egg-base ../../build/obstacle_avoidance build --build-base /home/ros_user/my_ws/build/obstacle_avoidance/build install --record /home/ros_user/my_ws/build/obstacle_avoidance/install.log --install-scripts $base/lib/obstacle_avoidance --single-version-externally-managed
[3.410s] running egg_info
[3.412s] writing ../../build/obstacle_avoidance/obstacle_avoidance.egg-info/PKG-INFO
[3.414s] writing dependency_links to ../../build/obstacle_avoidance/obstacle_avoidance.egg-info/dependency_links.txt
[3.415s] writing entry points to ../../build/obstacle_avoidance/obstacle_avoidance.egg-info/entry_points.txt
[3.416s] writing requirements to ../../build/obstacle_avoidance/obstacle_avoidance.egg-info/requires.txt
[3.418s] writing top-level names to ../../build/obstacle_avoidance/obstacle_avoidance.egg-info/top_level.txt
[3.517s] reading manifest file '../../build/obstacle_avoidance/obstacle_avoidance.egg-info/SOURCES.txt'
[3.521s] writing manifest file '../../build/obstacle_avoidance/obstacle_avoidance.egg-info/SOURCES.txt'
[3.531s] running build
[3.539s] running build_py
[3.540s] copying obstacle_avoidance/obstacle_avoidance.py -> /home/ros_user/my_ws/build/obstacle_avoidance/build/lib/obstacle_avoidance
[3.541s] running install
[3.553s] running install_lib
[3.553s] copying /home/ros_user/my_ws/build/obstacle_avoidance/build/lib/obstacle_avoidance/obstacle_avoidance.py -> /home/ros_user/my_ws/install/obstacle_avoidance/lib/python3.8/site-packages/obstacle_avoidance
[3.554s] byte-compiling /home/ros_user/my_ws/install/obstacle_avoidance/lib/python3.8/site-packages/obstacle_avoidance/obstacle_avoidance.py to obstacle_avoidance.cpython-38.pyc
[3.562s] running install_data
[3.562s] running install_egg_info
[3.564s] removing '/home/ros_user/my_ws/install/obstacle_avoidance/lib/python3.8/site-packages/obstacle_avoidance-0.0.0-py3.8.egg-info' (and everything under it)
[3.565s] Copying ../../build/obstacle_avoidance/obstacle_avoidance.egg-info to /home/ros_user/my_ws/install/obstacle_avoidance/lib/python3.8/site-packages/obstacle_avoidance-0.0.0-py3.8.egg-info
[3.567s] running install_scripts
[3.658s] Installing obstacle_avoidance script to /home/ros_user/my_ws/install/obstacle_avoidance/lib/obstacle_avoidance
[3.661s] writing list of installed files to '/home/ros_user/my_ws/build/obstacle_avoidance/install.log'
[4.000s] Invoked command in '/home/ros_user/my_ws/src/obstacle_avoidance' returned '0': PYTHONPATH=/home/ros_user/my_ws/build/obstacle_avoidance/prefix_override:/home/ros_user/my_ws/install/obstacle_avoidance/lib/python3.8/site-packages:${PYTHONPATH} /usr/bin/python3 setup.py egg_info --egg-base ../../build/obstacle_avoidance build --build-base /home/ros_user/my_ws/build/obstacle_avoidance/build install --record /home/ros_user/my_ws/build/obstacle_avoidance/install.log --install-scripts $base/lib/obstacle_avoidance --single-version-externally-managed
