[0.116s] Invoking command in '/home/ros_user/my_ws/build/turtlebot3_cartographer': CMAKE_PREFIX_PATH=${CMAKE_PREFIX_PATH}:/home/ros_user/turtlebot3_ws/install/my_new_package:/home/ros_user/turtlebot3_ws/install/my_obstacle_avoidance:/home/ros_user/turtlebot3_ws/install/turtlebot3_teleop:/home/ros_user/turtlebot3_ws/install/turtlebot3_obstacle_avoidance:/home/ros_user/turtlebot3_ws/install/turtlebot3_example:/home/ros_user/ros2_ws/install/ros2_course:/home/ros_user/doosan2_ws/install/dsr_example2_py:/opt/ros/foxy /usr/bin/cmake /home/ros_user/my_ws/src/turtlebot3/turtlebot3_cartographer -DCMAKE_INSTALL_PREFIX=/home/ros_user/my_ws/install/turtlebot3_cartographer
[0.301s] -- The C compiler identification is GNU 9.4.0
[0.618s] -- The CXX compiler identification is GNU 9.4.0
[0.641s] -- Check for working C compiler: /usr/bin/cc
[0.950s] -- Check for working C compiler: /usr/bin/cc -- works
[0.952s] -- Detecting C compiler ABI info
[1.200s] -- Detecting C compiler ABI info - done
[1.237s] -- Detecting C compile features
[1.239s] -- Detecting C compile features - done
[1.246s] -- Check for working CXX compiler: /usr/bin/c++
[1.552s] -- Check for working CXX compiler: /usr/bin/c++ -- works
[1.556s] -- Detecting CXX compiler ABI info
[1.844s] -- Detecting CXX compiler ABI info - done
[1.860s] -- Detecting CXX compile features
[1.868s] -- Detecting CXX compile features - done
[1.884s] -- Found ament_cmake: 0.9.11 (/opt/ros/foxy/share/ament_cmake/cmake)
[1.996s] -- Found PythonInterp: /usr/bin/python3 (found suitable version "3.8.10", minimum required is "3") 
[1.997s] -- Using PYTHON_EXECUTABLE: /usr/bin/python3
[3.217s] -- Configuring done
[3.222s] -- Generating done
[3.226s] -- Build files have been written to: /home/ros_user/my_ws/build/turtlebot3_cartographer
[3.242s] Invoked command in '/home/ros_user/my_ws/build/turtlebot3_cartographer' returned '0': CMAKE_PREFIX_PATH=${CMAKE_PREFIX_PATH}:/home/ros_user/turtlebot3_ws/install/my_new_package:/home/ros_user/turtlebot3_ws/install/my_obstacle_avoidance:/home/ros_user/turtlebot3_ws/install/turtlebot3_teleop:/home/ros_user/turtlebot3_ws/install/turtlebot3_obstacle_avoidance:/home/ros_user/turtlebot3_ws/install/turtlebot3_example:/home/ros_user/ros2_ws/install/ros2_course:/home/ros_user/doosan2_ws/install/dsr_example2_py:/opt/ros/foxy /usr/bin/cmake /home/ros_user/my_ws/src/turtlebot3/turtlebot3_cartographer -DCMAKE_INSTALL_PREFIX=/home/ros_user/my_ws/install/turtlebot3_cartographer
[3.244s] Invoking command in '/home/ros_user/my_ws/build/turtlebot3_cartographer': CMAKE_PREFIX_PATH=${CMAKE_PREFIX_PATH}:/home/ros_user/turtlebot3_ws/install/my_new_package:/home/ros_user/turtlebot3_ws/install/my_obstacle_avoidance:/home/ros_user/turtlebot3_ws/install/turtlebot3_teleop:/home/ros_user/turtlebot3_ws/install/turtlebot3_obstacle_avoidance:/home/ros_user/turtlebot3_ws/install/turtlebot3_example:/home/ros_user/ros2_ws/install/ros2_course:/home/ros_user/doosan2_ws/install/dsr_example2_py:/opt/ros/foxy /usr/bin/cmake --build /home/ros_user/my_ws/build/turtlebot3_cartographer -- -j4 -l4
[3.503s] Invoked command in '/home/ros_user/my_ws/build/turtlebot3_cartographer' returned '0': CMAKE_PREFIX_PATH=${CMAKE_PREFIX_PATH}:/home/ros_user/turtlebot3_ws/install/my_new_package:/home/ros_user/turtlebot3_ws/install/my_obstacle_avoidance:/home/ros_user/turtlebot3_ws/install/turtlebot3_teleop:/home/ros_user/turtlebot3_ws/install/turtlebot3_obstacle_avoidance:/home/ros_user/turtlebot3_ws/install/turtlebot3_example:/home/ros_user/ros2_ws/install/ros2_course:/home/ros_user/doosan2_ws/install/dsr_example2_py:/opt/ros/foxy /usr/bin/cmake --build /home/ros_user/my_ws/build/turtlebot3_cartographer -- -j4 -l4
[3.682s] Invoking command in '/home/ros_user/my_ws/build/turtlebot3_cartographer': CMAKE_PREFIX_PATH=${CMAKE_PREFIX_PATH}:/home/ros_user/turtlebot3_ws/install/my_new_package:/home/ros_user/turtlebot3_ws/install/my_obstacle_avoidance:/home/ros_user/turtlebot3_ws/install/turtlebot3_teleop:/home/ros_user/turtlebot3_ws/install/turtlebot3_obstacle_avoidance:/home/ros_user/turtlebot3_ws/install/turtlebot3_example:/home/ros_user/ros2_ws/install/ros2_course:/home/ros_user/doosan2_ws/install/dsr_example2_py:/opt/ros/foxy /usr/bin/cmake --install /home/ros_user/my_ws/build/turtlebot3_cartographer
[3.719s] -- Install configuration: ""
[3.723s] -- Installing: /home/ros_user/my_ws/install/turtlebot3_cartographer/share/turtlebot3_cartographer/config
[3.724s] -- Installing: /home/ros_user/my_ws/install/turtlebot3_cartographer/share/turtlebot3_cartographer/config/turtlebot3_lds_2d.lua
[3.725s] -- Installing: /home/ros_user/my_ws/install/turtlebot3_cartographer/share/turtlebot3_cartographer/launch
[3.725s] -- Installing: /home/ros_user/my_ws/install/turtlebot3_cartographer/share/turtlebot3_cartographer/launch/cartographer.launch.py
[3.725s] -- Installing: /home/ros_user/my_ws/install/turtlebot3_cartographer/share/turtlebot3_cartographer/launch/occupancy_grid.launch.py
[3.726s] -- Installing: /home/ros_user/my_ws/install/turtlebot3_cartographer/share/turtlebot3_cartographer/rviz
[3.727s] -- Installing: /home/ros_user/my_ws/install/turtlebot3_cartographer/share/turtlebot3_cartographer/rviz/tb3_cartographer.rviz
[3.727s] -- Installing: /home/ros_user/my_ws/install/turtlebot3_cartographer/share/ament_index/resource_index/package_run_dependencies/turtlebot3_cartographer
[3.728s] -- Installing: /home/ros_user/my_ws/install/turtlebot3_cartographer/share/ament_index/resource_index/parent_prefix_path/turtlebot3_cartographer
[3.728s] -- Installing: /home/ros_user/my_ws/install/turtlebot3_cartographer/share/turtlebot3_cartographer/environment/ament_prefix_path.sh
[3.728s] -- Installing: /home/ros_user/my_ws/install/turtlebot3_cartographer/share/turtlebot3_cartographer/environment/ament_prefix_path.dsv
[3.728s] -- Installing: /home/ros_user/my_ws/install/turtlebot3_cartographer/share/turtlebot3_cartographer/environment/path.sh
[3.729s] -- Installing: /home/ros_user/my_ws/install/turtlebot3_cartographer/share/turtlebot3_cartographer/environment/path.dsv
[3.729s] -- Installing: /home/ros_user/my_ws/install/turtlebot3_cartographer/share/turtlebot3_cartographer/local_setup.bash
[3.732s] -- Installing: /home/ros_user/my_ws/install/turtlebot3_cartographer/share/turtlebot3_cartographer/local_setup.sh
[3.732s] -- Installing: /home/ros_user/my_ws/install/turtlebot3_cartographer/share/turtlebot3_cartographer/local_setup.zsh
[3.733s] -- Installing: /home/ros_user/my_ws/install/turtlebot3_cartographer/share/turtlebot3_cartographer/local_setup.dsv
[3.733s] -- Installing: /home/ros_user/my_ws/install/turtlebot3_cartographer/share/turtlebot3_cartographer/package.dsv
[3.733s] -- Installing: /home/ros_user/my_ws/install/turtlebot3_cartographer/share/ament_index/resource_index/packages/turtlebot3_cartographer
[3.733s] -- Installing: /home/ros_user/my_ws/install/turtlebot3_cartographer/share/turtlebot3_cartographer/cmake/turtlebot3_cartographerConfig.cmake
[3.734s] -- Installing: /home/ros_user/my_ws/install/turtlebot3_cartographer/share/turtlebot3_cartographer/cmake/turtlebot3_cartographerConfig-version.cmake
[3.734s] -- Installing: /home/ros_user/my_ws/install/turtlebot3_cartographer/share/turtlebot3_cartographer/package.xml
[4.243s] Invoked command in '/home/ros_user/my_ws/build/turtlebot3_cartographer' returned '0': CMAKE_PREFIX_PATH=${CMAKE_PREFIX_PATH}:/home/ros_user/turtlebot3_ws/install/my_new_package:/home/ros_user/turtlebot3_ws/install/my_obstacle_avoidance:/home/ros_user/turtlebot3_ws/install/turtlebot3_teleop:/home/ros_user/turtlebot3_ws/install/turtlebot3_obstacle_avoidance:/home/ros_user/turtlebot3_ws/install/turtlebot3_example:/home/ros_user/ros2_ws/install/ros2_course:/home/ros_user/doosan2_ws/install/dsr_example2_py:/opt/ros/foxy /usr/bin/cmake --install /home/ros_user/my_ws/build/turtlebot3_cartographer
