[2.817s] Invoking command in '/home/ros_user/my_ws/src/obstacle_avoidance': PYTHONPATH=/home/ros_user/my_ws/build/obstacle_avoidance/prefix_override:/home/ros_user/my_ws/install/obstacle_avoidance/lib/python3.8/site-packages:${PYTHONPATH} /usr/bin/python3 setup.py egg_info --egg-base ../../build/obstacle_avoidance build --build-base /home/ros_user/my_ws/build/obstacle_avoidance/build install --record /home/ros_user/my_ws/build/obstacle_avoidance/install.log --install-scripts $base/lib/obstacle_avoidance --single-version-externally-managed
[3.369s] running egg_info
[3.399s] writing ../../build/obstacle_avoidance/obstacle_avoidance.egg-info/PKG-INFO
[3.399s] writing dependency_links to ../../build/obstacle_avoidance/obstacle_avoidance.egg-info/dependency_links.txt
[3.399s] writing entry points to ../../build/obstacle_avoidance/obstacle_avoidance.egg-info/entry_points.txt
[3.399s] writing requirements to ../../build/obstacle_avoidance/obstacle_avoidance.egg-info/requires.txt
[3.399s] writing top-level names to ../../build/obstacle_avoidance/obstacle_avoidance.egg-info/top_level.txt
[3.519s] reading manifest file '../../build/obstacle_avoidance/obstacle_avoidance.egg-info/SOURCES.txt'
[3.519s] writing manifest file '../../build/obstacle_avoidance/obstacle_avoidance.egg-info/SOURCES.txt'
[3.527s] running build
[3.527s] running build_py
[3.527s] running install
[3.527s] running install_lib
[3.539s] running install_data
[3.539s] copying package.xml -> /home/ros_user/my_ws/install/obstacle_avoidance/share/obstacle_avoidance
[3.539s] running install_egg_info
[3.547s] removing '/home/ros_user/my_ws/install/obstacle_avoidance/lib/python3.8/site-packages/obstacle_avoidance-0.0.0-py3.8.egg-info' (and everything under it)
[3.547s] Copying ../../build/obstacle_avoidance/obstacle_avoidance.egg-info to /home/ros_user/my_ws/install/obstacle_avoidance/lib/python3.8/site-packages/obstacle_avoidance-0.0.0-py3.8.egg-info
[3.547s] running install_scripts
[3.583s] Installing obstacle_avoidance script to /home/ros_user/my_ws/install/obstacle_avoidance/lib/obstacle_avoidance
[3.587s] writing list of installed files to '/home/ros_user/my_ws/build/obstacle_avoidance/install.log'
[3.815s] Invoked command in '/home/ros_user/my_ws/src/obstacle_avoidance' returned '0': PYTHONPATH=/home/ros_user/my_ws/build/obstacle_avoidance/prefix_override:/home/ros_user/my_ws/install/obstacle_avoidance/lib/python3.8/site-packages:${PYTHONPATH} /usr/bin/python3 setup.py egg_info --egg-base ../../build/obstacle_avoidance build --build-base /home/ros_user/my_ws/build/obstacle_avoidance/build install --record /home/ros_user/my_ws/build/obstacle_avoidance/install.log --install-scripts $base/lib/obstacle_avoidance --single-version-externally-managed
