[0.843s] Invoking command in '/home/ros_user/my_ws/build/turtlebot3_gazebo': CMAKE_PREFIX_PATH=/home/ros_user/my_ws/install/turtlebot3_description:/home/ros_user/my_ws/install/turtlebot3:/home/ros_user/my_ws/install/turtlebot3_simulations:/home/ros_user/my_ws/install/turtlebot3_bringup:/home/ros_user/my_ws/install/turtlebot3_node:/home/ros_user/my_ws/install/turtlebot3_navigation2:/home/ros_user/my_ws/install/turtlebot3_fake_node:/home/ros_user/my_ws/install/turtlebot3_msgs:/home/ros_user/my_ws/install/turtlebot3_gazebo:/home/ros_user/my_ws/install/turtlebot3_cartographer:/home/ros_user/turtlebot3_ws/install/turtlebot3:/home/ros_user/turtlebot3_ws/install/turtlebot3_simulations:/home/ros_user/turtlebot3_ws/install/turtlebot3_bringup:/home/ros_user/turtlebot3_ws/install/turtlebot3_node:/home/ros_user/turtlebot3_ws/install/turtlebot3_navigation2:/home/ros_user/turtlebot3_ws/install/turtlebot3_gazebo:/home/ros_user/turtlebot3_ws/install/turtlebot3_fake_node:/home/ros_user/turtlebot3_ws/install/turtlebot3_description:/home/ros_user/turtlebot3_ws/install/turtlebot3_cartographer:/home/ros_user/doosan2_ws/install/gazebo_ros2_control_demos:/home/ros_user/doosan2_ws/install/dsr_gazebo2:/home/ros_user/doosan2_ws/install/velocity_controllers:/home/ros_user/doosan2_ws/install/ros2_control:/home/ros_user/doosan2_ws/install/gazebo_ros2_control:/home/ros_user/doosan2_ws/install/transmission_interface:/home/ros_user/doosan2_ws/install/test_robot_hardware:/home/ros_user/doosan2_ws/install/ros2_controllers:/home/ros_user/doosan2_ws/install/position_controllers:/home/ros_user/doosan2_ws/install/dsr_control2:/home/ros_user/doosan2_ws/install/moveit_msgs:/home/ros_user/doosan2_ws/install/joint_trajectory_controller:/home/ros_user/doosan2_ws/install/joint_state_controller:/home/ros_user/doosan2_ws/install/joint_limits_interface:/home/ros_user/doosan2_ws/install/effort_controllers:/home/ros_user/doosan2_ws/install/forward_command_controller:/home/ros_user/doosan2_ws/install/diff_drive_controller:/home/ros_user/doosan2_ws/install/controller_manager:/home/ros_user/doosan2_ws/install/controller_interface:/home/ros_user/doosan2_ws/install/hardware_interface:/home/ros_user/doosan2_ws/install/dsr_msgs2:/home/ros_user/doosan2_ws/install/dsr_launcher2:/home/ros_user/doosan2_ws/install/dsr_description2:/home/ros_user/doosan2_ws/install/controller_manager_msgs:/home/ros_user/doosan2_ws/install/common2:/home/ros_user/my_ws/install/turtlebot3_teleop:/home/ros_user/my_ws/install/turtlebot3_example:/home/ros_user/turtlebot3_ws/install/my_new_package:/home/ros_user/turtlebot3_ws/install/my_obstacle_avoidance:/home/ros_user/turtlebot3_ws/install/turtlebot3_teleop:/home/ros_user/turtlebot3_ws/install/turtlebot3_obstacle_avoidance:/home/ros_user/turtlebot3_ws/install/turtlebot3_example:/home/ros_user/ros2_ws/install/ros2_course:/home/ros_user/doosan2_ws/install/dsr_example2_py:/opt/ros/foxy /usr/bin/cmake --build /home/ros_user/my_ws/build/turtlebot3_gazebo -- -j4 -l4
[1.594s] [ 25%] Built target turtlebot3_drive
[1.666s] [ 50%] Built target obstacle2
[1.701s] [ 75%] Built target obstacle1
[1.711s] [100%] Built target obstacles
[1.757s] Invoked command in '/home/ros_user/my_ws/build/turtlebot3_gazebo' returned '0': CMAKE_PREFIX_PATH=/home/ros_user/my_ws/install/turtlebot3_description:/home/ros_user/my_ws/install/turtlebot3:/home/ros_user/my_ws/install/turtlebot3_simulations:/home/ros_user/my_ws/install/turtlebot3_bringup:/home/ros_user/my_ws/install/turtlebot3_node:/home/ros_user/my_ws/install/turtlebot3_navigation2:/home/ros_user/my_ws/install/turtlebot3_fake_node:/home/ros_user/my_ws/install/turtlebot3_msgs:/home/ros_user/my_ws/install/turtlebot3_gazebo:/home/ros_user/my_ws/install/turtlebot3_cartographer:/home/ros_user/turtlebot3_ws/install/turtlebot3:/home/ros_user/turtlebot3_ws/install/turtlebot3_simulations:/home/ros_user/turtlebot3_ws/install/turtlebot3_bringup:/home/ros_user/turtlebot3_ws/install/turtlebot3_node:/home/ros_user/turtlebot3_ws/install/turtlebot3_navigation2:/home/ros_user/turtlebot3_ws/install/turtlebot3_gazebo:/home/ros_user/turtlebot3_ws/install/turtlebot3_fake_node:/home/ros_user/turtlebot3_ws/install/turtlebot3_description:/home/ros_user/turtlebot3_ws/install/turtlebot3_cartographer:/home/ros_user/doosan2_ws/install/gazebo_ros2_control_demos:/home/ros_user/doosan2_ws/install/dsr_gazebo2:/home/ros_user/doosan2_ws/install/velocity_controllers:/home/ros_user/doosan2_ws/install/ros2_control:/home/ros_user/doosan2_ws/install/gazebo_ros2_control:/home/ros_user/doosan2_ws/install/transmission_interface:/home/ros_user/doosan2_ws/install/test_robot_hardware:/home/ros_user/doosan2_ws/install/ros2_controllers:/home/ros_user/doosan2_ws/install/position_controllers:/home/ros_user/doosan2_ws/install/dsr_control2:/home/ros_user/doosan2_ws/install/moveit_msgs:/home/ros_user/doosan2_ws/install/joint_trajectory_controller:/home/ros_user/doosan2_ws/install/joint_state_controller:/home/ros_user/doosan2_ws/install/joint_limits_interface:/home/ros_user/doosan2_ws/install/effort_controllers:/home/ros_user/doosan2_ws/install/forward_command_controller:/home/ros_user/doosan2_ws/install/diff_drive_controller:/home/ros_user/doosan2_ws/install/controller_manager:/home/ros_user/doosan2_ws/install/controller_interface:/home/ros_user/doosan2_ws/install/hardware_interface:/home/ros_user/doosan2_ws/install/dsr_msgs2:/home/ros_user/doosan2_ws/install/dsr_launcher2:/home/ros_user/doosan2_ws/install/dsr_description2:/home/ros_user/doosan2_ws/install/controller_manager_msgs:/home/ros_user/doosan2_ws/install/common2:/home/ros_user/my_ws/install/turtlebot3_teleop:/home/ros_user/my_ws/install/turtlebot3_example:/home/ros_user/turtlebot3_ws/install/my_new_package:/home/ros_user/turtlebot3_ws/install/my_obstacle_avoidance:/home/ros_user/turtlebot3_ws/install/turtlebot3_teleop:/home/ros_user/turtlebot3_ws/install/turtlebot3_obstacle_avoidance:/home/ros_user/turtlebot3_ws/install/turtlebot3_example:/home/ros_user/ros2_ws/install/ros2_course:/home/ros_user/doosan2_ws/install/dsr_example2_py:/opt/ros/foxy /usr/bin/cmake --build /home/ros_user/my_ws/build/turtlebot3_gazebo -- -j4 -l4
[1.965s] Invoking command in '/home/ros_user/my_ws/build/turtlebot3_gazebo': CMAKE_PREFIX_PATH=/home/ros_user/my_ws/install/turtlebot3_description:/home/ros_user/my_ws/install/turtlebot3:/home/ros_user/my_ws/install/turtlebot3_simulations:/home/ros_user/my_ws/install/turtlebot3_bringup:/home/ros_user/my_ws/install/turtlebot3_node:/home/ros_user/my_ws/install/turtlebot3_navigation2:/home/ros_user/my_ws/install/turtlebot3_fake_node:/home/ros_user/my_ws/install/turtlebot3_msgs:/home/ros_user/my_ws/install/turtlebot3_gazebo:/home/ros_user/my_ws/install/turtlebot3_cartographer:/home/ros_user/turtlebot3_ws/install/turtlebot3:/home/ros_user/turtlebot3_ws/install/turtlebot3_simulations:/home/ros_user/turtlebot3_ws/install/turtlebot3_bringup:/home/ros_user/turtlebot3_ws/install/turtlebot3_node:/home/ros_user/turtlebot3_ws/install/turtlebot3_navigation2:/home/ros_user/turtlebot3_ws/install/turtlebot3_gazebo:/home/ros_user/turtlebot3_ws/install/turtlebot3_fake_node:/home/ros_user/turtlebot3_ws/install/turtlebot3_description:/home/ros_user/turtlebot3_ws/install/turtlebot3_cartographer:/home/ros_user/doosan2_ws/install/gazebo_ros2_control_demos:/home/ros_user/doosan2_ws/install/dsr_gazebo2:/home/ros_user/doosan2_ws/install/velocity_controllers:/home/ros_user/doosan2_ws/install/ros2_control:/home/ros_user/doosan2_ws/install/gazebo_ros2_control:/home/ros_user/doosan2_ws/install/transmission_interface:/home/ros_user/doosan2_ws/install/test_robot_hardware:/home/ros_user/doosan2_ws/install/ros2_controllers:/home/ros_user/doosan2_ws/install/position_controllers:/home/ros_user/doosan2_ws/install/dsr_control2:/home/ros_user/doosan2_ws/install/moveit_msgs:/home/ros_user/doosan2_ws/install/joint_trajectory_controller:/home/ros_user/doosan2_ws/install/joint_state_controller:/home/ros_user/doosan2_ws/install/joint_limits_interface:/home/ros_user/doosan2_ws/install/effort_controllers:/home/ros_user/doosan2_ws/install/forward_command_controller:/home/ros_user/doosan2_ws/install/diff_drive_controller:/home/ros_user/doosan2_ws/install/controller_manager:/home/ros_user/doosan2_ws/install/controller_interface:/home/ros_user/doosan2_ws/install/hardware_interface:/home/ros_user/doosan2_ws/install/dsr_msgs2:/home/ros_user/doosan2_ws/install/dsr_launcher2:/home/ros_user/doosan2_ws/install/dsr_description2:/home/ros_user/doosan2_ws/install/controller_manager_msgs:/home/ros_user/doosan2_ws/install/common2:/home/ros_user/my_ws/install/turtlebot3_teleop:/home/ros_user/my_ws/install/turtlebot3_example:/home/ros_user/turtlebot3_ws/install/my_new_package:/home/ros_user/turtlebot3_ws/install/my_obstacle_avoidance:/home/ros_user/turtlebot3_ws/install/turtlebot3_teleop:/home/ros_user/turtlebot3_ws/install/turtlebot3_obstacle_avoidance:/home/ros_user/turtlebot3_ws/install/turtlebot3_example:/home/ros_user/ros2_ws/install/ros2_course:/home/ros_user/doosan2_ws/install/dsr_example2_py:/opt/ros/foxy /usr/bin/cmake --install /home/ros_user/my_ws/build/turtlebot3_gazebo
[2.001s] -- Install configuration: ""
[2.003s] -- Up-to-date: /home/ros_user/my_ws/install/turtlebot3_gazebo/lib/turtlebot3_gazebo/turtlebot3_drive
[2.006s] -- Up-to-date: /home/ros_user/my_ws/install/turtlebot3_gazebo/share/turtlebot3_gazebo//launch
[2.006s] -- Up-to-date: /home/ros_user/my_ws/install/turtlebot3_gazebo/share/turtlebot3_gazebo//launch/empty_world.launch.py
[2.006s] -- Up-to-date: /home/ros_user/my_ws/install/turtlebot3_gazebo/share/turtlebot3_gazebo//launch/turtlebot3_dqn_stage2.launch.py
[2.008s] -- Up-to-date: /home/ros_user/my_ws/install/turtlebot3_gazebo/share/turtlebot3_gazebo//launch/turtlebot3_world.launch.py
[2.008s] -- Up-to-date: /home/ros_user/my_ws/install/turtlebot3_gazebo/share/turtlebot3_gazebo//launch/robot_state_publisher.launch.py
[2.008s] -- Up-to-date: /home/ros_user/my_ws/install/turtlebot3_gazebo/share/turtlebot3_gazebo//launch/turtlebot3_dqn_stage1.launch.py
[2.008s] -- Up-to-date: /home/ros_user/my_ws/install/turtlebot3_gazebo/share/turtlebot3_gazebo//launch/turtlebot3_autorace.launch.py
[2.009s] -- Up-to-date: /home/ros_user/my_ws/install/turtlebot3_gazebo/share/turtlebot3_gazebo//launch/turtlebot3_dqn_stage4.launch.py
[2.009s] -- Up-to-date: /home/ros_user/my_ws/install/turtlebot3_gazebo/share/turtlebot3_gazebo//launch/turtlebot3_house.launch.py
[2.009s] -- Up-to-date: /home/ros_user/my_ws/install/turtlebot3_gazebo/share/turtlebot3_gazebo//launch/turtlebot3_dqn_stage3.launch.py
[2.009s] -- Up-to-date: /home/ros_user/my_ws/install/turtlebot3_gazebo/share/turtlebot3_gazebo//models
[2.009s] -- Up-to-date: /home/ros_user/my_ws/install/turtlebot3_gazebo/share/turtlebot3_gazebo//models/turtlebot3_house
[2.009s] -- Up-to-date: /home/ros_user/my_ws/install/turtlebot3_gazebo/share/turtlebot3_gazebo//models/turtlebot3_house/model.sdf
[2.010s] -- Up-to-date: /home/ros_user/my_ws/install/turtlebot3_gazebo/share/turtlebot3_gazebo//models/turtlebot3_house/model.config
[2.010s] -- Up-to-date: /home/ros_user/my_ws/install/turtlebot3_gazebo/share/turtlebot3_gazebo//models/turtlebot3_autorace
[2.010s] -- Up-to-date: /home/ros_user/my_ws/install/turtlebot3_gazebo/share/turtlebot3_gazebo//models/turtlebot3_autorace/traffic_light_green
[2.013s] -- Up-to-date: /home/ros_user/my_ws/install/turtlebot3_gazebo/share/turtlebot3_gazebo//models/turtlebot3_autorace/traffic_light_green/model.sdf
[2.013s] -- Up-to-date: /home/ros_user/my_ws/install/turtlebot3_gazebo/share/turtlebot3_gazebo//models/turtlebot3_autorace/traffic_light_green/model.config
[2.013s] -- Up-to-date: /home/ros_user/my_ws/install/turtlebot3_gazebo/share/turtlebot3_gazebo//models/turtlebot3_autorace/course
[2.014s] -- Up-to-date: /home/ros_user/my_ws/install/turtlebot3_gazebo/share/turtlebot3_gazebo//models/turtlebot3_autorace/course/model.sdf
[2.015s] -- Up-to-date: /home/ros_user/my_ws/install/turtlebot3_gazebo/share/turtlebot3_gazebo//models/turtlebot3_autorace/course/materials
[2.015s] -- Up-to-date: /home/ros_user/my_ws/install/turtlebot3_gazebo/share/turtlebot3_gazebo//models/turtlebot3_autorace/course/materials/textures
[2.017s] -- Up-to-date: /home/ros_user/my_ws/install/turtlebot3_gazebo/share/turtlebot3_gazebo//models/turtlebot3_autorace/course/materials/textures/course.png
[2.018s] -- Up-to-date: /home/ros_user/my_ws/install/turtlebot3_gazebo/share/turtlebot3_gazebo//models/turtlebot3_autorace/course/materials/scripts
[2.018s] -- Up-to-date: /home/ros_user/my_ws/install/turtlebot3_gazebo/share/turtlebot3_gazebo//models/turtlebot3_autorace/course/materials/scripts/course.material
[2.018s] -- Up-to-date: /home/ros_user/my_ws/install/turtlebot3_gazebo/share/turtlebot3_gazebo//models/turtlebot3_autorace/course/model.config
[2.019s] -- Up-to-date: /home/ros_user/my_ws/install/turtlebot3_gazebo/share/turtlebot3_gazebo//models/turtlebot3_autorace/traffic_parking
[2.020s] -- Up-to-date: /home/ros_user/my_ws/install/turtlebot3_gazebo/share/turtlebot3_gazebo//models/turtlebot3_autorace/traffic_parking/model.sdf
[2.020s] -- Up-to-date: /home/ros_user/my_ws/install/turtlebot3_gazebo/share/turtlebot3_gazebo//models/turtlebot3_autorace/traffic_parking/materials
[2.020s] -- Up-to-date: /home/ros_user/my_ws/install/turtlebot3_gazebo/share/turtlebot3_gazebo//models/turtlebot3_autorace/traffic_parking/materials/textures
[2.022s] -- Up-to-date: /home/ros_user/my_ws/install/turtlebot3_gazebo/share/turtlebot3_gazebo//models/turtlebot3_autorace/traffic_parking/materials/textures/traffic_parking.png
[2.023s] -- Up-to-date: /home/ros_user/my_ws/install/turtlebot3_gazebo/share/turtlebot3_gazebo//models/turtlebot3_autorace/traffic_parking/materials/scripts
[2.023s] -- Up-to-date: /home/ros_user/my_ws/install/turtlebot3_gazebo/share/turtlebot3_gazebo//models/turtlebot3_autorace/traffic_parking/materials/scripts/traffic_parking.material
[2.024s] -- Up-to-date: /home/ros_user/my_ws/install/turtlebot3_gazebo/share/turtlebot3_gazebo//models/turtlebot3_autorace/traffic_parking/model.config
[2.024s] -- Up-to-date: /home/ros_user/my_ws/install/turtlebot3_gazebo/share/turtlebot3_gazebo//models/turtlebot3_autorace/traffic_bar_up
[2.026s] -- Up-to-date: /home/ros_user/my_ws/install/turtlebot3_gazebo/share/turtlebot3_gazebo//models/turtlebot3_autorace/traffic_bar_up/model.sdf
[2.029s] -- Up-to-date: /home/ros_user/my_ws/install/turtlebot3_gazebo/share/turtlebot3_gazebo//models/turtlebot3_autorace/traffic_bar_up/materials
[2.031s] -- Up-to-date: /home/ros_user/my_ws/install/turtlebot3_gazebo/share/turtlebot3_gazebo//models/turtlebot3_autorace/traffic_bar_up/materials/textures
[2.031s] -- Up-to-date: /home/ros_user/my_ws/install/turtlebot3_gazebo/share/turtlebot3_gazebo//models/turtlebot3_autorace/traffic_bar_up/materials/textures/traffic_bar.png
[2.031s] -- Up-to-date: /home/ros_user/my_ws/install/turtlebot3_gazebo/share/turtlebot3_gazebo//models/turtlebot3_autorace/traffic_bar_up/materials/scripts
[2.033s] -- Up-to-date: /home/ros_user/my_ws/install/turtlebot3_gazebo/share/turtlebot3_gazebo//models/turtlebot3_autorace/traffic_bar_up/materials/scripts/traffic_bar.material
[2.033s] -- Up-to-date: /home/ros_user/my_ws/install/turtlebot3_gazebo/share/turtlebot3_gazebo//models/turtlebot3_autorace/traffic_bar_up/model.config
[2.033s] -- Up-to-date: /home/ros_user/my_ws/install/turtlebot3_gazebo/share/turtlebot3_gazebo//models/turtlebot3_autorace/traffic_light_red
[2.034s] -- Up-to-date: /home/ros_user/my_ws/install/turtlebot3_gazebo/share/turtlebot3_gazebo//models/turtlebot3_autorace/traffic_light_red/model.sdf
[2.034s] -- Up-to-date: /home/ros_user/my_ws/install/turtlebot3_gazebo/share/turtlebot3_gazebo//models/turtlebot3_autorace/traffic_light_red/model.config
[2.034s] -- Up-to-date: /home/ros_user/my_ws/install/turtlebot3_gazebo/share/turtlebot3_gazebo//models/turtlebot3_autorace/tunnel_obstacles
[2.034s] -- Up-to-date: /home/ros_user/my_ws/install/turtlebot3_gazebo/share/turtlebot3_gazebo//models/turtlebot3_autorace/tunnel_obstacles/model.sdf
[2.034s] -- Up-to-date: /home/ros_user/my_ws/install/turtlebot3_gazebo/share/turtlebot3_gazebo//models/turtlebot3_autorace/tunnel_obstacles/model.config
[2.035s] -- Up-to-date: /home/ros_user/my_ws/install/turtlebot3_gazebo/share/turtlebot3_gazebo//models/turtlebot3_autorace/traffic_stop
[2.035s] -- Up-to-date: /home/ros_user/my_ws/install/turtlebot3_gazebo/share/turtlebot3_gazebo//models/turtlebot3_autorace/traffic_stop/model.sdf
[2.039s] -- Up-to-date: /home/ros_user/my_ws/install/turtlebot3_gazebo/share/turtlebot3_gazebo//models/turtlebot3_autorace/traffic_stop/materials
[2.039s] -- Up-to-date: /home/ros_user/my_ws/install/turtlebot3_gazebo/share/turtlebot3_gazebo//models/turtlebot3_autorace/traffic_stop/materials/textures
[2.039s] -- Up-to-date: /home/ros_user/my_ws/install/turtlebot3_gazebo/share/turtlebot3_gazebo//models/turtlebot3_autorace/traffic_stop/materials/textures/traffic_stop.png
[2.039s] -- Up-to-date: /home/ros_user/my_ws/install/turtlebot3_gazebo/share/turtlebot3_gazebo//models/turtlebot3_autorace/traffic_stop/materials/scripts
[2.040s] -- Up-to-date: /home/ros_user/my_ws/install/turtlebot3_gazebo/share/turtlebot3_gazebo//models/turtlebot3_autorace/traffic_stop/materials/scripts/traffic_stop.material
[2.042s] -- Up-to-date: /home/ros_user/my_ws/install/turtlebot3_gazebo/share/turtlebot3_gazebo//models/turtlebot3_autorace/traffic_stop/model.config
[2.042s] -- Up-to-date: /home/ros_user/my_ws/install/turtlebot3_gazebo/share/turtlebot3_gazebo//models/turtlebot3_autorace/lights
[2.042s] -- Up-to-date: /home/ros_user/my_ws/install/turtlebot3_gazebo/share/turtlebot3_gazebo//models/turtlebot3_autorace/lights/model.sdf
[2.043s] -- Up-to-date: /home/ros_user/my_ws/install/turtlebot3_gazebo/share/turtlebot3_gazebo//models/turtlebot3_autorace/lights/model.config
[2.043s] -- Up-to-date: /home/ros_user/my_ws/install/turtlebot3_gazebo/share/turtlebot3_gazebo//models/turtlebot3_autorace/traffic_tunnel
[2.043s] -- Up-to-date: /home/ros_user/my_ws/install/turtlebot3_gazebo/share/turtlebot3_gazebo//models/turtlebot3_autorace/traffic_tunnel/model.sdf
[2.043s] -- Up-to-date: /home/ros_user/my_ws/install/turtlebot3_gazebo/share/turtlebot3_gazebo//models/turtlebot3_autorace/traffic_tunnel/materials
[2.043s] -- Up-to-date: /home/ros_user/my_ws/install/turtlebot3_gazebo/share/turtlebot3_gazebo//models/turtlebot3_autorace/traffic_tunnel/materials/textures
[2.043s] -- Up-to-date: /home/ros_user/my_ws/install/turtlebot3_gazebo/share/turtlebot3_gazebo//models/turtlebot3_autorace/traffic_tunnel/materials/textures/tunnel.png
[2.044s] -- Up-to-date: /home/ros_user/my_ws/install/turtlebot3_gazebo/share/turtlebot3_gazebo//models/turtlebot3_autorace/traffic_tunnel/materials/scripts
[2.044s] -- Up-to-date: /home/ros_user/my_ws/install/turtlebot3_gazebo/share/turtlebot3_gazebo//models/turtlebot3_autorace/traffic_tunnel/materials/scripts/tunnel.material
[2.044s] -- Up-to-date: /home/ros_user/my_ws/install/turtlebot3_gazebo/share/turtlebot3_gazebo//models/turtlebot3_autorace/traffic_tunnel/model.config
[2.045s] -- Up-to-date: /home/ros_user/my_ws/install/turtlebot3_gazebo/share/turtlebot3_gazebo//models/turtlebot3_autorace/traffic_light_yellow
[2.046s] -- Up-to-date: /home/ros_user/my_ws/install/turtlebot3_gazebo/share/turtlebot3_gazebo//models/turtlebot3_autorace/traffic_light_yellow/model.sdf
[2.046s] -- Up-to-date: /home/ros_user/my_ws/install/turtlebot3_gazebo/share/turtlebot3_gazebo//models/turtlebot3_autorace/traffic_light_yellow/model.config
[2.048s] -- Up-to-date: /home/ros_user/my_ws/install/turtlebot3_gazebo/share/turtlebot3_gazebo//models/turtlebot3_autorace/traffic_bar_down
[2.050s] -- Up-to-date: /home/ros_user/my_ws/install/turtlebot3_gazebo/share/turtlebot3_gazebo//models/turtlebot3_autorace/traffic_bar_down/model.sdf
[2.050s] -- Up-to-date: /home/ros_user/my_ws/install/turtlebot3_gazebo/share/turtlebot3_gazebo//models/turtlebot3_autorace/traffic_bar_down/materials
[2.050s] -- Up-to-date: /home/ros_user/my_ws/install/turtlebot3_gazebo/share/turtlebot3_gazebo//models/turtlebot3_autorace/traffic_bar_down/materials/textures
[2.050s] -- Up-to-date: /home/ros_user/my_ws/install/turtlebot3_gazebo/share/turtlebot3_gazebo//models/turtlebot3_autorace/traffic_bar_down/materials/textures/traffic_bar.png
[2.052s] -- Up-to-date: /home/ros_user/my_ws/install/turtlebot3_gazebo/share/turtlebot3_gazebo//models/turtlebot3_autorace/traffic_bar_down/materials/scripts
[2.053s] -- Up-to-date: /home/ros_user/my_ws/install/turtlebot3_gazebo/share/turtlebot3_gazebo//models/turtlebot3_autorace/traffic_bar_down/materials/scripts/traffic_bar.material
[2.054s] -- Up-to-date: /home/ros_user/my_ws/install/turtlebot3_gazebo/share/turtlebot3_gazebo//models/turtlebot3_autorace/traffic_bar_down/model.config
[2.055s] -- Up-to-date: /home/ros_user/my_ws/install/turtlebot3_gazebo/share/turtlebot3_gazebo//models/turtlebot3_autorace/tunnel_wall
[2.056s] -- Up-to-date: /home/ros_user/my_ws/install/turtlebot3_gazebo/share/turtlebot3_gazebo//models/turtlebot3_autorace/tunnel_wall/model.sdf
[2.056s] -- Up-to-date: /home/ros_user/my_ws/install/turtlebot3_gazebo/share/turtlebot3_gazebo//models/turtlebot3_autorace/tunnel_wall/model.config
[2.058s] -- Up-to-date: /home/ros_user/my_ws/install/turtlebot3_gazebo/share/turtlebot3_gazebo//models/turtlebot3_autorace/ground
[2.059s] -- Up-to-date: /home/ros_user/my_ws/install/turtlebot3_gazebo/share/turtlebot3_gazebo//models/turtlebot3_autorace/ground/model.sdf
[2.060s] -- Up-to-date: /home/ros_user/my_ws/install/turtlebot3_gazebo/share/turtlebot3_gazebo//models/turtlebot3_autorace/ground/model.config
[2.061s] -- Up-to-date: /home/ros_user/my_ws/install/turtlebot3_gazebo/share/turtlebot3_gazebo//models/turtlebot3_autorace/model.config
[2.062s] -- Up-to-date: /home/ros_user/my_ws/install/turtlebot3_gazebo/share/turtlebot3_gazebo//models/turtlebot3_waffle_pi
[2.063s] -- Up-to-date: /home/ros_user/my_ws/install/turtlebot3_gazebo/share/turtlebot3_gazebo//models/turtlebot3_waffle_pi/model.sdf
[2.063s] -- Up-to-date: /home/ros_user/my_ws/install/turtlebot3_gazebo/share/turtlebot3_gazebo//models/turtlebot3_waffle_pi/model-1_4_.sdf
[2.063s] -- Up-to-date: /home/ros_user/my_ws/install/turtlebot3_gazebo/share/turtlebot3_gazebo//models/turtlebot3_waffle_pi/meshes
[2.064s] -- Up-to-date: /home/ros_user/my_ws/install/turtlebot3_gazebo/share/turtlebot3_gazebo//models/turtlebot3_waffle_pi/meshes/tire.dae
[2.065s] -- Up-to-date: /home/ros_user/my_ws/install/turtlebot3_gazebo/share/turtlebot3_gazebo//models/turtlebot3_waffle_pi/meshes/lds.dae
[2.066s] -- Up-to-date: /home/ros_user/my_ws/install/turtlebot3_gazebo/share/turtlebot3_gazebo//models/turtlebot3_waffle_pi/meshes/waffle_pi_base.dae
[2.066s] -- Up-to-date: /home/ros_user/my_ws/install/turtlebot3_gazebo/share/turtlebot3_gazebo//models/turtlebot3_waffle_pi/model.config
[2.066s] -- Up-to-date: /home/ros_user/my_ws/install/turtlebot3_gazebo/share/turtlebot3_gazebo//models/turtlebot3_waffle
[2.067s] -- Up-to-date: /home/ros_user/my_ws/install/turtlebot3_gazebo/share/turtlebot3_gazebo//models/turtlebot3_waffle/model.sdf
[2.067s] -- Up-to-date: /home/ros_user/my_ws/install/turtlebot3_gazebo/share/turtlebot3_gazebo//models/turtlebot3_waffle/model-1_4.sdf
[2.067s] -- Up-to-date: /home/ros_user/my_ws/install/turtlebot3_gazebo/share/turtlebot3_gazebo//models/turtlebot3_waffle/meshes
[2.067s] -- Up-to-date: /home/ros_user/my_ws/install/turtlebot3_gazebo/share/turtlebot3_gazebo//models/turtlebot3_waffle/meshes/tire.dae
[2.078s] -- Up-to-date: /home/ros_user/my_ws/install/turtlebot3_gazebo/share/turtlebot3_gazebo//models/turtlebot3_waffle/meshes/lds.dae
[2.079s] -- Up-to-date: /home/ros_user/my_ws/install/turtlebot3_gazebo/share/turtlebot3_gazebo//models/turtlebot3_waffle/meshes/waffle_base.dae
[2.079s] -- Up-to-date: /home/ros_user/my_ws/install/turtlebot3_gazebo/share/turtlebot3_gazebo//models/turtlebot3_waffle/meshes/r200.dae
[2.079s] -- Up-to-date: /home/ros_user/my_ws/install/turtlebot3_gazebo/share/turtlebot3_gazebo//models/turtlebot3_waffle/model.config
[2.079s] -- Up-to-date: /home/ros_user/my_ws/install/turtlebot3_gazebo/share/turtlebot3_gazebo//models/turtlebot3_dqn_world
[2.079s] -- Up-to-date: /home/ros_user/my_ws/install/turtlebot3_gazebo/share/turtlebot3_gazebo//models/turtlebot3_dqn_world/obstacle1
[2.080s] -- Up-to-date: /home/ros_user/my_ws/install/turtlebot3_gazebo/share/turtlebot3_gazebo//models/turtlebot3_dqn_world/obstacle1/model.sdf
[2.080s] -- Up-to-date: /home/ros_user/my_ws/install/turtlebot3_gazebo/share/turtlebot3_gazebo//models/turtlebot3_dqn_world/obstacle1/model.config
[2.080s] -- Up-to-date: /home/ros_user/my_ws/install/turtlebot3_gazebo/share/turtlebot3_gazebo//models/turtlebot3_dqn_world/inner_walls
[2.080s] -- Up-to-date: /home/ros_user/my_ws/install/turtlebot3_gazebo/share/turtlebot3_gazebo//models/turtlebot3_dqn_world/inner_walls/model.sdf
[2.080s] -- Up-to-date: /home/ros_user/my_ws/install/turtlebot3_gazebo/share/turtlebot3_gazebo//models/turtlebot3_dqn_world/inner_walls/model.config
[2.080s] -- Up-to-date: /home/ros_user/my_ws/install/turtlebot3_gazebo/share/turtlebot3_gazebo//models/turtlebot3_dqn_world/model.sdf
[2.081s] -- Up-to-date: /home/ros_user/my_ws/install/turtlebot3_gazebo/share/turtlebot3_gazebo//models/turtlebot3_dqn_world/obstacles
[2.081s] -- Up-to-date: /home/ros_user/my_ws/install/turtlebot3_gazebo/share/turtlebot3_gazebo//models/turtlebot3_dqn_world/obstacles/model.sdf
[2.081s] -- Up-to-date: /home/ros_user/my_ws/install/turtlebot3_gazebo/share/turtlebot3_gazebo//models/turtlebot3_dqn_world/obstacles/model.config
[2.081s] -- Up-to-date: /home/ros_user/my_ws/install/turtlebot3_gazebo/share/turtlebot3_gazebo//models/turtlebot3_dqn_world/goal_box
[2.081s] -- Up-to-date: /home/ros_user/my_ws/install/turtlebot3_gazebo/share/turtlebot3_gazebo//models/turtlebot3_dqn_world/goal_box/model.sdf
[2.082s] -- Up-to-date: /home/ros_user/my_ws/install/turtlebot3_gazebo/share/turtlebot3_gazebo//models/turtlebot3_dqn_world/goal_box/model.config
[2.082s] -- Up-to-date: /home/ros_user/my_ws/install/turtlebot3_gazebo/share/turtlebot3_gazebo//models/turtlebot3_dqn_world/obstacle_plugin
[2.082s] -- Up-to-date: /home/ros_user/my_ws/install/turtlebot3_gazebo/share/turtlebot3_gazebo//models/turtlebot3_dqn_world/obstacle_plugin/obstacle1.cc
[2.082s] -- Up-to-date: /home/ros_user/my_ws/install/turtlebot3_gazebo/share/turtlebot3_gazebo//models/turtlebot3_dqn_world/obstacle_plugin/obstacle2.cc
[2.082s] -- Up-to-date: /home/ros_user/my_ws/install/turtlebot3_gazebo/share/turtlebot3_gazebo//models/turtlebot3_dqn_world/obstacle_plugin/obstacles.cc
[2.082s] -- Up-to-date: /home/ros_user/my_ws/install/turtlebot3_gazebo/share/turtlebot3_gazebo//models/turtlebot3_dqn_world/obstacle_plugin/CMakeLists.txt
[2.083s] -- Up-to-date: /home/ros_user/my_ws/install/turtlebot3_gazebo/share/turtlebot3_gazebo//models/turtlebot3_dqn_world/obstacle2
[2.083s] -- Up-to-date: /home/ros_user/my_ws/install/turtlebot3_gazebo/share/turtlebot3_gazebo//models/turtlebot3_dqn_world/obstacle2/model.sdf
[2.083s] -- Up-to-date: /home/ros_user/my_ws/install/turtlebot3_gazebo/share/turtlebot3_gazebo//models/turtlebot3_dqn_world/obstacle2/model.config
[2.083s] -- Up-to-date: /home/ros_user/my_ws/install/turtlebot3_gazebo/share/turtlebot3_gazebo//models/turtlebot3_dqn_world/model.config
[2.083s] -- Up-to-date: /home/ros_user/my_ws/install/turtlebot3_gazebo/share/turtlebot3_gazebo//models/turtlebot3_burger
[2.083s] -- Up-to-date: /home/ros_user/my_ws/install/turtlebot3_gazebo/share/turtlebot3_gazebo//models/turtlebot3_burger/model.sdf
[2.084s] -- Up-to-date: /home/ros_user/my_ws/install/turtlebot3_gazebo/share/turtlebot3_gazebo//models/turtlebot3_burger/model-1_4.sdf
[2.084s] -- Up-to-date: /home/ros_user/my_ws/install/turtlebot3_gazebo/share/turtlebot3_gazebo//models/turtlebot3_burger/meshes
[2.084s] -- Up-to-date: /home/ros_user/my_ws/install/turtlebot3_gazebo/share/turtlebot3_gazebo//models/turtlebot3_burger/meshes/burger_base.dae
[2.084s] -- Up-to-date: /home/ros_user/my_ws/install/turtlebot3_gazebo/share/turtlebot3_gazebo//models/turtlebot3_burger/meshes/tire.dae
[2.084s] -- Up-to-date: /home/ros_user/my_ws/install/turtlebot3_gazebo/share/turtlebot3_gazebo//models/turtlebot3_burger/meshes/lds.dae
[2.085s] -- Up-to-date: /home/ros_user/my_ws/install/turtlebot3_gazebo/share/turtlebot3_gazebo//models/turtlebot3_burger/model.config
[2.085s] -- Up-to-date: /home/ros_user/my_ws/install/turtlebot3_gazebo/share/turtlebot3_gazebo//models/turtlebot3_world
[2.085s] -- Up-to-date: /home/ros_user/my_ws/install/turtlebot3_gazebo/share/turtlebot3_gazebo//models/turtlebot3_world/model.sdf
[2.085s] -- Up-to-date: /home/ros_user/my_ws/install/turtlebot3_gazebo/share/turtlebot3_gazebo//models/turtlebot3_world/model-1_4.sdf
[2.086s] -- Up-to-date: /home/ros_user/my_ws/install/turtlebot3_gazebo/share/turtlebot3_gazebo//models/turtlebot3_world/meshes
[2.086s] -- Up-to-date: /home/ros_user/my_ws/install/turtlebot3_gazebo/share/turtlebot3_gazebo//models/turtlebot3_world/meshes/wall.dae
[2.086s] -- Up-to-date: /home/ros_user/my_ws/install/turtlebot3_gazebo/share/turtlebot3_gazebo//models/turtlebot3_world/meshes/hexagon.dae
[2.086s] -- Up-to-date: /home/ros_user/my_ws/install/turtlebot3_gazebo/share/turtlebot3_gazebo//models/turtlebot3_world/model.config
[2.086s] -- Up-to-date: /home/ros_user/my_ws/install/turtlebot3_gazebo/share/turtlebot3_gazebo//rviz
[2.086s] -- Up-to-date: /home/ros_user/my_ws/install/turtlebot3_gazebo/share/turtlebot3_gazebo//rviz/tb3_gazebo.rviz
[2.087s] -- Up-to-date: /home/ros_user/my_ws/install/turtlebot3_gazebo/share/turtlebot3_gazebo//worlds
[2.087s] -- Up-to-date: /home/ros_user/my_ws/install/turtlebot3_gazebo/share/turtlebot3_gazebo//worlds/turtlebot3_dqn_stage2
[2.087s] -- Up-to-date: /home/ros_user/my_ws/install/turtlebot3_gazebo/share/turtlebot3_gazebo//worlds/turtlebot3_dqn_stage2/burger.model
[2.087s] -- Up-to-date: /home/ros_user/my_ws/install/turtlebot3_gazebo/share/turtlebot3_gazebo//worlds/turtlebot3_dqn_stage2/waffle_pi.model
[2.087s] -- Up-to-date: /home/ros_user/my_ws/install/turtlebot3_gazebo/share/turtlebot3_gazebo//worlds/turtlebot3_dqn_stage2/waffle.model
[2.087s] -- Up-to-date: /home/ros_user/my_ws/install/turtlebot3_gazebo/share/turtlebot3_gazebo//worlds/turtlebot3_houses
[2.087s] -- Up-to-date: /home/ros_user/my_ws/install/turtlebot3_gazebo/share/turtlebot3_gazebo//worlds/turtlebot3_houses/burger.model
[2.088s] -- Up-to-date: /home/ros_user/my_ws/install/turtlebot3_gazebo/share/turtlebot3_gazebo//worlds/turtlebot3_houses/waffle_pi.model
[2.088s] -- Up-to-date: /home/ros_user/my_ws/install/turtlebot3_gazebo/share/turtlebot3_gazebo//worlds/turtlebot3_houses/waffle.model
[2.088s] -- Up-to-date: /home/ros_user/my_ws/install/turtlebot3_gazebo/share/turtlebot3_gazebo//worlds/turtlebot3_worlds
[2.088s] -- Up-to-date: /home/ros_user/my_ws/install/turtlebot3_gazebo/share/turtlebot3_gazebo//worlds/turtlebot3_worlds/burger.model
[2.088s] -- Up-to-date: /home/ros_user/my_ws/install/turtlebot3_gazebo/share/turtlebot3_gazebo//worlds/turtlebot3_worlds/waffle_pi.model
[2.088s] -- Up-to-date: /home/ros_user/my_ws/install/turtlebot3_gazebo/share/turtlebot3_gazebo//worlds/turtlebot3_worlds/waffle.model
[2.089s] -- Up-to-date: /home/ros_user/my_ws/install/turtlebot3_gazebo/share/turtlebot3_gazebo//worlds/empty_worlds
[2.089s] -- Up-to-date: /home/ros_user/my_ws/install/turtlebot3_gazebo/share/turtlebot3_gazebo//worlds/empty_worlds/burger.model
[2.089s] -- Up-to-date: /home/ros_user/my_ws/install/turtlebot3_gazebo/share/turtlebot3_gazebo//worlds/empty_worlds/waffle_pi.model
[2.089s] -- Up-to-date: /home/ros_user/my_ws/install/turtlebot3_gazebo/share/turtlebot3_gazebo//worlds/empty_worlds/waffle.model
[2.089s] -- Up-to-date: /home/ros_user/my_ws/install/turtlebot3_gazebo/share/turtlebot3_gazebo//worlds/turtlebot3_dqn_stage3
[2.094s] -- Up-to-date: /home/ros_user/my_ws/install/turtlebot3_gazebo/share/turtlebot3_gazebo//worlds/turtlebot3_dqn_stage3/burger.model
[2.095s] -- Up-to-date: /home/ros_user/my_ws/install/turtlebot3_gazebo/share/turtlebot3_gazebo//worlds/turtlebot3_dqn_stage3/waffle_pi.model
[2.095s] -- Up-to-date: /home/ros_user/my_ws/install/turtlebot3_gazebo/share/turtlebot3_gazebo//worlds/turtlebot3_dqn_stage3/waffle.model
[2.096s] -- Up-to-date: /home/ros_user/my_ws/install/turtlebot3_gazebo/share/turtlebot3_gazebo//worlds/turtlebot3_dqn_stage1
[2.096s] -- Up-to-date: /home/ros_user/my_ws/install/turtlebot3_gazebo/share/turtlebot3_gazebo//worlds/turtlebot3_dqn_stage1/burger.model
[2.096s] -- Up-to-date: /home/ros_user/my_ws/install/turtlebot3_gazebo/share/turtlebot3_gazebo//worlds/turtlebot3_dqn_stage1/waffle_pi.model
[2.097s] -- Up-to-date: /home/ros_user/my_ws/install/turtlebot3_gazebo/share/turtlebot3_gazebo//worlds/turtlebot3_dqn_stage1/waffle.model
[2.098s] -- Up-to-date: /home/ros_user/my_ws/install/turtlebot3_gazebo/share/turtlebot3_gazebo//worlds/turtlebot3_dqn_stage4
[2.098s] -- Up-to-date: /home/ros_user/my_ws/install/turtlebot3_gazebo/share/turtlebot3_gazebo//worlds/turtlebot3_dqn_stage4/burger.model
[2.098s] -- Up-to-date: /home/ros_user/my_ws/install/turtlebot3_gazebo/share/turtlebot3_gazebo//worlds/turtlebot3_dqn_stage4/waffle_pi.model
[2.099s] -- Up-to-date: /home/ros_user/my_ws/install/turtlebot3_gazebo/share/turtlebot3_gazebo//worlds/turtlebot3_dqn_stage4/waffle.model
[2.099s] -- Up-to-date: /home/ros_user/my_ws/install/turtlebot3_gazebo/share/turtlebot3_gazebo//worlds/turtlebot3_autoraces
[2.100s] -- Up-to-date: /home/ros_user/my_ws/install/turtlebot3_gazebo/share/turtlebot3_gazebo//worlds/turtlebot3_autoraces/burger.model
[2.130s] -- Up-to-date: /home/ros_user/my_ws/install/turtlebot3_gazebo/share/turtlebot3_gazebo//worlds/turtlebot3_autoraces/waffle_pi.model
[2.130s] -- Up-to-date: /home/ros_user/my_ws/install/turtlebot3_gazebo/share/turtlebot3_gazebo//worlds/turtlebot3_autoraces/waffle.model
[2.134s] -- Up-to-date: /home/ros_user/my_ws/install/turtlebot3_gazebo/include/
[2.135s] -- Up-to-date: /home/ros_user/my_ws/install/turtlebot3_gazebo/include//turtlebot3_gazebo
[2.136s] -- Up-to-date: /home/ros_user/my_ws/install/turtlebot3_gazebo/include//turtlebot3_gazebo/turtlebot3_drive.hpp
[2.137s] -- Up-to-date: /home/ros_user/my_ws/install/turtlebot3_gazebo/share/ament_index/resource_index/package_run_dependencies/turtlebot3_gazebo
[2.138s] -- Up-to-date: /home/ros_user/my_ws/install/turtlebot3_gazebo/share/ament_index/resource_index/parent_prefix_path/turtlebot3_gazebo
[2.138s] -- Up-to-date: /home/ros_user/my_ws/install/turtlebot3_gazebo/share/turtlebot3_gazebo/environment/ament_prefix_path.sh
[2.138s] -- Up-to-date: /home/ros_user/my_ws/install/turtlebot3_gazebo/share/turtlebot3_gazebo/environment/ament_prefix_path.dsv
[2.139s] -- Up-to-date: /home/ros_user/my_ws/install/turtlebot3_gazebo/share/turtlebot3_gazebo/environment/path.sh
[2.139s] -- Up-to-date: /home/ros_user/my_ws/install/turtlebot3_gazebo/share/turtlebot3_gazebo/environment/path.dsv
[2.141s] -- Up-to-date: /home/ros_user/my_ws/install/turtlebot3_gazebo/share/turtlebot3_gazebo/local_setup.bash
[2.143s] -- Up-to-date: /home/ros_user/my_ws/install/turtlebot3_gazebo/share/turtlebot3_gazebo/local_setup.sh
[2.144s] -- Up-to-date: /home/ros_user/my_ws/install/turtlebot3_gazebo/share/turtlebot3_gazebo/local_setup.zsh
[2.145s] -- Up-to-date: /home/ros_user/my_ws/install/turtlebot3_gazebo/share/turtlebot3_gazebo/local_setup.dsv
[2.146s] -- Installing: /home/ros_user/my_ws/install/turtlebot3_gazebo/share/turtlebot3_gazebo/package.dsv
[2.156s] -- Up-to-date: /home/ros_user/my_ws/install/turtlebot3_gazebo/share/ament_index/resource_index/packages/turtlebot3_gazebo
[2.156s] -- Up-to-date: /home/ros_user/my_ws/install/turtlebot3_gazebo/share/turtlebot3_gazebo/cmake/ament_cmake_export_include_directories-extras.cmake
[2.157s] -- Up-to-date: /home/ros_user/my_ws/install/turtlebot3_gazebo/share/turtlebot3_gazebo/cmake/ament_cmake_export_dependencies-extras.cmake
[2.157s] -- Up-to-date: /home/ros_user/my_ws/install/turtlebot3_gazebo/share/turtlebot3_gazebo/cmake/turtlebot3_gazeboConfig.cmake
[2.158s] -- Up-to-date: /home/ros_user/my_ws/install/turtlebot3_gazebo/share/turtlebot3_gazebo/cmake/turtlebot3_gazeboConfig-version.cmake
[2.159s] -- Up-to-date: /home/ros_user/my_ws/install/turtlebot3_gazebo/share/turtlebot3_gazebo/package.xml
[2.159s] Invoked command in '/home/ros_user/my_ws/build/turtlebot3_gazebo' returned '0': CMAKE_PREFIX_PATH=/home/ros_user/my_ws/install/turtlebot3_description:/home/ros_user/my_ws/install/turtlebot3:/home/ros_user/my_ws/install/turtlebot3_simulations:/home/ros_user/my_ws/install/turtlebot3_bringup:/home/ros_user/my_ws/install/turtlebot3_node:/home/ros_user/my_ws/install/turtlebot3_navigation2:/home/ros_user/my_ws/install/turtlebot3_fake_node:/home/ros_user/my_ws/install/turtlebot3_msgs:/home/ros_user/my_ws/install/turtlebot3_gazebo:/home/ros_user/my_ws/install/turtlebot3_cartographer:/home/ros_user/turtlebot3_ws/install/turtlebot3:/home/ros_user/turtlebot3_ws/install/turtlebot3_simulations:/home/ros_user/turtlebot3_ws/install/turtlebot3_bringup:/home/ros_user/turtlebot3_ws/install/turtlebot3_node:/home/ros_user/turtlebot3_ws/install/turtlebot3_navigation2:/home/ros_user/turtlebot3_ws/install/turtlebot3_gazebo:/home/ros_user/turtlebot3_ws/install/turtlebot3_fake_node:/home/ros_user/turtlebot3_ws/install/turtlebot3_description:/home/ros_user/turtlebot3_ws/install/turtlebot3_cartographer:/home/ros_user/doosan2_ws/install/gazebo_ros2_control_demos:/home/ros_user/doosan2_ws/install/dsr_gazebo2:/home/ros_user/doosan2_ws/install/velocity_controllers:/home/ros_user/doosan2_ws/install/ros2_control:/home/ros_user/doosan2_ws/install/gazebo_ros2_control:/home/ros_user/doosan2_ws/install/transmission_interface:/home/ros_user/doosan2_ws/install/test_robot_hardware:/home/ros_user/doosan2_ws/install/ros2_controllers:/home/ros_user/doosan2_ws/install/position_controllers:/home/ros_user/doosan2_ws/install/dsr_control2:/home/ros_user/doosan2_ws/install/moveit_msgs:/home/ros_user/doosan2_ws/install/joint_trajectory_controller:/home/ros_user/doosan2_ws/install/joint_state_controller:/home/ros_user/doosan2_ws/install/joint_limits_interface:/home/ros_user/doosan2_ws/install/effort_controllers:/home/ros_user/doosan2_ws/install/forward_command_controller:/home/ros_user/doosan2_ws/install/diff_drive_controller:/home/ros_user/doosan2_ws/install/controller_manager:/home/ros_user/doosan2_ws/install/controller_interface:/home/ros_user/doosan2_ws/install/hardware_interface:/home/ros_user/doosan2_ws/install/dsr_msgs2:/home/ros_user/doosan2_ws/install/dsr_launcher2:/home/ros_user/doosan2_ws/install/dsr_description2:/home/ros_user/doosan2_ws/install/controller_manager_msgs:/home/ros_user/doosan2_ws/install/common2:/home/ros_user/my_ws/install/turtlebot3_teleop:/home/ros_user/my_ws/install/turtlebot3_example:/home/ros_user/turtlebot3_ws/install/my_new_package:/home/ros_user/turtlebot3_ws/install/my_obstacle_avoidance:/home/ros_user/turtlebot3_ws/install/turtlebot3_teleop:/home/ros_user/turtlebot3_ws/install/turtlebot3_obstacle_avoidance:/home/ros_user/turtlebot3_ws/install/turtlebot3_example:/home/ros_user/ros2_ws/install/ros2_course:/home/ros_user/doosan2_ws/install/dsr_example2_py:/opt/ros/foxy /usr/bin/cmake --install /home/ros_user/my_ws/build/turtlebot3_gazebo
