[2.036s] Invoking command in '/home/ros_user/my_ws/src/turtlebot3/turtlebot3_teleop': PYTHONPATH=/home/ros_user/my_ws/build/turtlebot3_teleop/prefix_override:/home/ros_user/my_ws/install/turtlebot3_teleop/lib/python3.8/site-packages:${PYTHONPATH} /usr/bin/python3 setup.py egg_info --egg-base ../../../build/turtlebot3_teleop build --build-base /home/ros_user/my_ws/build/turtlebot3_teleop/build install --record /home/ros_user/my_ws/build/turtlebot3_teleop/install.log --single-version-externally-managed
[2.489s] running egg_info
[2.499s] writing ../../../build/turtlebot3_teleop/turtlebot3_teleop.egg-info/PKG-INFO
[2.499s] writing dependency_links to ../../../build/turtlebot3_teleop/turtlebot3_teleop.egg-info/dependency_links.txt
[2.500s] writing entry points to ../../../build/turtlebot3_teleop/turtlebot3_teleop.egg-info/entry_points.txt
[2.501s] writing requirements to ../../../build/turtlebot3_teleop/turtlebot3_teleop.egg-info/requires.txt
[2.503s] writing top-level names to ../../../build/turtlebot3_teleop/turtlebot3_teleop.egg-info/top_level.txt
[2.571s] reading manifest file '../../../build/turtlebot3_teleop/turtlebot3_teleop.egg-info/SOURCES.txt'
[2.573s] writing manifest file '../../../build/turtlebot3_teleop/turtlebot3_teleop.egg-info/SOURCES.txt'
[2.597s] running build
[2.598s] running build_py
[2.598s] running install
[2.600s] running install_lib
[2.600s] running install_data
[2.600s] running install_egg_info
[2.601s] removing '/home/ros_user/my_ws/install/turtlebot3_teleop/lib/python3.8/site-packages/turtlebot3_teleop-2.1.4-py3.8.egg-info' (and everything under it)
[2.601s] Copying ../../../build/turtlebot3_teleop/turtlebot3_teleop.egg-info to /home/ros_user/my_ws/install/turtlebot3_teleop/lib/python3.8/site-packages/turtlebot3_teleop-2.1.4-py3.8.egg-info
[2.602s] running install_scripts
[2.640s] Installing teleop_keyboard script to /home/ros_user/my_ws/install/turtlebot3_teleop/lib/turtlebot3_teleop
[2.644s] writing list of installed files to '/home/ros_user/my_ws/build/turtlebot3_teleop/install.log'
[2.715s] Invoked command in '/home/ros_user/my_ws/src/turtlebot3/turtlebot3_teleop' returned '0': PYTHONPATH=/home/ros_user/my_ws/build/turtlebot3_teleop/prefix_override:/home/ros_user/my_ws/install/turtlebot3_teleop/lib/python3.8/site-packages:${PYTHONPATH} /usr/bin/python3 setup.py egg_info --egg-base ../../../build/turtlebot3_teleop build --build-base /home/ros_user/my_ws/build/turtlebot3_teleop/build install --record /home/ros_user/my_ws/build/turtlebot3_teleop/install.log --single-version-externally-managed
