[0.167s] Invoking command in '/home/ros_user/my_ws/build/turtlebot3_msgs': CMAKE_PREFIX_PATH=${CMAKE_PREFIX_PATH}:/home/ros_user/my_ws/install/turtlebot3_teleop:/home/ros_user/my_ws/install/turtlebot3_example:/home/ros_user/my_ws/install/obstacle_avoidance:/home/ros_user/turtlebot3_ws/install/turtlebot3_teleop:/home/ros_user/turtlebot3_ws/install/turtlebot3_obstacle_avoidance:/home/ros_user/turtlebot3_ws/install/turtlebot3_example:/home/ros_user/turtlebot3_ws/install/my_obstacle_avoidance:/home/ros_user/turtlebot3_ws/install/my_new_package:/home/ros_user/ros2_ws/install/ros2_course:/home/ros_user/doosan2_ws/install/dsr_example2_py:/opt/ros/foxy /usr/bin/cmake --build /home/ros_user/my_ws/build/turtlebot3_msgs -- -j4 -l4
[0.444s] [  1%] Built target turtlebot3_msgs__cpp
[0.488s] [ 12%] Built target turtlebot3_msgs__rosidl_generator_c
[0.608s] [ 23%] Built target turtlebot3_msgs__rosidl_typesupport_cpp
[0.617s] [ 35%] Built target turtlebot3_msgs__rosidl_typesupport_introspection_cpp
[0.659s] [ 46%] Built target turtlebot3_msgs__rosidl_typesupport_c
[0.681s] [ 57%] Built target turtlebot3_msgs__rosidl_typesupport_fastrtps_cpp
[0.770s] [ 69%] Built target turtlebot3_msgs__rosidl_typesupport_introspection_c
[0.840s] [ 80%] Built target turtlebot3_msgs__rosidl_typesupport_fastrtps_c
[0.906s] [ 80%] Built target turtlebot3_msgs
[0.997s] [ 81%] Built target turtlebot3_msgs__py
[1.119s] [ 91%] Built target turtlebot3_msgs__python
[1.245s] [ 97%] Built target turtlebot3_msgs__rosidl_typesupport_c__pyext
[1.245s] [ 97%] Built target turtlebot3_msgs__rosidl_typesupport_introspection_c__pyext
[1.274s] [100%] Built target turtlebot3_msgs__rosidl_typesupport_fastrtps_c__pyext
[1.854s] Invoked command in '/home/ros_user/my_ws/build/turtlebot3_msgs' returned '0': CMAKE_PREFIX_PATH=${CMAKE_PREFIX_PATH}:/home/ros_user/my_ws/install/turtlebot3_teleop:/home/ros_user/my_ws/install/turtlebot3_example:/home/ros_user/my_ws/install/obstacle_avoidance:/home/ros_user/turtlebot3_ws/install/turtlebot3_teleop:/home/ros_user/turtlebot3_ws/install/turtlebot3_obstacle_avoidance:/home/ros_user/turtlebot3_ws/install/turtlebot3_example:/home/ros_user/turtlebot3_ws/install/my_obstacle_avoidance:/home/ros_user/turtlebot3_ws/install/my_new_package:/home/ros_user/ros2_ws/install/ros2_course:/home/ros_user/doosan2_ws/install/dsr_example2_py:/opt/ros/foxy /usr/bin/cmake --build /home/ros_user/my_ws/build/turtlebot3_msgs -- -j4 -l4
[2.838s] Invoking command in '/home/ros_user/my_ws/build/turtlebot3_msgs': CMAKE_PREFIX_PATH=${CMAKE_PREFIX_PATH}:/home/ros_user/my_ws/install/turtlebot3_teleop:/home/ros_user/my_ws/install/turtlebot3_example:/home/ros_user/my_ws/install/obstacle_avoidance:/home/ros_user/turtlebot3_ws/install/turtlebot3_teleop:/home/ros_user/turtlebot3_ws/install/turtlebot3_obstacle_avoidance:/home/ros_user/turtlebot3_ws/install/turtlebot3_example:/home/ros_user/turtlebot3_ws/install/my_obstacle_avoidance:/home/ros_user/turtlebot3_ws/install/my_new_package:/home/ros_user/ros2_ws/install/ros2_course:/home/ros_user/doosan2_ws/install/dsr_example2_py:/opt/ros/foxy /usr/bin/cmake --install /home/ros_user/my_ws/build/turtlebot3_msgs
[2.982s] -- Install configuration: ""
[3.009s] -- Up-to-date: /home/ros_user/my_ws/install/turtlebot3_msgs/share/ament_index/resource_index/rosidl_interfaces/turtlebot3_msgs
[3.010s] -- Up-to-date: /home/ros_user/my_ws/install/turtlebot3_msgs/include/turtlebot3_msgs
[3.010s] -- Up-to-date: /home/ros_user/my_ws/install/turtlebot3_msgs/include/turtlebot3_msgs/msg
[3.010s] -- Up-to-date: /home/ros_user/my_ws/install/turtlebot3_msgs/include/turtlebot3_msgs/msg/sound.h
[3.010s] -- Up-to-date: /home/ros_user/my_ws/install/turtlebot3_msgs/include/turtlebot3_msgs/msg/version_info.h
[3.010s] -- Up-to-date: /home/ros_user/my_ws/install/turtlebot3_msgs/include/turtlebot3_msgs/msg/rosidl_generator_c__visibility_control.h
[3.010s] -- Up-to-date: /home/ros_user/my_ws/install/turtlebot3_msgs/include/turtlebot3_msgs/msg/sensor_state.h
[3.011s] -- Up-to-date: /home/ros_user/my_ws/install/turtlebot3_msgs/include/turtlebot3_msgs/msg/detail
[3.011s] -- Up-to-date: /home/ros_user/my_ws/install/turtlebot3_msgs/include/turtlebot3_msgs/msg/detail/sensor_state__type_support.h
[3.011s] -- Up-to-date: /home/ros_user/my_ws/install/turtlebot3_msgs/include/turtlebot3_msgs/msg/detail/sound__struct.h
[3.011s] -- Up-to-date: /home/ros_user/my_ws/install/turtlebot3_msgs/include/turtlebot3_msgs/msg/detail/version_info__functions.h
[3.011s] -- Up-to-date: /home/ros_user/my_ws/install/turtlebot3_msgs/include/turtlebot3_msgs/msg/detail/sound__type_support.h
[3.011s] -- Up-to-date: /home/ros_user/my_ws/install/turtlebot3_msgs/include/turtlebot3_msgs/msg/detail/sensor_state__functions.h
[3.012s] -- Up-to-date: /home/ros_user/my_ws/install/turtlebot3_msgs/include/turtlebot3_msgs/msg/detail/version_info__functions.c
[3.012s] -- Up-to-date: /home/ros_user/my_ws/install/turtlebot3_msgs/include/turtlebot3_msgs/msg/detail/version_info__struct.h
[3.012s] -- Up-to-date: /home/ros_user/my_ws/install/turtlebot3_msgs/include/turtlebot3_msgs/msg/detail/sensor_state__functions.c
[3.012s] -- Up-to-date: /home/ros_user/my_ws/install/turtlebot3_msgs/include/turtlebot3_msgs/msg/detail/sound__functions.c
[3.012s] -- Up-to-date: /home/ros_user/my_ws/install/turtlebot3_msgs/include/turtlebot3_msgs/msg/detail/sensor_state__struct.h
[3.012s] -- Up-to-date: /home/ros_user/my_ws/install/turtlebot3_msgs/include/turtlebot3_msgs/msg/detail/version_info__type_support.h
[3.012s] -- Up-to-date: /home/ros_user/my_ws/install/turtlebot3_msgs/include/turtlebot3_msgs/msg/detail/sound__functions.h
[3.013s] -- Up-to-date: /home/ros_user/my_ws/install/turtlebot3_msgs/include/turtlebot3_msgs/srv
[3.013s] -- Up-to-date: /home/ros_user/my_ws/install/turtlebot3_msgs/include/turtlebot3_msgs/srv/sound.h
[3.013s] -- Up-to-date: /home/ros_user/my_ws/install/turtlebot3_msgs/include/turtlebot3_msgs/srv/dqn.h
[3.013s] -- Up-to-date: /home/ros_user/my_ws/install/turtlebot3_msgs/include/turtlebot3_msgs/srv/detail
[3.013s] -- Up-to-date: /home/ros_user/my_ws/install/turtlebot3_msgs/include/turtlebot3_msgs/srv/detail/sound__struct.h
[3.014s] -- Up-to-date: /home/ros_user/my_ws/install/turtlebot3_msgs/include/turtlebot3_msgs/srv/detail/sound__type_support.h
[3.014s] -- Up-to-date: /home/ros_user/my_ws/install/turtlebot3_msgs/include/turtlebot3_msgs/srv/detail/dqn__struct.h
[3.014s] -- Up-to-date: /home/ros_user/my_ws/install/turtlebot3_msgs/include/turtlebot3_msgs/srv/detail/dqn__functions.h
[3.014s] -- Up-to-date: /home/ros_user/my_ws/install/turtlebot3_msgs/include/turtlebot3_msgs/srv/detail/dqn__type_support.h
[3.014s] -- Up-to-date: /home/ros_user/my_ws/install/turtlebot3_msgs/include/turtlebot3_msgs/srv/detail/dqn__functions.c
[3.015s] -- Up-to-date: /home/ros_user/my_ws/install/turtlebot3_msgs/include/turtlebot3_msgs/srv/detail/sound__functions.c
[3.015s] -- Up-to-date: /home/ros_user/my_ws/install/turtlebot3_msgs/include/turtlebot3_msgs/srv/detail/sound__functions.h
[3.015s] -- Up-to-date: /home/ros_user/my_ws/install/turtlebot3_msgs/include/turtlebot3_msgs/action
[3.015s] -- Up-to-date: /home/ros_user/my_ws/install/turtlebot3_msgs/include/turtlebot3_msgs/action/patrol.h
[3.016s] -- Up-to-date: /home/ros_user/my_ws/install/turtlebot3_msgs/include/turtlebot3_msgs/action/detail
[3.016s] -- Up-to-date: /home/ros_user/my_ws/install/turtlebot3_msgs/include/turtlebot3_msgs/action/detail/patrol__functions.h
[3.016s] -- Up-to-date: /home/ros_user/my_ws/install/turtlebot3_msgs/include/turtlebot3_msgs/action/detail/patrol__functions.c
[3.016s] -- Up-to-date: /home/ros_user/my_ws/install/turtlebot3_msgs/include/turtlebot3_msgs/action/detail/patrol__struct.h
[3.025s] -- Up-to-date: /home/ros_user/my_ws/install/turtlebot3_msgs/include/turtlebot3_msgs/action/detail/patrol__type_support.h
[3.026s] -- Up-to-date: /home/ros_user/my_ws/install/turtlebot3_msgs/share/turtlebot3_msgs/environment/library_path.sh
[3.026s] -- Up-to-date: /home/ros_user/my_ws/install/turtlebot3_msgs/share/turtlebot3_msgs/environment/library_path.dsv
[3.026s] -- Up-to-date: /home/ros_user/my_ws/install/turtlebot3_msgs/lib/libturtlebot3_msgs__rosidl_generator_c.so
[3.026s] -- Up-to-date: /home/ros_user/my_ws/install/turtlebot3_msgs/include/turtlebot3_msgs
[3.027s] -- Up-to-date: /home/ros_user/my_ws/install/turtlebot3_msgs/include/turtlebot3_msgs/msg
[3.027s] -- Up-to-date: /home/ros_user/my_ws/install/turtlebot3_msgs/include/turtlebot3_msgs/msg/rosidl_typesupport_fastrtps_c__visibility_control.h
[3.027s] -- Up-to-date: /home/ros_user/my_ws/install/turtlebot3_msgs/include/turtlebot3_msgs/msg/detail
[3.027s] -- Up-to-date: /home/ros_user/my_ws/install/turtlebot3_msgs/include/turtlebot3_msgs/msg/detail/sound__rosidl_typesupport_fastrtps_c.h
[3.027s] -- Up-to-date: /home/ros_user/my_ws/install/turtlebot3_msgs/include/turtlebot3_msgs/msg/detail/sensor_state__rosidl_typesupport_fastrtps_c.h
[3.027s] -- Up-to-date: /home/ros_user/my_ws/install/turtlebot3_msgs/include/turtlebot3_msgs/msg/detail/version_info__rosidl_typesupport_fastrtps_c.h
[3.028s] -- Up-to-date: /home/ros_user/my_ws/install/turtlebot3_msgs/include/turtlebot3_msgs/srv
[3.028s] -- Up-to-date: /home/ros_user/my_ws/install/turtlebot3_msgs/include/turtlebot3_msgs/srv/detail
[3.028s] -- Up-to-date: /home/ros_user/my_ws/install/turtlebot3_msgs/include/turtlebot3_msgs/srv/detail/sound__rosidl_typesupport_fastrtps_c.h
[3.028s] -- Up-to-date: /home/ros_user/my_ws/install/turtlebot3_msgs/include/turtlebot3_msgs/srv/detail/dqn__rosidl_typesupport_fastrtps_c.h
[3.028s] -- Up-to-date: /home/ros_user/my_ws/install/turtlebot3_msgs/include/turtlebot3_msgs/action
[3.029s] -- Up-to-date: /home/ros_user/my_ws/install/turtlebot3_msgs/include/turtlebot3_msgs/action/detail
[3.029s] -- Up-to-date: /home/ros_user/my_ws/install/turtlebot3_msgs/include/turtlebot3_msgs/action/detail/patrol__rosidl_typesupport_fastrtps_c.h
[3.029s] -- Up-to-date: /home/ros_user/my_ws/install/turtlebot3_msgs/lib/libturtlebot3_msgs__rosidl_typesupport_fastrtps_c.so
[3.029s] -- Up-to-date: /home/ros_user/my_ws/install/turtlebot3_msgs/include/turtlebot3_msgs
[3.029s] -- Up-to-date: /home/ros_user/my_ws/install/turtlebot3_msgs/include/turtlebot3_msgs/msg
[3.029s] -- Up-to-date: /home/ros_user/my_ws/install/turtlebot3_msgs/include/turtlebot3_msgs/msg/rosidl_typesupport_fastrtps_cpp__visibility_control.h
[3.030s] -- Up-to-date: /home/ros_user/my_ws/install/turtlebot3_msgs/include/turtlebot3_msgs/msg/detail
[3.030s] -- Up-to-date: /home/ros_user/my_ws/install/turtlebot3_msgs/include/turtlebot3_msgs/msg/detail/dds_fastrtps
[3.030s] -- Up-to-date: /home/ros_user/my_ws/install/turtlebot3_msgs/include/turtlebot3_msgs/msg/detail/sound__rosidl_typesupport_fastrtps_cpp.hpp
[3.030s] -- Up-to-date: /home/ros_user/my_ws/install/turtlebot3_msgs/include/turtlebot3_msgs/msg/detail/version_info__rosidl_typesupport_fastrtps_cpp.hpp
[3.030s] -- Up-to-date: /home/ros_user/my_ws/install/turtlebot3_msgs/include/turtlebot3_msgs/msg/detail/sensor_state__rosidl_typesupport_fastrtps_cpp.hpp
[3.030s] -- Up-to-date: /home/ros_user/my_ws/install/turtlebot3_msgs/include/turtlebot3_msgs/srv
[3.031s] -- Up-to-date: /home/ros_user/my_ws/install/turtlebot3_msgs/include/turtlebot3_msgs/srv/detail
[3.031s] -- Up-to-date: /home/ros_user/my_ws/install/turtlebot3_msgs/include/turtlebot3_msgs/srv/detail/dds_fastrtps
[3.031s] -- Up-to-date: /home/ros_user/my_ws/install/turtlebot3_msgs/include/turtlebot3_msgs/srv/detail/sound__rosidl_typesupport_fastrtps_cpp.hpp
[3.031s] -- Up-to-date: /home/ros_user/my_ws/install/turtlebot3_msgs/include/turtlebot3_msgs/srv/detail/dqn__rosidl_typesupport_fastrtps_cpp.hpp
[3.031s] -- Up-to-date: /home/ros_user/my_ws/install/turtlebot3_msgs/include/turtlebot3_msgs/action
[3.031s] -- Up-to-date: /home/ros_user/my_ws/install/turtlebot3_msgs/include/turtlebot3_msgs/action/detail
[3.032s] -- Up-to-date: /home/ros_user/my_ws/install/turtlebot3_msgs/include/turtlebot3_msgs/action/detail/dds_fastrtps
[3.032s] -- Up-to-date: /home/ros_user/my_ws/install/turtlebot3_msgs/include/turtlebot3_msgs/action/detail/patrol__rosidl_typesupport_fastrtps_cpp.hpp
[3.032s] -- Up-to-date: /home/ros_user/my_ws/install/turtlebot3_msgs/lib/libturtlebot3_msgs__rosidl_typesupport_fastrtps_cpp.so
[3.032s] -- Up-to-date: /home/ros_user/my_ws/install/turtlebot3_msgs/include/turtlebot3_msgs
[3.032s] -- Up-to-date: /home/ros_user/my_ws/install/turtlebot3_msgs/include/turtlebot3_msgs/msg
[3.032s] -- Up-to-date: /home/ros_user/my_ws/install/turtlebot3_msgs/include/turtlebot3_msgs/msg/rosidl_typesupport_introspection_c__visibility_control.h
[3.033s] -- Up-to-date: /home/ros_user/my_ws/install/turtlebot3_msgs/include/turtlebot3_msgs/msg/detail
[3.033s] -- Up-to-date: /home/ros_user/my_ws/install/turtlebot3_msgs/include/turtlebot3_msgs/msg/detail/sensor_state__type_support.c
[3.033s] -- Up-to-date: /home/ros_user/my_ws/install/turtlebot3_msgs/include/turtlebot3_msgs/msg/detail/sensor_state__rosidl_typesupport_introspection_c.h
[3.033s] -- Up-to-date: /home/ros_user/my_ws/install/turtlebot3_msgs/include/turtlebot3_msgs/msg/detail/sound__type_support.c
[3.033s] -- Up-to-date: /home/ros_user/my_ws/install/turtlebot3_msgs/include/turtlebot3_msgs/msg/detail/sound__rosidl_typesupport_introspection_c.h
[3.033s] -- Up-to-date: /home/ros_user/my_ws/install/turtlebot3_msgs/include/turtlebot3_msgs/msg/detail/version_info__type_support.c
[3.034s] -- Up-to-date: /home/ros_user/my_ws/install/turtlebot3_msgs/include/turtlebot3_msgs/msg/detail/version_info__rosidl_typesupport_introspection_c.h
[3.034s] -- Up-to-date: /home/ros_user/my_ws/install/turtlebot3_msgs/include/turtlebot3_msgs/srv
[3.034s] -- Up-to-date: /home/ros_user/my_ws/install/turtlebot3_msgs/include/turtlebot3_msgs/srv/detail
[3.034s] -- Up-to-date: /home/ros_user/my_ws/install/turtlebot3_msgs/include/turtlebot3_msgs/srv/detail/dqn__rosidl_typesupport_introspection_c.h
[3.034s] -- Up-to-date: /home/ros_user/my_ws/install/turtlebot3_msgs/include/turtlebot3_msgs/srv/detail/sound__type_support.c
[3.034s] -- Up-to-date: /home/ros_user/my_ws/install/turtlebot3_msgs/include/turtlebot3_msgs/srv/detail/sound__rosidl_typesupport_introspection_c.h
[3.034s] -- Up-to-date: /home/ros_user/my_ws/install/turtlebot3_msgs/include/turtlebot3_msgs/srv/detail/dqn__type_support.c
[3.035s] -- Up-to-date: /home/ros_user/my_ws/install/turtlebot3_msgs/include/turtlebot3_msgs/action
[3.035s] -- Up-to-date: /home/ros_user/my_ws/install/turtlebot3_msgs/include/turtlebot3_msgs/action/detail
[3.035s] -- Up-to-date: /home/ros_user/my_ws/install/turtlebot3_msgs/include/turtlebot3_msgs/action/detail/patrol__rosidl_typesupport_introspection_c.h
[3.035s] -- Up-to-date: /home/ros_user/my_ws/install/turtlebot3_msgs/include/turtlebot3_msgs/action/detail/patrol__type_support.c
[3.035s] -- Up-to-date: /home/ros_user/my_ws/install/turtlebot3_msgs/lib/libturtlebot3_msgs__rosidl_typesupport_introspection_c.so
[3.035s] -- Up-to-date: /home/ros_user/my_ws/install/turtlebot3_msgs/lib/libturtlebot3_msgs__rosidl_typesupport_c.so
[3.036s] -- Up-to-date: /home/ros_user/my_ws/install/turtlebot3_msgs/include/turtlebot3_msgs
[3.036s] -- Up-to-date: /home/ros_user/my_ws/install/turtlebot3_msgs/include/turtlebot3_msgs/msg
[3.036s] -- Up-to-date: /home/ros_user/my_ws/install/turtlebot3_msgs/include/turtlebot3_msgs/msg/version_info.hpp
[3.036s] -- Up-to-date: /home/ros_user/my_ws/install/turtlebot3_msgs/include/turtlebot3_msgs/msg/sensor_state.hpp
[3.036s] -- Up-to-date: /home/ros_user/my_ws/install/turtlebot3_msgs/include/turtlebot3_msgs/msg/sound.hpp
[3.036s] -- Up-to-date: /home/ros_user/my_ws/install/turtlebot3_msgs/include/turtlebot3_msgs/msg/detail
[3.037s] -- Up-to-date: /home/ros_user/my_ws/install/turtlebot3_msgs/include/turtlebot3_msgs/msg/detail/sensor_state__struct.hpp
[3.037s] -- Up-to-date: /home/ros_user/my_ws/install/turtlebot3_msgs/include/turtlebot3_msgs/msg/detail/version_info__builder.hpp
[3.037s] -- Up-to-date: /home/ros_user/my_ws/install/turtlebot3_msgs/include/turtlebot3_msgs/msg/detail/sensor_state__builder.hpp
[3.037s] -- Up-to-date: /home/ros_user/my_ws/install/turtlebot3_msgs/include/turtlebot3_msgs/msg/detail/sound__traits.hpp
[3.037s] -- Up-to-date: /home/ros_user/my_ws/install/turtlebot3_msgs/include/turtlebot3_msgs/msg/detail/sound__struct.hpp
[3.037s] -- Up-to-date: /home/ros_user/my_ws/install/turtlebot3_msgs/include/turtlebot3_msgs/msg/detail/sensor_state__traits.hpp
[3.038s] -- Up-to-date: /home/ros_user/my_ws/install/turtlebot3_msgs/include/turtlebot3_msgs/msg/detail/version_info__traits.hpp
[3.038s] -- Up-to-date: /home/ros_user/my_ws/install/turtlebot3_msgs/include/turtlebot3_msgs/msg/detail/version_info__struct.hpp
[3.038s] -- Up-to-date: /home/ros_user/my_ws/install/turtlebot3_msgs/include/turtlebot3_msgs/msg/detail/sound__builder.hpp
[3.038s] -- Up-to-date: /home/ros_user/my_ws/install/turtlebot3_msgs/include/turtlebot3_msgs/srv
[3.038s] -- Up-to-date: /home/ros_user/my_ws/install/turtlebot3_msgs/include/turtlebot3_msgs/srv/dqn.hpp
[3.038s] -- Up-to-date: /home/ros_user/my_ws/install/turtlebot3_msgs/include/turtlebot3_msgs/srv/sound.hpp
[3.039s] -- Up-to-date: /home/ros_user/my_ws/install/turtlebot3_msgs/include/turtlebot3_msgs/srv/detail
[3.039s] -- Up-to-date: /home/ros_user/my_ws/install/turtlebot3_msgs/include/turtlebot3_msgs/srv/detail/dqn__traits.hpp
[3.039s] -- Up-to-date: /home/ros_user/my_ws/install/turtlebot3_msgs/include/turtlebot3_msgs/srv/detail/sound__traits.hpp
[3.039s] -- Up-to-date: /home/ros_user/my_ws/install/turtlebot3_msgs/include/turtlebot3_msgs/srv/detail/sound__struct.hpp
[3.039s] -- Up-to-date: /home/ros_user/my_ws/install/turtlebot3_msgs/include/turtlebot3_msgs/srv/detail/dqn__struct.hpp
[3.039s] -- Up-to-date: /home/ros_user/my_ws/install/turtlebot3_msgs/include/turtlebot3_msgs/srv/detail/dqn__builder.hpp
[3.040s] -- Up-to-date: /home/ros_user/my_ws/install/turtlebot3_msgs/include/turtlebot3_msgs/srv/detail/sound__builder.hpp
[3.040s] -- Up-to-date: /home/ros_user/my_ws/install/turtlebot3_msgs/include/turtlebot3_msgs/action
[3.040s] -- Up-to-date: /home/ros_user/my_ws/install/turtlebot3_msgs/include/turtlebot3_msgs/action/patrol.hpp
[3.040s] -- Up-to-date: /home/ros_user/my_ws/install/turtlebot3_msgs/include/turtlebot3_msgs/action/detail
[3.040s] -- Up-to-date: /home/ros_user/my_ws/install/turtlebot3_msgs/include/turtlebot3_msgs/action/detail/patrol__traits.hpp
[3.040s] -- Up-to-date: /home/ros_user/my_ws/install/turtlebot3_msgs/include/turtlebot3_msgs/action/detail/patrol__struct.hpp
[3.041s] -- Up-to-date: /home/ros_user/my_ws/install/turtlebot3_msgs/include/turtlebot3_msgs/action/detail/patrol__builder.hpp
[3.041s] -- Up-to-date: /home/ros_user/my_ws/install/turtlebot3_msgs/include/turtlebot3_msgs
[3.041s] -- Up-to-date: /home/ros_user/my_ws/install/turtlebot3_msgs/include/turtlebot3_msgs/msg
[3.041s] -- Up-to-date: /home/ros_user/my_ws/install/turtlebot3_msgs/include/turtlebot3_msgs/msg/detail
[3.041s] -- Up-to-date: /home/ros_user/my_ws/install/turtlebot3_msgs/include/turtlebot3_msgs/msg/detail/sensor_state__type_support.cpp
[3.041s] -- Up-to-date: /home/ros_user/my_ws/install/turtlebot3_msgs/include/turtlebot3_msgs/msg/detail/version_info__rosidl_typesupport_introspection_cpp.hpp
[3.042s] -- Up-to-date: /home/ros_user/my_ws/install/turtlebot3_msgs/include/turtlebot3_msgs/msg/detail/sensor_state__rosidl_typesupport_introspection_cpp.hpp
[3.042s] -- Up-to-date: /home/ros_user/my_ws/install/turtlebot3_msgs/include/turtlebot3_msgs/msg/detail/version_info__type_support.cpp
[3.042s] -- Up-to-date: /home/ros_user/my_ws/install/turtlebot3_msgs/include/turtlebot3_msgs/msg/detail/sound__rosidl_typesupport_introspection_cpp.hpp
[3.042s] -- Up-to-date: /home/ros_user/my_ws/install/turtlebot3_msgs/include/turtlebot3_msgs/msg/detail/sound__type_support.cpp
[3.042s] -- Up-to-date: /home/ros_user/my_ws/install/turtlebot3_msgs/include/turtlebot3_msgs/srv
[3.043s] -- Up-to-date: /home/ros_user/my_ws/install/turtlebot3_msgs/include/turtlebot3_msgs/srv/detail
[3.043s] -- Up-to-date: /home/ros_user/my_ws/install/turtlebot3_msgs/include/turtlebot3_msgs/srv/detail/dqn__rosidl_typesupport_introspection_cpp.hpp
[3.043s] -- Up-to-date: /home/ros_user/my_ws/install/turtlebot3_msgs/include/turtlebot3_msgs/srv/detail/dqn__type_support.cpp
[3.043s] -- Up-to-date: /home/ros_user/my_ws/install/turtlebot3_msgs/include/turtlebot3_msgs/srv/detail/sound__rosidl_typesupport_introspection_cpp.hpp
[3.043s] -- Up-to-date: /home/ros_user/my_ws/install/turtlebot3_msgs/include/turtlebot3_msgs/srv/detail/sound__type_support.cpp
[3.043s] -- Up-to-date: /home/ros_user/my_ws/install/turtlebot3_msgs/include/turtlebot3_msgs/action
[3.044s] -- Up-to-date: /home/ros_user/my_ws/install/turtlebot3_msgs/include/turtlebot3_msgs/action/detail
[3.044s] -- Up-to-date: /home/ros_user/my_ws/install/turtlebot3_msgs/include/turtlebot3_msgs/action/detail/patrol__type_support.cpp
[3.044s] -- Up-to-date: /home/ros_user/my_ws/install/turtlebot3_msgs/include/turtlebot3_msgs/action/detail/patrol__rosidl_typesupport_introspection_cpp.hpp
[3.044s] -- Up-to-date: /home/ros_user/my_ws/install/turtlebot3_msgs/lib/libturtlebot3_msgs__rosidl_typesupport_introspection_cpp.so
[3.044s] -- Up-to-date: /home/ros_user/my_ws/install/turtlebot3_msgs/lib/libturtlebot3_msgs__rosidl_typesupport_cpp.so
[3.044s] -- Up-to-date: /home/ros_user/my_ws/install/turtlebot3_msgs/share/turtlebot3_msgs/environment/pythonpath.sh
[3.045s] -- Up-to-date: /home/ros_user/my_ws/install/turtlebot3_msgs/share/turtlebot3_msgs/environment/pythonpath.dsv
[3.045s] -- Up-to-date: /home/ros_user/my_ws/install/turtlebot3_msgs/lib/python3.8/site-packages/turtlebot3_msgs/__init__.py
[3.079s] -- Up-to-date: /home/ros_user/my_ws/install/turtlebot3_msgs/lib/python3.8/site-packages/turtlebot3_msgs/msg
[3.079s] -- Up-to-date: /home/ros_user/my_ws/install/turtlebot3_msgs/lib/python3.8/site-packages/turtlebot3_msgs/msg/__init__.py
[3.079s] -- Up-to-date: /home/ros_user/my_ws/install/turtlebot3_msgs/lib/python3.8/site-packages/turtlebot3_msgs/msg/_version_info_s.c
[3.082s] -- Up-to-date: /home/ros_user/my_ws/install/turtlebot3_msgs/lib/python3.8/site-packages/turtlebot3_msgs/msg/_version_info.py
[3.083s] -- Up-to-date: /home/ros_user/my_ws/install/turtlebot3_msgs/lib/python3.8/site-packages/turtlebot3_msgs/msg/_sensor_state.py
[3.083s] -- Up-to-date: /home/ros_user/my_ws/install/turtlebot3_msgs/lib/python3.8/site-packages/turtlebot3_msgs/msg/_sound.py
[3.083s] -- Up-to-date: /home/ros_user/my_ws/install/turtlebot3_msgs/lib/python3.8/site-packages/turtlebot3_msgs/msg/_sound_s.c
[3.083s] -- Up-to-date: /home/ros_user/my_ws/install/turtlebot3_msgs/lib/python3.8/site-packages/turtlebot3_msgs/msg/_sensor_state_s.c
[3.083s] -- Up-to-date: /home/ros_user/my_ws/install/turtlebot3_msgs/lib/python3.8/site-packages/turtlebot3_msgs/srv
[3.084s] -- Up-to-date: /home/ros_user/my_ws/install/turtlebot3_msgs/lib/python3.8/site-packages/turtlebot3_msgs/srv/__init__.py
[3.084s] -- Up-to-date: /home/ros_user/my_ws/install/turtlebot3_msgs/lib/python3.8/site-packages/turtlebot3_msgs/srv/_sound.py
[3.084s] -- Up-to-date: /home/ros_user/my_ws/install/turtlebot3_msgs/lib/python3.8/site-packages/turtlebot3_msgs/srv/_sound_s.c
[3.085s] -- Up-to-date: /home/ros_user/my_ws/install/turtlebot3_msgs/lib/python3.8/site-packages/turtlebot3_msgs/srv/_dqn_s.c
[3.085s] -- Up-to-date: /home/ros_user/my_ws/install/turtlebot3_msgs/lib/python3.8/site-packages/turtlebot3_msgs/srv/_dqn.py
[3.086s] -- Up-to-date: /home/ros_user/my_ws/install/turtlebot3_msgs/lib/python3.8/site-packages/turtlebot3_msgs/action
[3.086s] -- Up-to-date: /home/ros_user/my_ws/install/turtlebot3_msgs/lib/python3.8/site-packages/turtlebot3_msgs/action/__init__.py
[3.088s] -- Up-to-date: /home/ros_user/my_ws/install/turtlebot3_msgs/lib/python3.8/site-packages/turtlebot3_msgs/action/_patrol.py
[3.088s] -- Up-to-date: /home/ros_user/my_ws/install/turtlebot3_msgs/lib/python3.8/site-packages/turtlebot3_msgs/action/_patrol_s.c
[3.089s] -- Up-to-date: /home/ros_user/my_ws/install/turtlebot3_msgs/lib/python3.8/site-packages/turtlebot3_msgs/turtlebot3_msgs_s__rosidl_typesupport_fastrtps_c.cpython-38-x86_64-linux-gnu.so
[3.091s] -- Up-to-date: /home/ros_user/my_ws/install/turtlebot3_msgs/lib/python3.8/site-packages/turtlebot3_msgs/turtlebot3_msgs_s__rosidl_typesupport_introspection_c.cpython-38-x86_64-linux-gnu.so
[3.094s] -- Up-to-date: /home/ros_user/my_ws/install/turtlebot3_msgs/lib/python3.8/site-packages/turtlebot3_msgs/turtlebot3_msgs_s__rosidl_typesupport_c.cpython-38-x86_64-linux-gnu.so
[3.096s] -- Up-to-date: /home/ros_user/my_ws/install/turtlebot3_msgs/lib/libturtlebot3_msgs__python.so
[3.097s] -- Up-to-date: /home/ros_user/my_ws/install/turtlebot3_msgs/share/turtlebot3_msgs/msg/SensorState.idl
[3.098s] -- Up-to-date: /home/ros_user/my_ws/install/turtlebot3_msgs/share/turtlebot3_msgs/msg/Sound.idl
[3.098s] -- Up-to-date: /home/ros_user/my_ws/install/turtlebot3_msgs/share/turtlebot3_msgs/msg/VersionInfo.idl
[3.099s] -- Up-to-date: /home/ros_user/my_ws/install/turtlebot3_msgs/share/turtlebot3_msgs/srv/Sound.idl
[3.100s] -- Up-to-date: /home/ros_user/my_ws/install/turtlebot3_msgs/share/turtlebot3_msgs/srv/Dqn.idl
[3.100s] -- Up-to-date: /home/ros_user/my_ws/install/turtlebot3_msgs/share/turtlebot3_msgs/action/Patrol.idl
[3.101s] -- Up-to-date: /home/ros_user/my_ws/install/turtlebot3_msgs/share/turtlebot3_msgs/msg/SensorState.msg
[3.101s] -- Up-to-date: /home/ros_user/my_ws/install/turtlebot3_msgs/share/turtlebot3_msgs/msg/Sound.msg
[3.102s] -- Up-to-date: /home/ros_user/my_ws/install/turtlebot3_msgs/share/turtlebot3_msgs/msg/VersionInfo.msg
[3.103s] -- Up-to-date: /home/ros_user/my_ws/install/turtlebot3_msgs/share/turtlebot3_msgs/srv/Sound.srv
[3.103s] -- Up-to-date: /home/ros_user/my_ws/install/turtlebot3_msgs/share/turtlebot3_msgs/srv/Sound_Request.msg
[3.104s] -- Up-to-date: /home/ros_user/my_ws/install/turtlebot3_msgs/share/turtlebot3_msgs/srv/Sound_Response.msg
[3.105s] -- Up-to-date: /home/ros_user/my_ws/install/turtlebot3_msgs/share/turtlebot3_msgs/srv/Dqn.srv
[3.105s] -- Up-to-date: /home/ros_user/my_ws/install/turtlebot3_msgs/share/turtlebot3_msgs/srv/Dqn_Request.msg
[3.106s] -- Up-to-date: /home/ros_user/my_ws/install/turtlebot3_msgs/share/turtlebot3_msgs/srv/Dqn_Response.msg
[3.107s] -- Up-to-date: /home/ros_user/my_ws/install/turtlebot3_msgs/share/turtlebot3_msgs/action/Patrol.action
[3.108s] -- Up-to-date: /home/ros_user/my_ws/install/turtlebot3_msgs/share/ament_index/resource_index/package_run_dependencies/turtlebot3_msgs
[3.108s] -- Up-to-date: /home/ros_user/my_ws/install/turtlebot3_msgs/share/ament_index/resource_index/parent_prefix_path/turtlebot3_msgs
[3.109s] -- Up-to-date: /home/ros_user/my_ws/install/turtlebot3_msgs/share/turtlebot3_msgs/environment/ament_prefix_path.sh
[3.110s] -- Up-to-date: /home/ros_user/my_ws/install/turtlebot3_msgs/share/turtlebot3_msgs/environment/ament_prefix_path.dsv
[3.110s] -- Up-to-date: /home/ros_user/my_ws/install/turtlebot3_msgs/share/turtlebot3_msgs/environment/path.sh
[3.111s] -- Up-to-date: /home/ros_user/my_ws/install/turtlebot3_msgs/share/turtlebot3_msgs/environment/path.dsv
[3.111s] -- Up-to-date: /home/ros_user/my_ws/install/turtlebot3_msgs/share/turtlebot3_msgs/local_setup.bash
[3.112s] -- Up-to-date: /home/ros_user/my_ws/install/turtlebot3_msgs/share/turtlebot3_msgs/local_setup.sh
[3.113s] -- Up-to-date: /home/ros_user/my_ws/install/turtlebot3_msgs/share/turtlebot3_msgs/local_setup.zsh
[3.114s] -- Up-to-date: /home/ros_user/my_ws/install/turtlebot3_msgs/share/turtlebot3_msgs/local_setup.dsv
[3.114s] -- Installing: /home/ros_user/my_ws/install/turtlebot3_msgs/share/turtlebot3_msgs/package.dsv
[3.116s] -- Up-to-date: /home/ros_user/my_ws/install/turtlebot3_msgs/share/ament_index/resource_index/packages/turtlebot3_msgs
[3.117s] -- Up-to-date: /home/ros_user/my_ws/install/turtlebot3_msgs/share/turtlebot3_msgs/cmake/turtlebot3_msgs__rosidl_generator_cExport.cmake
[3.118s] -- Up-to-date: /home/ros_user/my_ws/install/turtlebot3_msgs/share/turtlebot3_msgs/cmake/turtlebot3_msgs__rosidl_generator_cExport-noconfig.cmake
[3.119s] -- Up-to-date: /home/ros_user/my_ws/install/turtlebot3_msgs/share/turtlebot3_msgs/cmake/turtlebot3_msgs__rosidl_typesupport_introspection_cExport.cmake
[3.120s] -- Up-to-date: /home/ros_user/my_ws/install/turtlebot3_msgs/share/turtlebot3_msgs/cmake/turtlebot3_msgs__rosidl_typesupport_introspection_cExport-noconfig.cmake
[3.121s] -- Up-to-date: /home/ros_user/my_ws/install/turtlebot3_msgs/share/turtlebot3_msgs/cmake/turtlebot3_msgs__rosidl_typesupport_cExport.cmake
[3.122s] -- Up-to-date: /home/ros_user/my_ws/install/turtlebot3_msgs/share/turtlebot3_msgs/cmake/turtlebot3_msgs__rosidl_typesupport_cExport-noconfig.cmake
[3.124s] -- Up-to-date: /home/ros_user/my_ws/install/turtlebot3_msgs/share/turtlebot3_msgs/cmake/turtlebot3_msgs__rosidl_generator_cppExport.cmake
[3.125s] -- Up-to-date: /home/ros_user/my_ws/install/turtlebot3_msgs/share/turtlebot3_msgs/cmake/turtlebot3_msgs__rosidl_typesupport_introspection_cppExport.cmake
[3.126s] -- Up-to-date: /home/ros_user/my_ws/install/turtlebot3_msgs/share/turtlebot3_msgs/cmake/turtlebot3_msgs__rosidl_typesupport_introspection_cppExport-noconfig.cmake
[3.127s] -- Up-to-date: /home/ros_user/my_ws/install/turtlebot3_msgs/share/turtlebot3_msgs/cmake/turtlebot3_msgs__rosidl_typesupport_cppExport.cmake
[3.127s] -- Up-to-date: /home/ros_user/my_ws/install/turtlebot3_msgs/share/turtlebot3_msgs/cmake/turtlebot3_msgs__rosidl_typesupport_cppExport-noconfig.cmake
[3.128s] -- Up-to-date: /home/ros_user/my_ws/install/turtlebot3_msgs/share/turtlebot3_msgs/cmake/rosidl_cmake-extras.cmake
[3.129s] -- Up-to-date: /home/ros_user/my_ws/install/turtlebot3_msgs/share/turtlebot3_msgs/cmake/ament_cmake_export_dependencies-extras.cmake
[3.130s] -- Up-to-date: /home/ros_user/my_ws/install/turtlebot3_msgs/share/turtlebot3_msgs/cmake/ament_cmake_export_libraries-extras.cmake
[3.130s] -- Up-to-date: /home/ros_user/my_ws/install/turtlebot3_msgs/share/turtlebot3_msgs/cmake/ament_cmake_export_targets-extras.cmake
[3.131s] -- Up-to-date: /home/ros_user/my_ws/install/turtlebot3_msgs/share/turtlebot3_msgs/cmake/ament_cmake_export_include_directories-extras.cmake
[3.132s] -- Up-to-date: /home/ros_user/my_ws/install/turtlebot3_msgs/share/turtlebot3_msgs/cmake/rosidl_cmake_export_typesupport_libraries-extras.cmake
[3.132s] -- Up-to-date: /home/ros_user/my_ws/install/turtlebot3_msgs/share/turtlebot3_msgs/cmake/rosidl_cmake_export_typesupport_targets-extras.cmake
[3.133s] -- Up-to-date: /home/ros_user/my_ws/install/turtlebot3_msgs/share/turtlebot3_msgs/cmake/turtlebot3_msgsConfig.cmake
[3.133s] -- Up-to-date: /home/ros_user/my_ws/install/turtlebot3_msgs/share/turtlebot3_msgs/cmake/turtlebot3_msgsConfig-version.cmake
[3.134s] -- Up-to-date: /home/ros_user/my_ws/install/turtlebot3_msgs/share/turtlebot3_msgs/package.xml
[3.164s] Invoked command in '/home/ros_user/my_ws/build/turtlebot3_msgs' returned '0': CMAKE_PREFIX_PATH=${CMAKE_PREFIX_PATH}:/home/ros_user/my_ws/install/turtlebot3_teleop:/home/ros_user/my_ws/install/turtlebot3_example:/home/ros_user/my_ws/install/obstacle_avoidance:/home/ros_user/turtlebot3_ws/install/turtlebot3_teleop:/home/ros_user/turtlebot3_ws/install/turtlebot3_obstacle_avoidance:/home/ros_user/turtlebot3_ws/install/turtlebot3_example:/home/ros_user/turtlebot3_ws/install/my_obstacle_avoidance:/home/ros_user/turtlebot3_ws/install/my_new_package:/home/ros_user/ros2_ws/install/ros2_course:/home/ros_user/doosan2_ws/install/dsr_example2_py:/opt/ros/foxy /usr/bin/cmake --install /home/ros_user/my_ws/build/turtlebot3_msgs
