[2.695s] Invoking command in '/home/ros_user/my_ws/src/turtlebot3/turtlebot3_teleop': PYTHONPATH=/home/ros_user/my_ws/build/turtlebot3_teleop/prefix_override:/home/ros_user/my_ws/install/turtlebot3_teleop/lib/python3.8/site-packages:${PYTHONPATH} /usr/bin/python3 setup.py egg_info --egg-base ../../../build/turtlebot3_teleop build --build-base /home/ros_user/my_ws/build/turtlebot3_teleop/build install --record /home/ros_user/my_ws/build/turtlebot3_teleop/install.log --single-version-externally-managed
[3.486s] running egg_info
[3.487s] writing ../../../build/turtlebot3_teleop/turtlebot3_teleop.egg-info/PKG-INFO
[3.491s] writing dependency_links to ../../../build/turtlebot3_teleop/turtlebot3_teleop.egg-info/dependency_links.txt
[3.495s] writing entry points to ../../../build/turtlebot3_teleop/turtlebot3_teleop.egg-info/entry_points.txt
[3.499s] writing requirements to ../../../build/turtlebot3_teleop/turtlebot3_teleop.egg-info/requires.txt
[3.501s] writing top-level names to ../../../build/turtlebot3_teleop/turtlebot3_teleop.egg-info/top_level.txt
[3.594s] reading manifest file '../../../build/turtlebot3_teleop/turtlebot3_teleop.egg-info/SOURCES.txt'
[3.597s] writing manifest file '../../../build/turtlebot3_teleop/turtlebot3_teleop.egg-info/SOURCES.txt'
[3.598s] running build
[3.599s] running build_py
[3.600s] running install
[3.604s] running install_lib
[3.610s] running install_data
[3.611s] running install_egg_info
[3.617s] removing '/home/ros_user/my_ws/install/turtlebot3_teleop/lib/python3.8/site-packages/turtlebot3_teleop-2.1.4-py3.8.egg-info' (and everything under it)
[3.618s] Copying ../../../build/turtlebot3_teleop/turtlebot3_teleop.egg-info to /home/ros_user/my_ws/install/turtlebot3_teleop/lib/python3.8/site-packages/turtlebot3_teleop-2.1.4-py3.8.egg-info
[3.620s] running install_scripts
[3.672s] Installing teleop_keyboard script to /home/ros_user/my_ws/install/turtlebot3_teleop/lib/turtlebot3_teleop
[3.678s] writing list of installed files to '/home/ros_user/my_ws/build/turtlebot3_teleop/install.log'
[3.970s] Invoked command in '/home/ros_user/my_ws/src/turtlebot3/turtlebot3_teleop' returned '0': PYTHONPATH=/home/ros_user/my_ws/build/turtlebot3_teleop/prefix_override:/home/ros_user/my_ws/install/turtlebot3_teleop/lib/python3.8/site-packages:${PYTHONPATH} /usr/bin/python3 setup.py egg_info --egg-base ../../../build/turtlebot3_teleop build --build-base /home/ros_user/my_ws/build/turtlebot3_teleop/build install --record /home/ros_user/my_ws/build/turtlebot3_teleop/install.log --single-version-externally-managed
