running egg_info
writing ../../build/obstacle_avoidance/obstacle_avoidance.egg-info/PKG-INFO
writing dependency_links to ../../build/obstacle_avoidance/obstacle_avoidance.egg-info/dependency_links.txt
writing entry points to ../../build/obstacle_avoidance/obstacle_avoidance.egg-info/entry_points.txt
writing requirements to ../../build/obstacle_avoidance/obstacle_avoidance.egg-info/requires.txt
writing top-level names to ../../build/obstacle_avoidance/obstacle_avoidance.egg-info/top_level.txt
reading manifest file '../../build/obstacle_avoidance/obstacle_avoidance.egg-info/SOURCES.txt'
Sorry: IndentationError: unindent does not match any outer indentation level (obstacle_avoidance.py, line 61)
writing manifest file '../../build/obstacle_avoidance/obstacle_avoidance.egg-info/SOURCES.txt'
running build
running build_py
running install
running install_lib
byte-compiling /home/ros_user/my_ws/install/obstacle_avoidance/lib/python3.8/site-packages/obstacle_avoidance/obstacle_avoidance.py to obstacle_avoidance.cpython-38.pyc
running install_data
copying package.xml -> /home/ros_user/my_ws/install/obstacle_avoidance/share/obstacle_avoidance
running install_egg_info
removing '/home/ros_user/my_ws/install/obstacle_avoidance/lib/python3.8/site-packages/obstacle_avoidance-0.0.0-py3.8.egg-info' (and everything under it)
Copying ../../build/obstacle_avoidance/obstacle_avoidance.egg-info to /home/ros_user/my_ws/install/obstacle_avoidance/lib/python3.8/site-packages/obstacle_avoidance-0.0.0-py3.8.egg-info
running install_scripts
Installing obstacle_avoidance script to /home/ros_user/my_ws/install/obstacle_avoidance/lib/obstacle_avoidance
writing list of installed files to '/home/ros_user/my_ws/build/obstacle_avoidance/install.log'
