[0.176s] Invoking command in '/home/ros_user/my_ws/build/turtlebot3_msgs': CMAKE_PREFIX_PATH=${CMAKE_PREFIX_PATH}:/home/ros_user/my_ws/install/obstacle_avoidance:/home/ros_user/my_ws/install/turtlebot3_teleop:/home/ros_user/my_ws/install/turtlebot3_example:/home/ros_user/turtlebot3_ws/install/my_new_package:/home/ros_user/turtlebot3_ws/install/my_obstacle_avoidance:/home/ros_user/turtlebot3_ws/install/turtlebot3_teleop:/home/ros_user/turtlebot3_ws/install/turtlebot3_obstacle_avoidance:/home/ros_user/turtlebot3_ws/install/turtlebot3_example:/home/ros_user/ros2_ws/install/ros2_course:/home/ros_user/doosan2_ws/install/dsr_example2_py:/opt/ros/foxy /usr/bin/cmake --build /home/ros_user/my_ws/build/turtlebot3_msgs -- -j4 -l4
[0.386s] [  1%] Built target turtlebot3_msgs__cpp
[0.488s] [ 12%] Built target turtlebot3_msgs__rosidl_generator_c
[0.530s] [ 23%] Built target turtlebot3_msgs__rosidl_typesupport_fastrtps_cpp
[0.550s] [ 35%] Built target turtlebot3_msgs__rosidl_typesupport_cpp
[0.591s] [ 46%] Built target turtlebot3_msgs__rosidl_typesupport_introspection_cpp
[0.621s] [ 57%] Built target turtlebot3_msgs__rosidl_typesupport_c
[0.752s] [ 69%] Built target turtlebot3_msgs__rosidl_typesupport_introspection_c
[0.752s] [ 80%] Built target turtlebot3_msgs__rosidl_typesupport_fastrtps_c
[0.816s] [ 80%] Built target turtlebot3_msgs
[0.915s] [ 81%] Built target turtlebot3_msgs__py
[1.041s] [ 91%] Built target turtlebot3_msgs__python
[1.152s] [ 94%] Built target turtlebot3_msgs__rosidl_typesupport_c__pyext
[1.153s] [ 97%] Built target turtlebot3_msgs__rosidl_typesupport_fastrtps_c__pyext
[1.153s] [100%] Built target turtlebot3_msgs__rosidl_typesupport_introspection_c__pyext
[1.610s] Invoked command in '/home/ros_user/my_ws/build/turtlebot3_msgs' returned '0': CMAKE_PREFIX_PATH=${CMAKE_PREFIX_PATH}:/home/ros_user/my_ws/install/obstacle_avoidance:/home/ros_user/my_ws/install/turtlebot3_teleop:/home/ros_user/my_ws/install/turtlebot3_example:/home/ros_user/turtlebot3_ws/install/my_new_package:/home/ros_user/turtlebot3_ws/install/my_obstacle_avoidance:/home/ros_user/turtlebot3_ws/install/turtlebot3_teleop:/home/ros_user/turtlebot3_ws/install/turtlebot3_obstacle_avoidance:/home/ros_user/turtlebot3_ws/install/turtlebot3_example:/home/ros_user/ros2_ws/install/ros2_course:/home/ros_user/doosan2_ws/install/dsr_example2_py:/opt/ros/foxy /usr/bin/cmake --build /home/ros_user/my_ws/build/turtlebot3_msgs -- -j4 -l4
[2.433s] Invoking command in '/home/ros_user/my_ws/build/turtlebot3_msgs': CMAKE_PREFIX_PATH=${CMAKE_PREFIX_PATH}:/home/ros_user/my_ws/install/obstacle_avoidance:/home/ros_user/my_ws/install/turtlebot3_teleop:/home/ros_user/my_ws/install/turtlebot3_example:/home/ros_user/turtlebot3_ws/install/my_new_package:/home/ros_user/turtlebot3_ws/install/my_obstacle_avoidance:/home/ros_user/turtlebot3_ws/install/turtlebot3_teleop:/home/ros_user/turtlebot3_ws/install/turtlebot3_obstacle_avoidance:/home/ros_user/turtlebot3_ws/install/turtlebot3_example:/home/ros_user/ros2_ws/install/ros2_course:/home/ros_user/doosan2_ws/install/dsr_example2_py:/opt/ros/foxy /usr/bin/cmake --install /home/ros_user/my_ws/build/turtlebot3_msgs
[2.484s] -- Install configuration: ""
[2.487s] -- Up-to-date: /home/ros_user/my_ws/install/turtlebot3_msgs/share/ament_index/resource_index/rosidl_interfaces/turtlebot3_msgs
[2.488s] -- Up-to-date: /home/ros_user/my_ws/install/turtlebot3_msgs/include/turtlebot3_msgs
[2.489s] -- Up-to-date: /home/ros_user/my_ws/install/turtlebot3_msgs/include/turtlebot3_msgs/msg
[2.491s] -- Up-to-date: /home/ros_user/my_ws/install/turtlebot3_msgs/include/turtlebot3_msgs/msg/sound.h
[2.491s] -- Up-to-date: /home/ros_user/my_ws/install/turtlebot3_msgs/include/turtlebot3_msgs/msg/version_info.h
[2.496s] -- Up-to-date: /home/ros_user/my_ws/install/turtlebot3_msgs/include/turtlebot3_msgs/msg/rosidl_generator_c__visibility_control.h
[2.497s] -- Up-to-date: /home/ros_user/my_ws/install/turtlebot3_msgs/include/turtlebot3_msgs/msg/sensor_state.h
[2.497s] -- Up-to-date: /home/ros_user/my_ws/install/turtlebot3_msgs/include/turtlebot3_msgs/msg/detail
[2.498s] -- Up-to-date: /home/ros_user/my_ws/install/turtlebot3_msgs/include/turtlebot3_msgs/msg/detail/sensor_state__type_support.h
[2.498s] -- Up-to-date: /home/ros_user/my_ws/install/turtlebot3_msgs/include/turtlebot3_msgs/msg/detail/sound__struct.h
[2.498s] -- Up-to-date: /home/ros_user/my_ws/install/turtlebot3_msgs/include/turtlebot3_msgs/msg/detail/version_info__functions.h
[2.499s] -- Up-to-date: /home/ros_user/my_ws/install/turtlebot3_msgs/include/turtlebot3_msgs/msg/detail/sound__type_support.h
[2.500s] -- Up-to-date: /home/ros_user/my_ws/install/turtlebot3_msgs/include/turtlebot3_msgs/msg/detail/sensor_state__functions.h
[2.500s] -- Up-to-date: /home/ros_user/my_ws/install/turtlebot3_msgs/include/turtlebot3_msgs/msg/detail/version_info__functions.c
[2.500s] -- Up-to-date: /home/ros_user/my_ws/install/turtlebot3_msgs/include/turtlebot3_msgs/msg/detail/version_info__struct.h
[2.500s] -- Up-to-date: /home/ros_user/my_ws/install/turtlebot3_msgs/include/turtlebot3_msgs/msg/detail/sensor_state__functions.c
[2.501s] -- Up-to-date: /home/ros_user/my_ws/install/turtlebot3_msgs/include/turtlebot3_msgs/msg/detail/sound__functions.c
[2.501s] -- Up-to-date: /home/ros_user/my_ws/install/turtlebot3_msgs/include/turtlebot3_msgs/msg/detail/sensor_state__struct.h
[2.501s] -- Up-to-date: /home/ros_user/my_ws/install/turtlebot3_msgs/include/turtlebot3_msgs/msg/detail/version_info__type_support.h
[2.502s] -- Up-to-date: /home/ros_user/my_ws/install/turtlebot3_msgs/include/turtlebot3_msgs/msg/detail/sound__functions.h
[2.502s] -- Up-to-date: /home/ros_user/my_ws/install/turtlebot3_msgs/include/turtlebot3_msgs/srv
[2.502s] -- Up-to-date: /home/ros_user/my_ws/install/turtlebot3_msgs/include/turtlebot3_msgs/srv/sound.h
[2.503s] -- Up-to-date: /home/ros_user/my_ws/install/turtlebot3_msgs/include/turtlebot3_msgs/srv/dqn.h
[2.503s] -- Up-to-date: /home/ros_user/my_ws/install/turtlebot3_msgs/include/turtlebot3_msgs/srv/detail
[2.503s] -- Up-to-date: /home/ros_user/my_ws/install/turtlebot3_msgs/include/turtlebot3_msgs/srv/detail/sound__struct.h
[2.504s] -- Up-to-date: /home/ros_user/my_ws/install/turtlebot3_msgs/include/turtlebot3_msgs/srv/detail/sound__type_support.h
[2.504s] -- Up-to-date: /home/ros_user/my_ws/install/turtlebot3_msgs/include/turtlebot3_msgs/srv/detail/dqn__struct.h
[2.504s] -- Up-to-date: /home/ros_user/my_ws/install/turtlebot3_msgs/include/turtlebot3_msgs/srv/detail/dqn__functions.h
[2.504s] -- Up-to-date: /home/ros_user/my_ws/install/turtlebot3_msgs/include/turtlebot3_msgs/srv/detail/dqn__type_support.h
[2.513s] -- Up-to-date: /home/ros_user/my_ws/install/turtlebot3_msgs/include/turtlebot3_msgs/srv/detail/dqn__functions.c
[2.513s] -- Up-to-date: /home/ros_user/my_ws/install/turtlebot3_msgs/include/turtlebot3_msgs/srv/detail/sound__functions.c
[2.513s] -- Up-to-date: /home/ros_user/my_ws/install/turtlebot3_msgs/include/turtlebot3_msgs/srv/detail/sound__functions.h
[2.513s] -- Up-to-date: /home/ros_user/my_ws/install/turtlebot3_msgs/include/turtlebot3_msgs/action
[2.514s] -- Up-to-date: /home/ros_user/my_ws/install/turtlebot3_msgs/include/turtlebot3_msgs/action/patrol.h
[2.514s] -- Up-to-date: /home/ros_user/my_ws/install/turtlebot3_msgs/include/turtlebot3_msgs/action/detail
[2.514s] -- Up-to-date: /home/ros_user/my_ws/install/turtlebot3_msgs/include/turtlebot3_msgs/action/detail/patrol__functions.h
[2.514s] -- Up-to-date: /home/ros_user/my_ws/install/turtlebot3_msgs/include/turtlebot3_msgs/action/detail/patrol__functions.c
[2.514s] -- Up-to-date: /home/ros_user/my_ws/install/turtlebot3_msgs/include/turtlebot3_msgs/action/detail/patrol__struct.h
[2.514s] -- Up-to-date: /home/ros_user/my_ws/install/turtlebot3_msgs/include/turtlebot3_msgs/action/detail/patrol__type_support.h
[2.515s] -- Up-to-date: /home/ros_user/my_ws/install/turtlebot3_msgs/share/turtlebot3_msgs/environment/library_path.sh
[2.515s] -- Up-to-date: /home/ros_user/my_ws/install/turtlebot3_msgs/share/turtlebot3_msgs/environment/library_path.dsv
[2.515s] -- Up-to-date: /home/ros_user/my_ws/install/turtlebot3_msgs/lib/libturtlebot3_msgs__rosidl_generator_c.so
[2.516s] -- Up-to-date: /home/ros_user/my_ws/install/turtlebot3_msgs/include/turtlebot3_msgs
[2.516s] -- Up-to-date: /home/ros_user/my_ws/install/turtlebot3_msgs/include/turtlebot3_msgs/msg
[2.516s] -- Up-to-date: /home/ros_user/my_ws/install/turtlebot3_msgs/include/turtlebot3_msgs/msg/rosidl_typesupport_fastrtps_c__visibility_control.h
[2.516s] -- Up-to-date: /home/ros_user/my_ws/install/turtlebot3_msgs/include/turtlebot3_msgs/msg/detail
[2.516s] -- Up-to-date: /home/ros_user/my_ws/install/turtlebot3_msgs/include/turtlebot3_msgs/msg/detail/sound__rosidl_typesupport_fastrtps_c.h
[2.516s] -- Up-to-date: /home/ros_user/my_ws/install/turtlebot3_msgs/include/turtlebot3_msgs/msg/detail/sensor_state__rosidl_typesupport_fastrtps_c.h
[2.517s] -- Up-to-date: /home/ros_user/my_ws/install/turtlebot3_msgs/include/turtlebot3_msgs/msg/detail/version_info__rosidl_typesupport_fastrtps_c.h
[2.517s] -- Up-to-date: /home/ros_user/my_ws/install/turtlebot3_msgs/include/turtlebot3_msgs/srv
[2.517s] -- Up-to-date: /home/ros_user/my_ws/install/turtlebot3_msgs/include/turtlebot3_msgs/srv/detail
[2.517s] -- Up-to-date: /home/ros_user/my_ws/install/turtlebot3_msgs/include/turtlebot3_msgs/srv/detail/sound__rosidl_typesupport_fastrtps_c.h
[2.517s] -- Up-to-date: /home/ros_user/my_ws/install/turtlebot3_msgs/include/turtlebot3_msgs/srv/detail/dqn__rosidl_typesupport_fastrtps_c.h
[2.517s] -- Up-to-date: /home/ros_user/my_ws/install/turtlebot3_msgs/include/turtlebot3_msgs/action
[2.518s] -- Up-to-date: /home/ros_user/my_ws/install/turtlebot3_msgs/include/turtlebot3_msgs/action/detail
[2.518s] -- Up-to-date: /home/ros_user/my_ws/install/turtlebot3_msgs/include/turtlebot3_msgs/action/detail/patrol__rosidl_typesupport_fastrtps_c.h
[2.518s] -- Up-to-date: /home/ros_user/my_ws/install/turtlebot3_msgs/lib/libturtlebot3_msgs__rosidl_typesupport_fastrtps_c.so
[2.518s] -- Up-to-date: /home/ros_user/my_ws/install/turtlebot3_msgs/include/turtlebot3_msgs
[2.518s] -- Up-to-date: /home/ros_user/my_ws/install/turtlebot3_msgs/include/turtlebot3_msgs/msg
[2.518s] -- Up-to-date: /home/ros_user/my_ws/install/turtlebot3_msgs/include/turtlebot3_msgs/msg/rosidl_typesupport_fastrtps_cpp__visibility_control.h
[2.519s] -- Up-to-date: /home/ros_user/my_ws/install/turtlebot3_msgs/include/turtlebot3_msgs/msg/detail
[2.519s] -- Up-to-date: /home/ros_user/my_ws/install/turtlebot3_msgs/include/turtlebot3_msgs/msg/detail/dds_fastrtps
[2.519s] -- Up-to-date: /home/ros_user/my_ws/install/turtlebot3_msgs/include/turtlebot3_msgs/msg/detail/sound__rosidl_typesupport_fastrtps_cpp.hpp
[2.519s] -- Up-to-date: /home/ros_user/my_ws/install/turtlebot3_msgs/include/turtlebot3_msgs/msg/detail/version_info__rosidl_typesupport_fastrtps_cpp.hpp
[2.519s] -- Up-to-date: /home/ros_user/my_ws/install/turtlebot3_msgs/include/turtlebot3_msgs/msg/detail/sensor_state__rosidl_typesupport_fastrtps_cpp.hpp
[2.519s] -- Up-to-date: /home/ros_user/my_ws/install/turtlebot3_msgs/include/turtlebot3_msgs/srv
[2.520s] -- Up-to-date: /home/ros_user/my_ws/install/turtlebot3_msgs/include/turtlebot3_msgs/srv/detail
[2.520s] -- Up-to-date: /home/ros_user/my_ws/install/turtlebot3_msgs/include/turtlebot3_msgs/srv/detail/dds_fastrtps
[2.520s] -- Up-to-date: /home/ros_user/my_ws/install/turtlebot3_msgs/include/turtlebot3_msgs/srv/detail/sound__rosidl_typesupport_fastrtps_cpp.hpp
[2.520s] -- Up-to-date: /home/ros_user/my_ws/install/turtlebot3_msgs/include/turtlebot3_msgs/srv/detail/dqn__rosidl_typesupport_fastrtps_cpp.hpp
[2.520s] -- Up-to-date: /home/ros_user/my_ws/install/turtlebot3_msgs/include/turtlebot3_msgs/action
[2.520s] -- Up-to-date: /home/ros_user/my_ws/install/turtlebot3_msgs/include/turtlebot3_msgs/action/detail
[2.521s] -- Up-to-date: /home/ros_user/my_ws/install/turtlebot3_msgs/include/turtlebot3_msgs/action/detail/dds_fastrtps
[2.521s] -- Up-to-date: /home/ros_user/my_ws/install/turtlebot3_msgs/include/turtlebot3_msgs/action/detail/patrol__rosidl_typesupport_fastrtps_cpp.hpp
[2.521s] -- Up-to-date: /home/ros_user/my_ws/install/turtlebot3_msgs/lib/libturtlebot3_msgs__rosidl_typesupport_fastrtps_cpp.so
[2.521s] -- Up-to-date: /home/ros_user/my_ws/install/turtlebot3_msgs/include/turtlebot3_msgs
[2.521s] -- Up-to-date: /home/ros_user/my_ws/install/turtlebot3_msgs/include/turtlebot3_msgs/msg
[2.521s] -- Up-to-date: /home/ros_user/my_ws/install/turtlebot3_msgs/include/turtlebot3_msgs/msg/rosidl_typesupport_introspection_c__visibility_control.h
[2.521s] -- Up-to-date: /home/ros_user/my_ws/install/turtlebot3_msgs/include/turtlebot3_msgs/msg/detail
[2.522s] -- Up-to-date: /home/ros_user/my_ws/install/turtlebot3_msgs/include/turtlebot3_msgs/msg/detail/sensor_state__type_support.c
[2.522s] -- Up-to-date: /home/ros_user/my_ws/install/turtlebot3_msgs/include/turtlebot3_msgs/msg/detail/sensor_state__rosidl_typesupport_introspection_c.h
[2.522s] -- Up-to-date: /home/ros_user/my_ws/install/turtlebot3_msgs/include/turtlebot3_msgs/msg/detail/sound__type_support.c
[2.522s] -- Up-to-date: /home/ros_user/my_ws/install/turtlebot3_msgs/include/turtlebot3_msgs/msg/detail/sound__rosidl_typesupport_introspection_c.h
[2.522s] -- Up-to-date: /home/ros_user/my_ws/install/turtlebot3_msgs/include/turtlebot3_msgs/msg/detail/version_info__type_support.c
[2.522s] -- Up-to-date: /home/ros_user/my_ws/install/turtlebot3_msgs/include/turtlebot3_msgs/msg/detail/version_info__rosidl_typesupport_introspection_c.h
[2.523s] -- Up-to-date: /home/ros_user/my_ws/install/turtlebot3_msgs/include/turtlebot3_msgs/srv
[2.523s] -- Up-to-date: /home/ros_user/my_ws/install/turtlebot3_msgs/include/turtlebot3_msgs/srv/detail
[2.523s] -- Up-to-date: /home/ros_user/my_ws/install/turtlebot3_msgs/include/turtlebot3_msgs/srv/detail/dqn__rosidl_typesupport_introspection_c.h
[2.523s] -- Up-to-date: /home/ros_user/my_ws/install/turtlebot3_msgs/include/turtlebot3_msgs/srv/detail/sound__type_support.c
[2.523s] -- Up-to-date: /home/ros_user/my_ws/install/turtlebot3_msgs/include/turtlebot3_msgs/srv/detail/sound__rosidl_typesupport_introspection_c.h
[2.523s] -- Up-to-date: /home/ros_user/my_ws/install/turtlebot3_msgs/include/turtlebot3_msgs/srv/detail/dqn__type_support.c
[2.524s] -- Up-to-date: /home/ros_user/my_ws/install/turtlebot3_msgs/include/turtlebot3_msgs/action
[2.524s] -- Up-to-date: /home/ros_user/my_ws/install/turtlebot3_msgs/include/turtlebot3_msgs/action/detail
[2.524s] -- Up-to-date: /home/ros_user/my_ws/install/turtlebot3_msgs/include/turtlebot3_msgs/action/detail/patrol__rosidl_typesupport_introspection_c.h
[2.524s] -- Up-to-date: /home/ros_user/my_ws/install/turtlebot3_msgs/include/turtlebot3_msgs/action/detail/patrol__type_support.c
[2.524s] -- Up-to-date: /home/ros_user/my_ws/install/turtlebot3_msgs/lib/libturtlebot3_msgs__rosidl_typesupport_introspection_c.so
[2.524s] -- Up-to-date: /home/ros_user/my_ws/install/turtlebot3_msgs/lib/libturtlebot3_msgs__rosidl_typesupport_c.so
[2.524s] -- Up-to-date: /home/ros_user/my_ws/install/turtlebot3_msgs/include/turtlebot3_msgs
[2.525s] -- Up-to-date: /home/ros_user/my_ws/install/turtlebot3_msgs/include/turtlebot3_msgs/msg
[2.525s] -- Up-to-date: /home/ros_user/my_ws/install/turtlebot3_msgs/include/turtlebot3_msgs/msg/version_info.hpp
[2.525s] -- Up-to-date: /home/ros_user/my_ws/install/turtlebot3_msgs/include/turtlebot3_msgs/msg/sensor_state.hpp
[2.525s] -- Up-to-date: /home/ros_user/my_ws/install/turtlebot3_msgs/include/turtlebot3_msgs/msg/sound.hpp
[2.525s] -- Up-to-date: /home/ros_user/my_ws/install/turtlebot3_msgs/include/turtlebot3_msgs/msg/detail
[2.525s] -- Up-to-date: /home/ros_user/my_ws/install/turtlebot3_msgs/include/turtlebot3_msgs/msg/detail/sensor_state__struct.hpp
[2.526s] -- Up-to-date: /home/ros_user/my_ws/install/turtlebot3_msgs/include/turtlebot3_msgs/msg/detail/version_info__builder.hpp
[2.526s] -- Up-to-date: /home/ros_user/my_ws/install/turtlebot3_msgs/include/turtlebot3_msgs/msg/detail/sensor_state__builder.hpp
[2.526s] -- Up-to-date: /home/ros_user/my_ws/install/turtlebot3_msgs/include/turtlebot3_msgs/msg/detail/sound__traits.hpp
[2.526s] -- Up-to-date: /home/ros_user/my_ws/install/turtlebot3_msgs/include/turtlebot3_msgs/msg/detail/sound__struct.hpp
[2.526s] -- Up-to-date: /home/ros_user/my_ws/install/turtlebot3_msgs/include/turtlebot3_msgs/msg/detail/sensor_state__traits.hpp
[2.526s] -- Up-to-date: /home/ros_user/my_ws/install/turtlebot3_msgs/include/turtlebot3_msgs/msg/detail/version_info__traits.hpp
[2.526s] -- Up-to-date: /home/ros_user/my_ws/install/turtlebot3_msgs/include/turtlebot3_msgs/msg/detail/version_info__struct.hpp
[2.527s] -- Up-to-date: /home/ros_user/my_ws/install/turtlebot3_msgs/include/turtlebot3_msgs/msg/detail/sound__builder.hpp
[2.527s] -- Up-to-date: /home/ros_user/my_ws/install/turtlebot3_msgs/include/turtlebot3_msgs/srv
[2.527s] -- Up-to-date: /home/ros_user/my_ws/install/turtlebot3_msgs/include/turtlebot3_msgs/srv/dqn.hpp
[2.527s] -- Up-to-date: /home/ros_user/my_ws/install/turtlebot3_msgs/include/turtlebot3_msgs/srv/sound.hpp
[2.527s] -- Up-to-date: /home/ros_user/my_ws/install/turtlebot3_msgs/include/turtlebot3_msgs/srv/detail
[2.527s] -- Up-to-date: /home/ros_user/my_ws/install/turtlebot3_msgs/include/turtlebot3_msgs/srv/detail/dqn__traits.hpp
[2.527s] -- Up-to-date: /home/ros_user/my_ws/install/turtlebot3_msgs/include/turtlebot3_msgs/srv/detail/sound__traits.hpp
[2.528s] -- Up-to-date: /home/ros_user/my_ws/install/turtlebot3_msgs/include/turtlebot3_msgs/srv/detail/sound__struct.hpp
[2.528s] -- Up-to-date: /home/ros_user/my_ws/install/turtlebot3_msgs/include/turtlebot3_msgs/srv/detail/dqn__struct.hpp
[2.528s] -- Up-to-date: /home/ros_user/my_ws/install/turtlebot3_msgs/include/turtlebot3_msgs/srv/detail/dqn__builder.hpp
[2.528s] -- Up-to-date: /home/ros_user/my_ws/install/turtlebot3_msgs/include/turtlebot3_msgs/srv/detail/sound__builder.hpp
[2.528s] -- Up-to-date: /home/ros_user/my_ws/install/turtlebot3_msgs/include/turtlebot3_msgs/action
[2.528s] -- Up-to-date: /home/ros_user/my_ws/install/turtlebot3_msgs/include/turtlebot3_msgs/action/patrol.hpp
[2.528s] -- Up-to-date: /home/ros_user/my_ws/install/turtlebot3_msgs/include/turtlebot3_msgs/action/detail
[2.529s] -- Up-to-date: /home/ros_user/my_ws/install/turtlebot3_msgs/include/turtlebot3_msgs/action/detail/patrol__traits.hpp
[2.529s] -- Up-to-date: /home/ros_user/my_ws/install/turtlebot3_msgs/include/turtlebot3_msgs/action/detail/patrol__struct.hpp
[2.529s] -- Up-to-date: /home/ros_user/my_ws/install/turtlebot3_msgs/include/turtlebot3_msgs/action/detail/patrol__builder.hpp
[2.529s] -- Up-to-date: /home/ros_user/my_ws/install/turtlebot3_msgs/include/turtlebot3_msgs
[2.529s] -- Up-to-date: /home/ros_user/my_ws/install/turtlebot3_msgs/include/turtlebot3_msgs/msg
[2.529s] -- Up-to-date: /home/ros_user/my_ws/install/turtlebot3_msgs/include/turtlebot3_msgs/msg/detail
[2.529s] -- Up-to-date: /home/ros_user/my_ws/install/turtlebot3_msgs/include/turtlebot3_msgs/msg/detail/sensor_state__type_support.cpp
[2.530s] -- Up-to-date: /home/ros_user/my_ws/install/turtlebot3_msgs/include/turtlebot3_msgs/msg/detail/version_info__rosidl_typesupport_introspection_cpp.hpp
[2.530s] -- Up-to-date: /home/ros_user/my_ws/install/turtlebot3_msgs/include/turtlebot3_msgs/msg/detail/sensor_state__rosidl_typesupport_introspection_cpp.hpp
[2.530s] -- Up-to-date: /home/ros_user/my_ws/install/turtlebot3_msgs/include/turtlebot3_msgs/msg/detail/version_info__type_support.cpp
[2.530s] -- Up-to-date: /home/ros_user/my_ws/install/turtlebot3_msgs/include/turtlebot3_msgs/msg/detail/sound__rosidl_typesupport_introspection_cpp.hpp
[2.530s] -- Up-to-date: /home/ros_user/my_ws/install/turtlebot3_msgs/include/turtlebot3_msgs/msg/detail/sound__type_support.cpp
[2.530s] -- Up-to-date: /home/ros_user/my_ws/install/turtlebot3_msgs/include/turtlebot3_msgs/srv
[2.530s] -- Up-to-date: /home/ros_user/my_ws/install/turtlebot3_msgs/include/turtlebot3_msgs/srv/detail
[2.531s] -- Up-to-date: /home/ros_user/my_ws/install/turtlebot3_msgs/include/turtlebot3_msgs/srv/detail/dqn__rosidl_typesupport_introspection_cpp.hpp
[2.531s] -- Up-to-date: /home/ros_user/my_ws/install/turtlebot3_msgs/include/turtlebot3_msgs/srv/detail/dqn__type_support.cpp
[2.531s] -- Up-to-date: /home/ros_user/my_ws/install/turtlebot3_msgs/include/turtlebot3_msgs/srv/detail/sound__rosidl_typesupport_introspection_cpp.hpp
[2.531s] -- Up-to-date: /home/ros_user/my_ws/install/turtlebot3_msgs/include/turtlebot3_msgs/srv/detail/sound__type_support.cpp
[2.531s] -- Up-to-date: /home/ros_user/my_ws/install/turtlebot3_msgs/include/turtlebot3_msgs/action
[2.531s] -- Up-to-date: /home/ros_user/my_ws/install/turtlebot3_msgs/include/turtlebot3_msgs/action/detail
[2.531s] -- Up-to-date: /home/ros_user/my_ws/install/turtlebot3_msgs/include/turtlebot3_msgs/action/detail/patrol__type_support.cpp
[2.532s] -- Up-to-date: /home/ros_user/my_ws/install/turtlebot3_msgs/include/turtlebot3_msgs/action/detail/patrol__rosidl_typesupport_introspection_cpp.hpp
[2.532s] -- Up-to-date: /home/ros_user/my_ws/install/turtlebot3_msgs/lib/libturtlebot3_msgs__rosidl_typesupport_introspection_cpp.so
[2.532s] -- Up-to-date: /home/ros_user/my_ws/install/turtlebot3_msgs/lib/libturtlebot3_msgs__rosidl_typesupport_cpp.so
[2.532s] -- Up-to-date: /home/ros_user/my_ws/install/turtlebot3_msgs/share/turtlebot3_msgs/environment/pythonpath.sh
[2.532s] -- Up-to-date: /home/ros_user/my_ws/install/turtlebot3_msgs/share/turtlebot3_msgs/environment/pythonpath.dsv
[2.532s] -- Up-to-date: /home/ros_user/my_ws/install/turtlebot3_msgs/lib/python3.8/site-packages/turtlebot3_msgs/__init__.py
[2.673s] -- Up-to-date: /home/ros_user/my_ws/install/turtlebot3_msgs/lib/python3.8/site-packages/turtlebot3_msgs/msg
[2.673s] -- Up-to-date: /home/ros_user/my_ws/install/turtlebot3_msgs/lib/python3.8/site-packages/turtlebot3_msgs/msg/__init__.py
[2.673s] -- Up-to-date: /home/ros_user/my_ws/install/turtlebot3_msgs/lib/python3.8/site-packages/turtlebot3_msgs/msg/_version_info_s.c
[2.673s] -- Up-to-date: /home/ros_user/my_ws/install/turtlebot3_msgs/lib/python3.8/site-packages/turtlebot3_msgs/msg/_version_info.py
[2.674s] -- Up-to-date: /home/ros_user/my_ws/install/turtlebot3_msgs/lib/python3.8/site-packages/turtlebot3_msgs/msg/_sensor_state.py
[2.674s] -- Up-to-date: /home/ros_user/my_ws/install/turtlebot3_msgs/lib/python3.8/site-packages/turtlebot3_msgs/msg/_sound.py
[2.681s] -- Up-to-date: /home/ros_user/my_ws/install/turtlebot3_msgs/lib/python3.8/site-packages/turtlebot3_msgs/msg/_sound_s.c
[2.683s] -- Up-to-date: /home/ros_user/my_ws/install/turtlebot3_msgs/lib/python3.8/site-packages/turtlebot3_msgs/msg/_sensor_state_s.c
[2.683s] -- Up-to-date: /home/ros_user/my_ws/install/turtlebot3_msgs/lib/python3.8/site-packages/turtlebot3_msgs/srv
[2.685s] -- Up-to-date: /home/ros_user/my_ws/install/turtlebot3_msgs/lib/python3.8/site-packages/turtlebot3_msgs/srv/__init__.py
[2.687s] -- Up-to-date: /home/ros_user/my_ws/install/turtlebot3_msgs/lib/python3.8/site-packages/turtlebot3_msgs/srv/_sound.py
[2.687s] -- Up-to-date: /home/ros_user/my_ws/install/turtlebot3_msgs/lib/python3.8/site-packages/turtlebot3_msgs/srv/_sound_s.c
[2.687s] -- Up-to-date: /home/ros_user/my_ws/install/turtlebot3_msgs/lib/python3.8/site-packages/turtlebot3_msgs/srv/_dqn_s.c
[2.688s] -- Up-to-date: /home/ros_user/my_ws/install/turtlebot3_msgs/lib/python3.8/site-packages/turtlebot3_msgs/srv/_dqn.py
[2.688s] -- Up-to-date: /home/ros_user/my_ws/install/turtlebot3_msgs/lib/python3.8/site-packages/turtlebot3_msgs/action
[2.688s] -- Up-to-date: /home/ros_user/my_ws/install/turtlebot3_msgs/lib/python3.8/site-packages/turtlebot3_msgs/action/__init__.py
[2.688s] -- Up-to-date: /home/ros_user/my_ws/install/turtlebot3_msgs/lib/python3.8/site-packages/turtlebot3_msgs/action/_patrol.py
[2.688s] -- Up-to-date: /home/ros_user/my_ws/install/turtlebot3_msgs/lib/python3.8/site-packages/turtlebot3_msgs/action/_patrol_s.c
[2.689s] -- Up-to-date: /home/ros_user/my_ws/install/turtlebot3_msgs/lib/python3.8/site-packages/turtlebot3_msgs/turtlebot3_msgs_s__rosidl_typesupport_fastrtps_c.cpython-38-x86_64-linux-gnu.so
[2.689s] -- Up-to-date: /home/ros_user/my_ws/install/turtlebot3_msgs/lib/python3.8/site-packages/turtlebot3_msgs/turtlebot3_msgs_s__rosidl_typesupport_introspection_c.cpython-38-x86_64-linux-gnu.so
[2.690s] -- Up-to-date: /home/ros_user/my_ws/install/turtlebot3_msgs/lib/python3.8/site-packages/turtlebot3_msgs/turtlebot3_msgs_s__rosidl_typesupport_c.cpython-38-x86_64-linux-gnu.so
[2.690s] -- Up-to-date: /home/ros_user/my_ws/install/turtlebot3_msgs/lib/libturtlebot3_msgs__python.so
[2.691s] -- Up-to-date: /home/ros_user/my_ws/install/turtlebot3_msgs/share/turtlebot3_msgs/msg/SensorState.idl
[2.691s] -- Up-to-date: /home/ros_user/my_ws/install/turtlebot3_msgs/share/turtlebot3_msgs/msg/Sound.idl
[2.691s] -- Up-to-date: /home/ros_user/my_ws/install/turtlebot3_msgs/share/turtlebot3_msgs/msg/VersionInfo.idl
[2.691s] -- Up-to-date: /home/ros_user/my_ws/install/turtlebot3_msgs/share/turtlebot3_msgs/srv/Sound.idl
[2.691s] -- Up-to-date: /home/ros_user/my_ws/install/turtlebot3_msgs/share/turtlebot3_msgs/srv/Dqn.idl
[2.692s] -- Up-to-date: /home/ros_user/my_ws/install/turtlebot3_msgs/share/turtlebot3_msgs/action/Patrol.idl
[2.692s] -- Up-to-date: /home/ros_user/my_ws/install/turtlebot3_msgs/share/turtlebot3_msgs/msg/SensorState.msg
[2.692s] -- Up-to-date: /home/ros_user/my_ws/install/turtlebot3_msgs/share/turtlebot3_msgs/msg/Sound.msg
[2.692s] -- Up-to-date: /home/ros_user/my_ws/install/turtlebot3_msgs/share/turtlebot3_msgs/msg/VersionInfo.msg
[2.692s] -- Up-to-date: /home/ros_user/my_ws/install/turtlebot3_msgs/share/turtlebot3_msgs/srv/Sound.srv
[2.692s] -- Up-to-date: /home/ros_user/my_ws/install/turtlebot3_msgs/share/turtlebot3_msgs/srv/Sound_Request.msg
[2.693s] -- Up-to-date: /home/ros_user/my_ws/install/turtlebot3_msgs/share/turtlebot3_msgs/srv/Sound_Response.msg
[2.693s] -- Up-to-date: /home/ros_user/my_ws/install/turtlebot3_msgs/share/turtlebot3_msgs/srv/Dqn.srv
[2.693s] -- Up-to-date: /home/ros_user/my_ws/install/turtlebot3_msgs/share/turtlebot3_msgs/srv/Dqn_Request.msg
[2.693s] -- Up-to-date: /home/ros_user/my_ws/install/turtlebot3_msgs/share/turtlebot3_msgs/srv/Dqn_Response.msg
[2.693s] -- Up-to-date: /home/ros_user/my_ws/install/turtlebot3_msgs/share/turtlebot3_msgs/action/Patrol.action
[2.694s] -- Up-to-date: /home/ros_user/my_ws/install/turtlebot3_msgs/share/ament_index/resource_index/package_run_dependencies/turtlebot3_msgs
[2.694s] -- Up-to-date: /home/ros_user/my_ws/install/turtlebot3_msgs/share/ament_index/resource_index/parent_prefix_path/turtlebot3_msgs
[2.695s] -- Up-to-date: /home/ros_user/my_ws/install/turtlebot3_msgs/share/turtlebot3_msgs/environment/ament_prefix_path.sh
[2.695s] -- Up-to-date: /home/ros_user/my_ws/install/turtlebot3_msgs/share/turtlebot3_msgs/environment/ament_prefix_path.dsv
[2.695s] -- Up-to-date: /home/ros_user/my_ws/install/turtlebot3_msgs/share/turtlebot3_msgs/environment/path.sh
[2.695s] -- Up-to-date: /home/ros_user/my_ws/install/turtlebot3_msgs/share/turtlebot3_msgs/environment/path.dsv
[2.695s] -- Up-to-date: /home/ros_user/my_ws/install/turtlebot3_msgs/share/turtlebot3_msgs/local_setup.bash
[2.696s] -- Up-to-date: /home/ros_user/my_ws/install/turtlebot3_msgs/share/turtlebot3_msgs/local_setup.sh
[2.696s] -- Up-to-date: /home/ros_user/my_ws/install/turtlebot3_msgs/share/turtlebot3_msgs/local_setup.zsh
[2.696s] -- Up-to-date: /home/ros_user/my_ws/install/turtlebot3_msgs/share/turtlebot3_msgs/local_setup.dsv
[2.696s] -- Installing: /home/ros_user/my_ws/install/turtlebot3_msgs/share/turtlebot3_msgs/package.dsv
[2.696s] -- Up-to-date: /home/ros_user/my_ws/install/turtlebot3_msgs/share/ament_index/resource_index/packages/turtlebot3_msgs
[2.696s] -- Up-to-date: /home/ros_user/my_ws/install/turtlebot3_msgs/share/turtlebot3_msgs/cmake/turtlebot3_msgs__rosidl_generator_cExport.cmake
[2.696s] -- Up-to-date: /home/ros_user/my_ws/install/turtlebot3_msgs/share/turtlebot3_msgs/cmake/turtlebot3_msgs__rosidl_generator_cExport-noconfig.cmake
[2.721s] -- Up-to-date: /home/ros_user/my_ws/install/turtlebot3_msgs/share/turtlebot3_msgs/cmake/turtlebot3_msgs__rosidl_typesupport_introspection_cExport.cmake
[2.723s] -- Up-to-date: /home/ros_user/my_ws/install/turtlebot3_msgs/share/turtlebot3_msgs/cmake/turtlebot3_msgs__rosidl_typesupport_introspection_cExport-noconfig.cmake
[2.727s] -- Up-to-date: /home/ros_user/my_ws/install/turtlebot3_msgs/share/turtlebot3_msgs/cmake/turtlebot3_msgs__rosidl_typesupport_cExport.cmake
[2.727s] -- Up-to-date: /home/ros_user/my_ws/install/turtlebot3_msgs/share/turtlebot3_msgs/cmake/turtlebot3_msgs__rosidl_typesupport_cExport-noconfig.cmake
[2.727s] -- Up-to-date: /home/ros_user/my_ws/install/turtlebot3_msgs/share/turtlebot3_msgs/cmake/turtlebot3_msgs__rosidl_generator_cppExport.cmake
[2.728s] -- Up-to-date: /home/ros_user/my_ws/install/turtlebot3_msgs/share/turtlebot3_msgs/cmake/turtlebot3_msgs__rosidl_typesupport_introspection_cppExport.cmake
[2.728s] -- Up-to-date: /home/ros_user/my_ws/install/turtlebot3_msgs/share/turtlebot3_msgs/cmake/turtlebot3_msgs__rosidl_typesupport_introspection_cppExport-noconfig.cmake
[2.728s] -- Up-to-date: /home/ros_user/my_ws/install/turtlebot3_msgs/share/turtlebot3_msgs/cmake/turtlebot3_msgs__rosidl_typesupport_cppExport.cmake
[2.728s] -- Up-to-date: /home/ros_user/my_ws/install/turtlebot3_msgs/share/turtlebot3_msgs/cmake/turtlebot3_msgs__rosidl_typesupport_cppExport-noconfig.cmake
[2.729s] -- Up-to-date: /home/ros_user/my_ws/install/turtlebot3_msgs/share/turtlebot3_msgs/cmake/rosidl_cmake-extras.cmake
[2.729s] -- Up-to-date: /home/ros_user/my_ws/install/turtlebot3_msgs/share/turtlebot3_msgs/cmake/ament_cmake_export_dependencies-extras.cmake
[2.729s] -- Up-to-date: /home/ros_user/my_ws/install/turtlebot3_msgs/share/turtlebot3_msgs/cmake/ament_cmake_export_libraries-extras.cmake
[2.729s] -- Up-to-date: /home/ros_user/my_ws/install/turtlebot3_msgs/share/turtlebot3_msgs/cmake/ament_cmake_export_targets-extras.cmake
[2.729s] -- Up-to-date: /home/ros_user/my_ws/install/turtlebot3_msgs/share/turtlebot3_msgs/cmake/ament_cmake_export_include_directories-extras.cmake
[2.729s] -- Up-to-date: /home/ros_user/my_ws/install/turtlebot3_msgs/share/turtlebot3_msgs/cmake/rosidl_cmake_export_typesupport_libraries-extras.cmake
[2.730s] -- Up-to-date: /home/ros_user/my_ws/install/turtlebot3_msgs/share/turtlebot3_msgs/cmake/rosidl_cmake_export_typesupport_targets-extras.cmake
[2.730s] -- Up-to-date: /home/ros_user/my_ws/install/turtlebot3_msgs/share/turtlebot3_msgs/cmake/turtlebot3_msgsConfig.cmake
[2.730s] -- Up-to-date: /home/ros_user/my_ws/install/turtlebot3_msgs/share/turtlebot3_msgs/cmake/turtlebot3_msgsConfig-version.cmake
[2.730s] -- Up-to-date: /home/ros_user/my_ws/install/turtlebot3_msgs/share/turtlebot3_msgs/package.xml
[2.748s] Invoked command in '/home/ros_user/my_ws/build/turtlebot3_msgs' returned '0': CMAKE_PREFIX_PATH=${CMAKE_PREFIX_PATH}:/home/ros_user/my_ws/install/obstacle_avoidance:/home/ros_user/my_ws/install/turtlebot3_teleop:/home/ros_user/my_ws/install/turtlebot3_example:/home/ros_user/turtlebot3_ws/install/my_new_package:/home/ros_user/turtlebot3_ws/install/my_obstacle_avoidance:/home/ros_user/turtlebot3_ws/install/turtlebot3_teleop:/home/ros_user/turtlebot3_ws/install/turtlebot3_obstacle_avoidance:/home/ros_user/turtlebot3_ws/install/turtlebot3_example:/home/ros_user/ros2_ws/install/ros2_course:/home/ros_user/doosan2_ws/install/dsr_example2_py:/opt/ros/foxy /usr/bin/cmake --install /home/ros_user/my_ws/build/turtlebot3_msgs
