[0.121s] Invoking command in '/home/ros_user/my_ws/build/turtlebot3_description': CMAKE_PREFIX_PATH=${CMAKE_PREFIX_PATH}:/home/ros_user/my_ws/install/obstacle_avoidance:/home/ros_user/my_ws/install/turtlebot3_teleop:/home/ros_user/my_ws/install/turtlebot3_example:/home/ros_user/turtlebot3_ws/install/my_new_package:/home/ros_user/turtlebot3_ws/install/my_obstacle_avoidance:/home/ros_user/turtlebot3_ws/install/turtlebot3_teleop:/home/ros_user/turtlebot3_ws/install/turtlebot3_obstacle_avoidance:/home/ros_user/turtlebot3_ws/install/turtlebot3_example:/home/ros_user/ros2_ws/install/ros2_course:/home/ros_user/doosan2_ws/install/dsr_example2_py:/opt/ros/foxy /usr/bin/cmake --build /home/ros_user/my_ws/build/turtlebot3_description -- -j4 -l4
[0.274s] Invoked command in '/home/ros_user/my_ws/build/turtlebot3_description' returned '0': CMAKE_PREFIX_PATH=${CMAKE_PREFIX_PATH}:/home/ros_user/my_ws/install/obstacle_avoidance:/home/ros_user/my_ws/install/turtlebot3_teleop:/home/ros_user/my_ws/install/turtlebot3_example:/home/ros_user/turtlebot3_ws/install/my_new_package:/home/ros_user/turtlebot3_ws/install/my_obstacle_avoidance:/home/ros_user/turtlebot3_ws/install/turtlebot3_teleop:/home/ros_user/turtlebot3_ws/install/turtlebot3_obstacle_avoidance:/home/ros_user/turtlebot3_ws/install/turtlebot3_example:/home/ros_user/ros2_ws/install/ros2_course:/home/ros_user/doosan2_ws/install/dsr_example2_py:/opt/ros/foxy /usr/bin/cmake --build /home/ros_user/my_ws/build/turtlebot3_description -- -j4 -l4
[0.466s] Invoking command in '/home/ros_user/my_ws/build/turtlebot3_description': CMAKE_PREFIX_PATH=${CMAKE_PREFIX_PATH}:/home/ros_user/my_ws/install/obstacle_avoidance:/home/ros_user/my_ws/install/turtlebot3_teleop:/home/ros_user/my_ws/install/turtlebot3_example:/home/ros_user/turtlebot3_ws/install/my_new_package:/home/ros_user/turtlebot3_ws/install/my_obstacle_avoidance:/home/ros_user/turtlebot3_ws/install/turtlebot3_teleop:/home/ros_user/turtlebot3_ws/install/turtlebot3_obstacle_avoidance:/home/ros_user/turtlebot3_ws/install/turtlebot3_example:/home/ros_user/ros2_ws/install/ros2_course:/home/ros_user/doosan2_ws/install/dsr_example2_py:/opt/ros/foxy /usr/bin/cmake --install /home/ros_user/my_ws/build/turtlebot3_description
[0.505s] -- Install configuration: ""
[0.520s] -- Up-to-date: /home/ros_user/my_ws/install/turtlebot3_description/share/turtlebot3_description/meshes
[0.527s] -- Up-to-date: /home/ros_user/my_ws/install/turtlebot3_description/share/turtlebot3_description/meshes/bases
[0.530s] -- Up-to-date: /home/ros_user/my_ws/install/turtlebot3_description/share/turtlebot3_description/meshes/bases/waffle_base.stl
[0.530s] -- Up-to-date: /home/ros_user/my_ws/install/turtlebot3_description/share/turtlebot3_description/meshes/bases/burger_base.stl
[0.531s] -- Up-to-date: /home/ros_user/my_ws/install/turtlebot3_description/share/turtlebot3_description/meshes/bases/waffle_pi_base.stl
[0.533s] -- Up-to-date: /home/ros_user/my_ws/install/turtlebot3_description/share/turtlebot3_description/meshes/wheels
[0.534s] -- Up-to-date: /home/ros_user/my_ws/install/turtlebot3_description/share/turtlebot3_description/meshes/wheels/left_tire.stl
[0.535s] -- Up-to-date: /home/ros_user/my_ws/install/turtlebot3_description/share/turtlebot3_description/meshes/wheels/right_tire.stl
[0.537s] -- Up-to-date: /home/ros_user/my_ws/install/turtlebot3_description/share/turtlebot3_description/meshes/sensors
[0.538s] -- Up-to-date: /home/ros_user/my_ws/install/turtlebot3_description/share/turtlebot3_description/meshes/sensors/r200.jpg
[0.538s] -- Up-to-date: /home/ros_user/my_ws/install/turtlebot3_description/share/turtlebot3_description/meshes/sensors/astra.jpg
[0.539s] -- Up-to-date: /home/ros_user/my_ws/install/turtlebot3_description/share/turtlebot3_description/meshes/sensors/lds.stl
[0.563s] -- Up-to-date: /home/ros_user/my_ws/install/turtlebot3_description/share/turtlebot3_description/meshes/sensors/r200.dae
[0.564s] -- Up-to-date: /home/ros_user/my_ws/install/turtlebot3_description/share/turtlebot3_description/meshes/sensors/astra.dae
[0.564s] -- Up-to-date: /home/ros_user/my_ws/install/turtlebot3_description/share/turtlebot3_description/rviz
[0.567s] -- Up-to-date: /home/ros_user/my_ws/install/turtlebot3_description/share/turtlebot3_description/rviz/model.rviz
[0.567s] -- Up-to-date: /home/ros_user/my_ws/install/turtlebot3_description/share/turtlebot3_description/urdf
[0.568s] -- Up-to-date: /home/ros_user/my_ws/install/turtlebot3_description/share/turtlebot3_description/urdf/turtlebot3_burger.urdf
[0.571s] -- Up-to-date: /home/ros_user/my_ws/install/turtlebot3_description/share/turtlebot3_description/urdf/turtlebot3_waffle_pi.urdf
[0.577s] -- Up-to-date: /home/ros_user/my_ws/install/turtlebot3_description/share/turtlebot3_description/urdf/common_properties.urdf
[0.582s] -- Up-to-date: /home/ros_user/my_ws/install/turtlebot3_description/share/turtlebot3_description/urdf/turtlebot3_waffle.urdf
[0.585s] -- Up-to-date: /home/ros_user/my_ws/install/turtlebot3_description/share/ament_index/resource_index/package_run_dependencies/turtlebot3_description
[0.586s] -- Up-to-date: /home/ros_user/my_ws/install/turtlebot3_description/share/ament_index/resource_index/parent_prefix_path/turtlebot3_description
[0.588s] -- Up-to-date: /home/ros_user/my_ws/install/turtlebot3_description/share/turtlebot3_description/environment/ament_prefix_path.sh
[0.588s] -- Up-to-date: /home/ros_user/my_ws/install/turtlebot3_description/share/turtlebot3_description/environment/ament_prefix_path.dsv
[0.588s] -- Up-to-date: /home/ros_user/my_ws/install/turtlebot3_description/share/turtlebot3_description/environment/path.sh
[0.589s] -- Up-to-date: /home/ros_user/my_ws/install/turtlebot3_description/share/turtlebot3_description/environment/path.dsv
[0.589s] -- Up-to-date: /home/ros_user/my_ws/install/turtlebot3_description/share/turtlebot3_description/local_setup.bash
[0.590s] -- Up-to-date: /home/ros_user/my_ws/install/turtlebot3_description/share/turtlebot3_description/local_setup.sh
[0.590s] -- Up-to-date: /home/ros_user/my_ws/install/turtlebot3_description/share/turtlebot3_description/local_setup.zsh
[0.590s] -- Up-to-date: /home/ros_user/my_ws/install/turtlebot3_description/share/turtlebot3_description/local_setup.dsv
[0.590s] -- Installing: /home/ros_user/my_ws/install/turtlebot3_description/share/turtlebot3_description/package.dsv
[0.590s] -- Up-to-date: /home/ros_user/my_ws/install/turtlebot3_description/share/ament_index/resource_index/packages/turtlebot3_description
[0.591s] -- Up-to-date: /home/ros_user/my_ws/install/turtlebot3_description/share/turtlebot3_description/cmake/turtlebot3_descriptionConfig.cmake
[0.591s] -- Up-to-date: /home/ros_user/my_ws/install/turtlebot3_description/share/turtlebot3_description/cmake/turtlebot3_descriptionConfig-version.cmake
[0.596s] -- Up-to-date: /home/ros_user/my_ws/install/turtlebot3_description/share/turtlebot3_description/package.xml
[0.623s] Invoked command in '/home/ros_user/my_ws/build/turtlebot3_description' returned '0': CMAKE_PREFIX_PATH=${CMAKE_PREFIX_PATH}:/home/ros_user/my_ws/install/obstacle_avoidance:/home/ros_user/my_ws/install/turtlebot3_teleop:/home/ros_user/my_ws/install/turtlebot3_example:/home/ros_user/turtlebot3_ws/install/my_new_package:/home/ros_user/turtlebot3_ws/install/my_obstacle_avoidance:/home/ros_user/turtlebot3_ws/install/turtlebot3_teleop:/home/ros_user/turtlebot3_ws/install/turtlebot3_obstacle_avoidance:/home/ros_user/turtlebot3_ws/install/turtlebot3_example:/home/ros_user/ros2_ws/install/ros2_course:/home/ros_user/doosan2_ws/install/dsr_example2_py:/opt/ros/foxy /usr/bin/cmake --install /home/ros_user/my_ws/build/turtlebot3_description
