[0.128s] Invoking command in '/home/ros_user/my_ws/build/turtlebot3_cartographer': CMAKE_PREFIX_PATH=${CMAKE_PREFIX_PATH}:/home/ros_user/my_ws/install/turtlebot3_teleop:/home/ros_user/my_ws/install/turtlebot3_example:/home/ros_user/turtlebot3_ws/install/my_new_package:/home/ros_user/turtlebot3_ws/install/my_obstacle_avoidance:/home/ros_user/turtlebot3_ws/install/turtlebot3_teleop:/home/ros_user/turtlebot3_ws/install/turtlebot3_obstacle_avoidance:/home/ros_user/turtlebot3_ws/install/turtlebot3_example:/home/ros_user/ros2_ws/install/ros2_course:/home/ros_user/doosan2_ws/install/dsr_example2_py:/opt/ros/foxy /usr/bin/cmake --build /home/ros_user/my_ws/build/turtlebot3_cartographer -- -j4 -l4
[0.288s] Invoked command in '/home/ros_user/my_ws/build/turtlebot3_cartographer' returned '0': CMAKE_PREFIX_PATH=${CMAKE_PREFIX_PATH}:/home/ros_user/my_ws/install/turtlebot3_teleop:/home/ros_user/my_ws/install/turtlebot3_example:/home/ros_user/turtlebot3_ws/install/my_new_package:/home/ros_user/turtlebot3_ws/install/my_obstacle_avoidance:/home/ros_user/turtlebot3_ws/install/turtlebot3_teleop:/home/ros_user/turtlebot3_ws/install/turtlebot3_obstacle_avoidance:/home/ros_user/turtlebot3_ws/install/turtlebot3_example:/home/ros_user/ros2_ws/install/ros2_course:/home/ros_user/doosan2_ws/install/dsr_example2_py:/opt/ros/foxy /usr/bin/cmake --build /home/ros_user/my_ws/build/turtlebot3_cartographer -- -j4 -l4
[0.580s] Invoking command in '/home/ros_user/my_ws/build/turtlebot3_cartographer': CMAKE_PREFIX_PATH=${CMAKE_PREFIX_PATH}:/home/ros_user/my_ws/install/turtlebot3_teleop:/home/ros_user/my_ws/install/turtlebot3_example:/home/ros_user/turtlebot3_ws/install/my_new_package:/home/ros_user/turtlebot3_ws/install/my_obstacle_avoidance:/home/ros_user/turtlebot3_ws/install/turtlebot3_teleop:/home/ros_user/turtlebot3_ws/install/turtlebot3_obstacle_avoidance:/home/ros_user/turtlebot3_ws/install/turtlebot3_example:/home/ros_user/ros2_ws/install/ros2_course:/home/ros_user/doosan2_ws/install/dsr_example2_py:/opt/ros/foxy /usr/bin/cmake --install /home/ros_user/my_ws/build/turtlebot3_cartographer
[0.671s] -- Install configuration: ""
[0.672s] -- Up-to-date: /home/ros_user/my_ws/install/turtlebot3_cartographer/share/turtlebot3_cartographer/config
[0.673s] -- Up-to-date: /home/ros_user/my_ws/install/turtlebot3_cartographer/share/turtlebot3_cartographer/config/turtlebot3_lds_2d.lua
[0.673s] -- Up-to-date: /home/ros_user/my_ws/install/turtlebot3_cartographer/share/turtlebot3_cartographer/launch
[0.674s] -- Up-to-date: /home/ros_user/my_ws/install/turtlebot3_cartographer/share/turtlebot3_cartographer/launch/cartographer.launch.py
[0.674s] -- Up-to-date: /home/ros_user/my_ws/install/turtlebot3_cartographer/share/turtlebot3_cartographer/launch/occupancy_grid.launch.py
[0.675s] -- Up-to-date: /home/ros_user/my_ws/install/turtlebot3_cartographer/share/turtlebot3_cartographer/rviz
[0.676s] -- Up-to-date: /home/ros_user/my_ws/install/turtlebot3_cartographer/share/turtlebot3_cartographer/rviz/tb3_cartographer.rviz
[0.676s] -- Up-to-date: /home/ros_user/my_ws/install/turtlebot3_cartographer/share/ament_index/resource_index/package_run_dependencies/turtlebot3_cartographer
[0.676s] -- Up-to-date: /home/ros_user/my_ws/install/turtlebot3_cartographer/share/ament_index/resource_index/parent_prefix_path/turtlebot3_cartographer
[0.677s] -- Up-to-date: /home/ros_user/my_ws/install/turtlebot3_cartographer/share/turtlebot3_cartographer/environment/ament_prefix_path.sh
[0.677s] -- Up-to-date: /home/ros_user/my_ws/install/turtlebot3_cartographer/share/turtlebot3_cartographer/environment/ament_prefix_path.dsv
[0.678s] -- Up-to-date: /home/ros_user/my_ws/install/turtlebot3_cartographer/share/turtlebot3_cartographer/environment/path.sh
[0.679s] -- Up-to-date: /home/ros_user/my_ws/install/turtlebot3_cartographer/share/turtlebot3_cartographer/environment/path.dsv
[0.681s] -- Up-to-date: /home/ros_user/my_ws/install/turtlebot3_cartographer/share/turtlebot3_cartographer/local_setup.bash
[0.681s] -- Up-to-date: /home/ros_user/my_ws/install/turtlebot3_cartographer/share/turtlebot3_cartographer/local_setup.sh
[0.682s] -- Up-to-date: /home/ros_user/my_ws/install/turtlebot3_cartographer/share/turtlebot3_cartographer/local_setup.zsh
[0.682s] -- Up-to-date: /home/ros_user/my_ws/install/turtlebot3_cartographer/share/turtlebot3_cartographer/local_setup.dsv
[0.683s] -- Installing: /home/ros_user/my_ws/install/turtlebot3_cartographer/share/turtlebot3_cartographer/package.dsv
[0.684s] -- Up-to-date: /home/ros_user/my_ws/install/turtlebot3_cartographer/share/ament_index/resource_index/packages/turtlebot3_cartographer
[0.684s] -- Up-to-date: /home/ros_user/my_ws/install/turtlebot3_cartographer/share/turtlebot3_cartographer/cmake/turtlebot3_cartographerConfig.cmake
[0.684s] -- Up-to-date: /home/ros_user/my_ws/install/turtlebot3_cartographer/share/turtlebot3_cartographer/cmake/turtlebot3_cartographerConfig-version.cmake
[0.685s] -- Up-to-date: /home/ros_user/my_ws/install/turtlebot3_cartographer/share/turtlebot3_cartographer/package.xml
[0.775s] Invoked command in '/home/ros_user/my_ws/build/turtlebot3_cartographer' returned '0': CMAKE_PREFIX_PATH=${CMAKE_PREFIX_PATH}:/home/ros_user/my_ws/install/turtlebot3_teleop:/home/ros_user/my_ws/install/turtlebot3_example:/home/ros_user/turtlebot3_ws/install/my_new_package:/home/ros_user/turtlebot3_ws/install/my_obstacle_avoidance:/home/ros_user/turtlebot3_ws/install/turtlebot3_teleop:/home/ros_user/turtlebot3_ws/install/turtlebot3_obstacle_avoidance:/home/ros_user/turtlebot3_ws/install/turtlebot3_example:/home/ros_user/ros2_ws/install/ros2_course:/home/ros_user/doosan2_ws/install/dsr_example2_py:/opt/ros/foxy /usr/bin/cmake --install /home/ros_user/my_ws/build/turtlebot3_cartographer
