[0.116s] Invoking command in '/home/ros_user/my_ws/build/turtlebot3_navigation2': CMAKE_PREFIX_PATH=${CMAKE_PREFIX_PATH}:/home/ros_user/my_ws/install/obstacle_avoidance:/home/ros_user/my_ws/install/turtlebot3_teleop:/home/ros_user/my_ws/install/turtlebot3_example:/home/ros_user/turtlebot3_ws/install/my_new_package:/home/ros_user/turtlebot3_ws/install/my_obstacle_avoidance:/home/ros_user/turtlebot3_ws/install/turtlebot3_teleop:/home/ros_user/turtlebot3_ws/install/turtlebot3_obstacle_avoidance:/home/ros_user/turtlebot3_ws/install/turtlebot3_example:/home/ros_user/ros2_ws/install/ros2_course:/home/ros_user/doosan2_ws/install/dsr_example2_py:/opt/ros/foxy /usr/bin/cmake --build /home/ros_user/my_ws/build/turtlebot3_navigation2 -- -j4 -l4
[0.272s] Invoked command in '/home/ros_user/my_ws/build/turtlebot3_navigation2' returned '0': CMAKE_PREFIX_PATH=${CMAKE_PREFIX_PATH}:/home/ros_user/my_ws/install/obstacle_avoidance:/home/ros_user/my_ws/install/turtlebot3_teleop:/home/ros_user/my_ws/install/turtlebot3_example:/home/ros_user/turtlebot3_ws/install/my_new_package:/home/ros_user/turtlebot3_ws/install/my_obstacle_avoidance:/home/ros_user/turtlebot3_ws/install/turtlebot3_teleop:/home/ros_user/turtlebot3_ws/install/turtlebot3_obstacle_avoidance:/home/ros_user/turtlebot3_ws/install/turtlebot3_example:/home/ros_user/ros2_ws/install/ros2_course:/home/ros_user/doosan2_ws/install/dsr_example2_py:/opt/ros/foxy /usr/bin/cmake --build /home/ros_user/my_ws/build/turtlebot3_navigation2 -- -j4 -l4
[0.593s] Invoking command in '/home/ros_user/my_ws/build/turtlebot3_navigation2': CMAKE_PREFIX_PATH=${CMAKE_PREFIX_PATH}:/home/ros_user/my_ws/install/obstacle_avoidance:/home/ros_user/my_ws/install/turtlebot3_teleop:/home/ros_user/my_ws/install/turtlebot3_example:/home/ros_user/turtlebot3_ws/install/my_new_package:/home/ros_user/turtlebot3_ws/install/my_obstacle_avoidance:/home/ros_user/turtlebot3_ws/install/turtlebot3_teleop:/home/ros_user/turtlebot3_ws/install/turtlebot3_obstacle_avoidance:/home/ros_user/turtlebot3_ws/install/turtlebot3_example:/home/ros_user/ros2_ws/install/ros2_course:/home/ros_user/doosan2_ws/install/dsr_example2_py:/opt/ros/foxy /usr/bin/cmake --install /home/ros_user/my_ws/build/turtlebot3_navigation2
[0.627s] -- Install configuration: ""
[0.627s] -- Up-to-date: /home/ros_user/my_ws/install/turtlebot3_navigation2/share/turtlebot3_navigation2/launch
[0.628s] -- Up-to-date: /home/ros_user/my_ws/install/turtlebot3_navigation2/share/turtlebot3_navigation2/launch/navigation2.launch.py
[0.628s] -- Up-to-date: /home/ros_user/my_ws/install/turtlebot3_navigation2/share/turtlebot3_navigation2/map
[0.629s] -- Up-to-date: /home/ros_user/my_ws/install/turtlebot3_navigation2/share/turtlebot3_navigation2/map/turtlebot3_world.yaml
[0.630s] -- Up-to-date: /home/ros_user/my_ws/install/turtlebot3_navigation2/share/turtlebot3_navigation2/map/turtlebot3_world.pgm
[0.630s] -- Up-to-date: /home/ros_user/my_ws/install/turtlebot3_navigation2/share/turtlebot3_navigation2/param
[0.631s] -- Up-to-date: /home/ros_user/my_ws/install/turtlebot3_navigation2/share/turtlebot3_navigation2/param/burger.yaml
[0.632s] -- Up-to-date: /home/ros_user/my_ws/install/turtlebot3_navigation2/share/turtlebot3_navigation2/param/waffle.yaml
[0.634s] -- Up-to-date: /home/ros_user/my_ws/install/turtlebot3_navigation2/share/turtlebot3_navigation2/param/waffle_pi.yaml
[0.635s] -- Up-to-date: /home/ros_user/my_ws/install/turtlebot3_navigation2/share/turtlebot3_navigation2/rviz
[0.636s] -- Up-to-date: /home/ros_user/my_ws/install/turtlebot3_navigation2/share/turtlebot3_navigation2/rviz/tb3_navigation2.rviz
[0.636s] -- Up-to-date: /home/ros_user/my_ws/install/turtlebot3_navigation2/share/ament_index/resource_index/package_run_dependencies/turtlebot3_navigation2
[0.636s] -- Up-to-date: /home/ros_user/my_ws/install/turtlebot3_navigation2/share/ament_index/resource_index/parent_prefix_path/turtlebot3_navigation2
[0.636s] -- Up-to-date: /home/ros_user/my_ws/install/turtlebot3_navigation2/share/turtlebot3_navigation2/environment/ament_prefix_path.sh
[0.637s] -- Up-to-date: /home/ros_user/my_ws/install/turtlebot3_navigation2/share/turtlebot3_navigation2/environment/ament_prefix_path.dsv
[0.637s] -- Up-to-date: /home/ros_user/my_ws/install/turtlebot3_navigation2/share/turtlebot3_navigation2/environment/path.sh
[0.637s] -- Up-to-date: /home/ros_user/my_ws/install/turtlebot3_navigation2/share/turtlebot3_navigation2/environment/path.dsv
[0.638s] -- Up-to-date: /home/ros_user/my_ws/install/turtlebot3_navigation2/share/turtlebot3_navigation2/local_setup.bash
[0.638s] -- Up-to-date: /home/ros_user/my_ws/install/turtlebot3_navigation2/share/turtlebot3_navigation2/local_setup.sh
[0.641s] -- Up-to-date: /home/ros_user/my_ws/install/turtlebot3_navigation2/share/turtlebot3_navigation2/local_setup.zsh
[0.641s] -- Up-to-date: /home/ros_user/my_ws/install/turtlebot3_navigation2/share/turtlebot3_navigation2/local_setup.dsv
[0.642s] -- Installing: /home/ros_user/my_ws/install/turtlebot3_navigation2/share/turtlebot3_navigation2/package.dsv
[0.642s] -- Up-to-date: /home/ros_user/my_ws/install/turtlebot3_navigation2/share/ament_index/resource_index/packages/turtlebot3_navigation2
[0.642s] -- Up-to-date: /home/ros_user/my_ws/install/turtlebot3_navigation2/share/turtlebot3_navigation2/cmake/turtlebot3_navigation2Config.cmake
[0.643s] -- Up-to-date: /home/ros_user/my_ws/install/turtlebot3_navigation2/share/turtlebot3_navigation2/cmake/turtlebot3_navigation2Config-version.cmake
[0.643s] -- Up-to-date: /home/ros_user/my_ws/install/turtlebot3_navigation2/share/turtlebot3_navigation2/package.xml
[0.681s] Invoked command in '/home/ros_user/my_ws/build/turtlebot3_navigation2' returned '0': CMAKE_PREFIX_PATH=${CMAKE_PREFIX_PATH}:/home/ros_user/my_ws/install/obstacle_avoidance:/home/ros_user/my_ws/install/turtlebot3_teleop:/home/ros_user/my_ws/install/turtlebot3_example:/home/ros_user/turtlebot3_ws/install/my_new_package:/home/ros_user/turtlebot3_ws/install/my_obstacle_avoidance:/home/ros_user/turtlebot3_ws/install/turtlebot3_teleop:/home/ros_user/turtlebot3_ws/install/turtlebot3_obstacle_avoidance:/home/ros_user/turtlebot3_ws/install/turtlebot3_example:/home/ros_user/ros2_ws/install/ros2_course:/home/ros_user/doosan2_ws/install/dsr_example2_py:/opt/ros/foxy /usr/bin/cmake --install /home/ros_user/my_ws/build/turtlebot3_navigation2
