[4.057s] Invoking command in '/home/ros_user/my_ws/src/turtlebot3/turtlebot3_teleop': PYTHONPATH=/home/ros_user/my_ws/build/turtlebot3_teleop/prefix_override:/home/ros_user/my_ws/install/turtlebot3_teleop/lib/python3.8/site-packages:${PYTHONPATH} /usr/bin/python3 setup.py egg_info --egg-base ../../../build/turtlebot3_teleop build --build-base /home/ros_user/my_ws/build/turtlebot3_teleop/build install --record /home/ros_user/my_ws/build/turtlebot3_teleop/install.log --single-version-externally-managed
[4.683s] running egg_info
[4.684s] writing ../../../build/turtlebot3_teleop/turtlebot3_teleop.egg-info/PKG-INFO
[4.699s] writing dependency_links to ../../../build/turtlebot3_teleop/turtlebot3_teleop.egg-info/dependency_links.txt
[4.702s] writing entry points to ../../../build/turtlebot3_teleop/turtlebot3_teleop.egg-info/entry_points.txt
[4.704s] writing requirements to ../../../build/turtlebot3_teleop/turtlebot3_teleop.egg-info/requires.txt
[4.706s] writing top-level names to ../../../build/turtlebot3_teleop/turtlebot3_teleop.egg-info/top_level.txt
[4.829s] reading manifest file '../../../build/turtlebot3_teleop/turtlebot3_teleop.egg-info/SOURCES.txt'
[4.849s] writing manifest file '../../../build/turtlebot3_teleop/turtlebot3_teleop.egg-info/SOURCES.txt'
[4.849s] running build
[4.850s] running build_py
[4.864s] running install
[4.868s] running install_lib
[4.907s] running install_data
[4.909s] running install_egg_info
[4.910s] removing '/home/ros_user/my_ws/install/turtlebot3_teleop/lib/python3.8/site-packages/turtlebot3_teleop-2.1.4-py3.8.egg-info' (and everything under it)
[4.911s] Copying ../../../build/turtlebot3_teleop/turtlebot3_teleop.egg-info to /home/ros_user/my_ws/install/turtlebot3_teleop/lib/python3.8/site-packages/turtlebot3_teleop-2.1.4-py3.8.egg-info
[4.916s] running install_scripts
[4.949s] Installing teleop_keyboard script to /home/ros_user/my_ws/install/turtlebot3_teleop/lib/turtlebot3_teleop
[4.950s] writing list of installed files to '/home/ros_user/my_ws/build/turtlebot3_teleop/install.log'
[5.095s] Invoked command in '/home/ros_user/my_ws/src/turtlebot3/turtlebot3_teleop' returned '0': PYTHONPATH=/home/ros_user/my_ws/build/turtlebot3_teleop/prefix_override:/home/ros_user/my_ws/install/turtlebot3_teleop/lib/python3.8/site-packages:${PYTHONPATH} /usr/bin/python3 setup.py egg_info --egg-base ../../../build/turtlebot3_teleop build --build-base /home/ros_user/my_ws/build/turtlebot3_teleop/build install --record /home/ros_user/my_ws/build/turtlebot3_teleop/install.log --single-version-externally-managed
