[0.920s] Invoking command in '/home/ros_user/my_ws/build/turtlebot3_gazebo': CMAKE_PREFIX_PATH=/home/ros_user/my_ws/install/turtlebot3_description:/home/ros_user/my_ws/install/turtlebot3:/home/ros_user/my_ws/install/turtlebot3_simulations:/home/ros_user/my_ws/install/turtlebot3_bringup:/home/ros_user/my_ws/install/turtlebot3_node:/home/ros_user/my_ws/install/turtlebot3_navigation2:/home/ros_user/my_ws/install/turtlebot3_fake_node:/home/ros_user/my_ws/install/turtlebot3_msgs:/home/ros_user/my_ws/install/turtlebot3_gazebo:/home/ros_user/my_ws/install/turtlebot3_cartographer:/home/ros_user/turtlebot3_ws/install/turtlebot3:/home/ros_user/turtlebot3_ws/install/turtlebot3_simulations:/home/ros_user/turtlebot3_ws/install/turtlebot3_bringup:/home/ros_user/turtlebot3_ws/install/turtlebot3_node:/home/ros_user/turtlebot3_ws/install/turtlebot3_navigation2:/home/ros_user/turtlebot3_ws/install/turtlebot3_gazebo:/home/ros_user/turtlebot3_ws/install/turtlebot3_fake_node:/home/ros_user/turtlebot3_ws/install/turtlebot3_description:/home/ros_user/turtlebot3_ws/install/turtlebot3_cartographer:/home/ros_user/doosan2_ws/install/gazebo_ros2_control_demos:/home/ros_user/doosan2_ws/install/dsr_gazebo2:/home/ros_user/doosan2_ws/install/velocity_controllers:/home/ros_user/doosan2_ws/install/ros2_control:/home/ros_user/doosan2_ws/install/gazebo_ros2_control:/home/ros_user/doosan2_ws/install/transmission_interface:/home/ros_user/doosan2_ws/install/test_robot_hardware:/home/ros_user/doosan2_ws/install/ros2_controllers:/home/ros_user/doosan2_ws/install/position_controllers:/home/ros_user/doosan2_ws/install/dsr_control2:/home/ros_user/doosan2_ws/install/moveit_msgs:/home/ros_user/doosan2_ws/install/joint_trajectory_controller:/home/ros_user/doosan2_ws/install/joint_state_controller:/home/ros_user/doosan2_ws/install/joint_limits_interface:/home/ros_user/doosan2_ws/install/effort_controllers:/home/ros_user/doosan2_ws/install/forward_command_controller:/home/ros_user/doosan2_ws/install/diff_drive_controller:/home/ros_user/doosan2_ws/install/controller_manager:/home/ros_user/doosan2_ws/install/controller_interface:/home/ros_user/doosan2_ws/install/hardware_interface:/home/ros_user/doosan2_ws/install/dsr_msgs2:/home/ros_user/doosan2_ws/install/dsr_launcher2:/home/ros_user/doosan2_ws/install/dsr_description2:/home/ros_user/doosan2_ws/install/controller_manager_msgs:/home/ros_user/doosan2_ws/install/common2:/home/ros_user/my_ws/install/turtlebot3_teleop:/home/ros_user/my_ws/install/turtlebot3_example:/home/ros_user/my_ws/install/obstacle_avoidance:/home/ros_user/turtlebot3_ws/install/turtlebot3_teleop:/home/ros_user/turtlebot3_ws/install/turtlebot3_obstacle_avoidance:/home/ros_user/turtlebot3_ws/install/turtlebot3_example:/home/ros_user/turtlebot3_ws/install/my_obstacle_avoidance:/home/ros_user/turtlebot3_ws/install/my_new_package:/home/ros_user/ros2_ws/install/ros2_course:/home/ros_user/doosan2_ws/install/dsr_example2_py:/opt/ros/foxy /usr/bin/cmake --build /home/ros_user/my_ws/build/turtlebot3_gazebo -- -j4 -l4
[1.124s] [ 25%] Built target turtlebot3_drive
[1.181s] [ 50%] Built target obstacles
[1.251s] [ 75%] Built target obstacle1
[1.292s] [100%] Built target obstacle2
[1.340s] Invoked command in '/home/ros_user/my_ws/build/turtlebot3_gazebo' returned '0': CMAKE_PREFIX_PATH=/home/ros_user/my_ws/install/turtlebot3_description:/home/ros_user/my_ws/install/turtlebot3:/home/ros_user/my_ws/install/turtlebot3_simulations:/home/ros_user/my_ws/install/turtlebot3_bringup:/home/ros_user/my_ws/install/turtlebot3_node:/home/ros_user/my_ws/install/turtlebot3_navigation2:/home/ros_user/my_ws/install/turtlebot3_fake_node:/home/ros_user/my_ws/install/turtlebot3_msgs:/home/ros_user/my_ws/install/turtlebot3_gazebo:/home/ros_user/my_ws/install/turtlebot3_cartographer:/home/ros_user/turtlebot3_ws/install/turtlebot3:/home/ros_user/turtlebot3_ws/install/turtlebot3_simulations:/home/ros_user/turtlebot3_ws/install/turtlebot3_bringup:/home/ros_user/turtlebot3_ws/install/turtlebot3_node:/home/ros_user/turtlebot3_ws/install/turtlebot3_navigation2:/home/ros_user/turtlebot3_ws/install/turtlebot3_gazebo:/home/ros_user/turtlebot3_ws/install/turtlebot3_fake_node:/home/ros_user/turtlebot3_ws/install/turtlebot3_description:/home/ros_user/turtlebot3_ws/install/turtlebot3_cartographer:/home/ros_user/doosan2_ws/install/gazebo_ros2_control_demos:/home/ros_user/doosan2_ws/install/dsr_gazebo2:/home/ros_user/doosan2_ws/install/velocity_controllers:/home/ros_user/doosan2_ws/install/ros2_control:/home/ros_user/doosan2_ws/install/gazebo_ros2_control:/home/ros_user/doosan2_ws/install/transmission_interface:/home/ros_user/doosan2_ws/install/test_robot_hardware:/home/ros_user/doosan2_ws/install/ros2_controllers:/home/ros_user/doosan2_ws/install/position_controllers:/home/ros_user/doosan2_ws/install/dsr_control2:/home/ros_user/doosan2_ws/install/moveit_msgs:/home/ros_user/doosan2_ws/install/joint_trajectory_controller:/home/ros_user/doosan2_ws/install/joint_state_controller:/home/ros_user/doosan2_ws/install/joint_limits_interface:/home/ros_user/doosan2_ws/install/effort_controllers:/home/ros_user/doosan2_ws/install/forward_command_controller:/home/ros_user/doosan2_ws/install/diff_drive_controller:/home/ros_user/doosan2_ws/install/controller_manager:/home/ros_user/doosan2_ws/install/controller_interface:/home/ros_user/doosan2_ws/install/hardware_interface:/home/ros_user/doosan2_ws/install/dsr_msgs2:/home/ros_user/doosan2_ws/install/dsr_launcher2:/home/ros_user/doosan2_ws/install/dsr_description2:/home/ros_user/doosan2_ws/install/controller_manager_msgs:/home/ros_user/doosan2_ws/install/common2:/home/ros_user/my_ws/install/turtlebot3_teleop:/home/ros_user/my_ws/install/turtlebot3_example:/home/ros_user/my_ws/install/obstacle_avoidance:/home/ros_user/turtlebot3_ws/install/turtlebot3_teleop:/home/ros_user/turtlebot3_ws/install/turtlebot3_obstacle_avoidance:/home/ros_user/turtlebot3_ws/install/turtlebot3_example:/home/ros_user/turtlebot3_ws/install/my_obstacle_avoidance:/home/ros_user/turtlebot3_ws/install/my_new_package:/home/ros_user/ros2_ws/install/ros2_course:/home/ros_user/doosan2_ws/install/dsr_example2_py:/opt/ros/foxy /usr/bin/cmake --build /home/ros_user/my_ws/build/turtlebot3_gazebo -- -j4 -l4
[1.498s] Invoking command in '/home/ros_user/my_ws/build/turtlebot3_gazebo': CMAKE_PREFIX_PATH=/home/ros_user/my_ws/install/turtlebot3_description:/home/ros_user/my_ws/install/turtlebot3:/home/ros_user/my_ws/install/turtlebot3_simulations:/home/ros_user/my_ws/install/turtlebot3_bringup:/home/ros_user/my_ws/install/turtlebot3_node:/home/ros_user/my_ws/install/turtlebot3_navigation2:/home/ros_user/my_ws/install/turtlebot3_fake_node:/home/ros_user/my_ws/install/turtlebot3_msgs:/home/ros_user/my_ws/install/turtlebot3_gazebo:/home/ros_user/my_ws/install/turtlebot3_cartographer:/home/ros_user/turtlebot3_ws/install/turtlebot3:/home/ros_user/turtlebot3_ws/install/turtlebot3_simulations:/home/ros_user/turtlebot3_ws/install/turtlebot3_bringup:/home/ros_user/turtlebot3_ws/install/turtlebot3_node:/home/ros_user/turtlebot3_ws/install/turtlebot3_navigation2:/home/ros_user/turtlebot3_ws/install/turtlebot3_gazebo:/home/ros_user/turtlebot3_ws/install/turtlebot3_fake_node:/home/ros_user/turtlebot3_ws/install/turtlebot3_description:/home/ros_user/turtlebot3_ws/install/turtlebot3_cartographer:/home/ros_user/doosan2_ws/install/gazebo_ros2_control_demos:/home/ros_user/doosan2_ws/install/dsr_gazebo2:/home/ros_user/doosan2_ws/install/velocity_controllers:/home/ros_user/doosan2_ws/install/ros2_control:/home/ros_user/doosan2_ws/install/gazebo_ros2_control:/home/ros_user/doosan2_ws/install/transmission_interface:/home/ros_user/doosan2_ws/install/test_robot_hardware:/home/ros_user/doosan2_ws/install/ros2_controllers:/home/ros_user/doosan2_ws/install/position_controllers:/home/ros_user/doosan2_ws/install/dsr_control2:/home/ros_user/doosan2_ws/install/moveit_msgs:/home/ros_user/doosan2_ws/install/joint_trajectory_controller:/home/ros_user/doosan2_ws/install/joint_state_controller:/home/ros_user/doosan2_ws/install/joint_limits_interface:/home/ros_user/doosan2_ws/install/effort_controllers:/home/ros_user/doosan2_ws/install/forward_command_controller:/home/ros_user/doosan2_ws/install/diff_drive_controller:/home/ros_user/doosan2_ws/install/controller_manager:/home/ros_user/doosan2_ws/install/controller_interface:/home/ros_user/doosan2_ws/install/hardware_interface:/home/ros_user/doosan2_ws/install/dsr_msgs2:/home/ros_user/doosan2_ws/install/dsr_launcher2:/home/ros_user/doosan2_ws/install/dsr_description2:/home/ros_user/doosan2_ws/install/controller_manager_msgs:/home/ros_user/doosan2_ws/install/common2:/home/ros_user/my_ws/install/turtlebot3_teleop:/home/ros_user/my_ws/install/turtlebot3_example:/home/ros_user/my_ws/install/obstacle_avoidance:/home/ros_user/turtlebot3_ws/install/turtlebot3_teleop:/home/ros_user/turtlebot3_ws/install/turtlebot3_obstacle_avoidance:/home/ros_user/turtlebot3_ws/install/turtlebot3_example:/home/ros_user/turtlebot3_ws/install/my_obstacle_avoidance:/home/ros_user/turtlebot3_ws/install/my_new_package:/home/ros_user/ros2_ws/install/ros2_course:/home/ros_user/doosan2_ws/install/dsr_example2_py:/opt/ros/foxy /usr/bin/cmake --install /home/ros_user/my_ws/build/turtlebot3_gazebo
[1.540s] -- Install configuration: ""
[1.542s] -- Up-to-date: /home/ros_user/my_ws/install/turtlebot3_gazebo/lib/turtlebot3_gazebo/turtlebot3_drive
[1.543s] -- Up-to-date: /home/ros_user/my_ws/install/turtlebot3_gazebo/share/turtlebot3_gazebo//launch
[1.544s] -- Up-to-date: /home/ros_user/my_ws/install/turtlebot3_gazebo/share/turtlebot3_gazebo//launch/empty_world.launch.py
[1.547s] -- Up-to-date: /home/ros_user/my_ws/install/turtlebot3_gazebo/share/turtlebot3_gazebo//launch/turtlebot3_dqn_stage2.launch.py
[1.548s] -- Up-to-date: /home/ros_user/my_ws/install/turtlebot3_gazebo/share/turtlebot3_gazebo//launch/turtlebot3_world.launch.py
[1.549s] -- Up-to-date: /home/ros_user/my_ws/install/turtlebot3_gazebo/share/turtlebot3_gazebo//launch/robot_state_publisher.launch.py
[1.549s] -- Up-to-date: /home/ros_user/my_ws/install/turtlebot3_gazebo/share/turtlebot3_gazebo//launch/turtlebot3_dqn_stage1.launch.py
[1.549s] -- Up-to-date: /home/ros_user/my_ws/install/turtlebot3_gazebo/share/turtlebot3_gazebo//launch/turtlebot3_autorace.launch.py
[1.550s] -- Up-to-date: /home/ros_user/my_ws/install/turtlebot3_gazebo/share/turtlebot3_gazebo//launch/turtlebot3_dqn_stage4.launch.py
[1.550s] -- Up-to-date: /home/ros_user/my_ws/install/turtlebot3_gazebo/share/turtlebot3_gazebo//launch/turtlebot3_house.launch.py
[1.550s] -- Up-to-date: /home/ros_user/my_ws/install/turtlebot3_gazebo/share/turtlebot3_gazebo//launch/turtlebot3_dqn_stage3.launch.py
[1.551s] -- Up-to-date: /home/ros_user/my_ws/install/turtlebot3_gazebo/share/turtlebot3_gazebo//models
[1.551s] -- Up-to-date: /home/ros_user/my_ws/install/turtlebot3_gazebo/share/turtlebot3_gazebo//models/turtlebot3_house
[1.552s] -- Up-to-date: /home/ros_user/my_ws/install/turtlebot3_gazebo/share/turtlebot3_gazebo//models/turtlebot3_house/model.sdf
[1.552s] -- Up-to-date: /home/ros_user/my_ws/install/turtlebot3_gazebo/share/turtlebot3_gazebo//models/turtlebot3_house/model.config
[1.552s] -- Up-to-date: /home/ros_user/my_ws/install/turtlebot3_gazebo/share/turtlebot3_gazebo//models/turtlebot3_autorace
[1.552s] -- Up-to-date: /home/ros_user/my_ws/install/turtlebot3_gazebo/share/turtlebot3_gazebo//models/turtlebot3_autorace/traffic_light_green
[1.553s] -- Up-to-date: /home/ros_user/my_ws/install/turtlebot3_gazebo/share/turtlebot3_gazebo//models/turtlebot3_autorace/traffic_light_green/model.sdf
[1.553s] -- Up-to-date: /home/ros_user/my_ws/install/turtlebot3_gazebo/share/turtlebot3_gazebo//models/turtlebot3_autorace/traffic_light_green/model.config
[1.553s] -- Up-to-date: /home/ros_user/my_ws/install/turtlebot3_gazebo/share/turtlebot3_gazebo//models/turtlebot3_autorace/course
[1.554s] -- Up-to-date: /home/ros_user/my_ws/install/turtlebot3_gazebo/share/turtlebot3_gazebo//models/turtlebot3_autorace/course/model.sdf
[1.554s] -- Up-to-date: /home/ros_user/my_ws/install/turtlebot3_gazebo/share/turtlebot3_gazebo//models/turtlebot3_autorace/course/materials
[1.554s] -- Up-to-date: /home/ros_user/my_ws/install/turtlebot3_gazebo/share/turtlebot3_gazebo//models/turtlebot3_autorace/course/materials/textures
[1.555s] -- Up-to-date: /home/ros_user/my_ws/install/turtlebot3_gazebo/share/turtlebot3_gazebo//models/turtlebot3_autorace/course/materials/textures/course.png
[1.556s] -- Up-to-date: /home/ros_user/my_ws/install/turtlebot3_gazebo/share/turtlebot3_gazebo//models/turtlebot3_autorace/course/materials/scripts
[1.556s] -- Up-to-date: /home/ros_user/my_ws/install/turtlebot3_gazebo/share/turtlebot3_gazebo//models/turtlebot3_autorace/course/materials/scripts/course.material
[1.556s] -- Up-to-date: /home/ros_user/my_ws/install/turtlebot3_gazebo/share/turtlebot3_gazebo//models/turtlebot3_autorace/course/model.config
[1.557s] -- Up-to-date: /home/ros_user/my_ws/install/turtlebot3_gazebo/share/turtlebot3_gazebo//models/turtlebot3_autorace/traffic_parking
[1.557s] -- Up-to-date: /home/ros_user/my_ws/install/turtlebot3_gazebo/share/turtlebot3_gazebo//models/turtlebot3_autorace/traffic_parking/model.sdf
[1.558s] -- Up-to-date: /home/ros_user/my_ws/install/turtlebot3_gazebo/share/turtlebot3_gazebo//models/turtlebot3_autorace/traffic_parking/materials
[1.558s] -- Up-to-date: /home/ros_user/my_ws/install/turtlebot3_gazebo/share/turtlebot3_gazebo//models/turtlebot3_autorace/traffic_parking/materials/textures
[1.558s] -- Up-to-date: /home/ros_user/my_ws/install/turtlebot3_gazebo/share/turtlebot3_gazebo//models/turtlebot3_autorace/traffic_parking/materials/textures/traffic_parking.png
[1.559s] -- Up-to-date: /home/ros_user/my_ws/install/turtlebot3_gazebo/share/turtlebot3_gazebo//models/turtlebot3_autorace/traffic_parking/materials/scripts
[1.560s] -- Up-to-date: /home/ros_user/my_ws/install/turtlebot3_gazebo/share/turtlebot3_gazebo//models/turtlebot3_autorace/traffic_parking/materials/scripts/traffic_parking.material
[1.560s] -- Up-to-date: /home/ros_user/my_ws/install/turtlebot3_gazebo/share/turtlebot3_gazebo//models/turtlebot3_autorace/traffic_parking/model.config
[1.560s] -- Up-to-date: /home/ros_user/my_ws/install/turtlebot3_gazebo/share/turtlebot3_gazebo//models/turtlebot3_autorace/traffic_bar_up
[1.561s] -- Up-to-date: /home/ros_user/my_ws/install/turtlebot3_gazebo/share/turtlebot3_gazebo//models/turtlebot3_autorace/traffic_bar_up/model.sdf
[1.561s] -- Up-to-date: /home/ros_user/my_ws/install/turtlebot3_gazebo/share/turtlebot3_gazebo//models/turtlebot3_autorace/traffic_bar_up/materials
[1.561s] -- Up-to-date: /home/ros_user/my_ws/install/turtlebot3_gazebo/share/turtlebot3_gazebo//models/turtlebot3_autorace/traffic_bar_up/materials/textures
[1.562s] -- Up-to-date: /home/ros_user/my_ws/install/turtlebot3_gazebo/share/turtlebot3_gazebo//models/turtlebot3_autorace/traffic_bar_up/materials/textures/traffic_bar.png
[1.562s] -- Up-to-date: /home/ros_user/my_ws/install/turtlebot3_gazebo/share/turtlebot3_gazebo//models/turtlebot3_autorace/traffic_bar_up/materials/scripts
[1.563s] -- Up-to-date: /home/ros_user/my_ws/install/turtlebot3_gazebo/share/turtlebot3_gazebo//models/turtlebot3_autorace/traffic_bar_up/materials/scripts/traffic_bar.material
[1.563s] -- Up-to-date: /home/ros_user/my_ws/install/turtlebot3_gazebo/share/turtlebot3_gazebo//models/turtlebot3_autorace/traffic_bar_up/model.config
[1.564s] -- Up-to-date: /home/ros_user/my_ws/install/turtlebot3_gazebo/share/turtlebot3_gazebo//models/turtlebot3_autorace/traffic_light_red
[1.564s] -- Up-to-date: /home/ros_user/my_ws/install/turtlebot3_gazebo/share/turtlebot3_gazebo//models/turtlebot3_autorace/traffic_light_red/model.sdf
[1.564s] -- Up-to-date: /home/ros_user/my_ws/install/turtlebot3_gazebo/share/turtlebot3_gazebo//models/turtlebot3_autorace/traffic_light_red/model.config
[1.564s] -- Up-to-date: /home/ros_user/my_ws/install/turtlebot3_gazebo/share/turtlebot3_gazebo//models/turtlebot3_autorace/tunnel_obstacles
[1.568s] -- Up-to-date: /home/ros_user/my_ws/install/turtlebot3_gazebo/share/turtlebot3_gazebo//models/turtlebot3_autorace/tunnel_obstacles/model.sdf
[1.569s] -- Up-to-date: /home/ros_user/my_ws/install/turtlebot3_gazebo/share/turtlebot3_gazebo//models/turtlebot3_autorace/tunnel_obstacles/model.config
[1.569s] -- Up-to-date: /home/ros_user/my_ws/install/turtlebot3_gazebo/share/turtlebot3_gazebo//models/turtlebot3_autorace/traffic_stop
[1.569s] -- Up-to-date: /home/ros_user/my_ws/install/turtlebot3_gazebo/share/turtlebot3_gazebo//models/turtlebot3_autorace/traffic_stop/model.sdf
[1.570s] -- Up-to-date: /home/ros_user/my_ws/install/turtlebot3_gazebo/share/turtlebot3_gazebo//models/turtlebot3_autorace/traffic_stop/materials
[1.570s] -- Up-to-date: /home/ros_user/my_ws/install/turtlebot3_gazebo/share/turtlebot3_gazebo//models/turtlebot3_autorace/traffic_stop/materials/textures
[1.570s] -- Up-to-date: /home/ros_user/my_ws/install/turtlebot3_gazebo/share/turtlebot3_gazebo//models/turtlebot3_autorace/traffic_stop/materials/textures/traffic_stop.png
[1.571s] -- Up-to-date: /home/ros_user/my_ws/install/turtlebot3_gazebo/share/turtlebot3_gazebo//models/turtlebot3_autorace/traffic_stop/materials/scripts
[1.571s] -- Up-to-date: /home/ros_user/my_ws/install/turtlebot3_gazebo/share/turtlebot3_gazebo//models/turtlebot3_autorace/traffic_stop/materials/scripts/traffic_stop.material
[1.571s] -- Up-to-date: /home/ros_user/my_ws/install/turtlebot3_gazebo/share/turtlebot3_gazebo//models/turtlebot3_autorace/traffic_stop/model.config
[1.572s] -- Up-to-date: /home/ros_user/my_ws/install/turtlebot3_gazebo/share/turtlebot3_gazebo//models/turtlebot3_autorace/lights
[1.572s] -- Up-to-date: /home/ros_user/my_ws/install/turtlebot3_gazebo/share/turtlebot3_gazebo//models/turtlebot3_autorace/lights/model.sdf
[1.573s] -- Up-to-date: /home/ros_user/my_ws/install/turtlebot3_gazebo/share/turtlebot3_gazebo//models/turtlebot3_autorace/lights/model.config
[1.573s] -- Up-to-date: /home/ros_user/my_ws/install/turtlebot3_gazebo/share/turtlebot3_gazebo//models/turtlebot3_autorace/traffic_tunnel
[1.574s] -- Up-to-date: /home/ros_user/my_ws/install/turtlebot3_gazebo/share/turtlebot3_gazebo//models/turtlebot3_autorace/traffic_tunnel/model.sdf
[1.574s] -- Up-to-date: /home/ros_user/my_ws/install/turtlebot3_gazebo/share/turtlebot3_gazebo//models/turtlebot3_autorace/traffic_tunnel/materials
[1.574s] -- Up-to-date: /home/ros_user/my_ws/install/turtlebot3_gazebo/share/turtlebot3_gazebo//models/turtlebot3_autorace/traffic_tunnel/materials/textures
[1.575s] -- Up-to-date: /home/ros_user/my_ws/install/turtlebot3_gazebo/share/turtlebot3_gazebo//models/turtlebot3_autorace/traffic_tunnel/materials/textures/tunnel.png
[1.575s] -- Up-to-date: /home/ros_user/my_ws/install/turtlebot3_gazebo/share/turtlebot3_gazebo//models/turtlebot3_autorace/traffic_tunnel/materials/scripts
[1.576s] -- Up-to-date: /home/ros_user/my_ws/install/turtlebot3_gazebo/share/turtlebot3_gazebo//models/turtlebot3_autorace/traffic_tunnel/materials/scripts/tunnel.material
[1.576s] -- Up-to-date: /home/ros_user/my_ws/install/turtlebot3_gazebo/share/turtlebot3_gazebo//models/turtlebot3_autorace/traffic_tunnel/model.config
[1.577s] -- Up-to-date: /home/ros_user/my_ws/install/turtlebot3_gazebo/share/turtlebot3_gazebo//models/turtlebot3_autorace/traffic_light_yellow
[1.577s] -- Up-to-date: /home/ros_user/my_ws/install/turtlebot3_gazebo/share/turtlebot3_gazebo//models/turtlebot3_autorace/traffic_light_yellow/model.sdf
[1.577s] -- Up-to-date: /home/ros_user/my_ws/install/turtlebot3_gazebo/share/turtlebot3_gazebo//models/turtlebot3_autorace/traffic_light_yellow/model.config
[1.577s] -- Up-to-date: /home/ros_user/my_ws/install/turtlebot3_gazebo/share/turtlebot3_gazebo//models/turtlebot3_autorace/traffic_bar_down
[1.581s] -- Up-to-date: /home/ros_user/my_ws/install/turtlebot3_gazebo/share/turtlebot3_gazebo//models/turtlebot3_autorace/traffic_bar_down/model.sdf
[1.582s] -- Up-to-date: /home/ros_user/my_ws/install/turtlebot3_gazebo/share/turtlebot3_gazebo//models/turtlebot3_autorace/traffic_bar_down/materials
[1.582s] -- Up-to-date: /home/ros_user/my_ws/install/turtlebot3_gazebo/share/turtlebot3_gazebo//models/turtlebot3_autorace/traffic_bar_down/materials/textures
[1.582s] -- Up-to-date: /home/ros_user/my_ws/install/turtlebot3_gazebo/share/turtlebot3_gazebo//models/turtlebot3_autorace/traffic_bar_down/materials/textures/traffic_bar.png
[1.583s] -- Up-to-date: /home/ros_user/my_ws/install/turtlebot3_gazebo/share/turtlebot3_gazebo//models/turtlebot3_autorace/traffic_bar_down/materials/scripts
[1.583s] -- Up-to-date: /home/ros_user/my_ws/install/turtlebot3_gazebo/share/turtlebot3_gazebo//models/turtlebot3_autorace/traffic_bar_down/materials/scripts/traffic_bar.material
[1.583s] -- Up-to-date: /home/ros_user/my_ws/install/turtlebot3_gazebo/share/turtlebot3_gazebo//models/turtlebot3_autorace/traffic_bar_down/model.config
[1.584s] -- Up-to-date: /home/ros_user/my_ws/install/turtlebot3_gazebo/share/turtlebot3_gazebo//models/turtlebot3_autorace/tunnel_wall
[1.584s] -- Up-to-date: /home/ros_user/my_ws/install/turtlebot3_gazebo/share/turtlebot3_gazebo//models/turtlebot3_autorace/tunnel_wall/model.sdf
[1.584s] -- Up-to-date: /home/ros_user/my_ws/install/turtlebot3_gazebo/share/turtlebot3_gazebo//models/turtlebot3_autorace/tunnel_wall/model.config
[1.585s] -- Up-to-date: /home/ros_user/my_ws/install/turtlebot3_gazebo/share/turtlebot3_gazebo//models/turtlebot3_autorace/ground
[1.585s] -- Up-to-date: /home/ros_user/my_ws/install/turtlebot3_gazebo/share/turtlebot3_gazebo//models/turtlebot3_autorace/ground/model.sdf
[1.587s] -- Up-to-date: /home/ros_user/my_ws/install/turtlebot3_gazebo/share/turtlebot3_gazebo//models/turtlebot3_autorace/ground/model.config
[1.587s] -- Up-to-date: /home/ros_user/my_ws/install/turtlebot3_gazebo/share/turtlebot3_gazebo//models/turtlebot3_autorace/model.config
[1.587s] -- Up-to-date: /home/ros_user/my_ws/install/turtlebot3_gazebo/share/turtlebot3_gazebo//models/turtlebot3_waffle_pi
[1.588s] -- Up-to-date: /home/ros_user/my_ws/install/turtlebot3_gazebo/share/turtlebot3_gazebo//models/turtlebot3_waffle_pi/model.sdf
[1.588s] -- Up-to-date: /home/ros_user/my_ws/install/turtlebot3_gazebo/share/turtlebot3_gazebo//models/turtlebot3_waffle_pi/model-1_4_.sdf
[1.589s] -- Up-to-date: /home/ros_user/my_ws/install/turtlebot3_gazebo/share/turtlebot3_gazebo//models/turtlebot3_waffle_pi/meshes
[1.589s] -- Up-to-date: /home/ros_user/my_ws/install/turtlebot3_gazebo/share/turtlebot3_gazebo//models/turtlebot3_waffle_pi/meshes/tire.dae
[1.589s] -- Up-to-date: /home/ros_user/my_ws/install/turtlebot3_gazebo/share/turtlebot3_gazebo//models/turtlebot3_waffle_pi/meshes/lds.dae
[1.604s] -- Up-to-date: /home/ros_user/my_ws/install/turtlebot3_gazebo/share/turtlebot3_gazebo//models/turtlebot3_waffle_pi/meshes/waffle_pi_base.dae
[1.605s] -- Up-to-date: /home/ros_user/my_ws/install/turtlebot3_gazebo/share/turtlebot3_gazebo//models/turtlebot3_waffle_pi/model.config
[1.605s] -- Up-to-date: /home/ros_user/my_ws/install/turtlebot3_gazebo/share/turtlebot3_gazebo//models/turtlebot3_waffle
[1.606s] -- Up-to-date: /home/ros_user/my_ws/install/turtlebot3_gazebo/share/turtlebot3_gazebo//models/turtlebot3_waffle/model.sdf
[1.606s] -- Up-to-date: /home/ros_user/my_ws/install/turtlebot3_gazebo/share/turtlebot3_gazebo//models/turtlebot3_waffle/model-1_4.sdf
[1.606s] -- Up-to-date: /home/ros_user/my_ws/install/turtlebot3_gazebo/share/turtlebot3_gazebo//models/turtlebot3_waffle/meshes
[1.606s] -- Up-to-date: /home/ros_user/my_ws/install/turtlebot3_gazebo/share/turtlebot3_gazebo//models/turtlebot3_waffle/meshes/tire.dae
[1.607s] -- Up-to-date: /home/ros_user/my_ws/install/turtlebot3_gazebo/share/turtlebot3_gazebo//models/turtlebot3_waffle/meshes/lds.dae
[1.608s] -- Up-to-date: /home/ros_user/my_ws/install/turtlebot3_gazebo/share/turtlebot3_gazebo//models/turtlebot3_waffle/meshes/waffle_base.dae
[1.608s] -- Up-to-date: /home/ros_user/my_ws/install/turtlebot3_gazebo/share/turtlebot3_gazebo//models/turtlebot3_waffle/meshes/r200.dae
[1.608s] -- Up-to-date: /home/ros_user/my_ws/install/turtlebot3_gazebo/share/turtlebot3_gazebo//models/turtlebot3_waffle/model.config
[1.609s] -- Up-to-date: /home/ros_user/my_ws/install/turtlebot3_gazebo/share/turtlebot3_gazebo//models/turtlebot3_dqn_world
[1.609s] -- Up-to-date: /home/ros_user/my_ws/install/turtlebot3_gazebo/share/turtlebot3_gazebo//models/turtlebot3_dqn_world/obstacle1
[1.610s] -- Up-to-date: /home/ros_user/my_ws/install/turtlebot3_gazebo/share/turtlebot3_gazebo//models/turtlebot3_dqn_world/obstacle1/model.sdf
[1.610s] -- Up-to-date: /home/ros_user/my_ws/install/turtlebot3_gazebo/share/turtlebot3_gazebo//models/turtlebot3_dqn_world/obstacle1/model.config
[1.610s] -- Up-to-date: /home/ros_user/my_ws/install/turtlebot3_gazebo/share/turtlebot3_gazebo//models/turtlebot3_dqn_world/inner_walls
[1.611s] -- Up-to-date: /home/ros_user/my_ws/install/turtlebot3_gazebo/share/turtlebot3_gazebo//models/turtlebot3_dqn_world/inner_walls/model.sdf
[1.611s] -- Up-to-date: /home/ros_user/my_ws/install/turtlebot3_gazebo/share/turtlebot3_gazebo//models/turtlebot3_dqn_world/inner_walls/model.config
[1.612s] -- Up-to-date: /home/ros_user/my_ws/install/turtlebot3_gazebo/share/turtlebot3_gazebo//models/turtlebot3_dqn_world/model.sdf
[1.612s] -- Up-to-date: /home/ros_user/my_ws/install/turtlebot3_gazebo/share/turtlebot3_gazebo//models/turtlebot3_dqn_world/obstacles
[1.612s] -- Up-to-date: /home/ros_user/my_ws/install/turtlebot3_gazebo/share/turtlebot3_gazebo//models/turtlebot3_dqn_world/obstacles/model.sdf
[1.613s] -- Up-to-date: /home/ros_user/my_ws/install/turtlebot3_gazebo/share/turtlebot3_gazebo//models/turtlebot3_dqn_world/obstacles/model.config
[1.613s] -- Up-to-date: /home/ros_user/my_ws/install/turtlebot3_gazebo/share/turtlebot3_gazebo//models/turtlebot3_dqn_world/goal_box
[1.615s] -- Up-to-date: /home/ros_user/my_ws/install/turtlebot3_gazebo/share/turtlebot3_gazebo//models/turtlebot3_dqn_world/goal_box/model.sdf
[1.615s] -- Up-to-date: /home/ros_user/my_ws/install/turtlebot3_gazebo/share/turtlebot3_gazebo//models/turtlebot3_dqn_world/goal_box/model.config
[1.615s] -- Up-to-date: /home/ros_user/my_ws/install/turtlebot3_gazebo/share/turtlebot3_gazebo//models/turtlebot3_dqn_world/obstacle_plugin
[1.626s] -- Up-to-date: /home/ros_user/my_ws/install/turtlebot3_gazebo/share/turtlebot3_gazebo//models/turtlebot3_dqn_world/obstacle_plugin/obstacle1.cc
[1.627s] -- Up-to-date: /home/ros_user/my_ws/install/turtlebot3_gazebo/share/turtlebot3_gazebo//models/turtlebot3_dqn_world/obstacle_plugin/obstacle2.cc
[1.628s] -- Up-to-date: /home/ros_user/my_ws/install/turtlebot3_gazebo/share/turtlebot3_gazebo//models/turtlebot3_dqn_world/obstacle_plugin/obstacles.cc
[1.632s] -- Up-to-date: /home/ros_user/my_ws/install/turtlebot3_gazebo/share/turtlebot3_gazebo//models/turtlebot3_dqn_world/obstacle_plugin/CMakeLists.txt
[1.634s] -- Up-to-date: /home/ros_user/my_ws/install/turtlebot3_gazebo/share/turtlebot3_gazebo//models/turtlebot3_dqn_world/obstacle2
[1.634s] -- Up-to-date: /home/ros_user/my_ws/install/turtlebot3_gazebo/share/turtlebot3_gazebo//models/turtlebot3_dqn_world/obstacle2/model.sdf
[1.635s] -- Up-to-date: /home/ros_user/my_ws/install/turtlebot3_gazebo/share/turtlebot3_gazebo//models/turtlebot3_dqn_world/obstacle2/model.config
[1.635s] -- Up-to-date: /home/ros_user/my_ws/install/turtlebot3_gazebo/share/turtlebot3_gazebo//models/turtlebot3_dqn_world/model.config
[1.636s] -- Up-to-date: /home/ros_user/my_ws/install/turtlebot3_gazebo/share/turtlebot3_gazebo//models/turtlebot3_burger
[1.637s] -- Up-to-date: /home/ros_user/my_ws/install/turtlebot3_gazebo/share/turtlebot3_gazebo//models/turtlebot3_burger/model.sdf
[1.637s] -- Up-to-date: /home/ros_user/my_ws/install/turtlebot3_gazebo/share/turtlebot3_gazebo//models/turtlebot3_burger/model-1_4.sdf
[1.637s] -- Up-to-date: /home/ros_user/my_ws/install/turtlebot3_gazebo/share/turtlebot3_gazebo//models/turtlebot3_burger/meshes
[1.638s] -- Up-to-date: /home/ros_user/my_ws/install/turtlebot3_gazebo/share/turtlebot3_gazebo//models/turtlebot3_burger/meshes/burger_base.dae
[1.638s] -- Up-to-date: /home/ros_user/my_ws/install/turtlebot3_gazebo/share/turtlebot3_gazebo//models/turtlebot3_burger/meshes/tire.dae
[1.640s] -- Up-to-date: /home/ros_user/my_ws/install/turtlebot3_gazebo/share/turtlebot3_gazebo//models/turtlebot3_burger/meshes/lds.dae
[1.646s] -- Up-to-date: /home/ros_user/my_ws/install/turtlebot3_gazebo/share/turtlebot3_gazebo//models/turtlebot3_burger/model.config
[1.646s] -- Up-to-date: /home/ros_user/my_ws/install/turtlebot3_gazebo/share/turtlebot3_gazebo//models/turtlebot3_world
[1.647s] -- Up-to-date: /home/ros_user/my_ws/install/turtlebot3_gazebo/share/turtlebot3_gazebo//models/turtlebot3_world/model.sdf
[1.647s] -- Up-to-date: /home/ros_user/my_ws/install/turtlebot3_gazebo/share/turtlebot3_gazebo//models/turtlebot3_world/model-1_4.sdf
[1.648s] -- Up-to-date: /home/ros_user/my_ws/install/turtlebot3_gazebo/share/turtlebot3_gazebo//models/turtlebot3_world/meshes
[1.649s] -- Up-to-date: /home/ros_user/my_ws/install/turtlebot3_gazebo/share/turtlebot3_gazebo//models/turtlebot3_world/meshes/wall.dae
[1.649s] -- Up-to-date: /home/ros_user/my_ws/install/turtlebot3_gazebo/share/turtlebot3_gazebo//models/turtlebot3_world/meshes/hexagon.dae
[1.649s] -- Up-to-date: /home/ros_user/my_ws/install/turtlebot3_gazebo/share/turtlebot3_gazebo//models/turtlebot3_world/model.config
[1.650s] -- Up-to-date: /home/ros_user/my_ws/install/turtlebot3_gazebo/share/turtlebot3_gazebo//rviz
[1.650s] -- Up-to-date: /home/ros_user/my_ws/install/turtlebot3_gazebo/share/turtlebot3_gazebo//rviz/tb3_gazebo.rviz
[1.650s] -- Up-to-date: /home/ros_user/my_ws/install/turtlebot3_gazebo/share/turtlebot3_gazebo//worlds
[1.651s] -- Up-to-date: /home/ros_user/my_ws/install/turtlebot3_gazebo/share/turtlebot3_gazebo//worlds/turtlebot3_dqn_stage2
[1.652s] -- Up-to-date: /home/ros_user/my_ws/install/turtlebot3_gazebo/share/turtlebot3_gazebo//worlds/turtlebot3_dqn_stage2/burger.model
[1.652s] -- Up-to-date: /home/ros_user/my_ws/install/turtlebot3_gazebo/share/turtlebot3_gazebo//worlds/turtlebot3_dqn_stage2/waffle_pi.model
[1.653s] -- Up-to-date: /home/ros_user/my_ws/install/turtlebot3_gazebo/share/turtlebot3_gazebo//worlds/turtlebot3_dqn_stage2/waffle.model
[1.653s] -- Up-to-date: /home/ros_user/my_ws/install/turtlebot3_gazebo/share/turtlebot3_gazebo//worlds/turtlebot3_houses
[1.653s] -- Up-to-date: /home/ros_user/my_ws/install/turtlebot3_gazebo/share/turtlebot3_gazebo//worlds/turtlebot3_houses/burger.model
[1.654s] -- Up-to-date: /home/ros_user/my_ws/install/turtlebot3_gazebo/share/turtlebot3_gazebo//worlds/turtlebot3_houses/waffle_pi.model
[1.657s] -- Up-to-date: /home/ros_user/my_ws/install/turtlebot3_gazebo/share/turtlebot3_gazebo//worlds/turtlebot3_houses/waffle.model
[1.657s] -- Up-to-date: /home/ros_user/my_ws/install/turtlebot3_gazebo/share/turtlebot3_gazebo//worlds/turtlebot3_worlds
[1.659s] -- Up-to-date: /home/ros_user/my_ws/install/turtlebot3_gazebo/share/turtlebot3_gazebo//worlds/turtlebot3_worlds/burger.model
[1.667s] -- Up-to-date: /home/ros_user/my_ws/install/turtlebot3_gazebo/share/turtlebot3_gazebo//worlds/turtlebot3_worlds/waffle_pi.model
[1.667s] -- Up-to-date: /home/ros_user/my_ws/install/turtlebot3_gazebo/share/turtlebot3_gazebo//worlds/turtlebot3_worlds/waffle.model
[1.667s] -- Up-to-date: /home/ros_user/my_ws/install/turtlebot3_gazebo/share/turtlebot3_gazebo//worlds/empty_worlds
[1.667s] -- Up-to-date: /home/ros_user/my_ws/install/turtlebot3_gazebo/share/turtlebot3_gazebo//worlds/empty_worlds/burger.model
[1.668s] -- Up-to-date: /home/ros_user/my_ws/install/turtlebot3_gazebo/share/turtlebot3_gazebo//worlds/empty_worlds/waffle_pi.model
[1.668s] -- Up-to-date: /home/ros_user/my_ws/install/turtlebot3_gazebo/share/turtlebot3_gazebo//worlds/empty_worlds/waffle.model
[1.668s] -- Up-to-date: /home/ros_user/my_ws/install/turtlebot3_gazebo/share/turtlebot3_gazebo//worlds/turtlebot3_dqn_stage3
[1.668s] -- Up-to-date: /home/ros_user/my_ws/install/turtlebot3_gazebo/share/turtlebot3_gazebo//worlds/turtlebot3_dqn_stage3/burger.model
[1.668s] -- Up-to-date: /home/ros_user/my_ws/install/turtlebot3_gazebo/share/turtlebot3_gazebo//worlds/turtlebot3_dqn_stage3/waffle_pi.model
[1.668s] -- Up-to-date: /home/ros_user/my_ws/install/turtlebot3_gazebo/share/turtlebot3_gazebo//worlds/turtlebot3_dqn_stage3/waffle.model
[1.669s] -- Up-to-date: /home/ros_user/my_ws/install/turtlebot3_gazebo/share/turtlebot3_gazebo//worlds/turtlebot3_dqn_stage1
[1.669s] -- Up-to-date: /home/ros_user/my_ws/install/turtlebot3_gazebo/share/turtlebot3_gazebo//worlds/turtlebot3_dqn_stage1/burger.model
[1.669s] -- Up-to-date: /home/ros_user/my_ws/install/turtlebot3_gazebo/share/turtlebot3_gazebo//worlds/turtlebot3_dqn_stage1/waffle_pi.model
[1.671s] -- Up-to-date: /home/ros_user/my_ws/install/turtlebot3_gazebo/share/turtlebot3_gazebo//worlds/turtlebot3_dqn_stage1/waffle.model
[1.672s] -- Up-to-date: /home/ros_user/my_ws/install/turtlebot3_gazebo/share/turtlebot3_gazebo//worlds/turtlebot3_dqn_stage4
[1.672s] -- Up-to-date: /home/ros_user/my_ws/install/turtlebot3_gazebo/share/turtlebot3_gazebo//worlds/turtlebot3_dqn_stage4/burger.model
[1.672s] -- Up-to-date: /home/ros_user/my_ws/install/turtlebot3_gazebo/share/turtlebot3_gazebo//worlds/turtlebot3_dqn_stage4/waffle_pi.model
[1.673s] -- Up-to-date: /home/ros_user/my_ws/install/turtlebot3_gazebo/share/turtlebot3_gazebo//worlds/turtlebot3_dqn_stage4/waffle.model
[1.674s] -- Up-to-date: /home/ros_user/my_ws/install/turtlebot3_gazebo/share/turtlebot3_gazebo//worlds/turtlebot3_autoraces
[1.677s] -- Up-to-date: /home/ros_user/my_ws/install/turtlebot3_gazebo/share/turtlebot3_gazebo//worlds/turtlebot3_autoraces/burger.model
[1.677s] -- Up-to-date: /home/ros_user/my_ws/install/turtlebot3_gazebo/share/turtlebot3_gazebo//worlds/turtlebot3_autoraces/waffle_pi.model
[1.677s] -- Up-to-date: /home/ros_user/my_ws/install/turtlebot3_gazebo/share/turtlebot3_gazebo//worlds/turtlebot3_autoraces/waffle.model
[1.678s] -- Up-to-date: /home/ros_user/my_ws/install/turtlebot3_gazebo/include/
[1.678s] -- Up-to-date: /home/ros_user/my_ws/install/turtlebot3_gazebo/include//turtlebot3_gazebo
[1.679s] -- Up-to-date: /home/ros_user/my_ws/install/turtlebot3_gazebo/include//turtlebot3_gazebo/turtlebot3_drive.hpp
[1.679s] -- Up-to-date: /home/ros_user/my_ws/install/turtlebot3_gazebo/share/ament_index/resource_index/package_run_dependencies/turtlebot3_gazebo
[1.679s] -- Up-to-date: /home/ros_user/my_ws/install/turtlebot3_gazebo/share/ament_index/resource_index/parent_prefix_path/turtlebot3_gazebo
[1.680s] -- Up-to-date: /home/ros_user/my_ws/install/turtlebot3_gazebo/share/turtlebot3_gazebo/environment/ament_prefix_path.sh
[1.682s] -- Up-to-date: /home/ros_user/my_ws/install/turtlebot3_gazebo/share/turtlebot3_gazebo/environment/ament_prefix_path.dsv
[1.683s] -- Up-to-date: /home/ros_user/my_ws/install/turtlebot3_gazebo/share/turtlebot3_gazebo/environment/path.sh
[1.684s] -- Up-to-date: /home/ros_user/my_ws/install/turtlebot3_gazebo/share/turtlebot3_gazebo/environment/path.dsv
[1.685s] -- Up-to-date: /home/ros_user/my_ws/install/turtlebot3_gazebo/share/turtlebot3_gazebo/local_setup.bash
[1.685s] -- Up-to-date: /home/ros_user/my_ws/install/turtlebot3_gazebo/share/turtlebot3_gazebo/local_setup.sh
[1.686s] -- Up-to-date: /home/ros_user/my_ws/install/turtlebot3_gazebo/share/turtlebot3_gazebo/local_setup.zsh
[1.686s] -- Up-to-date: /home/ros_user/my_ws/install/turtlebot3_gazebo/share/turtlebot3_gazebo/local_setup.dsv
[1.686s] -- Installing: /home/ros_user/my_ws/install/turtlebot3_gazebo/share/turtlebot3_gazebo/package.dsv
[1.688s] -- Up-to-date: /home/ros_user/my_ws/install/turtlebot3_gazebo/share/ament_index/resource_index/packages/turtlebot3_gazebo
[1.694s] -- Up-to-date: /home/ros_user/my_ws/install/turtlebot3_gazebo/share/turtlebot3_gazebo/cmake/ament_cmake_export_include_directories-extras.cmake
[1.695s] -- Up-to-date: /home/ros_user/my_ws/install/turtlebot3_gazebo/share/turtlebot3_gazebo/cmake/ament_cmake_export_dependencies-extras.cmake
[1.695s] -- Up-to-date: /home/ros_user/my_ws/install/turtlebot3_gazebo/share/turtlebot3_gazebo/cmake/turtlebot3_gazeboConfig.cmake
[1.696s] -- Up-to-date: /home/ros_user/my_ws/install/turtlebot3_gazebo/share/turtlebot3_gazebo/cmake/turtlebot3_gazeboConfig-version.cmake
[1.696s] -- Up-to-date: /home/ros_user/my_ws/install/turtlebot3_gazebo/share/turtlebot3_gazebo/package.xml
[1.697s] Invoked command in '/home/ros_user/my_ws/build/turtlebot3_gazebo' returned '0': CMAKE_PREFIX_PATH=/home/ros_user/my_ws/install/turtlebot3_description:/home/ros_user/my_ws/install/turtlebot3:/home/ros_user/my_ws/install/turtlebot3_simulations:/home/ros_user/my_ws/install/turtlebot3_bringup:/home/ros_user/my_ws/install/turtlebot3_node:/home/ros_user/my_ws/install/turtlebot3_navigation2:/home/ros_user/my_ws/install/turtlebot3_fake_node:/home/ros_user/my_ws/install/turtlebot3_msgs:/home/ros_user/my_ws/install/turtlebot3_gazebo:/home/ros_user/my_ws/install/turtlebot3_cartographer:/home/ros_user/turtlebot3_ws/install/turtlebot3:/home/ros_user/turtlebot3_ws/install/turtlebot3_simulations:/home/ros_user/turtlebot3_ws/install/turtlebot3_bringup:/home/ros_user/turtlebot3_ws/install/turtlebot3_node:/home/ros_user/turtlebot3_ws/install/turtlebot3_navigation2:/home/ros_user/turtlebot3_ws/install/turtlebot3_gazebo:/home/ros_user/turtlebot3_ws/install/turtlebot3_fake_node:/home/ros_user/turtlebot3_ws/install/turtlebot3_description:/home/ros_user/turtlebot3_ws/install/turtlebot3_cartographer:/home/ros_user/doosan2_ws/install/gazebo_ros2_control_demos:/home/ros_user/doosan2_ws/install/dsr_gazebo2:/home/ros_user/doosan2_ws/install/velocity_controllers:/home/ros_user/doosan2_ws/install/ros2_control:/home/ros_user/doosan2_ws/install/gazebo_ros2_control:/home/ros_user/doosan2_ws/install/transmission_interface:/home/ros_user/doosan2_ws/install/test_robot_hardware:/home/ros_user/doosan2_ws/install/ros2_controllers:/home/ros_user/doosan2_ws/install/position_controllers:/home/ros_user/doosan2_ws/install/dsr_control2:/home/ros_user/doosan2_ws/install/moveit_msgs:/home/ros_user/doosan2_ws/install/joint_trajectory_controller:/home/ros_user/doosan2_ws/install/joint_state_controller:/home/ros_user/doosan2_ws/install/joint_limits_interface:/home/ros_user/doosan2_ws/install/effort_controllers:/home/ros_user/doosan2_ws/install/forward_command_controller:/home/ros_user/doosan2_ws/install/diff_drive_controller:/home/ros_user/doosan2_ws/install/controller_manager:/home/ros_user/doosan2_ws/install/controller_interface:/home/ros_user/doosan2_ws/install/hardware_interface:/home/ros_user/doosan2_ws/install/dsr_msgs2:/home/ros_user/doosan2_ws/install/dsr_launcher2:/home/ros_user/doosan2_ws/install/dsr_description2:/home/ros_user/doosan2_ws/install/controller_manager_msgs:/home/ros_user/doosan2_ws/install/common2:/home/ros_user/my_ws/install/turtlebot3_teleop:/home/ros_user/my_ws/install/turtlebot3_example:/home/ros_user/my_ws/install/obstacle_avoidance:/home/ros_user/turtlebot3_ws/install/turtlebot3_teleop:/home/ros_user/turtlebot3_ws/install/turtlebot3_obstacle_avoidance:/home/ros_user/turtlebot3_ws/install/turtlebot3_example:/home/ros_user/turtlebot3_ws/install/my_obstacle_avoidance:/home/ros_user/turtlebot3_ws/install/my_new_package:/home/ros_user/ros2_ws/install/ros2_course:/home/ros_user/doosan2_ws/install/dsr_example2_py:/opt/ros/foxy /usr/bin/cmake --install /home/ros_user/my_ws/build/turtlebot3_gazebo
