[2.753s] Invoking command in '/home/ros_user/my_ws/src/turtlebot3/turtlebot3_teleop': PYTHONPATH=/home/ros_user/my_ws/build/turtlebot3_teleop/prefix_override:/home/ros_user/my_ws/install/turtlebot3_teleop/lib/python3.8/site-packages:${PYTHONPATH} /usr/bin/python3 setup.py egg_info --egg-base ../../../build/turtlebot3_teleop build --build-base /home/ros_user/my_ws/build/turtlebot3_teleop/build install --record /home/ros_user/my_ws/build/turtlebot3_teleop/install.log --single-version-externally-managed
[3.342s] running egg_info
[3.342s] writing ../../../build/turtlebot3_teleop/turtlebot3_teleop.egg-info/PKG-INFO
[3.342s] writing dependency_links to ../../../build/turtlebot3_teleop/turtlebot3_teleop.egg-info/dependency_links.txt
[3.342s] writing entry points to ../../../build/turtlebot3_teleop/turtlebot3_teleop.egg-info/entry_points.txt
[3.343s] writing requirements to ../../../build/turtlebot3_teleop/turtlebot3_teleop.egg-info/requires.txt
[3.344s] writing top-level names to ../../../build/turtlebot3_teleop/turtlebot3_teleop.egg-info/top_level.txt
[3.423s] reading manifest file '../../../build/turtlebot3_teleop/turtlebot3_teleop.egg-info/SOURCES.txt'
[3.424s] writing manifest file '../../../build/turtlebot3_teleop/turtlebot3_teleop.egg-info/SOURCES.txt'
[3.425s] running build
[3.425s] running build_py
[3.433s] running install
[3.433s] running install_lib
[3.442s] running install_data
[3.442s] running install_egg_info
[3.442s] removing '/home/ros_user/my_ws/install/turtlebot3_teleop/lib/python3.8/site-packages/turtlebot3_teleop-2.1.4-py3.8.egg-info' (and everything under it)
[3.442s] Copying ../../../build/turtlebot3_teleop/turtlebot3_teleop.egg-info to /home/ros_user/my_ws/install/turtlebot3_teleop/lib/python3.8/site-packages/turtlebot3_teleop-2.1.4-py3.8.egg-info
[3.442s] running install_scripts
[3.512s] Installing teleop_keyboard script to /home/ros_user/my_ws/install/turtlebot3_teleop/lib/turtlebot3_teleop
[3.514s] writing list of installed files to '/home/ros_user/my_ws/build/turtlebot3_teleop/install.log'
[3.610s] Invoked command in '/home/ros_user/my_ws/src/turtlebot3/turtlebot3_teleop' returned '0': PYTHONPATH=/home/ros_user/my_ws/build/turtlebot3_teleop/prefix_override:/home/ros_user/my_ws/install/turtlebot3_teleop/lib/python3.8/site-packages:${PYTHONPATH} /usr/bin/python3 setup.py egg_info --egg-base ../../../build/turtlebot3_teleop build --build-base /home/ros_user/my_ws/build/turtlebot3_teleop/build install --record /home/ros_user/my_ws/build/turtlebot3_teleop/install.log --single-version-externally-managed
