[0.136s] Invoking command in '/home/ros_user/my_ws/build/turtlebot3_description': CMAKE_PREFIX_PATH=${CMAKE_PREFIX_PATH}:/home/ros_user/turtlebot3_ws/install/my_new_package:/home/ros_user/turtlebot3_ws/install/my_obstacle_avoidance:/home/ros_user/turtlebot3_ws/install/turtlebot3_teleop:/home/ros_user/turtlebot3_ws/install/turtlebot3_obstacle_avoidance:/home/ros_user/turtlebot3_ws/install/turtlebot3_example:/home/ros_user/ros2_ws/install/ros2_course:/home/ros_user/doosan2_ws/install/dsr_example2_py:/opt/ros/foxy /usr/bin/cmake /home/ros_user/my_ws/src/turtlebot3/turtlebot3_description -DCMAKE_INSTALL_PREFIX=/home/ros_user/my_ws/install/turtlebot3_description
[0.601s] -- The C compiler identification is GNU 9.4.0
[0.852s] -- The CXX compiler identification is GNU 9.4.0
[0.870s] -- Check for working C compiler: /usr/bin/cc
[1.132s] -- Check for working C compiler: /usr/bin/cc -- works
[1.136s] -- Detecting C compiler ABI info
[1.412s] -- Detecting C compiler ABI info - done
[1.450s] -- Detecting C compile features
[1.452s] -- Detecting C compile features - done
[1.461s] -- Check for working CXX compiler: /usr/bin/c++
[1.728s] -- Check for working CXX compiler: /usr/bin/c++ -- works
[1.732s] -- Detecting CXX compiler ABI info
[2.116s] -- Detecting CXX compiler ABI info - done
[2.148s] -- Detecting CXX compile features
[2.152s] -- Detecting CXX compile features - done
[2.158s] -- Found ament_cmake: 0.9.11 (/opt/ros/foxy/share/ament_cmake/cmake)
[2.250s] -- Found PythonInterp: /usr/bin/python3 (found suitable version "3.8.10", minimum required is "3") 
[2.251s] -- Using PYTHON_EXECUTABLE: /usr/bin/python3
[3.100s] -- Found urdf: 2.4.0 (/opt/ros/foxy/share/urdf/cmake)
[3.457s] -- Configuring done
[3.468s] -- Generating done
[3.483s] -- Build files have been written to: /home/ros_user/my_ws/build/turtlebot3_description
[3.541s] Invoked command in '/home/ros_user/my_ws/build/turtlebot3_description' returned '0': CMAKE_PREFIX_PATH=${CMAKE_PREFIX_PATH}:/home/ros_user/turtlebot3_ws/install/my_new_package:/home/ros_user/turtlebot3_ws/install/my_obstacle_avoidance:/home/ros_user/turtlebot3_ws/install/turtlebot3_teleop:/home/ros_user/turtlebot3_ws/install/turtlebot3_obstacle_avoidance:/home/ros_user/turtlebot3_ws/install/turtlebot3_example:/home/ros_user/ros2_ws/install/ros2_course:/home/ros_user/doosan2_ws/install/dsr_example2_py:/opt/ros/foxy /usr/bin/cmake /home/ros_user/my_ws/src/turtlebot3/turtlebot3_description -DCMAKE_INSTALL_PREFIX=/home/ros_user/my_ws/install/turtlebot3_description
[3.549s] Invoking command in '/home/ros_user/my_ws/build/turtlebot3_description': CMAKE_PREFIX_PATH=${CMAKE_PREFIX_PATH}:/home/ros_user/turtlebot3_ws/install/my_new_package:/home/ros_user/turtlebot3_ws/install/my_obstacle_avoidance:/home/ros_user/turtlebot3_ws/install/turtlebot3_teleop:/home/ros_user/turtlebot3_ws/install/turtlebot3_obstacle_avoidance:/home/ros_user/turtlebot3_ws/install/turtlebot3_example:/home/ros_user/ros2_ws/install/ros2_course:/home/ros_user/doosan2_ws/install/dsr_example2_py:/opt/ros/foxy /usr/bin/cmake --build /home/ros_user/my_ws/build/turtlebot3_description -- -j4 -l4
[3.751s] Invoked command in '/home/ros_user/my_ws/build/turtlebot3_description' returned '0': CMAKE_PREFIX_PATH=${CMAKE_PREFIX_PATH}:/home/ros_user/turtlebot3_ws/install/my_new_package:/home/ros_user/turtlebot3_ws/install/my_obstacle_avoidance:/home/ros_user/turtlebot3_ws/install/turtlebot3_teleop:/home/ros_user/turtlebot3_ws/install/turtlebot3_obstacle_avoidance:/home/ros_user/turtlebot3_ws/install/turtlebot3_example:/home/ros_user/ros2_ws/install/ros2_course:/home/ros_user/doosan2_ws/install/dsr_example2_py:/opt/ros/foxy /usr/bin/cmake --build /home/ros_user/my_ws/build/turtlebot3_description -- -j4 -l4
[4.282s] Invoking command in '/home/ros_user/my_ws/build/turtlebot3_description': CMAKE_PREFIX_PATH=${CMAKE_PREFIX_PATH}:/home/ros_user/turtlebot3_ws/install/my_new_package:/home/ros_user/turtlebot3_ws/install/my_obstacle_avoidance:/home/ros_user/turtlebot3_ws/install/turtlebot3_teleop:/home/ros_user/turtlebot3_ws/install/turtlebot3_obstacle_avoidance:/home/ros_user/turtlebot3_ws/install/turtlebot3_example:/home/ros_user/ros2_ws/install/ros2_course:/home/ros_user/doosan2_ws/install/dsr_example2_py:/opt/ros/foxy /usr/bin/cmake --install /home/ros_user/my_ws/build/turtlebot3_description
[4.324s] -- Install configuration: ""
[4.333s] -- Installing: /home/ros_user/my_ws/install/turtlebot3_description/share/turtlebot3_description/meshes
[4.333s] -- Installing: /home/ros_user/my_ws/install/turtlebot3_description/share/turtlebot3_description/meshes/bases
[4.333s] -- Installing: /home/ros_user/my_ws/install/turtlebot3_description/share/turtlebot3_description/meshes/bases/waffle_base.stl
[4.372s] -- Installing: /home/ros_user/my_ws/install/turtlebot3_description/share/turtlebot3_description/meshes/bases/burger_base.stl
[4.381s] -- Installing: /home/ros_user/my_ws/install/turtlebot3_description/share/turtlebot3_description/meshes/bases/waffle_pi_base.stl
[4.398s] -- Installing: /home/ros_user/my_ws/install/turtlebot3_description/share/turtlebot3_description/meshes/wheels
[4.399s] -- Installing: /home/ros_user/my_ws/install/turtlebot3_description/share/turtlebot3_description/meshes/wheels/left_tire.stl
[4.401s] -- Installing: /home/ros_user/my_ws/install/turtlebot3_description/share/turtlebot3_description/meshes/wheels/right_tire.stl
[4.404s] -- Installing: /home/ros_user/my_ws/install/turtlebot3_description/share/turtlebot3_description/meshes/sensors
[4.405s] -- Installing: /home/ros_user/my_ws/install/turtlebot3_description/share/turtlebot3_description/meshes/sensors/r200.jpg
[4.405s] -- Installing: /home/ros_user/my_ws/install/turtlebot3_description/share/turtlebot3_description/meshes/sensors/astra.jpg
[4.407s] -- Installing: /home/ros_user/my_ws/install/turtlebot3_description/share/turtlebot3_description/meshes/sensors/lds.stl
[4.408s] -- Installing: /home/ros_user/my_ws/install/turtlebot3_description/share/turtlebot3_description/meshes/sensors/r200.dae
[4.409s] -- Installing: /home/ros_user/my_ws/install/turtlebot3_description/share/turtlebot3_description/meshes/sensors/astra.dae
[4.438s] -- Installing: /home/ros_user/my_ws/install/turtlebot3_description/share/turtlebot3_description/rviz
[4.438s] -- Installing: /home/ros_user/my_ws/install/turtlebot3_description/share/turtlebot3_description/rviz/model.rviz
[4.440s] -- Installing: /home/ros_user/my_ws/install/turtlebot3_description/share/turtlebot3_description/urdf
[4.441s] -- Installing: /home/ros_user/my_ws/install/turtlebot3_description/share/turtlebot3_description/urdf/turtlebot3_burger.urdf
[4.442s] -- Installing: /home/ros_user/my_ws/install/turtlebot3_description/share/turtlebot3_description/urdf/turtlebot3_waffle_pi.urdf
[4.443s] -- Installing: /home/ros_user/my_ws/install/turtlebot3_description/share/turtlebot3_description/urdf/common_properties.urdf
[4.449s] -- Installing: /home/ros_user/my_ws/install/turtlebot3_description/share/turtlebot3_description/urdf/turtlebot3_waffle.urdf
[4.450s] -- Installing: /home/ros_user/my_ws/install/turtlebot3_description/share/ament_index/resource_index/package_run_dependencies/turtlebot3_description
[4.450s] -- Installing: /home/ros_user/my_ws/install/turtlebot3_description/share/ament_index/resource_index/parent_prefix_path/turtlebot3_description
[4.451s] -- Installing: /home/ros_user/my_ws/install/turtlebot3_description/share/turtlebot3_description/environment/ament_prefix_path.sh
[4.451s] -- Installing: /home/ros_user/my_ws/install/turtlebot3_description/share/turtlebot3_description/environment/ament_prefix_path.dsv
[4.452s] -- Installing: /home/ros_user/my_ws/install/turtlebot3_description/share/turtlebot3_description/environment/path.sh
[4.452s] -- Installing: /home/ros_user/my_ws/install/turtlebot3_description/share/turtlebot3_description/environment/path.dsv
[4.452s] -- Installing: /home/ros_user/my_ws/install/turtlebot3_description/share/turtlebot3_description/local_setup.bash
[4.453s] -- Installing: /home/ros_user/my_ws/install/turtlebot3_description/share/turtlebot3_description/local_setup.sh
[4.453s] -- Installing: /home/ros_user/my_ws/install/turtlebot3_description/share/turtlebot3_description/local_setup.zsh
[4.454s] -- Installing: /home/ros_user/my_ws/install/turtlebot3_description/share/turtlebot3_description/local_setup.dsv
[4.454s] -- Installing: /home/ros_user/my_ws/install/turtlebot3_description/share/turtlebot3_description/package.dsv
[4.455s] -- Installing: /home/ros_user/my_ws/install/turtlebot3_description/share/ament_index/resource_index/packages/turtlebot3_description
[4.455s] -- Installing: /home/ros_user/my_ws/install/turtlebot3_description/share/turtlebot3_description/cmake/turtlebot3_descriptionConfig.cmake
[4.456s] -- Installing: /home/ros_user/my_ws/install/turtlebot3_description/share/turtlebot3_description/cmake/turtlebot3_descriptionConfig-version.cmake
[4.456s] -- Installing: /home/ros_user/my_ws/install/turtlebot3_description/share/turtlebot3_description/package.xml
[4.471s] Invoked command in '/home/ros_user/my_ws/build/turtlebot3_description' returned '0': CMAKE_PREFIX_PATH=${CMAKE_PREFIX_PATH}:/home/ros_user/turtlebot3_ws/install/my_new_package:/home/ros_user/turtlebot3_ws/install/my_obstacle_avoidance:/home/ros_user/turtlebot3_ws/install/turtlebot3_teleop:/home/ros_user/turtlebot3_ws/install/turtlebot3_obstacle_avoidance:/home/ros_user/turtlebot3_ws/install/turtlebot3_example:/home/ros_user/ros2_ws/install/ros2_course:/home/ros_user/doosan2_ws/install/dsr_example2_py:/opt/ros/foxy /usr/bin/cmake --install /home/ros_user/my_ws/build/turtlebot3_description
