[0.132s] Invoking command in '/home/ros_user/my_ws/build/turtlebot3_cartographer': CMAKE_PREFIX_PATH=${CMAKE_PREFIX_PATH}:/home/ros_user/my_ws/install/obstacle_avoidance:/home/ros_user/my_ws/install/turtlebot3_teleop:/home/ros_user/my_ws/install/turtlebot3_example:/home/ros_user/turtlebot3_ws/install/my_new_package:/home/ros_user/turtlebot3_ws/install/my_obstacle_avoidance:/home/ros_user/turtlebot3_ws/install/turtlebot3_teleop:/home/ros_user/turtlebot3_ws/install/turtlebot3_obstacle_avoidance:/home/ros_user/turtlebot3_ws/install/turtlebot3_example:/home/ros_user/ros2_ws/install/ros2_course:/home/ros_user/doosan2_ws/install/dsr_example2_py:/opt/ros/foxy /usr/bin/cmake --build /home/ros_user/my_ws/build/turtlebot3_cartographer -- -j4 -l4
[0.338s] Invoked command in '/home/ros_user/my_ws/build/turtlebot3_cartographer' returned '0': CMAKE_PREFIX_PATH=${CMAKE_PREFIX_PATH}:/home/ros_user/my_ws/install/obstacle_avoidance:/home/ros_user/my_ws/install/turtlebot3_teleop:/home/ros_user/my_ws/install/turtlebot3_example:/home/ros_user/turtlebot3_ws/install/my_new_package:/home/ros_user/turtlebot3_ws/install/my_obstacle_avoidance:/home/ros_user/turtlebot3_ws/install/turtlebot3_teleop:/home/ros_user/turtlebot3_ws/install/turtlebot3_obstacle_avoidance:/home/ros_user/turtlebot3_ws/install/turtlebot3_example:/home/ros_user/ros2_ws/install/ros2_course:/home/ros_user/doosan2_ws/install/dsr_example2_py:/opt/ros/foxy /usr/bin/cmake --build /home/ros_user/my_ws/build/turtlebot3_cartographer -- -j4 -l4
[0.616s] Invoking command in '/home/ros_user/my_ws/build/turtlebot3_cartographer': CMAKE_PREFIX_PATH=${CMAKE_PREFIX_PATH}:/home/ros_user/my_ws/install/obstacle_avoidance:/home/ros_user/my_ws/install/turtlebot3_teleop:/home/ros_user/my_ws/install/turtlebot3_example:/home/ros_user/turtlebot3_ws/install/my_new_package:/home/ros_user/turtlebot3_ws/install/my_obstacle_avoidance:/home/ros_user/turtlebot3_ws/install/turtlebot3_teleop:/home/ros_user/turtlebot3_ws/install/turtlebot3_obstacle_avoidance:/home/ros_user/turtlebot3_ws/install/turtlebot3_example:/home/ros_user/ros2_ws/install/ros2_course:/home/ros_user/doosan2_ws/install/dsr_example2_py:/opt/ros/foxy /usr/bin/cmake --install /home/ros_user/my_ws/build/turtlebot3_cartographer
[0.690s] -- Install configuration: ""
[0.690s] -- Up-to-date: /home/ros_user/my_ws/install/turtlebot3_cartographer/share/turtlebot3_cartographer/config
[0.705s] -- Up-to-date: /home/ros_user/my_ws/install/turtlebot3_cartographer/share/turtlebot3_cartographer/config/turtlebot3_lds_2d.lua
[0.706s] -- Up-to-date: /home/ros_user/my_ws/install/turtlebot3_cartographer/share/turtlebot3_cartographer/launch
[0.706s] -- Up-to-date: /home/ros_user/my_ws/install/turtlebot3_cartographer/share/turtlebot3_cartographer/launch/cartographer.launch.py
[0.707s] -- Up-to-date: /home/ros_user/my_ws/install/turtlebot3_cartographer/share/turtlebot3_cartographer/launch/occupancy_grid.launch.py
[0.708s] -- Up-to-date: /home/ros_user/my_ws/install/turtlebot3_cartographer/share/turtlebot3_cartographer/rviz
[0.708s] -- Up-to-date: /home/ros_user/my_ws/install/turtlebot3_cartographer/share/turtlebot3_cartographer/rviz/tb3_cartographer.rviz
[0.708s] -- Up-to-date: /home/ros_user/my_ws/install/turtlebot3_cartographer/share/ament_index/resource_index/package_run_dependencies/turtlebot3_cartographer
[0.708s] -- Up-to-date: /home/ros_user/my_ws/install/turtlebot3_cartographer/share/ament_index/resource_index/parent_prefix_path/turtlebot3_cartographer
[0.710s] -- Up-to-date: /home/ros_user/my_ws/install/turtlebot3_cartographer/share/turtlebot3_cartographer/environment/ament_prefix_path.sh
[0.711s] -- Up-to-date: /home/ros_user/my_ws/install/turtlebot3_cartographer/share/turtlebot3_cartographer/environment/ament_prefix_path.dsv
[0.712s] -- Up-to-date: /home/ros_user/my_ws/install/turtlebot3_cartographer/share/turtlebot3_cartographer/environment/path.sh
[0.712s] -- Up-to-date: /home/ros_user/my_ws/install/turtlebot3_cartographer/share/turtlebot3_cartographer/environment/path.dsv
[0.712s] -- Up-to-date: /home/ros_user/my_ws/install/turtlebot3_cartographer/share/turtlebot3_cartographer/local_setup.bash
[0.713s] -- Up-to-date: /home/ros_user/my_ws/install/turtlebot3_cartographer/share/turtlebot3_cartographer/local_setup.sh
[0.714s] -- Up-to-date: /home/ros_user/my_ws/install/turtlebot3_cartographer/share/turtlebot3_cartographer/local_setup.zsh
[0.714s] -- Up-to-date: /home/ros_user/my_ws/install/turtlebot3_cartographer/share/turtlebot3_cartographer/local_setup.dsv
[0.715s] -- Installing: /home/ros_user/my_ws/install/turtlebot3_cartographer/share/turtlebot3_cartographer/package.dsv
[0.715s] -- Up-to-date: /home/ros_user/my_ws/install/turtlebot3_cartographer/share/ament_index/resource_index/packages/turtlebot3_cartographer
[0.721s] -- Up-to-date: /home/ros_user/my_ws/install/turtlebot3_cartographer/share/turtlebot3_cartographer/cmake/turtlebot3_cartographerConfig.cmake
[0.721s] -- Up-to-date: /home/ros_user/my_ws/install/turtlebot3_cartographer/share/turtlebot3_cartographer/cmake/turtlebot3_cartographerConfig-version.cmake
[0.722s] -- Up-to-date: /home/ros_user/my_ws/install/turtlebot3_cartographer/share/turtlebot3_cartographer/package.xml
[0.772s] Invoked command in '/home/ros_user/my_ws/build/turtlebot3_cartographer' returned '0': CMAKE_PREFIX_PATH=${CMAKE_PREFIX_PATH}:/home/ros_user/my_ws/install/obstacle_avoidance:/home/ros_user/my_ws/install/turtlebot3_teleop:/home/ros_user/my_ws/install/turtlebot3_example:/home/ros_user/turtlebot3_ws/install/my_new_package:/home/ros_user/turtlebot3_ws/install/my_obstacle_avoidance:/home/ros_user/turtlebot3_ws/install/turtlebot3_teleop:/home/ros_user/turtlebot3_ws/install/turtlebot3_obstacle_avoidance:/home/ros_user/turtlebot3_ws/install/turtlebot3_example:/home/ros_user/ros2_ws/install/ros2_course:/home/ros_user/doosan2_ws/install/dsr_example2_py:/opt/ros/foxy /usr/bin/cmake --install /home/ros_user/my_ws/build/turtlebot3_cartographer
