[0.160s] Invoking command in '/home/ros_user/my_ws/build/turtlebot3_msgs': CMAKE_PREFIX_PATH=${CMAKE_PREFIX_PATH}:/home/ros_user/turtlebot3_ws/install/my_new_package:/home/ros_user/turtlebot3_ws/install/my_obstacle_avoidance:/home/ros_user/turtlebot3_ws/install/turtlebot3_teleop:/home/ros_user/turtlebot3_ws/install/turtlebot3_obstacle_avoidance:/home/ros_user/turtlebot3_ws/install/turtlebot3_example:/home/ros_user/ros2_ws/install/ros2_course:/home/ros_user/doosan2_ws/install/dsr_example2_py:/opt/ros/foxy /usr/bin/cmake /home/ros_user/my_ws/src/turtlebot3_msgs -DCMAKE_INSTALL_PREFIX=/home/ros_user/my_ws/install/turtlebot3_msgs
[0.403s] -- The C compiler identification is GNU 9.4.0
[0.638s] -- The CXX compiler identification is GNU 9.4.0
[0.693s] -- Check for working C compiler: /usr/bin/cc
[1.046s] -- Check for working C compiler: /usr/bin/cc -- works
[1.047s] -- Detecting C compiler ABI info
[1.304s] -- Detecting C compiler ABI info - done
[1.336s] -- Detecting C compile features
[1.337s] -- Detecting C compile features - done
[1.344s] -- Check for working CXX compiler: /usr/bin/c++
[1.650s] -- Check for working CXX compiler: /usr/bin/c++ -- works
[1.654s] -- Detecting CXX compiler ABI info
[1.938s] -- Detecting CXX compiler ABI info - done
[1.972s] -- Detecting CXX compile features
[1.972s] -- Detecting CXX compile features - done
[1.988s] -- Found action_msgs: 1.0.0 (/opt/ros/foxy/share/action_msgs/cmake)
[2.100s] -- Found PythonInterp: /usr/bin/python3 (found suitable version "3.8.10", minimum required is "3") 
[2.100s] -- Using PYTHON_EXECUTABLE: /usr/bin/python3
[2.998s] -- Using all available rosidl_typesupport_c: rosidl_typesupport_fastrtps_c;rosidl_typesupport_introspection_c
[3.053s] -- Found rosidl_adapter: 1.3.0 (/opt/ros/foxy/share/rosidl_adapter/cmake)
[3.477s] -- Found OpenSSL: /usr/lib/x86_64-linux-gnu/libcrypto.so (found version "1.1.1f")  
[3.576s] -- Found FastRTPS: /opt/ros/foxy/include  
[3.909s] -- Using all available rosidl_typesupport_cpp: rosidl_typesupport_fastrtps_cpp;rosidl_typesupport_introspection_cpp
[4.115s] -- Found rosidl_default_generators: 1.0.1 (/opt/ros/foxy/share/rosidl_default_generators/cmake)
[4.198s] -- Found std_msgs: 2.0.5 (/opt/ros/foxy/share/std_msgs/cmake)
[4.296s] -- Found PythonInterp: /usr/bin/python3 (found version "3.8.10") 
[5.040s] -- Found ament_cmake_cppcheck: 0.9.7 (/opt/ros/foxy/share/ament_cmake_cppcheck/cmake)
[5.065s] -- Found ament_cmake_cpplint: 0.9.7 (/opt/ros/foxy/share/ament_cmake_cpplint/cmake)
[5.093s] -- Found ament_cmake_uncrustify: 0.9.7 (/opt/ros/foxy/share/ament_cmake_uncrustify/cmake)
[5.139s] -- Found ament_cmake_ros: 0.9.2 (/opt/ros/foxy/share/ament_cmake_ros/cmake)
[5.799s] -- Using all available rosidl_typesupport_c: rosidl_typesupport_fastrtps_c;rosidl_typesupport_introspection_c
[6.126s] -- Using all available rosidl_typesupport_cpp: rosidl_typesupport_fastrtps_cpp;rosidl_typesupport_introspection_cpp
[6.216s] -- Found PythonInterp: /usr/bin/python3 (found suitable version "3.8.10", minimum required is "3.5") 
[6.235s] -- Found python_cmake_module: 0.8.1 (/opt/ros/foxy/share/python_cmake_module/cmake)
[6.405s] -- Found PythonLibs: /usr/lib/x86_64-linux-gnu/libpython3.8.so (found suitable version "3.8.10", minimum required is "3.5") 
[6.407s] -- Using PYTHON_EXECUTABLE: /usr/bin/python3
[6.407s] -- Using PYTHON_INCLUDE_DIRS: /usr/include/python3.8
[6.407s] -- Using PYTHON_LIBRARIES: /usr/lib/x86_64-linux-gnu/libpython3.8.so
[6.464s] -- Found PythonExtra: .so  
[6.709s] -- Found ament_cmake_flake8: 0.9.7 (/opt/ros/foxy/share/ament_cmake_flake8/cmake)
[6.746s] -- Found ament_cmake_pep257: 0.9.7 (/opt/ros/foxy/share/ament_cmake_pep257/cmake)
[6.812s] -- Configuring done
[6.961s] -- Generating done
[6.967s] -- Build files have been written to: /home/ros_user/my_ws/build/turtlebot3_msgs
[7.000s] Invoked command in '/home/ros_user/my_ws/build/turtlebot3_msgs' returned '0': CMAKE_PREFIX_PATH=${CMAKE_PREFIX_PATH}:/home/ros_user/turtlebot3_ws/install/my_new_package:/home/ros_user/turtlebot3_ws/install/my_obstacle_avoidance:/home/ros_user/turtlebot3_ws/install/turtlebot3_teleop:/home/ros_user/turtlebot3_ws/install/turtlebot3_obstacle_avoidance:/home/ros_user/turtlebot3_ws/install/turtlebot3_example:/home/ros_user/ros2_ws/install/ros2_course:/home/ros_user/doosan2_ws/install/dsr_example2_py:/opt/ros/foxy /usr/bin/cmake /home/ros_user/my_ws/src/turtlebot3_msgs -DCMAKE_INSTALL_PREFIX=/home/ros_user/my_ws/install/turtlebot3_msgs
[7.002s] Invoking command in '/home/ros_user/my_ws/build/turtlebot3_msgs': CMAKE_PREFIX_PATH=${CMAKE_PREFIX_PATH}:/home/ros_user/turtlebot3_ws/install/my_new_package:/home/ros_user/turtlebot3_ws/install/my_obstacle_avoidance:/home/ros_user/turtlebot3_ws/install/turtlebot3_teleop:/home/ros_user/turtlebot3_ws/install/turtlebot3_obstacle_avoidance:/home/ros_user/turtlebot3_ws/install/turtlebot3_example:/home/ros_user/ros2_ws/install/ros2_course:/home/ros_user/doosan2_ws/install/dsr_example2_py:/opt/ros/foxy /usr/bin/cmake --build /home/ros_user/my_ws/build/turtlebot3_msgs -- -j4 -l4
[7.126s] [  1%] [34m[1mGenerating C code for ROS interfaces[0m
[7.133s] [35m[1mScanning dependencies of target turtlebot3_msgs__cpp[0m
[7.169s] [  2%] [34m[1mGenerating C++ code for ROS interfaces[0m
[9.394s] [  2%] Built target turtlebot3_msgs__cpp
[9.448s] [  4%] [34m[1mGenerating C++ type support dispatch for ROS interfaces[0m
[9.560s] [  5%] [34m[1mGenerating C++ type support for eProsima Fast-RTPS[0m
[9.888s] [  7%] [34m[1mGenerating C++ introspection for ROS interfaces[0m
[9.998s] [35m[1mScanning dependencies of target turtlebot3_msgs__rosidl_generator_c[0m
[10.335s] [  8%] [32mBuilding C object CMakeFiles/turtlebot3_msgs__rosidl_generator_c.dir/rosidl_generator_c/turtlebot3_msgs/msg/detail/sensor_state__functions.c.o[0m
[10.754s] [  9%] [32mBuilding C object CMakeFiles/turtlebot3_msgs__rosidl_generator_c.dir/rosidl_generator_c/turtlebot3_msgs/msg/detail/sound__functions.c.o[0m
[10.940s] [ 11%] [32mBuilding C object CMakeFiles/turtlebot3_msgs__rosidl_generator_c.dir/rosidl_generator_c/turtlebot3_msgs/msg/detail/version_info__functions.c.o[0m
[11.164s] [ 12%] [32mBuilding C object CMakeFiles/turtlebot3_msgs__rosidl_generator_c.dir/rosidl_generator_c/turtlebot3_msgs/srv/detail/sound__functions.c.o[0m
[11.288s] [35m[1mScanning dependencies of target turtlebot3_msgs__rosidl_typesupport_cpp[0m
[11.361s] [ 14%] [32mBuilding C object CMakeFiles/turtlebot3_msgs__rosidl_generator_c.dir/rosidl_generator_c/turtlebot3_msgs/srv/detail/dqn__functions.c.o[0m
[11.521s] [ 15%] [32mBuilding CXX object CMakeFiles/turtlebot3_msgs__rosidl_typesupport_cpp.dir/rosidl_typesupport_cpp/turtlebot3_msgs/msg/sensor_state__type_support.cpp.o[0m
[11.561s] [ 16%] [32mBuilding C object CMakeFiles/turtlebot3_msgs__rosidl_generator_c.dir/rosidl_generator_c/turtlebot3_msgs/action/detail/patrol__functions.c.o[0m
[11.895s] [ 18%] [32m[1mLinking C shared library libturtlebot3_msgs__rosidl_generator_c.so[0m
[12.076s] [ 18%] Built target turtlebot3_msgs__rosidl_generator_c
[12.236s] [ 19%] [34m[1mGenerating C type support dispatch for ROS interfaces[0m
[12.246s] [35m[1mScanning dependencies of target turtlebot3_msgs__rosidl_typesupport_introspection_cpp[0m
[12.249s] [35m[1mScanning dependencies of target turtlebot3_msgs__rosidl_typesupport_fastrtps_cpp[0m
[12.326s] [ 21%] [32mBuilding CXX object CMakeFiles/turtlebot3_msgs__rosidl_typesupport_cpp.dir/rosidl_typesupport_cpp/turtlebot3_msgs/msg/sound__type_support.cpp.o[0m
[12.372s] [ 22%] [32mBuilding CXX object CMakeFiles/turtlebot3_msgs__rosidl_typesupport_introspection_cpp.dir/rosidl_typesupport_introspection_cpp/turtlebot3_msgs/msg/detail/sensor_state__type_support.cpp.o[0m
[12.408s] [ 23%] [32mBuilding CXX object CMakeFiles/turtlebot3_msgs__rosidl_typesupport_fastrtps_cpp.dir/rosidl_typesupport_fastrtps_cpp/turtlebot3_msgs/msg/detail/dds_fastrtps/sensor_state__type_support.cpp.o[0m
[13.014s] [ 25%] [32mBuilding CXX object CMakeFiles/turtlebot3_msgs__rosidl_typesupport_introspection_cpp.dir/rosidl_typesupport_introspection_cpp/turtlebot3_msgs/msg/detail/sound__type_support.cpp.o[0m
[13.212s] [ 26%] [32mBuilding CXX object CMakeFiles/turtlebot3_msgs__rosidl_typesupport_cpp.dir/rosidl_typesupport_cpp/turtlebot3_msgs/msg/version_info__type_support.cpp.o[0m
[13.497s] [ 28%] [32mBuilding CXX object CMakeFiles/turtlebot3_msgs__rosidl_typesupport_fastrtps_cpp.dir/rosidl_typesupport_fastrtps_cpp/turtlebot3_msgs/msg/detail/dds_fastrtps/sound__type_support.cpp.o[0m
[13.782s] [ 29%] [32mBuilding CXX object CMakeFiles/turtlebot3_msgs__rosidl_typesupport_introspection_cpp.dir/rosidl_typesupport_introspection_cpp/turtlebot3_msgs/msg/detail/version_info__type_support.cpp.o[0m
[14.019s] [ 30%] [32mBuilding CXX object CMakeFiles/turtlebot3_msgs__rosidl_typesupport_cpp.dir/rosidl_typesupport_cpp/turtlebot3_msgs/srv/sound__type_support.cpp.o[0m
[14.180s] [35m[1mScanning dependencies of target turtlebot3_msgs__rosidl_typesupport_c[0m
[14.413s] [ 32%] [32mBuilding CXX object CMakeFiles/turtlebot3_msgs__rosidl_typesupport_c.dir/rosidl_typesupport_c/turtlebot3_msgs/msg/sensor_state__type_support.cpp.o[0m
[14.620s] [ 33%] [32mBuilding CXX object CMakeFiles/turtlebot3_msgs__rosidl_typesupport_fastrtps_cpp.dir/rosidl_typesupport_fastrtps_cpp/turtlebot3_msgs/msg/detail/dds_fastrtps/version_info__type_support.cpp.o[0m
[14.628s] [ 35%] [32mBuilding CXX object CMakeFiles/turtlebot3_msgs__rosidl_typesupport_c.dir/rosidl_typesupport_c/turtlebot3_msgs/msg/sound__type_support.cpp.o[0m
[14.648s] [ 36%] [32mBuilding CXX object CMakeFiles/turtlebot3_msgs__rosidl_typesupport_introspection_cpp.dir/rosidl_typesupport_introspection_cpp/turtlebot3_msgs/srv/detail/sound__type_support.cpp.o[0m
[14.809s] [ 38%] [32mBuilding CXX object CMakeFiles/turtlebot3_msgs__rosidl_typesupport_c.dir/rosidl_typesupport_c/turtlebot3_msgs/msg/version_info__type_support.cpp.o[0m
[14.852s] [ 39%] [32mBuilding CXX object CMakeFiles/turtlebot3_msgs__rosidl_typesupport_cpp.dir/rosidl_typesupport_cpp/turtlebot3_msgs/srv/dqn__type_support.cpp.o[0m
[14.927s] [ 40%] [32mBuilding CXX object CMakeFiles/turtlebot3_msgs__rosidl_typesupport_c.dir/rosidl_typesupport_c/turtlebot3_msgs/srv/sound__type_support.cpp.o[0m
[15.038s] [ 42%] [32mBuilding CXX object CMakeFiles/turtlebot3_msgs__rosidl_typesupport_c.dir/rosidl_typesupport_c/turtlebot3_msgs/srv/dqn__type_support.cpp.o[0m
[15.168s] [ 43%] [32mBuilding CXX object CMakeFiles/turtlebot3_msgs__rosidl_typesupport_c.dir/rosidl_typesupport_c/turtlebot3_msgs/action/patrol__type_support.cpp.o[0m
[15.294s] [ 45%] [32m[1mLinking CXX shared library libturtlebot3_msgs__rosidl_typesupport_c.so[0m
[15.434s] [ 46%] [32mBuilding CXX object CMakeFiles/turtlebot3_msgs__rosidl_typesupport_introspection_cpp.dir/rosidl_typesupport_introspection_cpp/turtlebot3_msgs/srv/detail/dqn__type_support.cpp.o[0m
[15.521s] [ 46%] Built target turtlebot3_msgs__rosidl_typesupport_c
[15.722s] [ 47%] [34m[1mGenerating C introspection for ROS interfaces[0m
[15.773s] [ 49%] [32mBuilding CXX object CMakeFiles/turtlebot3_msgs__rosidl_typesupport_fastrtps_cpp.dir/rosidl_typesupport_fastrtps_cpp/turtlebot3_msgs/srv/detail/dds_fastrtps/sound__type_support.cpp.o[0m
[15.824s] [ 50%] [32mBuilding CXX object CMakeFiles/turtlebot3_msgs__rosidl_typesupport_cpp.dir/rosidl_typesupport_cpp/turtlebot3_msgs/action/patrol__type_support.cpp.o[0m
[16.451s] [ 52%] [32mBuilding CXX object CMakeFiles/turtlebot3_msgs__rosidl_typesupport_introspection_cpp.dir/rosidl_typesupport_introspection_cpp/turtlebot3_msgs/action/detail/patrol__type_support.cpp.o[0m
[16.956s] [ 53%] [32m[1mLinking CXX shared library libturtlebot3_msgs__rosidl_typesupport_cpp.so[0m
[17.039s] [ 54%] [32mBuilding CXX object CMakeFiles/turtlebot3_msgs__rosidl_typesupport_fastrtps_cpp.dir/rosidl_typesupport_fastrtps_cpp/turtlebot3_msgs/srv/detail/dds_fastrtps/dqn__type_support.cpp.o[0m
[17.313s] [ 54%] Built target turtlebot3_msgs__rosidl_typesupport_cpp
[17.369s] [ 56%] [32mBuilding CXX object CMakeFiles/turtlebot3_msgs__rosidl_typesupport_fastrtps_cpp.dir/rosidl_typesupport_fastrtps_cpp/turtlebot3_msgs/action/detail/dds_fastrtps/patrol__type_support.cpp.o[0m
[17.385s] [ 57%] [32m[1mLinking CXX shared library libturtlebot3_msgs__rosidl_typesupport_introspection_cpp.so[0m
[17.973s] [ 57%] Built target turtlebot3_msgs__rosidl_typesupport_introspection_cpp
[18.566s] [35m[1mScanning dependencies of target turtlebot3_msgs__rosidl_typesupport_introspection_c[0m
[18.721s] [ 59%] [32mBuilding C object CMakeFiles/turtlebot3_msgs__rosidl_typesupport_introspection_c.dir/rosidl_typesupport_introspection_c/turtlebot3_msgs/msg/detail/sensor_state__type_support.c.o[0m
[18.730s] [ 60%] [32mBuilding C object CMakeFiles/turtlebot3_msgs__rosidl_typesupport_introspection_c.dir/rosidl_typesupport_introspection_c/turtlebot3_msgs/msg/detail/sound__type_support.c.o[0m
[18.732s] [ 61%] [32mBuilding C object CMakeFiles/turtlebot3_msgs__rosidl_typesupport_introspection_c.dir/rosidl_typesupport_introspection_c/turtlebot3_msgs/msg/detail/version_info__type_support.c.o[0m
[18.755s] [ 63%] [32m[1mLinking CXX shared library libturtlebot3_msgs__rosidl_typesupport_fastrtps_cpp.so[0m
[18.904s] [ 64%] [32mBuilding C object CMakeFiles/turtlebot3_msgs__rosidl_typesupport_introspection_c.dir/rosidl_typesupport_introspection_c/turtlebot3_msgs/srv/detail/sound__type_support.c.o[0m
[18.939s] [ 66%] [32mBuilding C object CMakeFiles/turtlebot3_msgs__rosidl_typesupport_introspection_c.dir/rosidl_typesupport_introspection_c/turtlebot3_msgs/action/detail/patrol__type_support.c.o[0m
[18.965s] [ 67%] [32mBuilding C object CMakeFiles/turtlebot3_msgs__rosidl_typesupport_introspection_c.dir/rosidl_typesupport_introspection_c/turtlebot3_msgs/srv/detail/dqn__type_support.c.o[0m
[19.451s] [ 69%] [32m[1mLinking C shared library libturtlebot3_msgs__rosidl_typesupport_introspection_c.so[0m
[19.737s] [ 69%] Built target turtlebot3_msgs__rosidl_typesupport_introspection_c
[19.746s] [ 69%] Built target turtlebot3_msgs__rosidl_typesupport_fastrtps_cpp
[19.786s] [ 70%] [34m[1mGenerating C type support for eProsima Fast-RTPS[0m
[22.486s] [35m[1mScanning dependencies of target turtlebot3_msgs__rosidl_typesupport_fastrtps_c[0m
[22.741s] [ 71%] [32mBuilding CXX object CMakeFiles/turtlebot3_msgs__rosidl_typesupport_fastrtps_c.dir/rosidl_typesupport_fastrtps_c/turtlebot3_msgs/srv/detail/sound__type_support_c.cpp.o[0m
[22.742s] [ 73%] [32mBuilding CXX object CMakeFiles/turtlebot3_msgs__rosidl_typesupport_fastrtps_c.dir/rosidl_typesupport_fastrtps_c/turtlebot3_msgs/msg/detail/sound__type_support_c.cpp.o[0m
[22.746s] [ 74%] [32mBuilding CXX object CMakeFiles/turtlebot3_msgs__rosidl_typesupport_fastrtps_c.dir/rosidl_typesupport_fastrtps_c/turtlebot3_msgs/msg/detail/version_info__type_support_c.cpp.o[0m
[22.747s] [ 76%] [32mBuilding CXX object CMakeFiles/turtlebot3_msgs__rosidl_typesupport_fastrtps_c.dir/rosidl_typesupport_fastrtps_c/turtlebot3_msgs/msg/detail/sensor_state__type_support_c.cpp.o[0m
[23.923s] [ 77%] [32mBuilding CXX object CMakeFiles/turtlebot3_msgs__rosidl_typesupport_fastrtps_c.dir/rosidl_typesupport_fastrtps_c/turtlebot3_msgs/action/detail/patrol__type_support_c.cpp.o[0m
[23.939s] [ 78%] [32mBuilding CXX object CMakeFiles/turtlebot3_msgs__rosidl_typesupport_fastrtps_c.dir/rosidl_typesupport_fastrtps_c/turtlebot3_msgs/srv/detail/dqn__type_support_c.cpp.o[0m
[25.149s] [ 80%] [32m[1mLinking CXX shared library libturtlebot3_msgs__rosidl_typesupport_fastrtps_c.so[0m
[25.381s] [ 80%] Built target turtlebot3_msgs__rosidl_typesupport_fastrtps_c
[25.421s] [35m[1mScanning dependencies of target turtlebot3_msgs[0m
[25.452s] [ 80%] Built target turtlebot3_msgs
[25.499s] [35m[1mScanning dependencies of target turtlebot3_msgs__py[0m
[25.530s] [ 81%] [34m[1mGenerating Python code for ROS interfaces[0m
[31.007s] [ 81%] Built target turtlebot3_msgs__py
[31.055s] [35m[1mScanning dependencies of target turtlebot3_msgs__python[0m
[31.627s] [ 83%] [32mBuilding C object CMakeFiles/turtlebot3_msgs__python.dir/rosidl_generator_py/turtlebot3_msgs/msg/_sensor_state_s.c.o[0m
[31.636s] [ 84%] [32mBuilding C object CMakeFiles/turtlebot3_msgs__python.dir/rosidl_generator_py/turtlebot3_msgs/msg/_sound_s.c.o[0m
[31.680s] [ 85%] [32mBuilding C object CMakeFiles/turtlebot3_msgs__python.dir/rosidl_generator_py/turtlebot3_msgs/msg/_version_info_s.c.o[0m
[32.115s] [ 88%] [32mBuilding C object CMakeFiles/turtlebot3_msgs__python.dir/rosidl_generator_py/turtlebot3_msgs/srv/_dqn_s.c.o[0m
[32.115s] [ 88%] [32mBuilding C object CMakeFiles/turtlebot3_msgs__python.dir/rosidl_generator_py/turtlebot3_msgs/action/_patrol_s.c.o[0m
[32.163s] [ 90%] [32mBuilding C object CMakeFiles/turtlebot3_msgs__python.dir/rosidl_generator_py/turtlebot3_msgs/srv/_sound_s.c.o[0m
[39.064s] [ 91%] [32m[1mLinking C shared library rosidl_generator_py/turtlebot3_msgs/libturtlebot3_msgs__python.so[0m
[39.576s] [ 91%] Built target turtlebot3_msgs__python
[39.694s] [35m[1mScanning dependencies of target turtlebot3_msgs__rosidl_typesupport_fastrtps_c__pyext[0m
[39.698s] [35m[1mScanning dependencies of target turtlebot3_msgs__rosidl_typesupport_introspection_c__pyext[0m
[40.119s] [ 92%] [32mBuilding C object CMakeFiles/turtlebot3_msgs__rosidl_typesupport_fastrtps_c__pyext.dir/rosidl_generator_py/turtlebot3_msgs/_turtlebot3_msgs_s.ep.rosidl_typesupport_fastrtps_c.c.o[0m
[40.266s] [ 94%] [32mBuilding C object CMakeFiles/turtlebot3_msgs__rosidl_typesupport_introspection_c__pyext.dir/rosidl_generator_py/turtlebot3_msgs/_turtlebot3_msgs_s.ep.rosidl_typesupport_introspection_c.c.o[0m
[41.252s] [ 95%] [32m[1mLinking C shared library rosidl_generator_py/turtlebot3_msgs/turtlebot3_msgs_s__rosidl_typesupport_introspection_c.cpython-38-x86_64-linux-gnu.so[0m
[41.267s] [ 97%] [32m[1mLinking CXX shared library rosidl_generator_py/turtlebot3_msgs/turtlebot3_msgs_s__rosidl_typesupport_fastrtps_c.cpython-38-x86_64-linux-gnu.so[0m
[41.643s] [ 97%] Built target turtlebot3_msgs__rosidl_typesupport_fastrtps_c__pyext
[41.678s] [ 97%] Built target turtlebot3_msgs__rosidl_typesupport_introspection_c__pyext
[42.065s] [35m[1mScanning dependencies of target turtlebot3_msgs__rosidl_typesupport_c__pyext[0m
[42.137s] [ 98%] [32mBuilding C object CMakeFiles/turtlebot3_msgs__rosidl_typesupport_c__pyext.dir/rosidl_generator_py/turtlebot3_msgs/_turtlebot3_msgs_s.ep.rosidl_typesupport_c.c.o[0m
[43.179s] [100%] [32m[1mLinking C shared library rosidl_generator_py/turtlebot3_msgs/turtlebot3_msgs_s__rosidl_typesupport_c.cpython-38-x86_64-linux-gnu.so[0m
[43.368s] [100%] Built target turtlebot3_msgs__rosidl_typesupport_c__pyext
[43.445s] Invoked command in '/home/ros_user/my_ws/build/turtlebot3_msgs' returned '0': CMAKE_PREFIX_PATH=${CMAKE_PREFIX_PATH}:/home/ros_user/turtlebot3_ws/install/my_new_package:/home/ros_user/turtlebot3_ws/install/my_obstacle_avoidance:/home/ros_user/turtlebot3_ws/install/turtlebot3_teleop:/home/ros_user/turtlebot3_ws/install/turtlebot3_obstacle_avoidance:/home/ros_user/turtlebot3_ws/install/turtlebot3_example:/home/ros_user/ros2_ws/install/ros2_course:/home/ros_user/doosan2_ws/install/dsr_example2_py:/opt/ros/foxy /usr/bin/cmake --build /home/ros_user/my_ws/build/turtlebot3_msgs -- -j4 -l4
[44.299s] Invoking command in '/home/ros_user/my_ws/build/turtlebot3_msgs': CMAKE_PREFIX_PATH=${CMAKE_PREFIX_PATH}:/home/ros_user/turtlebot3_ws/install/my_new_package:/home/ros_user/turtlebot3_ws/install/my_obstacle_avoidance:/home/ros_user/turtlebot3_ws/install/turtlebot3_teleop:/home/ros_user/turtlebot3_ws/install/turtlebot3_obstacle_avoidance:/home/ros_user/turtlebot3_ws/install/turtlebot3_example:/home/ros_user/ros2_ws/install/ros2_course:/home/ros_user/doosan2_ws/install/dsr_example2_py:/opt/ros/foxy /usr/bin/cmake --install /home/ros_user/my_ws/build/turtlebot3_msgs
[45.241s] -- Install configuration: ""
[45.247s] -- Installing: /home/ros_user/my_ws/install/turtlebot3_msgs/share/ament_index/resource_index/rosidl_interfaces/turtlebot3_msgs
[45.248s] -- Installing: /home/ros_user/my_ws/install/turtlebot3_msgs/include/turtlebot3_msgs
[45.248s] -- Installing: /home/ros_user/my_ws/install/turtlebot3_msgs/include/turtlebot3_msgs/msg
[45.250s] -- Installing: /home/ros_user/my_ws/install/turtlebot3_msgs/include/turtlebot3_msgs/msg/sound.h
[45.250s] -- Installing: /home/ros_user/my_ws/install/turtlebot3_msgs/include/turtlebot3_msgs/msg/version_info.h
[45.251s] -- Installing: /home/ros_user/my_ws/install/turtlebot3_msgs/include/turtlebot3_msgs/msg/rosidl_generator_c__visibility_control.h
[45.252s] -- Installing: /home/ros_user/my_ws/install/turtlebot3_msgs/include/turtlebot3_msgs/msg/sensor_state.h
[45.253s] -- Installing: /home/ros_user/my_ws/install/turtlebot3_msgs/include/turtlebot3_msgs/msg/detail
[45.254s] -- Installing: /home/ros_user/my_ws/install/turtlebot3_msgs/include/turtlebot3_msgs/msg/detail/sensor_state__type_support.h
[45.255s] -- Installing: /home/ros_user/my_ws/install/turtlebot3_msgs/include/turtlebot3_msgs/msg/detail/sound__struct.h
[45.255s] -- Installing: /home/ros_user/my_ws/install/turtlebot3_msgs/include/turtlebot3_msgs/msg/detail/version_info__functions.h
[45.257s] -- Installing: /home/ros_user/my_ws/install/turtlebot3_msgs/include/turtlebot3_msgs/msg/detail/sound__type_support.h
[45.257s] -- Installing: /home/ros_user/my_ws/install/turtlebot3_msgs/include/turtlebot3_msgs/msg/detail/sensor_state__functions.h
[45.258s] -- Installing: /home/ros_user/my_ws/install/turtlebot3_msgs/include/turtlebot3_msgs/msg/detail/version_info__functions.c
[45.259s] -- Installing: /home/ros_user/my_ws/install/turtlebot3_msgs/include/turtlebot3_msgs/msg/detail/version_info__struct.h
[45.261s] -- Installing: /home/ros_user/my_ws/install/turtlebot3_msgs/include/turtlebot3_msgs/msg/detail/sensor_state__functions.c
[45.262s] -- Installing: /home/ros_user/my_ws/install/turtlebot3_msgs/include/turtlebot3_msgs/msg/detail/sound__functions.c
[45.263s] -- Installing: /home/ros_user/my_ws/install/turtlebot3_msgs/include/turtlebot3_msgs/msg/detail/sensor_state__struct.h
[45.265s] -- Installing: /home/ros_user/my_ws/install/turtlebot3_msgs/include/turtlebot3_msgs/msg/detail/version_info__type_support.h
[45.266s] -- Installing: /home/ros_user/my_ws/install/turtlebot3_msgs/include/turtlebot3_msgs/msg/detail/sound__functions.h
[45.267s] -- Installing: /home/ros_user/my_ws/install/turtlebot3_msgs/include/turtlebot3_msgs/srv
[45.267s] -- Installing: /home/ros_user/my_ws/install/turtlebot3_msgs/include/turtlebot3_msgs/srv/sound.h
[45.268s] -- Installing: /home/ros_user/my_ws/install/turtlebot3_msgs/include/turtlebot3_msgs/srv/dqn.h
[45.269s] -- Installing: /home/ros_user/my_ws/install/turtlebot3_msgs/include/turtlebot3_msgs/srv/detail
[45.270s] -- Installing: /home/ros_user/my_ws/install/turtlebot3_msgs/include/turtlebot3_msgs/srv/detail/sound__struct.h
[45.270s] -- Installing: /home/ros_user/my_ws/install/turtlebot3_msgs/include/turtlebot3_msgs/srv/detail/sound__type_support.h
[45.272s] -- Installing: /home/ros_user/my_ws/install/turtlebot3_msgs/include/turtlebot3_msgs/srv/detail/dqn__struct.h
[45.272s] -- Installing: /home/ros_user/my_ws/install/turtlebot3_msgs/include/turtlebot3_msgs/srv/detail/dqn__functions.h
[45.273s] -- Installing: /home/ros_user/my_ws/install/turtlebot3_msgs/include/turtlebot3_msgs/srv/detail/dqn__type_support.h
[45.273s] -- Installing: /home/ros_user/my_ws/install/turtlebot3_msgs/include/turtlebot3_msgs/srv/detail/dqn__functions.c
[45.275s] -- Installing: /home/ros_user/my_ws/install/turtlebot3_msgs/include/turtlebot3_msgs/srv/detail/sound__functions.c
[45.275s] -- Installing: /home/ros_user/my_ws/install/turtlebot3_msgs/include/turtlebot3_msgs/srv/detail/sound__functions.h
[45.276s] -- Installing: /home/ros_user/my_ws/install/turtlebot3_msgs/include/turtlebot3_msgs/action
[45.277s] -- Installing: /home/ros_user/my_ws/install/turtlebot3_msgs/include/turtlebot3_msgs/action/patrol.h
[45.278s] -- Installing: /home/ros_user/my_ws/install/turtlebot3_msgs/include/turtlebot3_msgs/action/detail
[45.278s] -- Installing: /home/ros_user/my_ws/install/turtlebot3_msgs/include/turtlebot3_msgs/action/detail/patrol__functions.h
[45.280s] -- Installing: /home/ros_user/my_ws/install/turtlebot3_msgs/include/turtlebot3_msgs/action/detail/patrol__functions.c
[45.281s] -- Installing: /home/ros_user/my_ws/install/turtlebot3_msgs/include/turtlebot3_msgs/action/detail/patrol__struct.h
[45.282s] -- Installing: /home/ros_user/my_ws/install/turtlebot3_msgs/include/turtlebot3_msgs/action/detail/patrol__type_support.h
[45.283s] -- Installing: /home/ros_user/my_ws/install/turtlebot3_msgs/share/turtlebot3_msgs/environment/library_path.sh
[45.285s] -- Installing: /home/ros_user/my_ws/install/turtlebot3_msgs/share/turtlebot3_msgs/environment/library_path.dsv
[45.286s] -- Installing: /home/ros_user/my_ws/install/turtlebot3_msgs/lib/libturtlebot3_msgs__rosidl_generator_c.so
[45.288s] -- Set runtime path of "/home/ros_user/my_ws/install/turtlebot3_msgs/lib/libturtlebot3_msgs__rosidl_generator_c.so" to ""
[45.288s] -- Up-to-date: /home/ros_user/my_ws/install/turtlebot3_msgs/include/turtlebot3_msgs
[45.290s] -- Up-to-date: /home/ros_user/my_ws/install/turtlebot3_msgs/include/turtlebot3_msgs/msg
[45.290s] -- Installing: /home/ros_user/my_ws/install/turtlebot3_msgs/include/turtlebot3_msgs/msg/rosidl_typesupport_fastrtps_c__visibility_control.h
[45.291s] -- Up-to-date: /home/ros_user/my_ws/install/turtlebot3_msgs/include/turtlebot3_msgs/msg/detail
[45.291s] -- Installing: /home/ros_user/my_ws/install/turtlebot3_msgs/include/turtlebot3_msgs/msg/detail/sound__rosidl_typesupport_fastrtps_c.h
[45.293s] -- Installing: /home/ros_user/my_ws/install/turtlebot3_msgs/include/turtlebot3_msgs/msg/detail/sensor_state__rosidl_typesupport_fastrtps_c.h
[45.294s] -- Installing: /home/ros_user/my_ws/install/turtlebot3_msgs/include/turtlebot3_msgs/msg/detail/version_info__rosidl_typesupport_fastrtps_c.h
[45.295s] -- Up-to-date: /home/ros_user/my_ws/install/turtlebot3_msgs/include/turtlebot3_msgs/srv
[45.296s] -- Up-to-date: /home/ros_user/my_ws/install/turtlebot3_msgs/include/turtlebot3_msgs/srv/detail
[45.296s] -- Installing: /home/ros_user/my_ws/install/turtlebot3_msgs/include/turtlebot3_msgs/srv/detail/sound__rosidl_typesupport_fastrtps_c.h
[45.297s] -- Installing: /home/ros_user/my_ws/install/turtlebot3_msgs/include/turtlebot3_msgs/srv/detail/dqn__rosidl_typesupport_fastrtps_c.h
[45.297s] -- Up-to-date: /home/ros_user/my_ws/install/turtlebot3_msgs/include/turtlebot3_msgs/action
[45.338s] -- Up-to-date: /home/ros_user/my_ws/install/turtlebot3_msgs/include/turtlebot3_msgs/action/detail
[45.338s] -- Installing: /home/ros_user/my_ws/install/turtlebot3_msgs/include/turtlebot3_msgs/action/detail/patrol__rosidl_typesupport_fastrtps_c.h
[45.338s] -- Installing: /home/ros_user/my_ws/install/turtlebot3_msgs/lib/libturtlebot3_msgs__rosidl_typesupport_fastrtps_c.so
[45.338s] -- Set runtime path of "/home/ros_user/my_ws/install/turtlebot3_msgs/lib/libturtlebot3_msgs__rosidl_typesupport_fastrtps_c.so" to ""
[45.338s] -- Up-to-date: /home/ros_user/my_ws/install/turtlebot3_msgs/include/turtlebot3_msgs
[45.339s] -- Up-to-date: /home/ros_user/my_ws/install/turtlebot3_msgs/include/turtlebot3_msgs/msg
[45.339s] -- Installing: /home/ros_user/my_ws/install/turtlebot3_msgs/include/turtlebot3_msgs/msg/rosidl_typesupport_fastrtps_cpp__visibility_control.h
[45.339s] -- Up-to-date: /home/ros_user/my_ws/install/turtlebot3_msgs/include/turtlebot3_msgs/msg/detail
[45.339s] -- Installing: /home/ros_user/my_ws/install/turtlebot3_msgs/include/turtlebot3_msgs/msg/detail/dds_fastrtps
[45.339s] -- Installing: /home/ros_user/my_ws/install/turtlebot3_msgs/include/turtlebot3_msgs/msg/detail/sound__rosidl_typesupport_fastrtps_cpp.hpp
[45.340s] -- Installing: /home/ros_user/my_ws/install/turtlebot3_msgs/include/turtlebot3_msgs/msg/detail/version_info__rosidl_typesupport_fastrtps_cpp.hpp
[45.340s] -- Installing: /home/ros_user/my_ws/install/turtlebot3_msgs/include/turtlebot3_msgs/msg/detail/sensor_state__rosidl_typesupport_fastrtps_cpp.hpp
[45.340s] -- Up-to-date: /home/ros_user/my_ws/install/turtlebot3_msgs/include/turtlebot3_msgs/srv
[45.340s] -- Up-to-date: /home/ros_user/my_ws/install/turtlebot3_msgs/include/turtlebot3_msgs/srv/detail
[45.340s] -- Installing: /home/ros_user/my_ws/install/turtlebot3_msgs/include/turtlebot3_msgs/srv/detail/dds_fastrtps
[45.340s] -- Installing: /home/ros_user/my_ws/install/turtlebot3_msgs/include/turtlebot3_msgs/srv/detail/sound__rosidl_typesupport_fastrtps_cpp.hpp
[45.341s] -- Installing: /home/ros_user/my_ws/install/turtlebot3_msgs/include/turtlebot3_msgs/srv/detail/dqn__rosidl_typesupport_fastrtps_cpp.hpp
[45.341s] -- Up-to-date: /home/ros_user/my_ws/install/turtlebot3_msgs/include/turtlebot3_msgs/action
[45.341s] -- Up-to-date: /home/ros_user/my_ws/install/turtlebot3_msgs/include/turtlebot3_msgs/action/detail
[45.341s] -- Installing: /home/ros_user/my_ws/install/turtlebot3_msgs/include/turtlebot3_msgs/action/detail/dds_fastrtps
[45.341s] -- Installing: /home/ros_user/my_ws/install/turtlebot3_msgs/include/turtlebot3_msgs/action/detail/patrol__rosidl_typesupport_fastrtps_cpp.hpp
[45.342s] -- Installing: /home/ros_user/my_ws/install/turtlebot3_msgs/lib/libturtlebot3_msgs__rosidl_typesupport_fastrtps_cpp.so
[45.342s] -- Set runtime path of "/home/ros_user/my_ws/install/turtlebot3_msgs/lib/libturtlebot3_msgs__rosidl_typesupport_fastrtps_cpp.so" to ""
[45.342s] -- Up-to-date: /home/ros_user/my_ws/install/turtlebot3_msgs/include/turtlebot3_msgs
[45.342s] -- Up-to-date: /home/ros_user/my_ws/install/turtlebot3_msgs/include/turtlebot3_msgs/msg
[45.343s] -- Installing: /home/ros_user/my_ws/install/turtlebot3_msgs/include/turtlebot3_msgs/msg/rosidl_typesupport_introspection_c__visibility_control.h
[45.343s] -- Up-to-date: /home/ros_user/my_ws/install/turtlebot3_msgs/include/turtlebot3_msgs/msg/detail
[45.343s] -- Installing: /home/ros_user/my_ws/install/turtlebot3_msgs/include/turtlebot3_msgs/msg/detail/sensor_state__type_support.c
[45.343s] -- Installing: /home/ros_user/my_ws/install/turtlebot3_msgs/include/turtlebot3_msgs/msg/detail/sensor_state__rosidl_typesupport_introspection_c.h
[45.344s] -- Installing: /home/ros_user/my_ws/install/turtlebot3_msgs/include/turtlebot3_msgs/msg/detail/sound__type_support.c
[45.344s] -- Installing: /home/ros_user/my_ws/install/turtlebot3_msgs/include/turtlebot3_msgs/msg/detail/sound__rosidl_typesupport_introspection_c.h
[45.344s] -- Installing: /home/ros_user/my_ws/install/turtlebot3_msgs/include/turtlebot3_msgs/msg/detail/version_info__type_support.c
[45.344s] -- Installing: /home/ros_user/my_ws/install/turtlebot3_msgs/include/turtlebot3_msgs/msg/detail/version_info__rosidl_typesupport_introspection_c.h
[45.344s] -- Up-to-date: /home/ros_user/my_ws/install/turtlebot3_msgs/include/turtlebot3_msgs/srv
[45.344s] -- Up-to-date: /home/ros_user/my_ws/install/turtlebot3_msgs/include/turtlebot3_msgs/srv/detail
[45.345s] -- Installing: /home/ros_user/my_ws/install/turtlebot3_msgs/include/turtlebot3_msgs/srv/detail/dqn__rosidl_typesupport_introspection_c.h
[45.345s] -- Installing: /home/ros_user/my_ws/install/turtlebot3_msgs/include/turtlebot3_msgs/srv/detail/sound__type_support.c
[45.345s] -- Installing: /home/ros_user/my_ws/install/turtlebot3_msgs/include/turtlebot3_msgs/srv/detail/sound__rosidl_typesupport_introspection_c.h
[45.345s] -- Installing: /home/ros_user/my_ws/install/turtlebot3_msgs/include/turtlebot3_msgs/srv/detail/dqn__type_support.c
[45.345s] -- Up-to-date: /home/ros_user/my_ws/install/turtlebot3_msgs/include/turtlebot3_msgs/action
[45.346s] -- Up-to-date: /home/ros_user/my_ws/install/turtlebot3_msgs/include/turtlebot3_msgs/action/detail
[45.346s] -- Installing: /home/ros_user/my_ws/install/turtlebot3_msgs/include/turtlebot3_msgs/action/detail/patrol__rosidl_typesupport_introspection_c.h
[45.346s] -- Installing: /home/ros_user/my_ws/install/turtlebot3_msgs/include/turtlebot3_msgs/action/detail/patrol__type_support.c
[45.346s] -- Installing: /home/ros_user/my_ws/install/turtlebot3_msgs/lib/libturtlebot3_msgs__rosidl_typesupport_introspection_c.so
[45.346s] -- Set runtime path of "/home/ros_user/my_ws/install/turtlebot3_msgs/lib/libturtlebot3_msgs__rosidl_typesupport_introspection_c.so" to ""
[45.346s] -- Installing: /home/ros_user/my_ws/install/turtlebot3_msgs/lib/libturtlebot3_msgs__rosidl_typesupport_c.so
[45.347s] -- Set runtime path of "/home/ros_user/my_ws/install/turtlebot3_msgs/lib/libturtlebot3_msgs__rosidl_typesupport_c.so" to ""
[45.347s] -- Up-to-date: /home/ros_user/my_ws/install/turtlebot3_msgs/include/turtlebot3_msgs
[45.347s] -- Up-to-date: /home/ros_user/my_ws/install/turtlebot3_msgs/include/turtlebot3_msgs/msg
[45.347s] -- Installing: /home/ros_user/my_ws/install/turtlebot3_msgs/include/turtlebot3_msgs/msg/version_info.hpp
[45.347s] -- Installing: /home/ros_user/my_ws/install/turtlebot3_msgs/include/turtlebot3_msgs/msg/sensor_state.hpp
[45.348s] -- Installing: /home/ros_user/my_ws/install/turtlebot3_msgs/include/turtlebot3_msgs/msg/sound.hpp
[45.348s] -- Up-to-date: /home/ros_user/my_ws/install/turtlebot3_msgs/include/turtlebot3_msgs/msg/detail
[45.348s] -- Installing: /home/ros_user/my_ws/install/turtlebot3_msgs/include/turtlebot3_msgs/msg/detail/sensor_state__struct.hpp
[45.348s] -- Installing: /home/ros_user/my_ws/install/turtlebot3_msgs/include/turtlebot3_msgs/msg/detail/version_info__builder.hpp
[45.348s] -- Installing: /home/ros_user/my_ws/install/turtlebot3_msgs/include/turtlebot3_msgs/msg/detail/sensor_state__builder.hpp
[45.349s] -- Installing: /home/ros_user/my_ws/install/turtlebot3_msgs/include/turtlebot3_msgs/msg/detail/sound__traits.hpp
[45.349s] -- Installing: /home/ros_user/my_ws/install/turtlebot3_msgs/include/turtlebot3_msgs/msg/detail/sound__struct.hpp
[45.349s] -- Installing: /home/ros_user/my_ws/install/turtlebot3_msgs/include/turtlebot3_msgs/msg/detail/sensor_state__traits.hpp
[45.349s] -- Installing: /home/ros_user/my_ws/install/turtlebot3_msgs/include/turtlebot3_msgs/msg/detail/version_info__traits.hpp
[45.349s] -- Installing: /home/ros_user/my_ws/install/turtlebot3_msgs/include/turtlebot3_msgs/msg/detail/version_info__struct.hpp
[45.349s] -- Installing: /home/ros_user/my_ws/install/turtlebot3_msgs/include/turtlebot3_msgs/msg/detail/sound__builder.hpp
[45.350s] -- Up-to-date: /home/ros_user/my_ws/install/turtlebot3_msgs/include/turtlebot3_msgs/srv
[45.350s] -- Installing: /home/ros_user/my_ws/install/turtlebot3_msgs/include/turtlebot3_msgs/srv/dqn.hpp
[45.350s] -- Installing: /home/ros_user/my_ws/install/turtlebot3_msgs/include/turtlebot3_msgs/srv/sound.hpp
[45.350s] -- Up-to-date: /home/ros_user/my_ws/install/turtlebot3_msgs/include/turtlebot3_msgs/srv/detail
[45.350s] -- Installing: /home/ros_user/my_ws/install/turtlebot3_msgs/include/turtlebot3_msgs/srv/detail/dqn__traits.hpp
[45.351s] -- Installing: /home/ros_user/my_ws/install/turtlebot3_msgs/include/turtlebot3_msgs/srv/detail/sound__traits.hpp
[45.351s] -- Installing: /home/ros_user/my_ws/install/turtlebot3_msgs/include/turtlebot3_msgs/srv/detail/sound__struct.hpp
[45.351s] -- Installing: /home/ros_user/my_ws/install/turtlebot3_msgs/include/turtlebot3_msgs/srv/detail/dqn__struct.hpp
[45.351s] -- Installing: /home/ros_user/my_ws/install/turtlebot3_msgs/include/turtlebot3_msgs/srv/detail/dqn__builder.hpp
[45.351s] -- Installing: /home/ros_user/my_ws/install/turtlebot3_msgs/include/turtlebot3_msgs/srv/detail/sound__builder.hpp
[45.351s] -- Up-to-date: /home/ros_user/my_ws/install/turtlebot3_msgs/include/turtlebot3_msgs/action
[45.352s] -- Installing: /home/ros_user/my_ws/install/turtlebot3_msgs/include/turtlebot3_msgs/action/patrol.hpp
[45.352s] -- Up-to-date: /home/ros_user/my_ws/install/turtlebot3_msgs/include/turtlebot3_msgs/action/detail
[45.352s] -- Installing: /home/ros_user/my_ws/install/turtlebot3_msgs/include/turtlebot3_msgs/action/detail/patrol__traits.hpp
[45.352s] -- Installing: /home/ros_user/my_ws/install/turtlebot3_msgs/include/turtlebot3_msgs/action/detail/patrol__struct.hpp
[45.352s] -- Installing: /home/ros_user/my_ws/install/turtlebot3_msgs/include/turtlebot3_msgs/action/detail/patrol__builder.hpp
[45.353s] -- Up-to-date: /home/ros_user/my_ws/install/turtlebot3_msgs/include/turtlebot3_msgs
[45.353s] -- Up-to-date: /home/ros_user/my_ws/install/turtlebot3_msgs/include/turtlebot3_msgs/msg
[45.353s] -- Up-to-date: /home/ros_user/my_ws/install/turtlebot3_msgs/include/turtlebot3_msgs/msg/detail
[45.353s] -- Installing: /home/ros_user/my_ws/install/turtlebot3_msgs/include/turtlebot3_msgs/msg/detail/sensor_state__type_support.cpp
[45.353s] -- Installing: /home/ros_user/my_ws/install/turtlebot3_msgs/include/turtlebot3_msgs/msg/detail/version_info__rosidl_typesupport_introspection_cpp.hpp
[45.354s] -- Installing: /home/ros_user/my_ws/install/turtlebot3_msgs/include/turtlebot3_msgs/msg/detail/sensor_state__rosidl_typesupport_introspection_cpp.hpp
[45.354s] -- Installing: /home/ros_user/my_ws/install/turtlebot3_msgs/include/turtlebot3_msgs/msg/detail/version_info__type_support.cpp
[45.354s] -- Installing: /home/ros_user/my_ws/install/turtlebot3_msgs/include/turtlebot3_msgs/msg/detail/sound__rosidl_typesupport_introspection_cpp.hpp
[45.354s] -- Installing: /home/ros_user/my_ws/install/turtlebot3_msgs/include/turtlebot3_msgs/msg/detail/sound__type_support.cpp
[45.354s] -- Up-to-date: /home/ros_user/my_ws/install/turtlebot3_msgs/include/turtlebot3_msgs/srv
[45.354s] -- Up-to-date: /home/ros_user/my_ws/install/turtlebot3_msgs/include/turtlebot3_msgs/srv/detail
[45.355s] -- Installing: /home/ros_user/my_ws/install/turtlebot3_msgs/include/turtlebot3_msgs/srv/detail/dqn__rosidl_typesupport_introspection_cpp.hpp
[45.355s] -- Installing: /home/ros_user/my_ws/install/turtlebot3_msgs/include/turtlebot3_msgs/srv/detail/dqn__type_support.cpp
[45.355s] -- Installing: /home/ros_user/my_ws/install/turtlebot3_msgs/include/turtlebot3_msgs/srv/detail/sound__rosidl_typesupport_introspection_cpp.hpp
[45.355s] -- Installing: /home/ros_user/my_ws/install/turtlebot3_msgs/include/turtlebot3_msgs/srv/detail/sound__type_support.cpp
[45.355s] -- Up-to-date: /home/ros_user/my_ws/install/turtlebot3_msgs/include/turtlebot3_msgs/action
[45.356s] -- Up-to-date: /home/ros_user/my_ws/install/turtlebot3_msgs/include/turtlebot3_msgs/action/detail
[45.356s] -- Installing: /home/ros_user/my_ws/install/turtlebot3_msgs/include/turtlebot3_msgs/action/detail/patrol__type_support.cpp
[45.356s] -- Installing: /home/ros_user/my_ws/install/turtlebot3_msgs/include/turtlebot3_msgs/action/detail/patrol__rosidl_typesupport_introspection_cpp.hpp
[45.356s] -- Installing: /home/ros_user/my_ws/install/turtlebot3_msgs/lib/libturtlebot3_msgs__rosidl_typesupport_introspection_cpp.so
[45.356s] -- Set runtime path of "/home/ros_user/my_ws/install/turtlebot3_msgs/lib/libturtlebot3_msgs__rosidl_typesupport_introspection_cpp.so" to ""
[45.357s] -- Installing: /home/ros_user/my_ws/install/turtlebot3_msgs/lib/libturtlebot3_msgs__rosidl_typesupport_cpp.so
[45.357s] -- Set runtime path of "/home/ros_user/my_ws/install/turtlebot3_msgs/lib/libturtlebot3_msgs__rosidl_typesupport_cpp.so" to ""
[45.357s] -- Installing: /home/ros_user/my_ws/install/turtlebot3_msgs/share/turtlebot3_msgs/environment/pythonpath.sh
[45.357s] -- Installing: /home/ros_user/my_ws/install/turtlebot3_msgs/share/turtlebot3_msgs/environment/pythonpath.dsv
[45.357s] -- Installing: /home/ros_user/my_ws/install/turtlebot3_msgs/lib/python3.8/site-packages/turtlebot3_msgs/__init__.py
[48.065s] Compiling '/home/ros_user/my_ws/install/turtlebot3_msgs/lib/python3.8/site-packages/turtlebot3_msgs/__init__.py'...
[48.088s] -- Installing: /home/ros_user/my_ws/install/turtlebot3_msgs/lib/python3.8/site-packages/turtlebot3_msgs/msg
[48.092s] -- Installing: /home/ros_user/my_ws/install/turtlebot3_msgs/lib/python3.8/site-packages/turtlebot3_msgs/msg/__init__.py
[48.322s] -- Installing: /home/ros_user/my_ws/install/turtlebot3_msgs/lib/python3.8/site-packages/turtlebot3_msgs/msg/_version_info_s.c
[48.324s] -- Installing: /home/ros_user/my_ws/install/turtlebot3_msgs/lib/python3.8/site-packages/turtlebot3_msgs/msg/_version_info.py
[48.325s] -- Installing: /home/ros_user/my_ws/install/turtlebot3_msgs/lib/python3.8/site-packages/turtlebot3_msgs/msg/_sensor_state.py
[48.326s] -- Installing: /home/ros_user/my_ws/install/turtlebot3_msgs/lib/python3.8/site-packages/turtlebot3_msgs/msg/_sound.py
[48.326s] -- Installing: /home/ros_user/my_ws/install/turtlebot3_msgs/lib/python3.8/site-packages/turtlebot3_msgs/msg/_sound_s.c
[48.328s] -- Installing: /home/ros_user/my_ws/install/turtlebot3_msgs/lib/python3.8/site-packages/turtlebot3_msgs/msg/_sensor_state_s.c
[48.331s] -- Installing: /home/ros_user/my_ws/install/turtlebot3_msgs/lib/python3.8/site-packages/turtlebot3_msgs/srv
[48.332s] -- Installing: /home/ros_user/my_ws/install/turtlebot3_msgs/lib/python3.8/site-packages/turtlebot3_msgs/srv/__init__.py
[48.332s] -- Installing: /home/ros_user/my_ws/install/turtlebot3_msgs/lib/python3.8/site-packages/turtlebot3_msgs/srv/_sound.py
[48.332s] -- Installing: /home/ros_user/my_ws/install/turtlebot3_msgs/lib/python3.8/site-packages/turtlebot3_msgs/srv/_sound_s.c
[48.333s] -- Installing: /home/ros_user/my_ws/install/turtlebot3_msgs/lib/python3.8/site-packages/turtlebot3_msgs/srv/_dqn_s.c
[48.333s] -- Installing: /home/ros_user/my_ws/install/turtlebot3_msgs/lib/python3.8/site-packages/turtlebot3_msgs/srv/_dqn.py
[48.333s] -- Installing: /home/ros_user/my_ws/install/turtlebot3_msgs/lib/python3.8/site-packages/turtlebot3_msgs/action
[48.333s] -- Installing: /home/ros_user/my_ws/install/turtlebot3_msgs/lib/python3.8/site-packages/turtlebot3_msgs/action/__init__.py
[48.334s] -- Installing: /home/ros_user/my_ws/install/turtlebot3_msgs/lib/python3.8/site-packages/turtlebot3_msgs/action/_patrol.py
[48.376s] -- Installing: /home/ros_user/my_ws/install/turtlebot3_msgs/lib/python3.8/site-packages/turtlebot3_msgs/action/_patrol_s.c
[48.657s] -- Installing: /home/ros_user/my_ws/install/turtlebot3_msgs/lib/python3.8/site-packages/turtlebot3_msgs/turtlebot3_msgs_s__rosidl_typesupport_fastrtps_c.cpython-38-x86_64-linux-gnu.so
[48.658s] -- Set runtime path of "/home/ros_user/my_ws/install/turtlebot3_msgs/lib/python3.8/site-packages/turtlebot3_msgs/turtlebot3_msgs_s__rosidl_typesupport_fastrtps_c.cpython-38-x86_64-linux-gnu.so" to ""
[48.659s] -- Installing: /home/ros_user/my_ws/install/turtlebot3_msgs/lib/python3.8/site-packages/turtlebot3_msgs/turtlebot3_msgs_s__rosidl_typesupport_introspection_c.cpython-38-x86_64-linux-gnu.so
[48.659s] -- Set runtime path of "/home/ros_user/my_ws/install/turtlebot3_msgs/lib/python3.8/site-packages/turtlebot3_msgs/turtlebot3_msgs_s__rosidl_typesupport_introspection_c.cpython-38-x86_64-linux-gnu.so" to ""
[48.660s] -- Installing: /home/ros_user/my_ws/install/turtlebot3_msgs/lib/python3.8/site-packages/turtlebot3_msgs/turtlebot3_msgs_s__rosidl_typesupport_c.cpython-38-x86_64-linux-gnu.so
[48.660s] -- Set runtime path of "/home/ros_user/my_ws/install/turtlebot3_msgs/lib/python3.8/site-packages/turtlebot3_msgs/turtlebot3_msgs_s__rosidl_typesupport_c.cpython-38-x86_64-linux-gnu.so" to ""
[48.660s] -- Installing: /home/ros_user/my_ws/install/turtlebot3_msgs/lib/libturtlebot3_msgs__python.so
[48.660s] -- Set runtime path of "/home/ros_user/my_ws/install/turtlebot3_msgs/lib/libturtlebot3_msgs__python.so" to ""
[48.660s] -- Installing: /home/ros_user/my_ws/install/turtlebot3_msgs/share/turtlebot3_msgs/msg/SensorState.idl
[48.661s] -- Installing: /home/ros_user/my_ws/install/turtlebot3_msgs/share/turtlebot3_msgs/msg/Sound.idl
[48.661s] -- Installing: /home/ros_user/my_ws/install/turtlebot3_msgs/share/turtlebot3_msgs/msg/VersionInfo.idl
[48.662s] -- Installing: /home/ros_user/my_ws/install/turtlebot3_msgs/share/turtlebot3_msgs/srv/Sound.idl
[48.663s] -- Installing: /home/ros_user/my_ws/install/turtlebot3_msgs/share/turtlebot3_msgs/srv/Dqn.idl
[48.663s] -- Installing: /home/ros_user/my_ws/install/turtlebot3_msgs/share/turtlebot3_msgs/action/Patrol.idl
[48.664s] -- Installing: /home/ros_user/my_ws/install/turtlebot3_msgs/share/turtlebot3_msgs/msg/SensorState.msg
[48.664s] -- Installing: /home/ros_user/my_ws/install/turtlebot3_msgs/share/turtlebot3_msgs/msg/Sound.msg
[48.665s] -- Installing: /home/ros_user/my_ws/install/turtlebot3_msgs/share/turtlebot3_msgs/msg/VersionInfo.msg
[48.665s] -- Installing: /home/ros_user/my_ws/install/turtlebot3_msgs/share/turtlebot3_msgs/srv/Sound.srv
[48.665s] -- Installing: /home/ros_user/my_ws/install/turtlebot3_msgs/share/turtlebot3_msgs/srv/Sound_Request.msg
[48.666s] -- Installing: /home/ros_user/my_ws/install/turtlebot3_msgs/share/turtlebot3_msgs/srv/Sound_Response.msg
[48.666s] -- Installing: /home/ros_user/my_ws/install/turtlebot3_msgs/share/turtlebot3_msgs/srv/Dqn.srv
[48.667s] -- Installing: /home/ros_user/my_ws/install/turtlebot3_msgs/share/turtlebot3_msgs/srv/Dqn_Request.msg
[48.667s] -- Installing: /home/ros_user/my_ws/install/turtlebot3_msgs/share/turtlebot3_msgs/srv/Dqn_Response.msg
[48.669s] -- Installing: /home/ros_user/my_ws/install/turtlebot3_msgs/share/turtlebot3_msgs/action/Patrol.action
[48.670s] -- Installing: /home/ros_user/my_ws/install/turtlebot3_msgs/share/ament_index/resource_index/package_run_dependencies/turtlebot3_msgs
[48.670s] -- Installing: /home/ros_user/my_ws/install/turtlebot3_msgs/share/ament_index/resource_index/parent_prefix_path/turtlebot3_msgs
[48.671s] -- Installing: /home/ros_user/my_ws/install/turtlebot3_msgs/share/turtlebot3_msgs/environment/ament_prefix_path.sh
[48.673s] -- Installing: /home/ros_user/my_ws/install/turtlebot3_msgs/share/turtlebot3_msgs/environment/ament_prefix_path.dsv
[48.673s] -- Installing: /home/ros_user/my_ws/install/turtlebot3_msgs/share/turtlebot3_msgs/environment/path.sh
[48.679s] -- Installing: /home/ros_user/my_ws/install/turtlebot3_msgs/share/turtlebot3_msgs/environment/path.dsv
[48.680s] -- Installing: /home/ros_user/my_ws/install/turtlebot3_msgs/share/turtlebot3_msgs/local_setup.bash
[48.681s] -- Installing: /home/ros_user/my_ws/install/turtlebot3_msgs/share/turtlebot3_msgs/local_setup.sh
[48.681s] -- Installing: /home/ros_user/my_ws/install/turtlebot3_msgs/share/turtlebot3_msgs/local_setup.zsh
[48.683s] -- Installing: /home/ros_user/my_ws/install/turtlebot3_msgs/share/turtlebot3_msgs/local_setup.dsv
[48.684s] -- Installing: /home/ros_user/my_ws/install/turtlebot3_msgs/share/turtlebot3_msgs/package.dsv
[48.684s] -- Installing: /home/ros_user/my_ws/install/turtlebot3_msgs/share/ament_index/resource_index/packages/turtlebot3_msgs
[48.685s] -- Installing: /home/ros_user/my_ws/install/turtlebot3_msgs/share/turtlebot3_msgs/cmake/turtlebot3_msgs__rosidl_generator_cExport.cmake
[48.685s] -- Installing: /home/ros_user/my_ws/install/turtlebot3_msgs/share/turtlebot3_msgs/cmake/turtlebot3_msgs__rosidl_generator_cExport-noconfig.cmake
[48.686s] -- Installing: /home/ros_user/my_ws/install/turtlebot3_msgs/share/turtlebot3_msgs/cmake/turtlebot3_msgs__rosidl_typesupport_introspection_cExport.cmake
[48.686s] -- Installing: /home/ros_user/my_ws/install/turtlebot3_msgs/share/turtlebot3_msgs/cmake/turtlebot3_msgs__rosidl_typesupport_introspection_cExport-noconfig.cmake
[48.687s] -- Installing: /home/ros_user/my_ws/install/turtlebot3_msgs/share/turtlebot3_msgs/cmake/turtlebot3_msgs__rosidl_typesupport_cExport.cmake
[48.687s] -- Installing: /home/ros_user/my_ws/install/turtlebot3_msgs/share/turtlebot3_msgs/cmake/turtlebot3_msgs__rosidl_typesupport_cExport-noconfig.cmake
[48.687s] -- Installing: /home/ros_user/my_ws/install/turtlebot3_msgs/share/turtlebot3_msgs/cmake/turtlebot3_msgs__rosidl_generator_cppExport.cmake
[48.688s] -- Installing: /home/ros_user/my_ws/install/turtlebot3_msgs/share/turtlebot3_msgs/cmake/turtlebot3_msgs__rosidl_typesupport_introspection_cppExport.cmake
[48.688s] -- Installing: /home/ros_user/my_ws/install/turtlebot3_msgs/share/turtlebot3_msgs/cmake/turtlebot3_msgs__rosidl_typesupport_introspection_cppExport-noconfig.cmake
[48.689s] -- Installing: /home/ros_user/my_ws/install/turtlebot3_msgs/share/turtlebot3_msgs/cmake/turtlebot3_msgs__rosidl_typesupport_cppExport.cmake
[48.689s] -- Installing: /home/ros_user/my_ws/install/turtlebot3_msgs/share/turtlebot3_msgs/cmake/turtlebot3_msgs__rosidl_typesupport_cppExport-noconfig.cmake
[48.690s] -- Installing: /home/ros_user/my_ws/install/turtlebot3_msgs/share/turtlebot3_msgs/cmake/rosidl_cmake-extras.cmake
[48.690s] -- Installing: /home/ros_user/my_ws/install/turtlebot3_msgs/share/turtlebot3_msgs/cmake/ament_cmake_export_dependencies-extras.cmake
[48.690s] -- Installing: /home/ros_user/my_ws/install/turtlebot3_msgs/share/turtlebot3_msgs/cmake/ament_cmake_export_libraries-extras.cmake
[48.691s] -- Installing: /home/ros_user/my_ws/install/turtlebot3_msgs/share/turtlebot3_msgs/cmake/ament_cmake_export_targets-extras.cmake
[48.691s] -- Installing: /home/ros_user/my_ws/install/turtlebot3_msgs/share/turtlebot3_msgs/cmake/ament_cmake_export_include_directories-extras.cmake
[48.692s] -- Installing: /home/ros_user/my_ws/install/turtlebot3_msgs/share/turtlebot3_msgs/cmake/rosidl_cmake_export_typesupport_libraries-extras.cmake
[48.692s] -- Installing: /home/ros_user/my_ws/install/turtlebot3_msgs/share/turtlebot3_msgs/cmake/rosidl_cmake_export_typesupport_targets-extras.cmake
[48.693s] -- Installing: /home/ros_user/my_ws/install/turtlebot3_msgs/share/turtlebot3_msgs/cmake/turtlebot3_msgsConfig.cmake
[48.693s] -- Installing: /home/ros_user/my_ws/install/turtlebot3_msgs/share/turtlebot3_msgs/cmake/turtlebot3_msgsConfig-version.cmake
[48.694s] -- Installing: /home/ros_user/my_ws/install/turtlebot3_msgs/share/turtlebot3_msgs/package.xml
[48.694s] Invoked command in '/home/ros_user/my_ws/build/turtlebot3_msgs' returned '0': CMAKE_PREFIX_PATH=${CMAKE_PREFIX_PATH}:/home/ros_user/turtlebot3_ws/install/my_new_package:/home/ros_user/turtlebot3_ws/install/my_obstacle_avoidance:/home/ros_user/turtlebot3_ws/install/turtlebot3_teleop:/home/ros_user/turtlebot3_ws/install/turtlebot3_obstacle_avoidance:/home/ros_user/turtlebot3_ws/install/turtlebot3_example:/home/ros_user/ros2_ws/install/ros2_course:/home/ros_user/doosan2_ws/install/dsr_example2_py:/opt/ros/foxy /usr/bin/cmake --install /home/ros_user/my_ws/build/turtlebot3_msgs
