[0.149s] Invoking command in '/home/ros_user/my_ws/build/turtlebot3_msgs': CMAKE_PREFIX_PATH=${CMAKE_PREFIX_PATH}:/home/ros_user/my_ws/install/turtlebot3_teleop:/home/ros_user/my_ws/install/turtlebot3_example:/home/ros_user/my_ws/install/obstacle_avoidance:/home/ros_user/turtlebot3_ws/install/turtlebot3_teleop:/home/ros_user/turtlebot3_ws/install/turtlebot3_obstacle_avoidance:/home/ros_user/turtlebot3_ws/install/turtlebot3_example:/home/ros_user/turtlebot3_ws/install/my_obstacle_avoidance:/home/ros_user/turtlebot3_ws/install/my_new_package:/home/ros_user/ros2_ws/install/ros2_course:/home/ros_user/doosan2_ws/install/dsr_example2_py:/opt/ros/foxy /usr/bin/cmake --build /home/ros_user/my_ws/build/turtlebot3_msgs -- -j4 -l4
[0.409s] [  1%] Built target turtlebot3_msgs__cpp
[0.435s] [ 12%] Built target turtlebot3_msgs__rosidl_generator_c
[0.523s] [ 23%] Built target turtlebot3_msgs__rosidl_typesupport_cpp
[0.565s] [ 35%] Built target turtlebot3_msgs__rosidl_typesupport_introspection_cpp
[0.622s] [ 46%] Built target turtlebot3_msgs__rosidl_typesupport_c
[0.639s] [ 57%] Built target turtlebot3_msgs__rosidl_typesupport_fastrtps_cpp
[0.723s] [ 69%] Built target turtlebot3_msgs__rosidl_typesupport_introspection_c
[0.775s] [ 80%] Built target turtlebot3_msgs__rosidl_typesupport_fastrtps_c
[0.896s] [ 80%] Built target turtlebot3_msgs
[1.008s] [ 81%] Built target turtlebot3_msgs__py
[1.119s] [ 91%] Built target turtlebot3_msgs__python
[1.228s] [ 94%] Built target turtlebot3_msgs__rosidl_typesupport_fastrtps_c__pyext
[1.231s] [ 97%] Built target turtlebot3_msgs__rosidl_typesupport_c__pyext
[1.251s] [100%] Built target turtlebot3_msgs__rosidl_typesupport_introspection_c__pyext
[1.680s] Invoked command in '/home/ros_user/my_ws/build/turtlebot3_msgs' returned '0': CMAKE_PREFIX_PATH=${CMAKE_PREFIX_PATH}:/home/ros_user/my_ws/install/turtlebot3_teleop:/home/ros_user/my_ws/install/turtlebot3_example:/home/ros_user/my_ws/install/obstacle_avoidance:/home/ros_user/turtlebot3_ws/install/turtlebot3_teleop:/home/ros_user/turtlebot3_ws/install/turtlebot3_obstacle_avoidance:/home/ros_user/turtlebot3_ws/install/turtlebot3_example:/home/ros_user/turtlebot3_ws/install/my_obstacle_avoidance:/home/ros_user/turtlebot3_ws/install/my_new_package:/home/ros_user/ros2_ws/install/ros2_course:/home/ros_user/doosan2_ws/install/dsr_example2_py:/opt/ros/foxy /usr/bin/cmake --build /home/ros_user/my_ws/build/turtlebot3_msgs -- -j4 -l4
[2.569s] Invoking command in '/home/ros_user/my_ws/build/turtlebot3_msgs': CMAKE_PREFIX_PATH=${CMAKE_PREFIX_PATH}:/home/ros_user/my_ws/install/turtlebot3_teleop:/home/ros_user/my_ws/install/turtlebot3_example:/home/ros_user/my_ws/install/obstacle_avoidance:/home/ros_user/turtlebot3_ws/install/turtlebot3_teleop:/home/ros_user/turtlebot3_ws/install/turtlebot3_obstacle_avoidance:/home/ros_user/turtlebot3_ws/install/turtlebot3_example:/home/ros_user/turtlebot3_ws/install/my_obstacle_avoidance:/home/ros_user/turtlebot3_ws/install/my_new_package:/home/ros_user/ros2_ws/install/ros2_course:/home/ros_user/doosan2_ws/install/dsr_example2_py:/opt/ros/foxy /usr/bin/cmake --install /home/ros_user/my_ws/build/turtlebot3_msgs
[2.747s] -- Install configuration: ""
[2.748s] -- Up-to-date: /home/ros_user/my_ws/install/turtlebot3_msgs/share/ament_index/resource_index/rosidl_interfaces/turtlebot3_msgs
[2.748s] -- Up-to-date: /home/ros_user/my_ws/install/turtlebot3_msgs/include/turtlebot3_msgs
[2.748s] -- Up-to-date: /home/ros_user/my_ws/install/turtlebot3_msgs/include/turtlebot3_msgs/msg
[2.748s] -- Up-to-date: /home/ros_user/my_ws/install/turtlebot3_msgs/include/turtlebot3_msgs/msg/sound.h
[2.748s] -- Up-to-date: /home/ros_user/my_ws/install/turtlebot3_msgs/include/turtlebot3_msgs/msg/version_info.h
[2.749s] -- Up-to-date: /home/ros_user/my_ws/install/turtlebot3_msgs/include/turtlebot3_msgs/msg/rosidl_generator_c__visibility_control.h
[2.749s] -- Up-to-date: /home/ros_user/my_ws/install/turtlebot3_msgs/include/turtlebot3_msgs/msg/sensor_state.h
[2.749s] -- Up-to-date: /home/ros_user/my_ws/install/turtlebot3_msgs/include/turtlebot3_msgs/msg/detail
[2.749s] -- Up-to-date: /home/ros_user/my_ws/install/turtlebot3_msgs/include/turtlebot3_msgs/msg/detail/sensor_state__type_support.h
[2.749s] -- Up-to-date: /home/ros_user/my_ws/install/turtlebot3_msgs/include/turtlebot3_msgs/msg/detail/sound__struct.h
[2.750s] -- Up-to-date: /home/ros_user/my_ws/install/turtlebot3_msgs/include/turtlebot3_msgs/msg/detail/version_info__functions.h
[2.750s] -- Up-to-date: /home/ros_user/my_ws/install/turtlebot3_msgs/include/turtlebot3_msgs/msg/detail/sound__type_support.h
[2.750s] -- Up-to-date: /home/ros_user/my_ws/install/turtlebot3_msgs/include/turtlebot3_msgs/msg/detail/sensor_state__functions.h
[2.750s] -- Up-to-date: /home/ros_user/my_ws/install/turtlebot3_msgs/include/turtlebot3_msgs/msg/detail/version_info__functions.c
[2.750s] -- Up-to-date: /home/ros_user/my_ws/install/turtlebot3_msgs/include/turtlebot3_msgs/msg/detail/version_info__struct.h
[2.750s] -- Up-to-date: /home/ros_user/my_ws/install/turtlebot3_msgs/include/turtlebot3_msgs/msg/detail/sensor_state__functions.c
[2.751s] -- Up-to-date: /home/ros_user/my_ws/install/turtlebot3_msgs/include/turtlebot3_msgs/msg/detail/sound__functions.c
[2.751s] -- Up-to-date: /home/ros_user/my_ws/install/turtlebot3_msgs/include/turtlebot3_msgs/msg/detail/sensor_state__struct.h
[2.751s] -- Up-to-date: /home/ros_user/my_ws/install/turtlebot3_msgs/include/turtlebot3_msgs/msg/detail/version_info__type_support.h
[2.751s] -- Up-to-date: /home/ros_user/my_ws/install/turtlebot3_msgs/include/turtlebot3_msgs/msg/detail/sound__functions.h
[2.751s] -- Up-to-date: /home/ros_user/my_ws/install/turtlebot3_msgs/include/turtlebot3_msgs/srv
[2.751s] -- Up-to-date: /home/ros_user/my_ws/install/turtlebot3_msgs/include/turtlebot3_msgs/srv/sound.h
[2.752s] -- Up-to-date: /home/ros_user/my_ws/install/turtlebot3_msgs/include/turtlebot3_msgs/srv/dqn.h
[2.752s] -- Up-to-date: /home/ros_user/my_ws/install/turtlebot3_msgs/include/turtlebot3_msgs/srv/detail
[2.752s] -- Up-to-date: /home/ros_user/my_ws/install/turtlebot3_msgs/include/turtlebot3_msgs/srv/detail/sound__struct.h
[2.752s] -- Up-to-date: /home/ros_user/my_ws/install/turtlebot3_msgs/include/turtlebot3_msgs/srv/detail/sound__type_support.h
[2.752s] -- Up-to-date: /home/ros_user/my_ws/install/turtlebot3_msgs/include/turtlebot3_msgs/srv/detail/dqn__struct.h
[2.752s] -- Up-to-date: /home/ros_user/my_ws/install/turtlebot3_msgs/include/turtlebot3_msgs/srv/detail/dqn__functions.h
[2.753s] -- Up-to-date: /home/ros_user/my_ws/install/turtlebot3_msgs/include/turtlebot3_msgs/srv/detail/dqn__type_support.h
[2.753s] -- Up-to-date: /home/ros_user/my_ws/install/turtlebot3_msgs/include/turtlebot3_msgs/srv/detail/dqn__functions.c
[2.753s] -- Up-to-date: /home/ros_user/my_ws/install/turtlebot3_msgs/include/turtlebot3_msgs/srv/detail/sound__functions.c
[2.753s] -- Up-to-date: /home/ros_user/my_ws/install/turtlebot3_msgs/include/turtlebot3_msgs/srv/detail/sound__functions.h
[2.753s] -- Up-to-date: /home/ros_user/my_ws/install/turtlebot3_msgs/include/turtlebot3_msgs/action
[2.754s] -- Up-to-date: /home/ros_user/my_ws/install/turtlebot3_msgs/include/turtlebot3_msgs/action/patrol.h
[2.754s] -- Up-to-date: /home/ros_user/my_ws/install/turtlebot3_msgs/include/turtlebot3_msgs/action/detail
[2.754s] -- Up-to-date: /home/ros_user/my_ws/install/turtlebot3_msgs/include/turtlebot3_msgs/action/detail/patrol__functions.h
[2.754s] -- Up-to-date: /home/ros_user/my_ws/install/turtlebot3_msgs/include/turtlebot3_msgs/action/detail/patrol__functions.c
[2.754s] -- Up-to-date: /home/ros_user/my_ws/install/turtlebot3_msgs/include/turtlebot3_msgs/action/detail/patrol__struct.h
[2.754s] -- Up-to-date: /home/ros_user/my_ws/install/turtlebot3_msgs/include/turtlebot3_msgs/action/detail/patrol__type_support.h
[2.755s] -- Up-to-date: /home/ros_user/my_ws/install/turtlebot3_msgs/share/turtlebot3_msgs/environment/library_path.sh
[2.755s] -- Up-to-date: /home/ros_user/my_ws/install/turtlebot3_msgs/share/turtlebot3_msgs/environment/library_path.dsv
[2.755s] -- Up-to-date: /home/ros_user/my_ws/install/turtlebot3_msgs/lib/libturtlebot3_msgs__rosidl_generator_c.so
[2.755s] -- Up-to-date: /home/ros_user/my_ws/install/turtlebot3_msgs/include/turtlebot3_msgs
[2.755s] -- Up-to-date: /home/ros_user/my_ws/install/turtlebot3_msgs/include/turtlebot3_msgs/msg
[2.755s] -- Up-to-date: /home/ros_user/my_ws/install/turtlebot3_msgs/include/turtlebot3_msgs/msg/rosidl_typesupport_fastrtps_c__visibility_control.h
[2.756s] -- Up-to-date: /home/ros_user/my_ws/install/turtlebot3_msgs/include/turtlebot3_msgs/msg/detail
[2.756s] -- Up-to-date: /home/ros_user/my_ws/install/turtlebot3_msgs/include/turtlebot3_msgs/msg/detail/sound__rosidl_typesupport_fastrtps_c.h
[2.756s] -- Up-to-date: /home/ros_user/my_ws/install/turtlebot3_msgs/include/turtlebot3_msgs/msg/detail/sensor_state__rosidl_typesupport_fastrtps_c.h
[2.756s] -- Up-to-date: /home/ros_user/my_ws/install/turtlebot3_msgs/include/turtlebot3_msgs/msg/detail/version_info__rosidl_typesupport_fastrtps_c.h
[2.756s] -- Up-to-date: /home/ros_user/my_ws/install/turtlebot3_msgs/include/turtlebot3_msgs/srv
[2.756s] -- Up-to-date: /home/ros_user/my_ws/install/turtlebot3_msgs/include/turtlebot3_msgs/srv/detail
[2.757s] -- Up-to-date: /home/ros_user/my_ws/install/turtlebot3_msgs/include/turtlebot3_msgs/srv/detail/sound__rosidl_typesupport_fastrtps_c.h
[2.757s] -- Up-to-date: /home/ros_user/my_ws/install/turtlebot3_msgs/include/turtlebot3_msgs/srv/detail/dqn__rosidl_typesupport_fastrtps_c.h
[2.757s] -- Up-to-date: /home/ros_user/my_ws/install/turtlebot3_msgs/include/turtlebot3_msgs/action
[2.757s] -- Up-to-date: /home/ros_user/my_ws/install/turtlebot3_msgs/include/turtlebot3_msgs/action/detail
[2.757s] -- Up-to-date: /home/ros_user/my_ws/install/turtlebot3_msgs/include/turtlebot3_msgs/action/detail/patrol__rosidl_typesupport_fastrtps_c.h
[2.757s] -- Up-to-date: /home/ros_user/my_ws/install/turtlebot3_msgs/lib/libturtlebot3_msgs__rosidl_typesupport_fastrtps_c.so
[2.758s] -- Up-to-date: /home/ros_user/my_ws/install/turtlebot3_msgs/include/turtlebot3_msgs
[2.758s] -- Up-to-date: /home/ros_user/my_ws/install/turtlebot3_msgs/include/turtlebot3_msgs/msg
[2.758s] -- Up-to-date: /home/ros_user/my_ws/install/turtlebot3_msgs/include/turtlebot3_msgs/msg/rosidl_typesupport_fastrtps_cpp__visibility_control.h
[2.758s] -- Up-to-date: /home/ros_user/my_ws/install/turtlebot3_msgs/include/turtlebot3_msgs/msg/detail
[2.758s] -- Up-to-date: /home/ros_user/my_ws/install/turtlebot3_msgs/include/turtlebot3_msgs/msg/detail/dds_fastrtps
[2.758s] -- Up-to-date: /home/ros_user/my_ws/install/turtlebot3_msgs/include/turtlebot3_msgs/msg/detail/sound__rosidl_typesupport_fastrtps_cpp.hpp
[2.759s] -- Up-to-date: /home/ros_user/my_ws/install/turtlebot3_msgs/include/turtlebot3_msgs/msg/detail/version_info__rosidl_typesupport_fastrtps_cpp.hpp
[2.759s] -- Up-to-date: /home/ros_user/my_ws/install/turtlebot3_msgs/include/turtlebot3_msgs/msg/detail/sensor_state__rosidl_typesupport_fastrtps_cpp.hpp
[2.759s] -- Up-to-date: /home/ros_user/my_ws/install/turtlebot3_msgs/include/turtlebot3_msgs/srv
[2.759s] -- Up-to-date: /home/ros_user/my_ws/install/turtlebot3_msgs/include/turtlebot3_msgs/srv/detail
[2.759s] -- Up-to-date: /home/ros_user/my_ws/install/turtlebot3_msgs/include/turtlebot3_msgs/srv/detail/dds_fastrtps
[2.759s] -- Up-to-date: /home/ros_user/my_ws/install/turtlebot3_msgs/include/turtlebot3_msgs/srv/detail/sound__rosidl_typesupport_fastrtps_cpp.hpp
[2.760s] -- Up-to-date: /home/ros_user/my_ws/install/turtlebot3_msgs/include/turtlebot3_msgs/srv/detail/dqn__rosidl_typesupport_fastrtps_cpp.hpp
[2.760s] -- Up-to-date: /home/ros_user/my_ws/install/turtlebot3_msgs/include/turtlebot3_msgs/action
[2.760s] -- Up-to-date: /home/ros_user/my_ws/install/turtlebot3_msgs/include/turtlebot3_msgs/action/detail
[2.760s] -- Up-to-date: /home/ros_user/my_ws/install/turtlebot3_msgs/include/turtlebot3_msgs/action/detail/dds_fastrtps
[2.760s] -- Up-to-date: /home/ros_user/my_ws/install/turtlebot3_msgs/include/turtlebot3_msgs/action/detail/patrol__rosidl_typesupport_fastrtps_cpp.hpp
[2.761s] -- Up-to-date: /home/ros_user/my_ws/install/turtlebot3_msgs/lib/libturtlebot3_msgs__rosidl_typesupport_fastrtps_cpp.so
[2.761s] -- Up-to-date: /home/ros_user/my_ws/install/turtlebot3_msgs/include/turtlebot3_msgs
[2.761s] -- Up-to-date: /home/ros_user/my_ws/install/turtlebot3_msgs/include/turtlebot3_msgs/msg
[2.761s] -- Up-to-date: /home/ros_user/my_ws/install/turtlebot3_msgs/include/turtlebot3_msgs/msg/rosidl_typesupport_introspection_c__visibility_control.h
[2.761s] -- Up-to-date: /home/ros_user/my_ws/install/turtlebot3_msgs/include/turtlebot3_msgs/msg/detail
[2.761s] -- Up-to-date: /home/ros_user/my_ws/install/turtlebot3_msgs/include/turtlebot3_msgs/msg/detail/sensor_state__type_support.c
[2.762s] -- Up-to-date: /home/ros_user/my_ws/install/turtlebot3_msgs/include/turtlebot3_msgs/msg/detail/sensor_state__rosidl_typesupport_introspection_c.h
[2.762s] -- Up-to-date: /home/ros_user/my_ws/install/turtlebot3_msgs/include/turtlebot3_msgs/msg/detail/sound__type_support.c
[2.762s] -- Up-to-date: /home/ros_user/my_ws/install/turtlebot3_msgs/include/turtlebot3_msgs/msg/detail/sound__rosidl_typesupport_introspection_c.h
[2.762s] -- Up-to-date: /home/ros_user/my_ws/install/turtlebot3_msgs/include/turtlebot3_msgs/msg/detail/version_info__type_support.c
[2.762s] -- Up-to-date: /home/ros_user/my_ws/install/turtlebot3_msgs/include/turtlebot3_msgs/msg/detail/version_info__rosidl_typesupport_introspection_c.h
[2.762s] -- Up-to-date: /home/ros_user/my_ws/install/turtlebot3_msgs/include/turtlebot3_msgs/srv
[2.763s] -- Up-to-date: /home/ros_user/my_ws/install/turtlebot3_msgs/include/turtlebot3_msgs/srv/detail
[2.763s] -- Up-to-date: /home/ros_user/my_ws/install/turtlebot3_msgs/include/turtlebot3_msgs/srv/detail/dqn__rosidl_typesupport_introspection_c.h
[2.763s] -- Up-to-date: /home/ros_user/my_ws/install/turtlebot3_msgs/include/turtlebot3_msgs/srv/detail/sound__type_support.c
[2.763s] -- Up-to-date: /home/ros_user/my_ws/install/turtlebot3_msgs/include/turtlebot3_msgs/srv/detail/sound__rosidl_typesupport_introspection_c.h
[2.763s] -- Up-to-date: /home/ros_user/my_ws/install/turtlebot3_msgs/include/turtlebot3_msgs/srv/detail/dqn__type_support.c
[2.763s] -- Up-to-date: /home/ros_user/my_ws/install/turtlebot3_msgs/include/turtlebot3_msgs/action
[2.764s] -- Up-to-date: /home/ros_user/my_ws/install/turtlebot3_msgs/include/turtlebot3_msgs/action/detail
[2.764s] -- Up-to-date: /home/ros_user/my_ws/install/turtlebot3_msgs/include/turtlebot3_msgs/action/detail/patrol__rosidl_typesupport_introspection_c.h
[2.764s] -- Up-to-date: /home/ros_user/my_ws/install/turtlebot3_msgs/include/turtlebot3_msgs/action/detail/patrol__type_support.c
[2.764s] -- Up-to-date: /home/ros_user/my_ws/install/turtlebot3_msgs/lib/libturtlebot3_msgs__rosidl_typesupport_introspection_c.so
[2.764s] -- Up-to-date: /home/ros_user/my_ws/install/turtlebot3_msgs/lib/libturtlebot3_msgs__rosidl_typesupport_c.so
[2.764s] -- Up-to-date: /home/ros_user/my_ws/install/turtlebot3_msgs/include/turtlebot3_msgs
[2.765s] -- Up-to-date: /home/ros_user/my_ws/install/turtlebot3_msgs/include/turtlebot3_msgs/msg
[2.765s] -- Up-to-date: /home/ros_user/my_ws/install/turtlebot3_msgs/include/turtlebot3_msgs/msg/version_info.hpp
[2.765s] -- Up-to-date: /home/ros_user/my_ws/install/turtlebot3_msgs/include/turtlebot3_msgs/msg/sensor_state.hpp
[2.765s] -- Up-to-date: /home/ros_user/my_ws/install/turtlebot3_msgs/include/turtlebot3_msgs/msg/sound.hpp
[2.765s] -- Up-to-date: /home/ros_user/my_ws/install/turtlebot3_msgs/include/turtlebot3_msgs/msg/detail
[2.765s] -- Up-to-date: /home/ros_user/my_ws/install/turtlebot3_msgs/include/turtlebot3_msgs/msg/detail/sensor_state__struct.hpp
[2.766s] -- Up-to-date: /home/ros_user/my_ws/install/turtlebot3_msgs/include/turtlebot3_msgs/msg/detail/version_info__builder.hpp
[2.766s] -- Up-to-date: /home/ros_user/my_ws/install/turtlebot3_msgs/include/turtlebot3_msgs/msg/detail/sensor_state__builder.hpp
[2.766s] -- Up-to-date: /home/ros_user/my_ws/install/turtlebot3_msgs/include/turtlebot3_msgs/msg/detail/sound__traits.hpp
[2.766s] -- Up-to-date: /home/ros_user/my_ws/install/turtlebot3_msgs/include/turtlebot3_msgs/msg/detail/sound__struct.hpp
[2.766s] -- Up-to-date: /home/ros_user/my_ws/install/turtlebot3_msgs/include/turtlebot3_msgs/msg/detail/sensor_state__traits.hpp
[2.767s] -- Up-to-date: /home/ros_user/my_ws/install/turtlebot3_msgs/include/turtlebot3_msgs/msg/detail/version_info__traits.hpp
[2.767s] -- Up-to-date: /home/ros_user/my_ws/install/turtlebot3_msgs/include/turtlebot3_msgs/msg/detail/version_info__struct.hpp
[2.767s] -- Up-to-date: /home/ros_user/my_ws/install/turtlebot3_msgs/include/turtlebot3_msgs/msg/detail/sound__builder.hpp
[2.767s] -- Up-to-date: /home/ros_user/my_ws/install/turtlebot3_msgs/include/turtlebot3_msgs/srv
[2.767s] -- Up-to-date: /home/ros_user/my_ws/install/turtlebot3_msgs/include/turtlebot3_msgs/srv/dqn.hpp
[2.767s] -- Up-to-date: /home/ros_user/my_ws/install/turtlebot3_msgs/include/turtlebot3_msgs/srv/sound.hpp
[2.768s] -- Up-to-date: /home/ros_user/my_ws/install/turtlebot3_msgs/include/turtlebot3_msgs/srv/detail
[2.768s] -- Up-to-date: /home/ros_user/my_ws/install/turtlebot3_msgs/include/turtlebot3_msgs/srv/detail/dqn__traits.hpp
[2.768s] -- Up-to-date: /home/ros_user/my_ws/install/turtlebot3_msgs/include/turtlebot3_msgs/srv/detail/sound__traits.hpp
[2.768s] -- Up-to-date: /home/ros_user/my_ws/install/turtlebot3_msgs/include/turtlebot3_msgs/srv/detail/sound__struct.hpp
[2.768s] -- Up-to-date: /home/ros_user/my_ws/install/turtlebot3_msgs/include/turtlebot3_msgs/srv/detail/dqn__struct.hpp
[2.768s] -- Up-to-date: /home/ros_user/my_ws/install/turtlebot3_msgs/include/turtlebot3_msgs/srv/detail/dqn__builder.hpp
[2.769s] -- Up-to-date: /home/ros_user/my_ws/install/turtlebot3_msgs/include/turtlebot3_msgs/srv/detail/sound__builder.hpp
[2.769s] -- Up-to-date: /home/ros_user/my_ws/install/turtlebot3_msgs/include/turtlebot3_msgs/action
[2.769s] -- Up-to-date: /home/ros_user/my_ws/install/turtlebot3_msgs/include/turtlebot3_msgs/action/patrol.hpp
[2.769s] -- Up-to-date: /home/ros_user/my_ws/install/turtlebot3_msgs/include/turtlebot3_msgs/action/detail
[2.769s] -- Up-to-date: /home/ros_user/my_ws/install/turtlebot3_msgs/include/turtlebot3_msgs/action/detail/patrol__traits.hpp
[2.769s] -- Up-to-date: /home/ros_user/my_ws/install/turtlebot3_msgs/include/turtlebot3_msgs/action/detail/patrol__struct.hpp
[2.770s] -- Up-to-date: /home/ros_user/my_ws/install/turtlebot3_msgs/include/turtlebot3_msgs/action/detail/patrol__builder.hpp
[2.770s] -- Up-to-date: /home/ros_user/my_ws/install/turtlebot3_msgs/include/turtlebot3_msgs
[2.770s] -- Up-to-date: /home/ros_user/my_ws/install/turtlebot3_msgs/include/turtlebot3_msgs/msg
[2.770s] -- Up-to-date: /home/ros_user/my_ws/install/turtlebot3_msgs/include/turtlebot3_msgs/msg/detail
[2.770s] -- Up-to-date: /home/ros_user/my_ws/install/turtlebot3_msgs/include/turtlebot3_msgs/msg/detail/sensor_state__type_support.cpp
[2.770s] -- Up-to-date: /home/ros_user/my_ws/install/turtlebot3_msgs/include/turtlebot3_msgs/msg/detail/version_info__rosidl_typesupport_introspection_cpp.hpp
[2.770s] -- Up-to-date: /home/ros_user/my_ws/install/turtlebot3_msgs/include/turtlebot3_msgs/msg/detail/sensor_state__rosidl_typesupport_introspection_cpp.hpp
[2.771s] -- Up-to-date: /home/ros_user/my_ws/install/turtlebot3_msgs/include/turtlebot3_msgs/msg/detail/version_info__type_support.cpp
[2.771s] -- Up-to-date: /home/ros_user/my_ws/install/turtlebot3_msgs/include/turtlebot3_msgs/msg/detail/sound__rosidl_typesupport_introspection_cpp.hpp
[2.771s] -- Up-to-date: /home/ros_user/my_ws/install/turtlebot3_msgs/include/turtlebot3_msgs/msg/detail/sound__type_support.cpp
[2.771s] -- Up-to-date: /home/ros_user/my_ws/install/turtlebot3_msgs/include/turtlebot3_msgs/srv
[2.771s] -- Up-to-date: /home/ros_user/my_ws/install/turtlebot3_msgs/include/turtlebot3_msgs/srv/detail
[2.771s] -- Up-to-date: /home/ros_user/my_ws/install/turtlebot3_msgs/include/turtlebot3_msgs/srv/detail/dqn__rosidl_typesupport_introspection_cpp.hpp
[2.771s] -- Up-to-date: /home/ros_user/my_ws/install/turtlebot3_msgs/include/turtlebot3_msgs/srv/detail/dqn__type_support.cpp
[2.772s] -- Up-to-date: /home/ros_user/my_ws/install/turtlebot3_msgs/include/turtlebot3_msgs/srv/detail/sound__rosidl_typesupport_introspection_cpp.hpp
[2.772s] -- Up-to-date: /home/ros_user/my_ws/install/turtlebot3_msgs/include/turtlebot3_msgs/srv/detail/sound__type_support.cpp
[2.772s] -- Up-to-date: /home/ros_user/my_ws/install/turtlebot3_msgs/include/turtlebot3_msgs/action
[2.772s] -- Up-to-date: /home/ros_user/my_ws/install/turtlebot3_msgs/include/turtlebot3_msgs/action/detail
[2.772s] -- Up-to-date: /home/ros_user/my_ws/install/turtlebot3_msgs/include/turtlebot3_msgs/action/detail/patrol__type_support.cpp
[2.772s] -- Up-to-date: /home/ros_user/my_ws/install/turtlebot3_msgs/include/turtlebot3_msgs/action/detail/patrol__rosidl_typesupport_introspection_cpp.hpp
[2.773s] -- Up-to-date: /home/ros_user/my_ws/install/turtlebot3_msgs/lib/libturtlebot3_msgs__rosidl_typesupport_introspection_cpp.so
[2.773s] -- Up-to-date: /home/ros_user/my_ws/install/turtlebot3_msgs/lib/libturtlebot3_msgs__rosidl_typesupport_cpp.so
[2.773s] -- Up-to-date: /home/ros_user/my_ws/install/turtlebot3_msgs/share/turtlebot3_msgs/environment/pythonpath.sh
[2.773s] -- Up-to-date: /home/ros_user/my_ws/install/turtlebot3_msgs/share/turtlebot3_msgs/environment/pythonpath.dsv
[2.773s] -- Up-to-date: /home/ros_user/my_ws/install/turtlebot3_msgs/lib/python3.8/site-packages/turtlebot3_msgs/__init__.py
[2.859s] -- Up-to-date: /home/ros_user/my_ws/install/turtlebot3_msgs/lib/python3.8/site-packages/turtlebot3_msgs/msg
[2.859s] -- Up-to-date: /home/ros_user/my_ws/install/turtlebot3_msgs/lib/python3.8/site-packages/turtlebot3_msgs/msg/__init__.py
[2.860s] -- Up-to-date: /home/ros_user/my_ws/install/turtlebot3_msgs/lib/python3.8/site-packages/turtlebot3_msgs/msg/_version_info_s.c
[2.860s] -- Up-to-date: /home/ros_user/my_ws/install/turtlebot3_msgs/lib/python3.8/site-packages/turtlebot3_msgs/msg/_version_info.py
[2.861s] -- Up-to-date: /home/ros_user/my_ws/install/turtlebot3_msgs/lib/python3.8/site-packages/turtlebot3_msgs/msg/_sensor_state.py
[2.861s] -- Up-to-date: /home/ros_user/my_ws/install/turtlebot3_msgs/lib/python3.8/site-packages/turtlebot3_msgs/msg/_sound.py
[2.861s] -- Up-to-date: /home/ros_user/my_ws/install/turtlebot3_msgs/lib/python3.8/site-packages/turtlebot3_msgs/msg/_sound_s.c
[2.861s] -- Up-to-date: /home/ros_user/my_ws/install/turtlebot3_msgs/lib/python3.8/site-packages/turtlebot3_msgs/msg/_sensor_state_s.c
[2.862s] -- Up-to-date: /home/ros_user/my_ws/install/turtlebot3_msgs/lib/python3.8/site-packages/turtlebot3_msgs/srv
[2.862s] -- Up-to-date: /home/ros_user/my_ws/install/turtlebot3_msgs/lib/python3.8/site-packages/turtlebot3_msgs/srv/__init__.py
[2.862s] -- Up-to-date: /home/ros_user/my_ws/install/turtlebot3_msgs/lib/python3.8/site-packages/turtlebot3_msgs/srv/_sound.py
[2.862s] -- Up-to-date: /home/ros_user/my_ws/install/turtlebot3_msgs/lib/python3.8/site-packages/turtlebot3_msgs/srv/_sound_s.c
[2.862s] -- Up-to-date: /home/ros_user/my_ws/install/turtlebot3_msgs/lib/python3.8/site-packages/turtlebot3_msgs/srv/_dqn_s.c
[2.862s] -- Up-to-date: /home/ros_user/my_ws/install/turtlebot3_msgs/lib/python3.8/site-packages/turtlebot3_msgs/srv/_dqn.py
[2.862s] -- Up-to-date: /home/ros_user/my_ws/install/turtlebot3_msgs/lib/python3.8/site-packages/turtlebot3_msgs/action
[2.862s] -- Up-to-date: /home/ros_user/my_ws/install/turtlebot3_msgs/lib/python3.8/site-packages/turtlebot3_msgs/action/__init__.py
[2.862s] -- Up-to-date: /home/ros_user/my_ws/install/turtlebot3_msgs/lib/python3.8/site-packages/turtlebot3_msgs/action/_patrol.py
[2.862s] -- Up-to-date: /home/ros_user/my_ws/install/turtlebot3_msgs/lib/python3.8/site-packages/turtlebot3_msgs/action/_patrol_s.c
[2.862s] -- Up-to-date: /home/ros_user/my_ws/install/turtlebot3_msgs/lib/python3.8/site-packages/turtlebot3_msgs/turtlebot3_msgs_s__rosidl_typesupport_fastrtps_c.cpython-38-x86_64-linux-gnu.so
[2.862s] -- Up-to-date: /home/ros_user/my_ws/install/turtlebot3_msgs/lib/python3.8/site-packages/turtlebot3_msgs/turtlebot3_msgs_s__rosidl_typesupport_introspection_c.cpython-38-x86_64-linux-gnu.so
[2.867s] -- Up-to-date: /home/ros_user/my_ws/install/turtlebot3_msgs/lib/python3.8/site-packages/turtlebot3_msgs/turtlebot3_msgs_s__rosidl_typesupport_c.cpython-38-x86_64-linux-gnu.so
[2.877s] -- Up-to-date: /home/ros_user/my_ws/install/turtlebot3_msgs/lib/libturtlebot3_msgs__python.so
[2.877s] -- Up-to-date: /home/ros_user/my_ws/install/turtlebot3_msgs/share/turtlebot3_msgs/msg/SensorState.idl
[2.877s] -- Up-to-date: /home/ros_user/my_ws/install/turtlebot3_msgs/share/turtlebot3_msgs/msg/Sound.idl
[2.878s] -- Up-to-date: /home/ros_user/my_ws/install/turtlebot3_msgs/share/turtlebot3_msgs/msg/VersionInfo.idl
[2.878s] -- Up-to-date: /home/ros_user/my_ws/install/turtlebot3_msgs/share/turtlebot3_msgs/srv/Sound.idl
[2.878s] -- Up-to-date: /home/ros_user/my_ws/install/turtlebot3_msgs/share/turtlebot3_msgs/srv/Dqn.idl
[2.878s] -- Up-to-date: /home/ros_user/my_ws/install/turtlebot3_msgs/share/turtlebot3_msgs/action/Patrol.idl
[2.878s] -- Up-to-date: /home/ros_user/my_ws/install/turtlebot3_msgs/share/turtlebot3_msgs/msg/SensorState.msg
[2.878s] -- Up-to-date: /home/ros_user/my_ws/install/turtlebot3_msgs/share/turtlebot3_msgs/msg/Sound.msg
[2.879s] -- Up-to-date: /home/ros_user/my_ws/install/turtlebot3_msgs/share/turtlebot3_msgs/msg/VersionInfo.msg
[2.879s] -- Up-to-date: /home/ros_user/my_ws/install/turtlebot3_msgs/share/turtlebot3_msgs/srv/Sound.srv
[2.879s] -- Up-to-date: /home/ros_user/my_ws/install/turtlebot3_msgs/share/turtlebot3_msgs/srv/Sound_Request.msg
[2.879s] -- Up-to-date: /home/ros_user/my_ws/install/turtlebot3_msgs/share/turtlebot3_msgs/srv/Sound_Response.msg
[2.881s] -- Up-to-date: /home/ros_user/my_ws/install/turtlebot3_msgs/share/turtlebot3_msgs/srv/Dqn.srv
[2.881s] -- Up-to-date: /home/ros_user/my_ws/install/turtlebot3_msgs/share/turtlebot3_msgs/srv/Dqn_Request.msg
[2.882s] -- Up-to-date: /home/ros_user/my_ws/install/turtlebot3_msgs/share/turtlebot3_msgs/srv/Dqn_Response.msg
[2.883s] -- Up-to-date: /home/ros_user/my_ws/install/turtlebot3_msgs/share/turtlebot3_msgs/action/Patrol.action
[2.883s] -- Up-to-date: /home/ros_user/my_ws/install/turtlebot3_msgs/share/ament_index/resource_index/package_run_dependencies/turtlebot3_msgs
[2.883s] -- Up-to-date: /home/ros_user/my_ws/install/turtlebot3_msgs/share/ament_index/resource_index/parent_prefix_path/turtlebot3_msgs
[2.883s] -- Up-to-date: /home/ros_user/my_ws/install/turtlebot3_msgs/share/turtlebot3_msgs/environment/ament_prefix_path.sh
[2.884s] -- Up-to-date: /home/ros_user/my_ws/install/turtlebot3_msgs/share/turtlebot3_msgs/environment/ament_prefix_path.dsv
[2.884s] -- Up-to-date: /home/ros_user/my_ws/install/turtlebot3_msgs/share/turtlebot3_msgs/environment/path.sh
[2.885s] -- Up-to-date: /home/ros_user/my_ws/install/turtlebot3_msgs/share/turtlebot3_msgs/environment/path.dsv
[2.886s] -- Up-to-date: /home/ros_user/my_ws/install/turtlebot3_msgs/share/turtlebot3_msgs/local_setup.bash
[2.887s] -- Up-to-date: /home/ros_user/my_ws/install/turtlebot3_msgs/share/turtlebot3_msgs/local_setup.sh
[2.887s] -- Up-to-date: /home/ros_user/my_ws/install/turtlebot3_msgs/share/turtlebot3_msgs/local_setup.zsh
[2.888s] -- Up-to-date: /home/ros_user/my_ws/install/turtlebot3_msgs/share/turtlebot3_msgs/local_setup.dsv
[2.892s] -- Installing: /home/ros_user/my_ws/install/turtlebot3_msgs/share/turtlebot3_msgs/package.dsv
[2.892s] -- Up-to-date: /home/ros_user/my_ws/install/turtlebot3_msgs/share/ament_index/resource_index/packages/turtlebot3_msgs
[2.893s] -- Up-to-date: /home/ros_user/my_ws/install/turtlebot3_msgs/share/turtlebot3_msgs/cmake/turtlebot3_msgs__rosidl_generator_cExport.cmake
[2.893s] -- Up-to-date: /home/ros_user/my_ws/install/turtlebot3_msgs/share/turtlebot3_msgs/cmake/turtlebot3_msgs__rosidl_generator_cExport-noconfig.cmake
[2.893s] -- Up-to-date: /home/ros_user/my_ws/install/turtlebot3_msgs/share/turtlebot3_msgs/cmake/turtlebot3_msgs__rosidl_typesupport_introspection_cExport.cmake
[2.893s] -- Up-to-date: /home/ros_user/my_ws/install/turtlebot3_msgs/share/turtlebot3_msgs/cmake/turtlebot3_msgs__rosidl_typesupport_introspection_cExport-noconfig.cmake
[2.893s] -- Up-to-date: /home/ros_user/my_ws/install/turtlebot3_msgs/share/turtlebot3_msgs/cmake/turtlebot3_msgs__rosidl_typesupport_cExport.cmake
[2.893s] -- Up-to-date: /home/ros_user/my_ws/install/turtlebot3_msgs/share/turtlebot3_msgs/cmake/turtlebot3_msgs__rosidl_typesupport_cExport-noconfig.cmake
[2.894s] -- Up-to-date: /home/ros_user/my_ws/install/turtlebot3_msgs/share/turtlebot3_msgs/cmake/turtlebot3_msgs__rosidl_generator_cppExport.cmake
[2.894s] -- Up-to-date: /home/ros_user/my_ws/install/turtlebot3_msgs/share/turtlebot3_msgs/cmake/turtlebot3_msgs__rosidl_typesupport_introspection_cppExport.cmake
[2.894s] -- Up-to-date: /home/ros_user/my_ws/install/turtlebot3_msgs/share/turtlebot3_msgs/cmake/turtlebot3_msgs__rosidl_typesupport_introspection_cppExport-noconfig.cmake
[2.902s] -- Up-to-date: /home/ros_user/my_ws/install/turtlebot3_msgs/share/turtlebot3_msgs/cmake/turtlebot3_msgs__rosidl_typesupport_cppExport.cmake
[2.902s] -- Up-to-date: /home/ros_user/my_ws/install/turtlebot3_msgs/share/turtlebot3_msgs/cmake/turtlebot3_msgs__rosidl_typesupport_cppExport-noconfig.cmake
[2.903s] -- Up-to-date: /home/ros_user/my_ws/install/turtlebot3_msgs/share/turtlebot3_msgs/cmake/rosidl_cmake-extras.cmake
[2.903s] -- Up-to-date: /home/ros_user/my_ws/install/turtlebot3_msgs/share/turtlebot3_msgs/cmake/ament_cmake_export_dependencies-extras.cmake
[2.903s] -- Up-to-date: /home/ros_user/my_ws/install/turtlebot3_msgs/share/turtlebot3_msgs/cmake/ament_cmake_export_libraries-extras.cmake
[2.903s] -- Up-to-date: /home/ros_user/my_ws/install/turtlebot3_msgs/share/turtlebot3_msgs/cmake/ament_cmake_export_targets-extras.cmake
[2.903s] -- Up-to-date: /home/ros_user/my_ws/install/turtlebot3_msgs/share/turtlebot3_msgs/cmake/ament_cmake_export_include_directories-extras.cmake
[2.903s] -- Up-to-date: /home/ros_user/my_ws/install/turtlebot3_msgs/share/turtlebot3_msgs/cmake/rosidl_cmake_export_typesupport_libraries-extras.cmake
[2.904s] -- Up-to-date: /home/ros_user/my_ws/install/turtlebot3_msgs/share/turtlebot3_msgs/cmake/rosidl_cmake_export_typesupport_targets-extras.cmake
[2.908s] -- Up-to-date: /home/ros_user/my_ws/install/turtlebot3_msgs/share/turtlebot3_msgs/cmake/turtlebot3_msgsConfig.cmake
[2.912s] -- Up-to-date: /home/ros_user/my_ws/install/turtlebot3_msgs/share/turtlebot3_msgs/cmake/turtlebot3_msgsConfig-version.cmake
[2.913s] -- Up-to-date: /home/ros_user/my_ws/install/turtlebot3_msgs/share/turtlebot3_msgs/package.xml
[2.923s] Invoked command in '/home/ros_user/my_ws/build/turtlebot3_msgs' returned '0': CMAKE_PREFIX_PATH=${CMAKE_PREFIX_PATH}:/home/ros_user/my_ws/install/turtlebot3_teleop:/home/ros_user/my_ws/install/turtlebot3_example:/home/ros_user/my_ws/install/obstacle_avoidance:/home/ros_user/turtlebot3_ws/install/turtlebot3_teleop:/home/ros_user/turtlebot3_ws/install/turtlebot3_obstacle_avoidance:/home/ros_user/turtlebot3_ws/install/turtlebot3_example:/home/ros_user/turtlebot3_ws/install/my_obstacle_avoidance:/home/ros_user/turtlebot3_ws/install/my_new_package:/home/ros_user/ros2_ws/install/ros2_course:/home/ros_user/doosan2_ws/install/dsr_example2_py:/opt/ros/foxy /usr/bin/cmake --install /home/ros_user/my_ws/build/turtlebot3_msgs
