[0.342s] Invoking command in '/home/ros_user/my_ws/build/turtlebot3_node': AMENT_PREFIX_PATH=/home/ros_user/my_ws/install/turtlebot3_msgs:${AMENT_PREFIX_PATH} CMAKE_PREFIX_PATH=/home/ros_user/my_ws/install/turtlebot3_msgs:/home/ros_user/turtlebot3_ws/install/turtlebot3:/home/ros_user/turtlebot3_ws/install/turtlebot3_simulations:/home/ros_user/turtlebot3_ws/install/turtlebot3_bringup:/home/ros_user/turtlebot3_ws/install/turtlebot3_node:/home/ros_user/turtlebot3_ws/install/turtlebot3_navigation2:/home/ros_user/turtlebot3_ws/install/turtlebot3_gazebo:/home/ros_user/turtlebot3_ws/install/turtlebot3_fake_node:/home/ros_user/turtlebot3_ws/install/turtlebot3_description:/home/ros_user/turtlebot3_ws/install/turtlebot3_cartographer:/home/ros_user/doosan2_ws/install/gazebo_ros2_control_demos:/home/ros_user/doosan2_ws/install/dsr_gazebo2:/home/ros_user/doosan2_ws/install/velocity_controllers:/home/ros_user/doosan2_ws/install/ros2_control:/home/ros_user/doosan2_ws/install/gazebo_ros2_control:/home/ros_user/doosan2_ws/install/transmission_interface:/home/ros_user/doosan2_ws/install/test_robot_hardware:/home/ros_user/doosan2_ws/install/ros2_controllers:/home/ros_user/doosan2_ws/install/position_controllers:/home/ros_user/doosan2_ws/install/dsr_control2:/home/ros_user/doosan2_ws/install/moveit_msgs:/home/ros_user/doosan2_ws/install/joint_trajectory_controller:/home/ros_user/doosan2_ws/install/joint_state_controller:/home/ros_user/doosan2_ws/install/joint_limits_interface:/home/ros_user/doosan2_ws/install/effort_controllers:/home/ros_user/doosan2_ws/install/forward_command_controller:/home/ros_user/doosan2_ws/install/diff_drive_controller:/home/ros_user/doosan2_ws/install/controller_manager:/home/ros_user/doosan2_ws/install/controller_interface:/home/ros_user/doosan2_ws/install/hardware_interface:/home/ros_user/doosan2_ws/install/dsr_msgs2:/home/ros_user/doosan2_ws/install/dsr_launcher2:/home/ros_user/doosan2_ws/install/dsr_description2:/home/ros_user/doosan2_ws/install/controller_manager_msgs:/home/ros_user/doosan2_ws/install/common2:/home/ros_user/turtlebot3_ws/install/my_new_package:/home/ros_user/turtlebot3_ws/install/my_obstacle_avoidance:/home/ros_user/turtlebot3_ws/install/turtlebot3_teleop:/home/ros_user/turtlebot3_ws/install/turtlebot3_obstacle_avoidance:/home/ros_user/turtlebot3_ws/install/turtlebot3_example:/home/ros_user/ros2_ws/install/ros2_course:/home/ros_user/doosan2_ws/install/dsr_example2_py:/opt/ros/foxy LD_LIBRARY_PATH=/home/ros_user/my_ws/install/turtlebot3_msgs/lib:${LD_LIBRARY_PATH} PYTHONPATH=/home/ros_user/my_ws/install/turtlebot3_msgs/lib/python3.8/site-packages:${PYTHONPATH} /usr/bin/cmake /home/ros_user/my_ws/src/turtlebot3/turtlebot3_node -DCMAKE_INSTALL_PREFIX=/home/ros_user/my_ws/install/turtlebot3_node
[2.675s] -- The C compiler identification is GNU 9.4.0
[2.675s] -- The CXX compiler identification is GNU 9.4.0
[2.675s] -- Check for working C compiler: /usr/bin/cc
[2.675s] -- Check for working C compiler: /usr/bin/cc -- works
[2.675s] -- Detecting C compiler ABI info
[2.675s] -- Detecting C compiler ABI info - done
[2.675s] -- Detecting C compile features
[2.675s] -- Detecting C compile features - done
[2.675s] -- Check for working CXX compiler: /usr/bin/c++
[2.675s] -- Check for working CXX compiler: /usr/bin/c++ -- works
[2.675s] -- Detecting CXX compiler ABI info
[2.731s] -- Detecting CXX compiler ABI info - done
[2.771s] -- Detecting CXX compile features
[2.779s] -- Detecting CXX compile features - done
[2.803s] -- Found ament_cmake: 0.9.11 (/opt/ros/foxy/share/ament_cmake/cmake)
[3.099s] -- Found PythonInterp: /usr/bin/python3 (found suitable version "3.8.10", minimum required is "3") 
[3.099s] -- Using PYTHON_EXECUTABLE: /usr/bin/python3
[4.083s] -- Found dynamixel_sdk: 3.7.40 (/opt/ros/foxy/share/dynamixel_sdk/cmake)
[4.127s] -- Found geometry_msgs: 2.0.5 (/opt/ros/foxy/share/geometry_msgs/cmake)
[4.307s] -- Using all available rosidl_typesupport_c: rosidl_typesupport_fastrtps_c;rosidl_typesupport_introspection_c
[4.346s] -- Found rosidl_adapter: 1.3.0 (/opt/ros/foxy/share/rosidl_adapter/cmake)
[4.830s] -- Found OpenSSL: /usr/lib/x86_64-linux-gnu/libcrypto.so (found version "1.1.1f")  
[5.002s] -- Found FastRTPS: /opt/ros/foxy/include  
[5.339s] -- Using all available rosidl_typesupport_cpp: rosidl_typesupport_fastrtps_cpp;rosidl_typesupport_introspection_cpp
[5.718s] -- Found message_filters: 3.2.5 (/opt/ros/foxy/share/message_filters/cmake)
[5.851s] -- Found nav_msgs: 2.0.5 (/opt/ros/foxy/share/nav_msgs/cmake)
[6.604s] -- Found rclcpp: 2.4.2 (/opt/ros/foxy/share/rclcpp/cmake)
[6.604s] -- Found rmw_implementation_cmake: 1.0.3 (/opt/ros/foxy/share/rmw_implementation_cmake/cmake)
[6.608s] -- Using RMW implementation 'rmw_fastrtps_cpp' as default
[6.608s] -- Looking for pthread.h
[7.916s] -- Looking for pthread.h - found
[7.930s] -- Performing Test CMAKE_HAVE_LIBC_PTHREAD
[9.899s] -- Performing Test CMAKE_HAVE_LIBC_PTHREAD - Failed
[9.901s] -- Looking for pthread_create in pthreads
[12.456s] -- Looking for pthread_create in pthreads - not found
[12.464s] -- Looking for pthread_create in pthread
[54.519s] -- Looking for pthread_create in pthread - found
[54.769s] -- Found Threads: TRUE  
[76.911s] -- Found sensor_msgs: 2.0.5 (/opt/ros/foxy/share/sensor_msgs/cmake)
[78.930s] -- Found std_srvs: 2.0.5 (/opt/ros/foxy/share/std_srvs/cmake)
[81.036s] -- Found tf2: 0.13.13 (/opt/ros/foxy/share/tf2/cmake)
[82.429s] -- Found tf2_ros: 0.13.13 (/opt/ros/foxy/share/tf2_ros/cmake)
[91.054s] -- Found turtlebot3_msgs: 2.2.1 (/home/ros_user/my_ws/install/turtlebot3_msgs/share/turtlebot3_msgs/cmake)
[107.889s] -- Configuring done
[108.290s] -- Generating done
[108.297s] -- Build files have been written to: /home/ros_user/my_ws/build/turtlebot3_node
[108.393s] Invoked command in '/home/ros_user/my_ws/build/turtlebot3_node' returned '0': AMENT_PREFIX_PATH=/home/ros_user/my_ws/install/turtlebot3_msgs:${AMENT_PREFIX_PATH} CMAKE_PREFIX_PATH=/home/ros_user/my_ws/install/turtlebot3_msgs:/home/ros_user/turtlebot3_ws/install/turtlebot3:/home/ros_user/turtlebot3_ws/install/turtlebot3_simulations:/home/ros_user/turtlebot3_ws/install/turtlebot3_bringup:/home/ros_user/turtlebot3_ws/install/turtlebot3_node:/home/ros_user/turtlebot3_ws/install/turtlebot3_navigation2:/home/ros_user/turtlebot3_ws/install/turtlebot3_gazebo:/home/ros_user/turtlebot3_ws/install/turtlebot3_fake_node:/home/ros_user/turtlebot3_ws/install/turtlebot3_description:/home/ros_user/turtlebot3_ws/install/turtlebot3_cartographer:/home/ros_user/doosan2_ws/install/gazebo_ros2_control_demos:/home/ros_user/doosan2_ws/install/dsr_gazebo2:/home/ros_user/doosan2_ws/install/velocity_controllers:/home/ros_user/doosan2_ws/install/ros2_control:/home/ros_user/doosan2_ws/install/gazebo_ros2_control:/home/ros_user/doosan2_ws/install/transmission_interface:/home/ros_user/doosan2_ws/install/test_robot_hardware:/home/ros_user/doosan2_ws/install/ros2_controllers:/home/ros_user/doosan2_ws/install/position_controllers:/home/ros_user/doosan2_ws/install/dsr_control2:/home/ros_user/doosan2_ws/install/moveit_msgs:/home/ros_user/doosan2_ws/install/joint_trajectory_controller:/home/ros_user/doosan2_ws/install/joint_state_controller:/home/ros_user/doosan2_ws/install/joint_limits_interface:/home/ros_user/doosan2_ws/install/effort_controllers:/home/ros_user/doosan2_ws/install/forward_command_controller:/home/ros_user/doosan2_ws/install/diff_drive_controller:/home/ros_user/doosan2_ws/install/controller_manager:/home/ros_user/doosan2_ws/install/controller_interface:/home/ros_user/doosan2_ws/install/hardware_interface:/home/ros_user/doosan2_ws/install/dsr_msgs2:/home/ros_user/doosan2_ws/install/dsr_launcher2:/home/ros_user/doosan2_ws/install/dsr_description2:/home/ros_user/doosan2_ws/install/controller_manager_msgs:/home/ros_user/doosan2_ws/install/common2:/home/ros_user/turtlebot3_ws/install/my_new_package:/home/ros_user/turtlebot3_ws/install/my_obstacle_avoidance:/home/ros_user/turtlebot3_ws/install/turtlebot3_teleop:/home/ros_user/turtlebot3_ws/install/turtlebot3_obstacle_avoidance:/home/ros_user/turtlebot3_ws/install/turtlebot3_example:/home/ros_user/ros2_ws/install/ros2_course:/home/ros_user/doosan2_ws/install/dsr_example2_py:/opt/ros/foxy LD_LIBRARY_PATH=/home/ros_user/my_ws/install/turtlebot3_msgs/lib:${LD_LIBRARY_PATH} PYTHONPATH=/home/ros_user/my_ws/install/turtlebot3_msgs/lib/python3.8/site-packages:${PYTHONPATH} /usr/bin/cmake /home/ros_user/my_ws/src/turtlebot3/turtlebot3_node -DCMAKE_INSTALL_PREFIX=/home/ros_user/my_ws/install/turtlebot3_node
[108.394s] Invoking command in '/home/ros_user/my_ws/build/turtlebot3_node': AMENT_PREFIX_PATH=/home/ros_user/my_ws/install/turtlebot3_msgs:${AMENT_PREFIX_PATH} CMAKE_PREFIX_PATH=/home/ros_user/my_ws/install/turtlebot3_msgs:/home/ros_user/turtlebot3_ws/install/turtlebot3:/home/ros_user/turtlebot3_ws/install/turtlebot3_simulations:/home/ros_user/turtlebot3_ws/install/turtlebot3_bringup:/home/ros_user/turtlebot3_ws/install/turtlebot3_node:/home/ros_user/turtlebot3_ws/install/turtlebot3_navigation2:/home/ros_user/turtlebot3_ws/install/turtlebot3_gazebo:/home/ros_user/turtlebot3_ws/install/turtlebot3_fake_node:/home/ros_user/turtlebot3_ws/install/turtlebot3_description:/home/ros_user/turtlebot3_ws/install/turtlebot3_cartographer:/home/ros_user/doosan2_ws/install/gazebo_ros2_control_demos:/home/ros_user/doosan2_ws/install/dsr_gazebo2:/home/ros_user/doosan2_ws/install/velocity_controllers:/home/ros_user/doosan2_ws/install/ros2_control:/home/ros_user/doosan2_ws/install/gazebo_ros2_control:/home/ros_user/doosan2_ws/install/transmission_interface:/home/ros_user/doosan2_ws/install/test_robot_hardware:/home/ros_user/doosan2_ws/install/ros2_controllers:/home/ros_user/doosan2_ws/install/position_controllers:/home/ros_user/doosan2_ws/install/dsr_control2:/home/ros_user/doosan2_ws/install/moveit_msgs:/home/ros_user/doosan2_ws/install/joint_trajectory_controller:/home/ros_user/doosan2_ws/install/joint_state_controller:/home/ros_user/doosan2_ws/install/joint_limits_interface:/home/ros_user/doosan2_ws/install/effort_controllers:/home/ros_user/doosan2_ws/install/forward_command_controller:/home/ros_user/doosan2_ws/install/diff_drive_controller:/home/ros_user/doosan2_ws/install/controller_manager:/home/ros_user/doosan2_ws/install/controller_interface:/home/ros_user/doosan2_ws/install/hardware_interface:/home/ros_user/doosan2_ws/install/dsr_msgs2:/home/ros_user/doosan2_ws/install/dsr_launcher2:/home/ros_user/doosan2_ws/install/dsr_description2:/home/ros_user/doosan2_ws/install/controller_manager_msgs:/home/ros_user/doosan2_ws/install/common2:/home/ros_user/turtlebot3_ws/install/my_new_package:/home/ros_user/turtlebot3_ws/install/my_obstacle_avoidance:/home/ros_user/turtlebot3_ws/install/turtlebot3_teleop:/home/ros_user/turtlebot3_ws/install/turtlebot3_obstacle_avoidance:/home/ros_user/turtlebot3_ws/install/turtlebot3_example:/home/ros_user/ros2_ws/install/ros2_course:/home/ros_user/doosan2_ws/install/dsr_example2_py:/opt/ros/foxy LD_LIBRARY_PATH=/home/ros_user/my_ws/install/turtlebot3_msgs/lib:${LD_LIBRARY_PATH} PYTHONPATH=/home/ros_user/my_ws/install/turtlebot3_msgs/lib/python3.8/site-packages:${PYTHONPATH} /usr/bin/cmake --build /home/ros_user/my_ws/build/turtlebot3_node -- -j4 -l4
[108.430s] [35m[1mScanning dependencies of target turtlebot3_node_lib[0m
[118.101s] [  7%] [32mBuilding CXX object CMakeFiles/turtlebot3_node_lib.dir/src/devices/motor_power.cpp.o[0m
[128.564s] [ 14%] [32mBuilding CXX object CMakeFiles/turtlebot3_node_lib.dir/src/diff_drive_controller.cpp.o[0m
[133.559s] [ 21%] [32mBuilding CXX object CMakeFiles/turtlebot3_node_lib.dir/src/dynamixel_sdk_wrapper.cpp.o[0m
[134.585s] [ 28%] [32mBuilding CXX object CMakeFiles/turtlebot3_node_lib.dir/src/odometry.cpp.o[0m
[154.690s] [ 35%] [32mBuilding CXX object CMakeFiles/turtlebot3_node_lib.dir/src/turtlebot3.cpp.o[0m
[167.629s] [ 42%] [32mBuilding CXX object CMakeFiles/turtlebot3_node_lib.dir/src/sensors/battery_state.cpp.o[0m
[172.009s] [ 50%] [32mBuilding CXX object CMakeFiles/turtlebot3_node_lib.dir/src/sensors/imu.cpp.o[0m
[177.071s] [ 57%] [32mBuilding CXX object CMakeFiles/turtlebot3_node_lib.dir/src/sensors/joint_state.cpp.o[0m
[182.248s] [ 64%] [32mBuilding CXX object CMakeFiles/turtlebot3_node_lib.dir/src/sensors/sensor_state.cpp.o[0m
[187.912s] [ 71%] [32mBuilding CXX object CMakeFiles/turtlebot3_node_lib.dir/src/devices/reset.cpp.o[0m
[192.305s] [ 78%] [32mBuilding CXX object CMakeFiles/turtlebot3_node_lib.dir/src/devices/sound.cpp.o[0m
[196.960s] [ 85%] [32m[1mLinking CXX static library libturtlebot3_node_lib.a[0m
[200.162s] [ 85%] Built target turtlebot3_node_lib
[200.187s] [35m[1mScanning dependencies of target turtlebot3_ros[0m
[200.496s] [ 92%] [32mBuilding CXX object CMakeFiles/turtlebot3_ros.dir/src/node_main.cpp.o[0m
[204.346s] [100%] [32m[1mLinking CXX executable turtlebot3_ros[0m
[208.036s] [100%] Built target turtlebot3_ros
[208.068s] Invoked command in '/home/ros_user/my_ws/build/turtlebot3_node' returned '0': AMENT_PREFIX_PATH=/home/ros_user/my_ws/install/turtlebot3_msgs:${AMENT_PREFIX_PATH} CMAKE_PREFIX_PATH=/home/ros_user/my_ws/install/turtlebot3_msgs:/home/ros_user/turtlebot3_ws/install/turtlebot3:/home/ros_user/turtlebot3_ws/install/turtlebot3_simulations:/home/ros_user/turtlebot3_ws/install/turtlebot3_bringup:/home/ros_user/turtlebot3_ws/install/turtlebot3_node:/home/ros_user/turtlebot3_ws/install/turtlebot3_navigation2:/home/ros_user/turtlebot3_ws/install/turtlebot3_gazebo:/home/ros_user/turtlebot3_ws/install/turtlebot3_fake_node:/home/ros_user/turtlebot3_ws/install/turtlebot3_description:/home/ros_user/turtlebot3_ws/install/turtlebot3_cartographer:/home/ros_user/doosan2_ws/install/gazebo_ros2_control_demos:/home/ros_user/doosan2_ws/install/dsr_gazebo2:/home/ros_user/doosan2_ws/install/velocity_controllers:/home/ros_user/doosan2_ws/install/ros2_control:/home/ros_user/doosan2_ws/install/gazebo_ros2_control:/home/ros_user/doosan2_ws/install/transmission_interface:/home/ros_user/doosan2_ws/install/test_robot_hardware:/home/ros_user/doosan2_ws/install/ros2_controllers:/home/ros_user/doosan2_ws/install/position_controllers:/home/ros_user/doosan2_ws/install/dsr_control2:/home/ros_user/doosan2_ws/install/moveit_msgs:/home/ros_user/doosan2_ws/install/joint_trajectory_controller:/home/ros_user/doosan2_ws/install/joint_state_controller:/home/ros_user/doosan2_ws/install/joint_limits_interface:/home/ros_user/doosan2_ws/install/effort_controllers:/home/ros_user/doosan2_ws/install/forward_command_controller:/home/ros_user/doosan2_ws/install/diff_drive_controller:/home/ros_user/doosan2_ws/install/controller_manager:/home/ros_user/doosan2_ws/install/controller_interface:/home/ros_user/doosan2_ws/install/hardware_interface:/home/ros_user/doosan2_ws/install/dsr_msgs2:/home/ros_user/doosan2_ws/install/dsr_launcher2:/home/ros_user/doosan2_ws/install/dsr_description2:/home/ros_user/doosan2_ws/install/controller_manager_msgs:/home/ros_user/doosan2_ws/install/common2:/home/ros_user/turtlebot3_ws/install/my_new_package:/home/ros_user/turtlebot3_ws/install/my_obstacle_avoidance:/home/ros_user/turtlebot3_ws/install/turtlebot3_teleop:/home/ros_user/turtlebot3_ws/install/turtlebot3_obstacle_avoidance:/home/ros_user/turtlebot3_ws/install/turtlebot3_example:/home/ros_user/ros2_ws/install/ros2_course:/home/ros_user/doosan2_ws/install/dsr_example2_py:/opt/ros/foxy LD_LIBRARY_PATH=/home/ros_user/my_ws/install/turtlebot3_msgs/lib:${LD_LIBRARY_PATH} PYTHONPATH=/home/ros_user/my_ws/install/turtlebot3_msgs/lib/python3.8/site-packages:${PYTHONPATH} /usr/bin/cmake --build /home/ros_user/my_ws/build/turtlebot3_node -- -j4 -l4
[208.284s] Invoking command in '/home/ros_user/my_ws/build/turtlebot3_node': AMENT_PREFIX_PATH=/home/ros_user/my_ws/install/turtlebot3_msgs:${AMENT_PREFIX_PATH} CMAKE_PREFIX_PATH=/home/ros_user/my_ws/install/turtlebot3_msgs:/home/ros_user/turtlebot3_ws/install/turtlebot3:/home/ros_user/turtlebot3_ws/install/turtlebot3_simulations:/home/ros_user/turtlebot3_ws/install/turtlebot3_bringup:/home/ros_user/turtlebot3_ws/install/turtlebot3_node:/home/ros_user/turtlebot3_ws/install/turtlebot3_navigation2:/home/ros_user/turtlebot3_ws/install/turtlebot3_gazebo:/home/ros_user/turtlebot3_ws/install/turtlebot3_fake_node:/home/ros_user/turtlebot3_ws/install/turtlebot3_description:/home/ros_user/turtlebot3_ws/install/turtlebot3_cartographer:/home/ros_user/doosan2_ws/install/gazebo_ros2_control_demos:/home/ros_user/doosan2_ws/install/dsr_gazebo2:/home/ros_user/doosan2_ws/install/velocity_controllers:/home/ros_user/doosan2_ws/install/ros2_control:/home/ros_user/doosan2_ws/install/gazebo_ros2_control:/home/ros_user/doosan2_ws/install/transmission_interface:/home/ros_user/doosan2_ws/install/test_robot_hardware:/home/ros_user/doosan2_ws/install/ros2_controllers:/home/ros_user/doosan2_ws/install/position_controllers:/home/ros_user/doosan2_ws/install/dsr_control2:/home/ros_user/doosan2_ws/install/moveit_msgs:/home/ros_user/doosan2_ws/install/joint_trajectory_controller:/home/ros_user/doosan2_ws/install/joint_state_controller:/home/ros_user/doosan2_ws/install/joint_limits_interface:/home/ros_user/doosan2_ws/install/effort_controllers:/home/ros_user/doosan2_ws/install/forward_command_controller:/home/ros_user/doosan2_ws/install/diff_drive_controller:/home/ros_user/doosan2_ws/install/controller_manager:/home/ros_user/doosan2_ws/install/controller_interface:/home/ros_user/doosan2_ws/install/hardware_interface:/home/ros_user/doosan2_ws/install/dsr_msgs2:/home/ros_user/doosan2_ws/install/dsr_launcher2:/home/ros_user/doosan2_ws/install/dsr_description2:/home/ros_user/doosan2_ws/install/controller_manager_msgs:/home/ros_user/doosan2_ws/install/common2:/home/ros_user/turtlebot3_ws/install/my_new_package:/home/ros_user/turtlebot3_ws/install/my_obstacle_avoidance:/home/ros_user/turtlebot3_ws/install/turtlebot3_teleop:/home/ros_user/turtlebot3_ws/install/turtlebot3_obstacle_avoidance:/home/ros_user/turtlebot3_ws/install/turtlebot3_example:/home/ros_user/ros2_ws/install/ros2_course:/home/ros_user/doosan2_ws/install/dsr_example2_py:/opt/ros/foxy LD_LIBRARY_PATH=/home/ros_user/my_ws/install/turtlebot3_msgs/lib:${LD_LIBRARY_PATH} PYTHONPATH=/home/ros_user/my_ws/install/turtlebot3_msgs/lib/python3.8/site-packages:${PYTHONPATH} /usr/bin/cmake --install /home/ros_user/my_ws/build/turtlebot3_node
[208.316s] -- Install configuration: ""
[208.316s] -- Installing: /home/ros_user/my_ws/install/turtlebot3_node/share/turtlebot3_node/param
[208.344s] -- Installing: /home/ros_user/my_ws/install/turtlebot3_node/share/turtlebot3_node/param/burger.yaml
[208.380s] -- Installing: /home/ros_user/my_ws/install/turtlebot3_node/share/turtlebot3_node/param/waffle.yaml
[208.384s] -- Installing: /home/ros_user/my_ws/install/turtlebot3_node/share/turtlebot3_node/param/waffle_pi.yaml
[208.409s] -- Installing: /home/ros_user/my_ws/install/turtlebot3_node/lib/turtlebot3_node/turtlebot3_ros
[208.421s] -- Set runtime path of "/home/ros_user/my_ws/install/turtlebot3_node/lib/turtlebot3_node/turtlebot3_ros" to ""
[208.421s] -- Installing: /home/ros_user/my_ws/install/turtlebot3_node/share/ament_index/resource_index/package_run_dependencies/turtlebot3_node
[208.421s] -- Installing: /home/ros_user/my_ws/install/turtlebot3_node/share/ament_index/resource_index/parent_prefix_path/turtlebot3_node
[208.422s] -- Installing: /home/ros_user/my_ws/install/turtlebot3_node/share/turtlebot3_node/environment/ament_prefix_path.sh
[208.423s] -- Installing: /home/ros_user/my_ws/install/turtlebot3_node/share/turtlebot3_node/environment/ament_prefix_path.dsv
[208.424s] -- Installing: /home/ros_user/my_ws/install/turtlebot3_node/share/turtlebot3_node/environment/path.sh
[208.424s] -- Installing: /home/ros_user/my_ws/install/turtlebot3_node/share/turtlebot3_node/environment/path.dsv
[208.425s] -- Installing: /home/ros_user/my_ws/install/turtlebot3_node/share/turtlebot3_node/local_setup.bash
[208.425s] -- Installing: /home/ros_user/my_ws/install/turtlebot3_node/share/turtlebot3_node/local_setup.sh
[208.426s] -- Installing: /home/ros_user/my_ws/install/turtlebot3_node/share/turtlebot3_node/local_setup.zsh
[208.427s] -- Installing: /home/ros_user/my_ws/install/turtlebot3_node/share/turtlebot3_node/local_setup.dsv
[208.427s] -- Installing: /home/ros_user/my_ws/install/turtlebot3_node/share/turtlebot3_node/package.dsv
[208.427s] -- Installing: /home/ros_user/my_ws/install/turtlebot3_node/share/ament_index/resource_index/packages/turtlebot3_node
[208.427s] -- Installing: /home/ros_user/my_ws/install/turtlebot3_node/share/turtlebot3_node/cmake/ament_cmake_export_include_directories-extras.cmake
[208.427s] -- Installing: /home/ros_user/my_ws/install/turtlebot3_node/share/turtlebot3_node/cmake/turtlebot3_nodeConfig.cmake
[208.427s] -- Installing: /home/ros_user/my_ws/install/turtlebot3_node/share/turtlebot3_node/cmake/turtlebot3_nodeConfig-version.cmake
[208.428s] -- Installing: /home/ros_user/my_ws/install/turtlebot3_node/share/turtlebot3_node/package.xml
[208.439s] Invoked command in '/home/ros_user/my_ws/build/turtlebot3_node' returned '0': AMENT_PREFIX_PATH=/home/ros_user/my_ws/install/turtlebot3_msgs:${AMENT_PREFIX_PATH} CMAKE_PREFIX_PATH=/home/ros_user/my_ws/install/turtlebot3_msgs:/home/ros_user/turtlebot3_ws/install/turtlebot3:/home/ros_user/turtlebot3_ws/install/turtlebot3_simulations:/home/ros_user/turtlebot3_ws/install/turtlebot3_bringup:/home/ros_user/turtlebot3_ws/install/turtlebot3_node:/home/ros_user/turtlebot3_ws/install/turtlebot3_navigation2:/home/ros_user/turtlebot3_ws/install/turtlebot3_gazebo:/home/ros_user/turtlebot3_ws/install/turtlebot3_fake_node:/home/ros_user/turtlebot3_ws/install/turtlebot3_description:/home/ros_user/turtlebot3_ws/install/turtlebot3_cartographer:/home/ros_user/doosan2_ws/install/gazebo_ros2_control_demos:/home/ros_user/doosan2_ws/install/dsr_gazebo2:/home/ros_user/doosan2_ws/install/velocity_controllers:/home/ros_user/doosan2_ws/install/ros2_control:/home/ros_user/doosan2_ws/install/gazebo_ros2_control:/home/ros_user/doosan2_ws/install/transmission_interface:/home/ros_user/doosan2_ws/install/test_robot_hardware:/home/ros_user/doosan2_ws/install/ros2_controllers:/home/ros_user/doosan2_ws/install/position_controllers:/home/ros_user/doosan2_ws/install/dsr_control2:/home/ros_user/doosan2_ws/install/moveit_msgs:/home/ros_user/doosan2_ws/install/joint_trajectory_controller:/home/ros_user/doosan2_ws/install/joint_state_controller:/home/ros_user/doosan2_ws/install/joint_limits_interface:/home/ros_user/doosan2_ws/install/effort_controllers:/home/ros_user/doosan2_ws/install/forward_command_controller:/home/ros_user/doosan2_ws/install/diff_drive_controller:/home/ros_user/doosan2_ws/install/controller_manager:/home/ros_user/doosan2_ws/install/controller_interface:/home/ros_user/doosan2_ws/install/hardware_interface:/home/ros_user/doosan2_ws/install/dsr_msgs2:/home/ros_user/doosan2_ws/install/dsr_launcher2:/home/ros_user/doosan2_ws/install/dsr_description2:/home/ros_user/doosan2_ws/install/controller_manager_msgs:/home/ros_user/doosan2_ws/install/common2:/home/ros_user/turtlebot3_ws/install/my_new_package:/home/ros_user/turtlebot3_ws/install/my_obstacle_avoidance:/home/ros_user/turtlebot3_ws/install/turtlebot3_teleop:/home/ros_user/turtlebot3_ws/install/turtlebot3_obstacle_avoidance:/home/ros_user/turtlebot3_ws/install/turtlebot3_example:/home/ros_user/ros2_ws/install/ros2_course:/home/ros_user/doosan2_ws/install/dsr_example2_py:/opt/ros/foxy LD_LIBRARY_PATH=/home/ros_user/my_ws/install/turtlebot3_msgs/lib:${LD_LIBRARY_PATH} PYTHONPATH=/home/ros_user/my_ws/install/turtlebot3_msgs/lib/python3.8/site-packages:${PYTHONPATH} /usr/bin/cmake --install /home/ros_user/my_ws/build/turtlebot3_node
