[0.154s] Invoking command in '/home/ros_user/my_ws/build/turtlebot3_description': CMAKE_PREFIX_PATH=${CMAKE_PREFIX_PATH}:/home/ros_user/my_ws/install/turtlebot3_teleop:/home/ros_user/my_ws/install/turtlebot3_example:/home/ros_user/my_ws/install/obstacle_avoidance:/home/ros_user/turtlebot3_ws/install/turtlebot3_teleop:/home/ros_user/turtlebot3_ws/install/turtlebot3_obstacle_avoidance:/home/ros_user/turtlebot3_ws/install/turtlebot3_example:/home/ros_user/turtlebot3_ws/install/my_obstacle_avoidance:/home/ros_user/turtlebot3_ws/install/my_new_package:/home/ros_user/ros2_ws/install/ros2_course:/home/ros_user/doosan2_ws/install/dsr_example2_py:/opt/ros/foxy /usr/bin/cmake --build /home/ros_user/my_ws/build/turtlebot3_description -- -j4 -l4
[0.452s] Invoked command in '/home/ros_user/my_ws/build/turtlebot3_description' returned '0': CMAKE_PREFIX_PATH=${CMAKE_PREFIX_PATH}:/home/ros_user/my_ws/install/turtlebot3_teleop:/home/ros_user/my_ws/install/turtlebot3_example:/home/ros_user/my_ws/install/obstacle_avoidance:/home/ros_user/turtlebot3_ws/install/turtlebot3_teleop:/home/ros_user/turtlebot3_ws/install/turtlebot3_obstacle_avoidance:/home/ros_user/turtlebot3_ws/install/turtlebot3_example:/home/ros_user/turtlebot3_ws/install/my_obstacle_avoidance:/home/ros_user/turtlebot3_ws/install/my_new_package:/home/ros_user/ros2_ws/install/ros2_course:/home/ros_user/doosan2_ws/install/dsr_example2_py:/opt/ros/foxy /usr/bin/cmake --build /home/ros_user/my_ws/build/turtlebot3_description -- -j4 -l4
[0.657s] Invoking command in '/home/ros_user/my_ws/build/turtlebot3_description': CMAKE_PREFIX_PATH=${CMAKE_PREFIX_PATH}:/home/ros_user/my_ws/install/turtlebot3_teleop:/home/ros_user/my_ws/install/turtlebot3_example:/home/ros_user/my_ws/install/obstacle_avoidance:/home/ros_user/turtlebot3_ws/install/turtlebot3_teleop:/home/ros_user/turtlebot3_ws/install/turtlebot3_obstacle_avoidance:/home/ros_user/turtlebot3_ws/install/turtlebot3_example:/home/ros_user/turtlebot3_ws/install/my_obstacle_avoidance:/home/ros_user/turtlebot3_ws/install/my_new_package:/home/ros_user/ros2_ws/install/ros2_course:/home/ros_user/doosan2_ws/install/dsr_example2_py:/opt/ros/foxy /usr/bin/cmake --install /home/ros_user/my_ws/build/turtlebot3_description
[0.704s] -- Install configuration: ""
[0.704s] -- Up-to-date: /home/ros_user/my_ws/install/turtlebot3_description/share/turtlebot3_description/meshes
[0.704s] -- Up-to-date: /home/ros_user/my_ws/install/turtlebot3_description/share/turtlebot3_description/meshes/bases
[0.706s] -- Up-to-date: /home/ros_user/my_ws/install/turtlebot3_description/share/turtlebot3_description/meshes/bases/waffle_base.stl
[0.706s] -- Up-to-date: /home/ros_user/my_ws/install/turtlebot3_description/share/turtlebot3_description/meshes/bases/burger_base.stl
[0.706s] -- Up-to-date: /home/ros_user/my_ws/install/turtlebot3_description/share/turtlebot3_description/meshes/bases/waffle_pi_base.stl
[0.706s] -- Up-to-date: /home/ros_user/my_ws/install/turtlebot3_description/share/turtlebot3_description/meshes/wheels
[0.706s] -- Up-to-date: /home/ros_user/my_ws/install/turtlebot3_description/share/turtlebot3_description/meshes/wheels/left_tire.stl
[0.710s] -- Up-to-date: /home/ros_user/my_ws/install/turtlebot3_description/share/turtlebot3_description/meshes/wheels/right_tire.stl
[0.711s] -- Up-to-date: /home/ros_user/my_ws/install/turtlebot3_description/share/turtlebot3_description/meshes/sensors
[0.711s] -- Up-to-date: /home/ros_user/my_ws/install/turtlebot3_description/share/turtlebot3_description/meshes/sensors/r200.jpg
[0.713s] -- Up-to-date: /home/ros_user/my_ws/install/turtlebot3_description/share/turtlebot3_description/meshes/sensors/astra.jpg
[0.715s] -- Up-to-date: /home/ros_user/my_ws/install/turtlebot3_description/share/turtlebot3_description/meshes/sensors/lds.stl
[0.715s] -- Up-to-date: /home/ros_user/my_ws/install/turtlebot3_description/share/turtlebot3_description/meshes/sensors/r200.dae
[0.716s] -- Up-to-date: /home/ros_user/my_ws/install/turtlebot3_description/share/turtlebot3_description/meshes/sensors/astra.dae
[0.716s] -- Up-to-date: /home/ros_user/my_ws/install/turtlebot3_description/share/turtlebot3_description/rviz
[0.719s] -- Up-to-date: /home/ros_user/my_ws/install/turtlebot3_description/share/turtlebot3_description/rviz/model.rviz
[0.719s] -- Up-to-date: /home/ros_user/my_ws/install/turtlebot3_description/share/turtlebot3_description/urdf
[0.720s] -- Up-to-date: /home/ros_user/my_ws/install/turtlebot3_description/share/turtlebot3_description/urdf/turtlebot3_burger.urdf
[0.720s] -- Up-to-date: /home/ros_user/my_ws/install/turtlebot3_description/share/turtlebot3_description/urdf/turtlebot3_waffle_pi.urdf
[0.721s] -- Up-to-date: /home/ros_user/my_ws/install/turtlebot3_description/share/turtlebot3_description/urdf/common_properties.urdf
[0.721s] -- Up-to-date: /home/ros_user/my_ws/install/turtlebot3_description/share/turtlebot3_description/urdf/turtlebot3_waffle.urdf
[0.723s] -- Up-to-date: /home/ros_user/my_ws/install/turtlebot3_description/share/ament_index/resource_index/package_run_dependencies/turtlebot3_description
[0.723s] -- Up-to-date: /home/ros_user/my_ws/install/turtlebot3_description/share/ament_index/resource_index/parent_prefix_path/turtlebot3_description
[0.723s] -- Up-to-date: /home/ros_user/my_ws/install/turtlebot3_description/share/turtlebot3_description/environment/ament_prefix_path.sh
[0.724s] -- Up-to-date: /home/ros_user/my_ws/install/turtlebot3_description/share/turtlebot3_description/environment/ament_prefix_path.dsv
[0.724s] -- Up-to-date: /home/ros_user/my_ws/install/turtlebot3_description/share/turtlebot3_description/environment/path.sh
[0.727s] -- Up-to-date: /home/ros_user/my_ws/install/turtlebot3_description/share/turtlebot3_description/environment/path.dsv
[0.728s] -- Up-to-date: /home/ros_user/my_ws/install/turtlebot3_description/share/turtlebot3_description/local_setup.bash
[0.735s] -- Up-to-date: /home/ros_user/my_ws/install/turtlebot3_description/share/turtlebot3_description/local_setup.sh
[0.743s] -- Up-to-date: /home/ros_user/my_ws/install/turtlebot3_description/share/turtlebot3_description/local_setup.zsh
[0.744s] -- Up-to-date: /home/ros_user/my_ws/install/turtlebot3_description/share/turtlebot3_description/local_setup.dsv
[0.744s] -- Installing: /home/ros_user/my_ws/install/turtlebot3_description/share/turtlebot3_description/package.dsv
[0.745s] -- Up-to-date: /home/ros_user/my_ws/install/turtlebot3_description/share/ament_index/resource_index/packages/turtlebot3_description
[0.745s] -- Up-to-date: /home/ros_user/my_ws/install/turtlebot3_description/share/turtlebot3_description/cmake/turtlebot3_descriptionConfig.cmake
[0.746s] -- Up-to-date: /home/ros_user/my_ws/install/turtlebot3_description/share/turtlebot3_description/cmake/turtlebot3_descriptionConfig-version.cmake
[0.747s] -- Up-to-date: /home/ros_user/my_ws/install/turtlebot3_description/share/turtlebot3_description/package.xml
[0.850s] Invoked command in '/home/ros_user/my_ws/build/turtlebot3_description' returned '0': CMAKE_PREFIX_PATH=${CMAKE_PREFIX_PATH}:/home/ros_user/my_ws/install/turtlebot3_teleop:/home/ros_user/my_ws/install/turtlebot3_example:/home/ros_user/my_ws/install/obstacle_avoidance:/home/ros_user/turtlebot3_ws/install/turtlebot3_teleop:/home/ros_user/turtlebot3_ws/install/turtlebot3_obstacle_avoidance:/home/ros_user/turtlebot3_ws/install/turtlebot3_example:/home/ros_user/turtlebot3_ws/install/my_obstacle_avoidance:/home/ros_user/turtlebot3_ws/install/my_new_package:/home/ros_user/ros2_ws/install/ros2_course:/home/ros_user/doosan2_ws/install/dsr_example2_py:/opt/ros/foxy /usr/bin/cmake --install /home/ros_user/my_ws/build/turtlebot3_description
